<?xml version="1.0" encoding="UTF-8"?>
<robot generator="Robot 6.1.1 (Python 3.12.5 on win32)" generated="20250117 20:50:38.433" rpa="false" schemaversion="4">
<suite id="s1" name="Userservices-Qa-Automation" source="D:\Users\sasikumarj\PycharmProjects\userservices-qa-automation">
<suite id="s1-s1" name="Panda-Qa" source="D:\Users\sasikumarj\PycharmProjects\userservices-qa-automation\panda-qa">
<suite id="s1-s1-s1" name="Tests" source="D:\Users\sasikumarj\PycharmProjects\userservices-qa-automation\panda-qa\Tests">
<suite id="s1-s1-s1-s1" name="FollowWidget" source="D:\Users\sasikumarj\PycharmProjects\userservices-qa-automation\panda-qa\Tests\FollowWidget">
<suite id="s1-s1-s1-s1-s1" name="Regression" source="D:\Users\sasikumarj\PycharmProjects\userservices-qa-automation\panda-qa\Tests\FollowWidget\Regression">
<suite id="s1-s1-s1-s1-s1-s1" name="FN Regression" source="D:\Users\sasikumarj\PycharmProjects\userservices-qa-automation\panda-qa\Tests\FollowWidget\Regression\FN_Regression.robot">
<test id="s1-s1-s1-s1-s1-s1-t1" name="Validate the FN Preference Center page" line="20">
<kw name="Start FN Article" library="CommonFunctionality" type="SETUP">
<kw name="Set Selenium Speed" library="SeleniumLibrary">
<arg>0.5 seconds</arg>
<doc>Sets the delay that is waited after each Selenium command.</doc>
<status status="PASS" starttime="20250117 20:50:38.867" endtime="20250117 20:50:38.869"/>
</kw>
<kw name="Set Browser Options" library="CommonFunctionality">
<var>${options}</var>
<if>
<branch type="IF" condition="&quot;${Browser}&quot; == &quot;firefox&quot;">
<kw name="Evaluate" library="BuiltIn">
<var>${options}</var>
<arg>selenium.webdriver.FirefoxOptions()</arg>
<doc>Evaluates the given expression in Python and returns the result.</doc>
<status status="NOT RUN" starttime="20250117 20:50:38.872" endtime="20250117 20:50:38.873"/>
</kw>
<kw name="Call Method" library="BuiltIn">
<arg>${options}</arg>
<arg>add_argument</arg>
<arg>--CreateProfile</arg>
<doc>Calls the named method of the given object with the provided arguments.</doc>
<status status="NOT RUN" starttime="20250117 20:50:38.875" endtime="20250117 20:50:38.876"/>
</kw>
<kw name="Call Method" library="BuiltIn">
<arg>${options}</arg>
<arg>add_argument</arg>
<arg>--start-maximized</arg>
<doc>Calls the named method of the given object with the provided arguments.</doc>
<status status="NOT RUN" starttime="20250117 20:50:38.877" endtime="20250117 20:50:38.877"/>
</kw>
<kw name="Call Method" library="BuiltIn">
<arg>${options}</arg>
<arg>add_argument</arg>
<arg>--disable-dev-shm-usage</arg>
<doc>Calls the named method of the given object with the provided arguments.</doc>
<status status="NOT RUN" starttime="20250117 20:50:38.879" endtime="20250117 20:50:38.879"/>
</kw>
<kw name="Call Method" library="BuiltIn">
<arg>${options}</arg>
<arg>add_argument</arg>
<arg>--no-sandbox</arg>
<doc>Calls the named method of the given object with the provided arguments.</doc>
<status status="NOT RUN" starttime="20250117 20:50:38.880" endtime="20250117 20:50:38.881"/>
</kw>
<kw name="Call Method" library="BuiltIn">
<arg>${options}</arg>
<arg>add_argument</arg>
<arg>--disable-gpu</arg>
<doc>Calls the named method of the given object with the provided arguments.</doc>
<status status="NOT RUN" starttime="20250117 20:50:38.882" endtime="20250117 20:50:38.882"/>
</kw>
<kw name="Call Method" library="BuiltIn">
<arg>${options}</arg>
<arg>add_argument</arg>
<arg>--headless</arg>
<doc>Calls the named method of the given object with the provided arguments.</doc>
<status status="NOT RUN" starttime="20250117 20:50:38.883" endtime="20250117 20:50:38.884"/>
</kw>
<kw name="Call Method" library="BuiltIn">
<arg>${options}</arg>
<arg>add_argument</arg>
<arg>--devtools.debugger.force-local</arg>
<doc>Calls the named method of the given object with the provided arguments.</doc>
<status status="NOT RUN" starttime="20250117 20:50:38.885" endtime="20250117 20:50:38.886"/>
</kw>
<kw name="Call Method" library="BuiltIn">
<arg>${options}</arg>
<arg>add_argument</arg>
<arg>--devtools.debugger.remote-enabled</arg>
<doc>Calls the named method of the given object with the provided arguments.</doc>
<status status="NOT RUN" starttime="20250117 20:50:38.887" endtime="20250117 20:50:38.888"/>
</kw>
<kw name="Call Method" library="BuiltIn">
<arg>${options}</arg>
<arg>add_argument</arg>
<arg>--devtools.chrome.enabled</arg>
<doc>Calls the named method of the given object with the provided arguments.</doc>
<status status="NOT RUN" starttime="20250117 20:50:38.889" endtime="20250117 20:50:38.890"/>
</kw>
<kw name="Call Method" library="BuiltIn">
<arg>${options}</arg>
<arg>add_argument</arg>
<arg>--devtools.debugger.prompt-connection</arg>
<doc>Calls the named method of the given object with the provided arguments.</doc>
<status status="NOT RUN" starttime="20250117 20:50:38.891" endtime="20250117 20:50:38.891"/>
</kw>
<kw name="Call Method" library="BuiltIn">
<arg>${options}</arg>
<arg>add_argument</arg>
<arg>--browser.dom.window.dump.enabled</arg>
<doc>Calls the named method of the given object with the provided arguments.</doc>
<status status="NOT RUN" starttime="20250117 20:50:38.892" endtime="20250117 20:50:38.892"/>
</kw>
<return>
<value>${options}</value>
<status status="NOT RUN" starttime="20250117 20:50:38.893" endtime="20250117 20:50:38.894"/>
</return>
<status status="NOT RUN" starttime="20250117 20:50:38.871" endtime="20250117 20:50:38.895"/>
</branch>
<branch type="ELSE IF" condition="&quot;${Browser}&quot; == &quot;chrome&quot;">
<kw name="Evaluate" library="BuiltIn">
<var>${options}</var>
<arg>selenium.webdriver.ChromeOptions()</arg>
<doc>Evaluates the given expression in Python and returns the result.</doc>
<status status="NOT RUN" starttime="20250117 20:50:38.897" endtime="20250117 20:50:38.898"/>
</kw>
<kw name="Call Method" library="BuiltIn">
<arg>${options}</arg>
<arg>add_argument</arg>
<arg>--start-maximized</arg>
<doc>Calls the named method of the given object with the provided arguments.</doc>
<status status="NOT RUN" starttime="20250117 20:50:38.899" endtime="20250117 20:50:38.900"/>
</kw>
<kw name="Call Method" library="BuiltIn">
<arg>${options}</arg>
<arg>add_argument</arg>
<arg>--disable-dev-shm-usage</arg>
<doc>Calls the named method of the given object with the provided arguments.</doc>
<status status="NOT RUN" starttime="20250117 20:50:38.901" endtime="20250117 20:50:38.902"/>
</kw>
<kw name="Call Method" library="BuiltIn">
<arg>${options}</arg>
<arg>add_argument</arg>
<arg>--no-sandbox</arg>
<doc>Calls the named method of the given object with the provided arguments.</doc>
<status status="NOT RUN" starttime="20250117 20:50:38.905" endtime="20250117 20:50:38.906"/>
</kw>
<kw name="Call Method" library="BuiltIn">
<arg>${options}</arg>
<arg>add_argument</arg>
<arg>--headless</arg>
<doc>Calls the named method of the given object with the provided arguments.</doc>
<status status="NOT RUN" starttime="20250117 20:50:38.907" endtime="20250117 20:50:38.907"/>
</kw>
<kw name="Call Method" library="BuiltIn">
<arg>${options}</arg>
<arg>add_argument</arg>
<arg>--disable-gpu</arg>
<doc>Calls the named method of the given object with the provided arguments.</doc>
<status status="NOT RUN" starttime="20250117 20:50:38.909" endtime="20250117 20:50:38.909"/>
</kw>
<kw name="Call Method" library="BuiltIn">
<arg>${options}</arg>
<arg>add_argument</arg>
<arg>--ignore-certificate-errors</arg>
<doc>Calls the named method of the given object with the provided arguments.</doc>
<status status="NOT RUN" starttime="20250117 20:50:38.911" endtime="20250117 20:50:38.911"/>
</kw>
<kw name="Call Method" library="BuiltIn">
<arg>${options}</arg>
<arg>add_argument</arg>
<arg>--disable-extensions</arg>
<doc>Calls the named method of the given object with the provided arguments.</doc>
<status status="NOT RUN" starttime="20250117 20:50:38.912" endtime="20250117 20:50:38.913"/>
</kw>
<kw name="Call Method" library="BuiltIn">
<arg>${options}</arg>
<arg>add_argument</arg>
<arg>--no-user-gesture-required</arg>
<doc>Calls the named method of the given object with the provided arguments.</doc>
<status status="NOT RUN" starttime="20250117 20:50:38.914" endtime="20250117 20:50:38.915"/>
</kw>
<kw name="Call Method" library="BuiltIn">
<arg>${options}</arg>
<arg>add_argument</arg>
<arg>--no-first-run</arg>
<doc>Calls the named method of the given object with the provided arguments.</doc>
<status status="NOT RUN" starttime="20250117 20:50:38.917" endtime="20250117 20:50:38.918"/>
</kw>
<kw name="Call Method" library="BuiltIn">
<arg>${options}</arg>
<arg>add_argument</arg>
<arg>--use-fake-ui-for-media-stream</arg>
<doc>Calls the named method of the given object with the provided arguments.</doc>
<status status="NOT RUN" starttime="20250117 20:50:38.919" endtime="20250117 20:50:38.920"/>
</kw>
<kw name="Call Method" library="BuiltIn">
<arg>${options}</arg>
<arg>add_argument</arg>
<arg>--use-fake-device-for-media-stream</arg>
<doc>Calls the named method of the given object with the provided arguments.</doc>
<status status="NOT RUN" starttime="20250117 20:50:38.921" endtime="20250117 20:50:38.921"/>
</kw>
<kw name="Call Method" library="BuiltIn">
<arg>${options}</arg>
<arg>add_argument</arg>
<arg>--disable-sync</arg>
<doc>Calls the named method of the given object with the provided arguments.</doc>
<status status="NOT RUN" starttime="20250117 20:50:38.923" endtime="20250117 20:50:38.923"/>
</kw>
<return>
<value>${options}</value>
<status status="NOT RUN" starttime="20250117 20:50:38.924" endtime="20250117 20:50:38.925"/>
</return>
<status status="NOT RUN" starttime="20250117 20:50:38.896" endtime="20250117 20:50:38.926"/>
</branch>
<status status="PASS" starttime="20250117 20:50:38.871" endtime="20250117 20:50:38.927"/>
</if>
<msg timestamp="20250117 20:50:38.927" level="INFO">${options} = None</msg>
<status status="PASS" starttime="20250117 20:50:38.870" endtime="20250117 20:50:38.928"/>
</kw>
<if>
<branch type="IF" condition="&quot;${Env}&quot; == &quot;prod&quot;">
<kw name="Open Browser" library="SeleniumLibrary">
<arg>https://www.fnlondon.com</arg>
<arg>${Browser}</arg>
<arg>options=${options}</arg>
<doc>Opens a new browser instance to the optional ``url``.</doc>
<status status="NOT RUN" starttime="20250117 20:50:38.929" endtime="20250117 20:50:38.929"/>
</kw>
<kw name="Go To" library="SeleniumLibrary">
<arg>https://www.fnlondon.com/articles/complaints-commissioner-fca-transparency-20220615</arg>
<doc>Navigates the current browser window to the provided ``url``.</doc>
<status status="NOT RUN" starttime="20250117 20:50:38.931" endtime="20250117 20:50:38.932"/>
</kw>
<status status="NOT RUN" starttime="20250117 20:50:38.928" endtime="20250117 20:50:38.934"/>
</branch>
<branch type="ELSE IF" condition="&quot;${Env}&quot; == &quot;dev&quot;">
<kw name="Open Browser" library="SeleniumLibrary">
<arg>https://www.s.dev.fnlondon.com</arg>
<arg>${Browser}</arg>
<arg>options=${options}</arg>
<doc>Opens a new browser instance to the optional ``url``.</doc>
<msg timestamp="20250117 20:50:38.940" level="INFO">Opening browser 'ff' to base url 'https://www.s.dev.fnlondon.com'.</msg>
<msg timestamp="20250117 20:50:39.675" level="INFO">Completed setup!</msg>
<status status="PASS" starttime="20250117 20:50:38.938" endtime="20250117 20:50:46.575"/>
</kw>
<kw name="Go To" library="SeleniumLibrary">
<arg>https://www.s.dev.fnlondon.com/articles/testing-article-timestamp-20231102</arg>
<doc>Navigates the current browser window to the provided ``url``.</doc>
<msg timestamp="20250117 20:50:46.577" level="INFO">Opening url 'https://www.s.dev.fnlondon.com/articles/testing-article-timestamp-20231102'</msg>
<status status="PASS" starttime="20250117 20:50:46.576" endtime="20250117 20:50:47.294"/>
</kw>
<kw name="Execute Javascript" library="SeleniumLibrary">
<arg>window.scrollTo(0,500)</arg>
<doc>Executes the given JavaScript code with possible arguments.</doc>
<msg timestamp="20250117 20:50:47.296" level="INFO">Executing JavaScript:
window.scrollTo(0,500)
Without any arguments.</msg>
<status status="PASS" starttime="20250117 20:50:47.295" endtime="20250117 20:50:47.838"/>
</kw>
<status status="PASS" starttime="20250117 20:50:38.937" endtime="20250117 20:50:47.839"/>
</branch>
<status status="PASS" starttime="20250117 20:50:38.928" endtime="20250117 20:50:47.839"/>
</if>
<kw name="Execute Javascript" library="SeleniumLibrary">
<arg>window.scrollTo(0,500)</arg>
<doc>Executes the given JavaScript code with possible arguments.</doc>
<msg timestamp="20250117 20:50:47.841" level="INFO">Executing JavaScript:
window.scrollTo(0,500)
Without any arguments.</msg>
<status status="PASS" starttime="20250117 20:50:47.840" endtime="20250117 20:50:48.433"/>
</kw>
<kw name="Wait Until Element Is Visible" library="SeleniumLibrary">
<arg>//ufc-follow-author-widget[@author-id='8680_FN']</arg>
<doc>Waits until the element ``locator`` is visible.</doc>
<msg timestamp="20250117 20:50:55.270" level="INFO" html="true">&lt;/td&gt;&lt;/tr&gt;&lt;tr&gt;&lt;td colspan="3"&gt;&lt;a href="selenium-screenshot-1.png"&gt;&lt;img src="selenium-screenshot-1.png" width="800px"&gt;&lt;/a&gt;</msg>
<msg timestamp="20250117 20:50:55.270" level="FAIL">Element '//ufc-follow-author-widget[@author-id='8680_FN']' not visible after 5 seconds.</msg>
<status status="FAIL" starttime="20250117 20:50:48.434" endtime="20250117 20:50:55.275"/>
</kw>
<kw name="Maximize Browser Window" library="SeleniumLibrary">
<doc>Maximizes current browser window.</doc>
<status status="NOT RUN" starttime="20250117 20:50:55.277" endtime="20250117 20:50:55.277"/>
</kw>
<status status="FAIL" starttime="20250117 20:50:38.865" endtime="20250117 20:50:55.278"/>
</kw>
<kw name="Finish Testcase" library="CommonFunctionality" type="TEARDOWN">
<kw name="Close Browser" library="SeleniumLibrary">
<doc>Closes the current browser.</doc>
<status status="PASS" starttime="20250117 20:50:55.283" endtime="20250117 20:50:55.284"/>
</kw>
<status status="PASS" starttime="20250117 20:50:55.281" endtime="20250117 20:50:55.285"/>
</kw>
<doc>This test case validates the FN London News preference center page</doc>
<tag>FinancialNews</tag>
<tag>Follow1</tag>
<tag>PreferenceCenter</tag>
<tag>Regression</tag>
<status status="FAIL" starttime="20250117 20:50:38.862" endtime="20250117 20:50:55.286">Setup failed:
Element '//ufc-follow-author-widget[@author-id='8680_FN']' not visible after 5 seconds.</status>
</test>
<test id="s1-s1-s1-s1-s1-s1-t2" name="Validate Authors for FN Article page without byline" line="51">
<kw name="Start FN Article" library="CommonFunctionality" type="SETUP">
<kw name="Set Selenium Speed" library="SeleniumLibrary">
<arg>0.5 seconds</arg>
<doc>Sets the delay that is waited after each Selenium command.</doc>
<status status="PASS" starttime="20250117 20:50:58.000" endtime="20250117 20:50:58.002"/>
</kw>
<kw name="Set Browser Options" library="CommonFunctionality">
<var>${options}</var>
<if>
<branch type="IF" condition="&quot;${Browser}&quot; == &quot;firefox&quot;">
<kw name="Evaluate" library="BuiltIn">
<var>${options}</var>
<arg>selenium.webdriver.FirefoxOptions()</arg>
<doc>Evaluates the given expression in Python and returns the result.</doc>
<status status="NOT RUN" starttime="20250117 20:50:58.005" endtime="20250117 20:50:58.006"/>
</kw>
<kw name="Call Method" library="BuiltIn">
<arg>${options}</arg>
<arg>add_argument</arg>
<arg>--CreateProfile</arg>
<doc>Calls the named method of the given object with the provided arguments.</doc>
<status status="NOT RUN" starttime="20250117 20:50:58.008" endtime="20250117 20:50:58.008"/>
</kw>
<kw name="Call Method" library="BuiltIn">
<arg>${options}</arg>
<arg>add_argument</arg>
<arg>--start-maximized</arg>
<doc>Calls the named method of the given object with the provided arguments.</doc>
<status status="NOT RUN" starttime="20250117 20:50:58.010" endtime="20250117 20:50:58.010"/>
</kw>
<kw name="Call Method" library="BuiltIn">
<arg>${options}</arg>
<arg>add_argument</arg>
<arg>--disable-dev-shm-usage</arg>
<doc>Calls the named method of the given object with the provided arguments.</doc>
<status status="NOT RUN" starttime="20250117 20:50:58.012" endtime="20250117 20:50:58.013"/>
</kw>
<kw name="Call Method" library="BuiltIn">
<arg>${options}</arg>
<arg>add_argument</arg>
<arg>--no-sandbox</arg>
<doc>Calls the named method of the given object with the provided arguments.</doc>
<status status="NOT RUN" starttime="20250117 20:50:58.015" endtime="20250117 20:50:58.016"/>
</kw>
<kw name="Call Method" library="BuiltIn">
<arg>${options}</arg>
<arg>add_argument</arg>
<arg>--disable-gpu</arg>
<doc>Calls the named method of the given object with the provided arguments.</doc>
<status status="NOT RUN" starttime="20250117 20:50:58.018" endtime="20250117 20:50:58.018"/>
</kw>
<kw name="Call Method" library="BuiltIn">
<arg>${options}</arg>
<arg>add_argument</arg>
<arg>--headless</arg>
<doc>Calls the named method of the given object with the provided arguments.</doc>
<status status="NOT RUN" starttime="20250117 20:50:58.020" endtime="20250117 20:50:58.022"/>
</kw>
<kw name="Call Method" library="BuiltIn">
<arg>${options}</arg>
<arg>add_argument</arg>
<arg>--devtools.debugger.force-local</arg>
<doc>Calls the named method of the given object with the provided arguments.</doc>
<status status="NOT RUN" starttime="20250117 20:50:58.024" endtime="20250117 20:50:58.025"/>
</kw>
<kw name="Call Method" library="BuiltIn">
<arg>${options}</arg>
<arg>add_argument</arg>
<arg>--devtools.debugger.remote-enabled</arg>
<doc>Calls the named method of the given object with the provided arguments.</doc>
<status status="NOT RUN" starttime="20250117 20:50:58.026" endtime="20250117 20:50:58.027"/>
</kw>
<kw name="Call Method" library="BuiltIn">
<arg>${options}</arg>
<arg>add_argument</arg>
<arg>--devtools.chrome.enabled</arg>
<doc>Calls the named method of the given object with the provided arguments.</doc>
<status status="NOT RUN" starttime="20250117 20:50:58.028" endtime="20250117 20:50:58.028"/>
</kw>
<kw name="Call Method" library="BuiltIn">
<arg>${options}</arg>
<arg>add_argument</arg>
<arg>--devtools.debugger.prompt-connection</arg>
<doc>Calls the named method of the given object with the provided arguments.</doc>
<status status="NOT RUN" starttime="20250117 20:50:58.029" endtime="20250117 20:50:58.029"/>
</kw>
<kw name="Call Method" library="BuiltIn">
<arg>${options}</arg>
<arg>add_argument</arg>
<arg>--browser.dom.window.dump.enabled</arg>
<doc>Calls the named method of the given object with the provided arguments.</doc>
<status status="NOT RUN" starttime="20250117 20:50:58.030" endtime="20250117 20:50:58.031"/>
</kw>
<return>
<value>${options}</value>
<status status="NOT RUN" starttime="20250117 20:50:58.033" endtime="20250117 20:50:58.034"/>
</return>
<status status="NOT RUN" starttime="20250117 20:50:58.004" endtime="20250117 20:50:58.035"/>
</branch>
<branch type="ELSE IF" condition="&quot;${Browser}&quot; == &quot;chrome&quot;">
<kw name="Evaluate" library="BuiltIn">
<var>${options}</var>
<arg>selenium.webdriver.ChromeOptions()</arg>
<doc>Evaluates the given expression in Python and returns the result.</doc>
<status status="NOT RUN" starttime="20250117 20:50:58.036" endtime="20250117 20:50:58.037"/>
</kw>
<kw name="Call Method" library="BuiltIn">
<arg>${options}</arg>
<arg>add_argument</arg>
<arg>--start-maximized</arg>
<doc>Calls the named method of the given object with the provided arguments.</doc>
<status status="NOT RUN" starttime="20250117 20:50:58.038" endtime="20250117 20:50:58.038"/>
</kw>
<kw name="Call Method" library="BuiltIn">
<arg>${options}</arg>
<arg>add_argument</arg>
<arg>--disable-dev-shm-usage</arg>
<doc>Calls the named method of the given object with the provided arguments.</doc>
<status status="NOT RUN" starttime="20250117 20:50:58.039" endtime="20250117 20:50:58.040"/>
</kw>
<kw name="Call Method" library="BuiltIn">
<arg>${options}</arg>
<arg>add_argument</arg>
<arg>--no-sandbox</arg>
<doc>Calls the named method of the given object with the provided arguments.</doc>
<status status="NOT RUN" starttime="20250117 20:50:58.042" endtime="20250117 20:50:58.043"/>
</kw>
<kw name="Call Method" library="BuiltIn">
<arg>${options}</arg>
<arg>add_argument</arg>
<arg>--headless</arg>
<doc>Calls the named method of the given object with the provided arguments.</doc>
<status status="NOT RUN" starttime="20250117 20:50:58.044" endtime="20250117 20:50:58.045"/>
</kw>
<kw name="Call Method" library="BuiltIn">
<arg>${options}</arg>
<arg>add_argument</arg>
<arg>--disable-gpu</arg>
<doc>Calls the named method of the given object with the provided arguments.</doc>
<status status="NOT RUN" starttime="20250117 20:50:58.046" endtime="20250117 20:50:58.046"/>
</kw>
<kw name="Call Method" library="BuiltIn">
<arg>${options}</arg>
<arg>add_argument</arg>
<arg>--ignore-certificate-errors</arg>
<doc>Calls the named method of the given object with the provided arguments.</doc>
<status status="NOT RUN" starttime="20250117 20:50:58.048" endtime="20250117 20:50:58.048"/>
</kw>
<kw name="Call Method" library="BuiltIn">
<arg>${options}</arg>
<arg>add_argument</arg>
<arg>--disable-extensions</arg>
<doc>Calls the named method of the given object with the provided arguments.</doc>
<status status="NOT RUN" starttime="20250117 20:50:58.049" endtime="20250117 20:50:58.050"/>
</kw>
<kw name="Call Method" library="BuiltIn">
<arg>${options}</arg>
<arg>add_argument</arg>
<arg>--no-user-gesture-required</arg>
<doc>Calls the named method of the given object with the provided arguments.</doc>
<status status="NOT RUN" starttime="20250117 20:50:58.052" endtime="20250117 20:50:58.052"/>
</kw>
<kw name="Call Method" library="BuiltIn">
<arg>${options}</arg>
<arg>add_argument</arg>
<arg>--no-first-run</arg>
<doc>Calls the named method of the given object with the provided arguments.</doc>
<status status="NOT RUN" starttime="20250117 20:50:58.054" endtime="20250117 20:50:58.054"/>
</kw>
<kw name="Call Method" library="BuiltIn">
<arg>${options}</arg>
<arg>add_argument</arg>
<arg>--use-fake-ui-for-media-stream</arg>
<doc>Calls the named method of the given object with the provided arguments.</doc>
<status status="NOT RUN" starttime="20250117 20:50:58.056" endtime="20250117 20:50:58.056"/>
</kw>
<kw name="Call Method" library="BuiltIn">
<arg>${options}</arg>
<arg>add_argument</arg>
<arg>--use-fake-device-for-media-stream</arg>
<doc>Calls the named method of the given object with the provided arguments.</doc>
<status status="NOT RUN" starttime="20250117 20:50:58.059" endtime="20250117 20:50:58.059"/>
</kw>
<kw name="Call Method" library="BuiltIn">
<arg>${options}</arg>
<arg>add_argument</arg>
<arg>--disable-sync</arg>
<doc>Calls the named method of the given object with the provided arguments.</doc>
<status status="NOT RUN" starttime="20250117 20:50:58.060" endtime="20250117 20:50:58.061"/>
</kw>
<return>
<value>${options}</value>
<status status="NOT RUN" starttime="20250117 20:50:58.062" endtime="20250117 20:50:58.062"/>
</return>
<status status="NOT RUN" starttime="20250117 20:50:58.036" endtime="20250117 20:50:58.064"/>
</branch>
<status status="PASS" starttime="20250117 20:50:58.004" endtime="20250117 20:50:58.064"/>
</if>
<msg timestamp="20250117 20:50:58.065" level="INFO">${options} = None</msg>
<status status="PASS" starttime="20250117 20:50:58.003" endtime="20250117 20:50:58.065"/>
</kw>
<if>
<branch type="IF" condition="&quot;${Env}&quot; == &quot;prod&quot;">
<kw name="Open Browser" library="SeleniumLibrary">
<arg>https://www.fnlondon.com</arg>
<arg>${Browser}</arg>
<arg>options=${options}</arg>
<doc>Opens a new browser instance to the optional ``url``.</doc>
<status status="NOT RUN" starttime="20250117 20:50:58.067" endtime="20250117 20:50:58.068"/>
</kw>
<kw name="Go To" library="SeleniumLibrary">
<arg>https://www.fnlondon.com/articles/complaints-commissioner-fca-transparency-20220615</arg>
<doc>Navigates the current browser window to the provided ``url``.</doc>
<status status="NOT RUN" starttime="20250117 20:50:58.069" endtime="20250117 20:50:58.069"/>
</kw>
<status status="NOT RUN" starttime="20250117 20:50:58.067" endtime="20250117 20:50:58.070"/>
</branch>
<branch type="ELSE IF" condition="&quot;${Env}&quot; == &quot;dev&quot;">
<kw name="Open Browser" library="SeleniumLibrary">
<arg>https://www.s.dev.fnlondon.com</arg>
<arg>${Browser}</arg>
<arg>options=${options}</arg>
<doc>Opens a new browser instance to the optional ``url``.</doc>
<msg timestamp="20250117 20:50:58.075" level="INFO">Opening browser 'ff' to base url 'https://www.s.dev.fnlondon.com'.</msg>
<msg timestamp="20250117 20:50:58.790" level="INFO">Completed setup!</msg>
<status status="PASS" starttime="20250117 20:50:58.073" endtime="20250117 20:51:04.524"/>
</kw>
<kw name="Go To" library="SeleniumLibrary">
<arg>https://www.s.dev.fnlondon.com/articles/testing-article-timestamp-20231102</arg>
<doc>Navigates the current browser window to the provided ``url``.</doc>
<msg timestamp="20250117 20:51:04.529" level="INFO">Opening url 'https://www.s.dev.fnlondon.com/articles/testing-article-timestamp-20231102'</msg>
<status status="PASS" starttime="20250117 20:51:04.527" endtime="20250117 20:51:05.260"/>
</kw>
<kw name="Execute Javascript" library="SeleniumLibrary">
<arg>window.scrollTo(0,500)</arg>
<doc>Executes the given JavaScript code with possible arguments.</doc>
<msg timestamp="20250117 20:51:05.265" level="INFO">Executing JavaScript:
window.scrollTo(0,500)
Without any arguments.</msg>
<status status="PASS" starttime="20250117 20:51:05.263" endtime="20250117 20:51:05.844"/>
</kw>
<status status="PASS" starttime="20250117 20:50:58.073" endtime="20250117 20:51:05.846"/>
</branch>
<status status="PASS" starttime="20250117 20:50:58.067" endtime="20250117 20:51:05.847"/>
</if>
<kw name="Execute Javascript" library="SeleniumLibrary">
<arg>window.scrollTo(0,500)</arg>
<doc>Executes the given JavaScript code with possible arguments.</doc>
<msg timestamp="20250117 20:51:05.848" level="INFO">Executing JavaScript:
window.scrollTo(0,500)
Without any arguments.</msg>
<status status="PASS" starttime="20250117 20:51:05.847" endtime="20250117 20:51:06.415"/>
</kw>
<kw name="Wait Until Element Is Visible" library="SeleniumLibrary">
<arg>//ufc-follow-author-widget[@author-id='8680_FN']</arg>
<doc>Waits until the element ``locator`` is visible.</doc>
<msg timestamp="20250117 20:51:13.163" level="INFO" html="true">&lt;/td&gt;&lt;/tr&gt;&lt;tr&gt;&lt;td colspan="3"&gt;&lt;a href="selenium-screenshot-2.png"&gt;&lt;img src="selenium-screenshot-2.png" width="800px"&gt;&lt;/a&gt;</msg>
<msg timestamp="20250117 20:51:13.164" level="FAIL">Element '//ufc-follow-author-widget[@author-id='8680_FN']' not visible after 5 seconds.</msg>
<status status="FAIL" starttime="20250117 20:51:06.416" endtime="20250117 20:51:13.166"/>
</kw>
<kw name="Maximize Browser Window" library="SeleniumLibrary">
<doc>Maximizes current browser window.</doc>
<status status="NOT RUN" starttime="20250117 20:51:13.167" endtime="20250117 20:51:13.168"/>
</kw>
<status status="FAIL" starttime="20250117 20:50:57.999" endtime="20250117 20:51:13.169"/>
</kw>
<kw name="Finish Testcase" library="CommonFunctionality" type="TEARDOWN">
<kw name="Close Browser" library="SeleniumLibrary">
<doc>Closes the current browser.</doc>
<status status="PASS" starttime="20250117 20:51:13.174" endtime="20250117 20:51:13.175"/>
</kw>
<status status="PASS" starttime="20250117 20:51:13.171" endtime="20250117 20:51:13.176"/>
</kw>
<doc>This test case validates authors without byline for FN article page</doc>
<tag>Article</tag>
<tag>Author</tag>
<tag>FinancialNews</tag>
<tag>Follow1</tag>
<tag>Regression</tag>
<status status="FAIL" starttime="20250117 20:50:57.997" endtime="20250117 20:51:13.177">Setup failed:
Element '//ufc-follow-author-widget[@author-id='8680_FN']' not visible after 5 seconds.</status>
</test>
<test id="s1-s1-s1-s1-s1-s1-t3" name="Validate the FN digest notification" line="59">
<kw name="Start FN Article" library="CommonFunctionality" type="SETUP">
<kw name="Set Selenium Speed" library="SeleniumLibrary">
<arg>0.5 seconds</arg>
<doc>Sets the delay that is waited after each Selenium command.</doc>
<status status="PASS" starttime="20250117 20:51:16.031" endtime="20250117 20:51:16.032"/>
</kw>
<kw name="Set Browser Options" library="CommonFunctionality">
<var>${options}</var>
<if>
<branch type="IF" condition="&quot;${Browser}&quot; == &quot;firefox&quot;">
<kw name="Evaluate" library="BuiltIn">
<var>${options}</var>
<arg>selenium.webdriver.FirefoxOptions()</arg>
<doc>Evaluates the given expression in Python and returns the result.</doc>
<status status="NOT RUN" starttime="20250117 20:51:16.036" endtime="20250117 20:51:16.037"/>
</kw>
<kw name="Call Method" library="BuiltIn">
<arg>${options}</arg>
<arg>add_argument</arg>
<arg>--CreateProfile</arg>
<doc>Calls the named method of the given object with the provided arguments.</doc>
<status status="NOT RUN" starttime="20250117 20:51:16.038" endtime="20250117 20:51:16.039"/>
</kw>
<kw name="Call Method" library="BuiltIn">
<arg>${options}</arg>
<arg>add_argument</arg>
<arg>--start-maximized</arg>
<doc>Calls the named method of the given object with the provided arguments.</doc>
<status status="NOT RUN" starttime="20250117 20:51:16.041" endtime="20250117 20:51:16.042"/>
</kw>
<kw name="Call Method" library="BuiltIn">
<arg>${options}</arg>
<arg>add_argument</arg>
<arg>--disable-dev-shm-usage</arg>
<doc>Calls the named method of the given object with the provided arguments.</doc>
<status status="NOT RUN" starttime="20250117 20:51:16.044" endtime="20250117 20:51:16.045"/>
</kw>
<kw name="Call Method" library="BuiltIn">
<arg>${options}</arg>
<arg>add_argument</arg>
<arg>--no-sandbox</arg>
<doc>Calls the named method of the given object with the provided arguments.</doc>
<status status="NOT RUN" starttime="20250117 20:51:16.047" endtime="20250117 20:51:16.048"/>
</kw>
<kw name="Call Method" library="BuiltIn">
<arg>${options}</arg>
<arg>add_argument</arg>
<arg>--disable-gpu</arg>
<doc>Calls the named method of the given object with the provided arguments.</doc>
<status status="NOT RUN" starttime="20250117 20:51:16.051" endtime="20250117 20:51:16.052"/>
</kw>
<kw name="Call Method" library="BuiltIn">
<arg>${options}</arg>
<arg>add_argument</arg>
<arg>--headless</arg>
<doc>Calls the named method of the given object with the provided arguments.</doc>
<status status="NOT RUN" starttime="20250117 20:51:16.053" endtime="20250117 20:51:16.055"/>
</kw>
<kw name="Call Method" library="BuiltIn">
<arg>${options}</arg>
<arg>add_argument</arg>
<arg>--devtools.debugger.force-local</arg>
<doc>Calls the named method of the given object with the provided arguments.</doc>
<status status="NOT RUN" starttime="20250117 20:51:16.056" endtime="20250117 20:51:16.057"/>
</kw>
<kw name="Call Method" library="BuiltIn">
<arg>${options}</arg>
<arg>add_argument</arg>
<arg>--devtools.debugger.remote-enabled</arg>
<doc>Calls the named method of the given object with the provided arguments.</doc>
<status status="NOT RUN" starttime="20250117 20:51:16.059" endtime="20250117 20:51:16.060"/>
</kw>
<kw name="Call Method" library="BuiltIn">
<arg>${options}</arg>
<arg>add_argument</arg>
<arg>--devtools.chrome.enabled</arg>
<doc>Calls the named method of the given object with the provided arguments.</doc>
<status status="NOT RUN" starttime="20250117 20:51:16.063" endtime="20250117 20:51:16.063"/>
</kw>
<kw name="Call Method" library="BuiltIn">
<arg>${options}</arg>
<arg>add_argument</arg>
<arg>--devtools.debugger.prompt-connection</arg>
<doc>Calls the named method of the given object with the provided arguments.</doc>
<status status="NOT RUN" starttime="20250117 20:51:16.066" endtime="20250117 20:51:16.067"/>
</kw>
<kw name="Call Method" library="BuiltIn">
<arg>${options}</arg>
<arg>add_argument</arg>
<arg>--browser.dom.window.dump.enabled</arg>
<doc>Calls the named method of the given object with the provided arguments.</doc>
<status status="NOT RUN" starttime="20250117 20:51:16.069" endtime="20250117 20:51:16.069"/>
</kw>
<return>
<value>${options}</value>
<status status="NOT RUN" starttime="20250117 20:51:16.071" endtime="20250117 20:51:16.071"/>
</return>
<status status="NOT RUN" starttime="20250117 20:51:16.034" endtime="20250117 20:51:16.075"/>
</branch>
<branch type="ELSE IF" condition="&quot;${Browser}&quot; == &quot;chrome&quot;">
<kw name="Evaluate" library="BuiltIn">
<var>${options}</var>
<arg>selenium.webdriver.ChromeOptions()</arg>
<doc>Evaluates the given expression in Python and returns the result.</doc>
<status status="NOT RUN" starttime="20250117 20:51:16.078" endtime="20250117 20:51:16.079"/>
</kw>
<kw name="Call Method" library="BuiltIn">
<arg>${options}</arg>
<arg>add_argument</arg>
<arg>--start-maximized</arg>
<doc>Calls the named method of the given object with the provided arguments.</doc>
<status status="NOT RUN" starttime="20250117 20:51:16.081" endtime="20250117 20:51:16.081"/>
</kw>
<kw name="Call Method" library="BuiltIn">
<arg>${options}</arg>
<arg>add_argument</arg>
<arg>--disable-dev-shm-usage</arg>
<doc>Calls the named method of the given object with the provided arguments.</doc>
<status status="NOT RUN" starttime="20250117 20:51:16.084" endtime="20250117 20:51:16.086"/>
</kw>
<kw name="Call Method" library="BuiltIn">
<arg>${options}</arg>
<arg>add_argument</arg>
<arg>--no-sandbox</arg>
<doc>Calls the named method of the given object with the provided arguments.</doc>
<status status="NOT RUN" starttime="20250117 20:51:16.089" endtime="20250117 20:51:16.090"/>
</kw>
<kw name="Call Method" library="BuiltIn">
<arg>${options}</arg>
<arg>add_argument</arg>
<arg>--headless</arg>
<doc>Calls the named method of the given object with the provided arguments.</doc>
<status status="NOT RUN" starttime="20250117 20:51:16.092" endtime="20250117 20:51:16.094"/>
</kw>
<kw name="Call Method" library="BuiltIn">
<arg>${options}</arg>
<arg>add_argument</arg>
<arg>--disable-gpu</arg>
<doc>Calls the named method of the given object with the provided arguments.</doc>
<status status="NOT RUN" starttime="20250117 20:51:16.096" endtime="20250117 20:51:16.098"/>
</kw>
<kw name="Call Method" library="BuiltIn">
<arg>${options}</arg>
<arg>add_argument</arg>
<arg>--ignore-certificate-errors</arg>
<doc>Calls the named method of the given object with the provided arguments.</doc>
<status status="NOT RUN" starttime="20250117 20:51:16.100" endtime="20250117 20:51:16.100"/>
</kw>
<kw name="Call Method" library="BuiltIn">
<arg>${options}</arg>
<arg>add_argument</arg>
<arg>--disable-extensions</arg>
<doc>Calls the named method of the given object with the provided arguments.</doc>
<status status="NOT RUN" starttime="20250117 20:51:16.103" endtime="20250117 20:51:16.104"/>
</kw>
<kw name="Call Method" library="BuiltIn">
<arg>${options}</arg>
<arg>add_argument</arg>
<arg>--no-user-gesture-required</arg>
<doc>Calls the named method of the given object with the provided arguments.</doc>
<status status="NOT RUN" starttime="20250117 20:51:16.107" endtime="20250117 20:51:16.108"/>
</kw>
<kw name="Call Method" library="BuiltIn">
<arg>${options}</arg>
<arg>add_argument</arg>
<arg>--no-first-run</arg>
<doc>Calls the named method of the given object with the provided arguments.</doc>
<status status="NOT RUN" starttime="20250117 20:51:16.111" endtime="20250117 20:51:16.112"/>
</kw>
<kw name="Call Method" library="BuiltIn">
<arg>${options}</arg>
<arg>add_argument</arg>
<arg>--use-fake-ui-for-media-stream</arg>
<doc>Calls the named method of the given object with the provided arguments.</doc>
<status status="NOT RUN" starttime="20250117 20:51:16.114" endtime="20250117 20:51:16.115"/>
</kw>
<kw name="Call Method" library="BuiltIn">
<arg>${options}</arg>
<arg>add_argument</arg>
<arg>--use-fake-device-for-media-stream</arg>
<doc>Calls the named method of the given object with the provided arguments.</doc>
<status status="NOT RUN" starttime="20250117 20:51:16.117" endtime="20250117 20:51:16.118"/>
</kw>
<kw name="Call Method" library="BuiltIn">
<arg>${options}</arg>
<arg>add_argument</arg>
<arg>--disable-sync</arg>
<doc>Calls the named method of the given object with the provided arguments.</doc>
<status status="NOT RUN" starttime="20250117 20:51:16.120" endtime="20250117 20:51:16.121"/>
</kw>
<return>
<value>${options}</value>
<status status="NOT RUN" starttime="20250117 20:51:16.123" endtime="20250117 20:51:16.124"/>
</return>
<status status="NOT RUN" starttime="20250117 20:51:16.077" endtime="20250117 20:51:16.126"/>
</branch>
<status status="PASS" starttime="20250117 20:51:16.034" endtime="20250117 20:51:16.128"/>
</if>
<msg timestamp="20250117 20:51:16.128" level="INFO">${options} = None</msg>
<status status="PASS" starttime="20250117 20:51:16.033" endtime="20250117 20:51:16.129"/>
</kw>
<if>
<branch type="IF" condition="&quot;${Env}&quot; == &quot;prod&quot;">
<kw name="Open Browser" library="SeleniumLibrary">
<arg>https://www.fnlondon.com</arg>
<arg>${Browser}</arg>
<arg>options=${options}</arg>
<doc>Opens a new browser instance to the optional ``url``.</doc>
<status status="NOT RUN" starttime="20250117 20:51:16.131" endtime="20250117 20:51:16.132"/>
</kw>
<kw name="Go To" library="SeleniumLibrary">
<arg>https://www.fnlondon.com/articles/complaints-commissioner-fca-transparency-20220615</arg>
<doc>Navigates the current browser window to the provided ``url``.</doc>
<status status="NOT RUN" starttime="20250117 20:51:16.135" endtime="20250117 20:51:16.135"/>
</kw>
<status status="NOT RUN" starttime="20250117 20:51:16.130" endtime="20250117 20:51:16.137"/>
</branch>
<branch type="ELSE IF" condition="&quot;${Env}&quot; == &quot;dev&quot;">
<kw name="Open Browser" library="SeleniumLibrary">
<arg>https://www.s.dev.fnlondon.com</arg>
<arg>${Browser}</arg>
<arg>options=${options}</arg>
<doc>Opens a new browser instance to the optional ``url``.</doc>
<msg timestamp="20250117 20:51:16.143" level="INFO">Opening browser 'ff' to base url 'https://www.s.dev.fnlondon.com'.</msg>
<msg timestamp="20250117 20:51:17.021" level="INFO">Completed setup!</msg>
<status status="PASS" starttime="20250117 20:51:16.141" endtime="20250117 20:51:23.356"/>
</kw>
<kw name="Go To" library="SeleniumLibrary">
<arg>https://www.s.dev.fnlondon.com/articles/testing-article-timestamp-20231102</arg>
<doc>Navigates the current browser window to the provided ``url``.</doc>
<msg timestamp="20250117 20:51:23.358" level="INFO">Opening url 'https://www.s.dev.fnlondon.com/articles/testing-article-timestamp-20231102'</msg>
<status status="PASS" starttime="20250117 20:51:23.358" endtime="20250117 20:51:24.205"/>
</kw>
<kw name="Execute Javascript" library="SeleniumLibrary">
<arg>window.scrollTo(0,500)</arg>
<doc>Executes the given JavaScript code with possible arguments.</doc>
<msg timestamp="20250117 20:51:24.207" level="INFO">Executing JavaScript:
window.scrollTo(0,500)
Without any arguments.</msg>
<status status="PASS" starttime="20250117 20:51:24.206" endtime="20250117 20:51:24.778"/>
</kw>
<status status="PASS" starttime="20250117 20:51:16.138" endtime="20250117 20:51:24.778"/>
</branch>
<status status="PASS" starttime="20250117 20:51:16.130" endtime="20250117 20:51:24.779"/>
</if>
<kw name="Execute Javascript" library="SeleniumLibrary">
<arg>window.scrollTo(0,500)</arg>
<doc>Executes the given JavaScript code with possible arguments.</doc>
<msg timestamp="20250117 20:51:24.780" level="INFO">Executing JavaScript:
window.scrollTo(0,500)
Without any arguments.</msg>
<status status="PASS" starttime="20250117 20:51:24.779" endtime="20250117 20:51:25.371"/>
</kw>
<kw name="Wait Until Element Is Visible" library="SeleniumLibrary">
<arg>//ufc-follow-author-widget[@author-id='8680_FN']</arg>
<doc>Waits until the element ``locator`` is visible.</doc>
<msg timestamp="20250117 20:51:31.844" level="INFO" html="true">&lt;/td&gt;&lt;/tr&gt;&lt;tr&gt;&lt;td colspan="3"&gt;&lt;a href="selenium-screenshot-3.png"&gt;&lt;img src="selenium-screenshot-3.png" width="800px"&gt;&lt;/a&gt;</msg>
<msg timestamp="20250117 20:51:31.844" level="FAIL">Element '//ufc-follow-author-widget[@author-id='8680_FN']' not visible after 5 seconds.</msg>
<status status="FAIL" starttime="20250117 20:51:25.372" endtime="20250117 20:51:31.846"/>
</kw>
<kw name="Maximize Browser Window" library="SeleniumLibrary">
<doc>Maximizes current browser window.</doc>
<status status="NOT RUN" starttime="20250117 20:51:31.847" endtime="20250117 20:51:31.848"/>
</kw>
<status status="FAIL" starttime="20250117 20:51:16.026" endtime="20250117 20:51:31.850"/>
</kw>
<kw name="Finish Testcase" library="CommonFunctionality" type="TEARDOWN">
<kw name="Close Browser" library="SeleniumLibrary">
<doc>Closes the current browser.</doc>
<status status="PASS" starttime="20250117 20:51:31.853" endtime="20250117 20:51:31.854"/>
</kw>
<status status="PASS" starttime="20250117 20:51:31.851" endtime="20250117 20:51:31.855"/>
</kw>
<doc>This test case validates the FN digest notification</doc>
<tag>FinancialNews</tag>
<tag>Notifications</tag>
<tag>Regression</tag>
<tag>US-T142</tag>
<status status="FAIL" starttime="20250117 20:51:16.023" endtime="20250117 20:51:31.857">Setup failed:
Element '//ufc-follow-author-widget[@author-id='8680_FN']' not visible after 5 seconds.</status>
</test>
<test id="s1-s1-s1-s1-s1-s1-t4" name="Validate the FN real-time author notification" line="69">
<kw name="Start FN Article" library="CommonFunctionality" type="SETUP">
<kw name="Set Selenium Speed" library="SeleniumLibrary">
<arg>0.5 seconds</arg>
<doc>Sets the delay that is waited after each Selenium command.</doc>
<status status="PASS" starttime="20250117 20:51:34.607" endtime="20250117 20:51:34.608"/>
</kw>
<kw name="Set Browser Options" library="CommonFunctionality">
<var>${options}</var>
<if>
<branch type="IF" condition="&quot;${Browser}&quot; == &quot;firefox&quot;">
<kw name="Evaluate" library="BuiltIn">
<var>${options}</var>
<arg>selenium.webdriver.FirefoxOptions()</arg>
<doc>Evaluates the given expression in Python and returns the result.</doc>
<status status="NOT RUN" starttime="20250117 20:51:34.613" endtime="20250117 20:51:34.613"/>
</kw>
<kw name="Call Method" library="BuiltIn">
<arg>${options}</arg>
<arg>add_argument</arg>
<arg>--CreateProfile</arg>
<doc>Calls the named method of the given object with the provided arguments.</doc>
<status status="NOT RUN" starttime="20250117 20:51:34.615" endtime="20250117 20:51:34.616"/>
</kw>
<kw name="Call Method" library="BuiltIn">
<arg>${options}</arg>
<arg>add_argument</arg>
<arg>--start-maximized</arg>
<doc>Calls the named method of the given object with the provided arguments.</doc>
<status status="NOT RUN" starttime="20250117 20:51:34.618" endtime="20250117 20:51:34.621"/>
</kw>
<kw name="Call Method" library="BuiltIn">
<arg>${options}</arg>
<arg>add_argument</arg>
<arg>--disable-dev-shm-usage</arg>
<doc>Calls the named method of the given object with the provided arguments.</doc>
<status status="NOT RUN" starttime="20250117 20:51:34.623" endtime="20250117 20:51:34.624"/>
</kw>
<kw name="Call Method" library="BuiltIn">
<arg>${options}</arg>
<arg>add_argument</arg>
<arg>--no-sandbox</arg>
<doc>Calls the named method of the given object with the provided arguments.</doc>
<status status="NOT RUN" starttime="20250117 20:51:34.628" endtime="20250117 20:51:34.629"/>
</kw>
<kw name="Call Method" library="BuiltIn">
<arg>${options}</arg>
<arg>add_argument</arg>
<arg>--disable-gpu</arg>
<doc>Calls the named method of the given object with the provided arguments.</doc>
<status status="NOT RUN" starttime="20250117 20:51:34.631" endtime="20250117 20:51:34.631"/>
</kw>
<kw name="Call Method" library="BuiltIn">
<arg>${options}</arg>
<arg>add_argument</arg>
<arg>--headless</arg>
<doc>Calls the named method of the given object with the provided arguments.</doc>
<status status="NOT RUN" starttime="20250117 20:51:34.635" endtime="20250117 20:51:34.637"/>
</kw>
<kw name="Call Method" library="BuiltIn">
<arg>${options}</arg>
<arg>add_argument</arg>
<arg>--devtools.debugger.force-local</arg>
<doc>Calls the named method of the given object with the provided arguments.</doc>
<status status="NOT RUN" starttime="20250117 20:51:34.641" endtime="20250117 20:51:34.642"/>
</kw>
<kw name="Call Method" library="BuiltIn">
<arg>${options}</arg>
<arg>add_argument</arg>
<arg>--devtools.debugger.remote-enabled</arg>
<doc>Calls the named method of the given object with the provided arguments.</doc>
<status status="NOT RUN" starttime="20250117 20:51:34.644" endtime="20250117 20:51:34.645"/>
</kw>
<kw name="Call Method" library="BuiltIn">
<arg>${options}</arg>
<arg>add_argument</arg>
<arg>--devtools.chrome.enabled</arg>
<doc>Calls the named method of the given object with the provided arguments.</doc>
<status status="NOT RUN" starttime="20250117 20:51:34.646" endtime="20250117 20:51:34.647"/>
</kw>
<kw name="Call Method" library="BuiltIn">
<arg>${options}</arg>
<arg>add_argument</arg>
<arg>--devtools.debugger.prompt-connection</arg>
<doc>Calls the named method of the given object with the provided arguments.</doc>
<status status="NOT RUN" starttime="20250117 20:51:34.649" endtime="20250117 20:51:34.649"/>
</kw>
<kw name="Call Method" library="BuiltIn">
<arg>${options}</arg>
<arg>add_argument</arg>
<arg>--browser.dom.window.dump.enabled</arg>
<doc>Calls the named method of the given object with the provided arguments.</doc>
<status status="NOT RUN" starttime="20250117 20:51:34.650" endtime="20250117 20:51:34.652"/>
</kw>
<return>
<value>${options}</value>
<status status="NOT RUN" starttime="20250117 20:51:34.654" endtime="20250117 20:51:34.655"/>
</return>
<status status="NOT RUN" starttime="20250117 20:51:34.610" endtime="20250117 20:51:34.656"/>
</branch>
<branch type="ELSE IF" condition="&quot;${Browser}&quot; == &quot;chrome&quot;">
<kw name="Evaluate" library="BuiltIn">
<var>${options}</var>
<arg>selenium.webdriver.ChromeOptions()</arg>
<doc>Evaluates the given expression in Python and returns the result.</doc>
<status status="NOT RUN" starttime="20250117 20:51:34.658" endtime="20250117 20:51:34.659"/>
</kw>
<kw name="Call Method" library="BuiltIn">
<arg>${options}</arg>
<arg>add_argument</arg>
<arg>--start-maximized</arg>
<doc>Calls the named method of the given object with the provided arguments.</doc>
<status status="NOT RUN" starttime="20250117 20:51:34.661" endtime="20250117 20:51:34.662"/>
</kw>
<kw name="Call Method" library="BuiltIn">
<arg>${options}</arg>
<arg>add_argument</arg>
<arg>--disable-dev-shm-usage</arg>
<doc>Calls the named method of the given object with the provided arguments.</doc>
<status status="NOT RUN" starttime="20250117 20:51:34.663" endtime="20250117 20:51:34.663"/>
</kw>
<kw name="Call Method" library="BuiltIn">
<arg>${options}</arg>
<arg>add_argument</arg>
<arg>--no-sandbox</arg>
<doc>Calls the named method of the given object with the provided arguments.</doc>
<status status="NOT RUN" starttime="20250117 20:51:34.664" endtime="20250117 20:51:34.665"/>
</kw>
<kw name="Call Method" library="BuiltIn">
<arg>${options}</arg>
<arg>add_argument</arg>
<arg>--headless</arg>
<doc>Calls the named method of the given object with the provided arguments.</doc>
<status status="NOT RUN" starttime="20250117 20:51:34.666" endtime="20250117 20:51:34.666"/>
</kw>
<kw name="Call Method" library="BuiltIn">
<arg>${options}</arg>
<arg>add_argument</arg>
<arg>--disable-gpu</arg>
<doc>Calls the named method of the given object with the provided arguments.</doc>
<status status="NOT RUN" starttime="20250117 20:51:34.669" endtime="20250117 20:51:34.670"/>
</kw>
<kw name="Call Method" library="BuiltIn">
<arg>${options}</arg>
<arg>add_argument</arg>
<arg>--ignore-certificate-errors</arg>
<doc>Calls the named method of the given object with the provided arguments.</doc>
<status status="NOT RUN" starttime="20250117 20:51:34.671" endtime="20250117 20:51:34.672"/>
</kw>
<kw name="Call Method" library="BuiltIn">
<arg>${options}</arg>
<arg>add_argument</arg>
<arg>--disable-extensions</arg>
<doc>Calls the named method of the given object with the provided arguments.</doc>
<status status="NOT RUN" starttime="20250117 20:51:34.674" endtime="20250117 20:51:34.674"/>
</kw>
<kw name="Call Method" library="BuiltIn">
<arg>${options}</arg>
<arg>add_argument</arg>
<arg>--no-user-gesture-required</arg>
<doc>Calls the named method of the given object with the provided arguments.</doc>
<status status="NOT RUN" starttime="20250117 20:51:34.676" endtime="20250117 20:51:34.676"/>
</kw>
<kw name="Call Method" library="BuiltIn">
<arg>${options}</arg>
<arg>add_argument</arg>
<arg>--no-first-run</arg>
<doc>Calls the named method of the given object with the provided arguments.</doc>
<status status="NOT RUN" starttime="20250117 20:51:34.677" endtime="20250117 20:51:34.677"/>
</kw>
<kw name="Call Method" library="BuiltIn">
<arg>${options}</arg>
<arg>add_argument</arg>
<arg>--use-fake-ui-for-media-stream</arg>
<doc>Calls the named method of the given object with the provided arguments.</doc>
<status status="NOT RUN" starttime="20250117 20:51:34.679" endtime="20250117 20:51:34.680"/>
</kw>
<kw name="Call Method" library="BuiltIn">
<arg>${options}</arg>
<arg>add_argument</arg>
<arg>--use-fake-device-for-media-stream</arg>
<doc>Calls the named method of the given object with the provided arguments.</doc>
<status status="NOT RUN" starttime="20250117 20:51:34.681" endtime="20250117 20:51:34.682"/>
</kw>
<kw name="Call Method" library="BuiltIn">
<arg>${options}</arg>
<arg>add_argument</arg>
<arg>--disable-sync</arg>
<doc>Calls the named method of the given object with the provided arguments.</doc>
<status status="NOT RUN" starttime="20250117 20:51:34.684" endtime="20250117 20:51:34.684"/>
</kw>
<return>
<value>${options}</value>
<status status="NOT RUN" starttime="20250117 20:51:34.686" endtime="20250117 20:51:34.687"/>
</return>
<status status="NOT RUN" starttime="20250117 20:51:34.657" endtime="20250117 20:51:34.688"/>
</branch>
<status status="PASS" starttime="20250117 20:51:34.610" endtime="20250117 20:51:34.690"/>
</if>
<msg timestamp="20250117 20:51:34.691" level="INFO">${options} = None</msg>
<status status="PASS" starttime="20250117 20:51:34.609" endtime="20250117 20:51:34.691"/>
</kw>
<if>
<branch type="IF" condition="&quot;${Env}&quot; == &quot;prod&quot;">
<kw name="Open Browser" library="SeleniumLibrary">
<arg>https://www.fnlondon.com</arg>
<arg>${Browser}</arg>
<arg>options=${options}</arg>
<doc>Opens a new browser instance to the optional ``url``.</doc>
<status status="NOT RUN" starttime="20250117 20:51:34.693" endtime="20250117 20:51:34.693"/>
</kw>
<kw name="Go To" library="SeleniumLibrary">
<arg>https://www.fnlondon.com/articles/complaints-commissioner-fca-transparency-20220615</arg>
<doc>Navigates the current browser window to the provided ``url``.</doc>
<status status="NOT RUN" starttime="20250117 20:51:34.694" endtime="20250117 20:51:34.696"/>
</kw>
<status status="NOT RUN" starttime="20250117 20:51:34.692" endtime="20250117 20:51:34.698"/>
</branch>
<branch type="ELSE IF" condition="&quot;${Env}&quot; == &quot;dev&quot;">
<kw name="Open Browser" library="SeleniumLibrary">
<arg>https://www.s.dev.fnlondon.com</arg>
<arg>${Browser}</arg>
<arg>options=${options}</arg>
<doc>Opens a new browser instance to the optional ``url``.</doc>
<msg timestamp="20250117 20:51:34.702" level="INFO">Opening browser 'ff' to base url 'https://www.s.dev.fnlondon.com'.</msg>
<msg timestamp="20250117 20:51:35.819" level="INFO">Completed setup!</msg>
<status status="PASS" starttime="20250117 20:51:34.700" endtime="20250117 20:51:47.442"/>
</kw>
<kw name="Go To" library="SeleniumLibrary">
<arg>https://www.s.dev.fnlondon.com/articles/testing-article-timestamp-20231102</arg>
<doc>Navigates the current browser window to the provided ``url``.</doc>
<msg timestamp="20250117 20:51:47.444" level="INFO">Opening url 'https://www.s.dev.fnlondon.com/articles/testing-article-timestamp-20231102'</msg>
<status status="PASS" starttime="20250117 20:51:47.444" endtime="20250117 20:51:48.076"/>
</kw>
<kw name="Execute Javascript" library="SeleniumLibrary">
<arg>window.scrollTo(0,500)</arg>
<doc>Executes the given JavaScript code with possible arguments.</doc>
<msg timestamp="20250117 20:51:48.077" level="INFO">Executing JavaScript:
window.scrollTo(0,500)
Without any arguments.</msg>
<status status="PASS" starttime="20250117 20:51:48.077" endtime="20250117 20:51:48.629"/>
</kw>
<status status="PASS" starttime="20250117 20:51:34.699" endtime="20250117 20:51:48.629"/>
</branch>
<status status="PASS" starttime="20250117 20:51:34.692" endtime="20250117 20:51:48.631"/>
</if>
<kw name="Execute Javascript" library="SeleniumLibrary">
<arg>window.scrollTo(0,500)</arg>
<doc>Executes the given JavaScript code with possible arguments.</doc>
<msg timestamp="20250117 20:51:48.633" level="INFO">Executing JavaScript:
window.scrollTo(0,500)
Without any arguments.</msg>
<status status="PASS" starttime="20250117 20:51:48.631" endtime="20250117 20:51:49.236"/>
</kw>
<kw name="Wait Until Element Is Visible" library="SeleniumLibrary">
<arg>//ufc-follow-author-widget[@author-id='8680_FN']</arg>
<doc>Waits until the element ``locator`` is visible.</doc>
<msg timestamp="20250117 20:51:56.091" level="INFO" html="true">&lt;/td&gt;&lt;/tr&gt;&lt;tr&gt;&lt;td colspan="3"&gt;&lt;a href="selenium-screenshot-4.png"&gt;&lt;img src="selenium-screenshot-4.png" width="800px"&gt;&lt;/a&gt;</msg>
<msg timestamp="20250117 20:51:56.092" level="FAIL">Element '//ufc-follow-author-widget[@author-id='8680_FN']' not visible after 5 seconds.</msg>
<status status="FAIL" starttime="20250117 20:51:49.237" endtime="20250117 20:51:56.093"/>
</kw>
<kw name="Maximize Browser Window" library="SeleniumLibrary">
<doc>Maximizes current browser window.</doc>
<status status="NOT RUN" starttime="20250117 20:51:56.095" endtime="20250117 20:51:56.095"/>
</kw>
<status status="FAIL" starttime="20250117 20:51:34.605" endtime="20250117 20:51:56.096"/>
</kw>
<kw name="Finish Testcase" library="CommonFunctionality" type="TEARDOWN">
<kw name="Close Browser" library="SeleniumLibrary">
<doc>Closes the current browser.</doc>
<status status="PASS" starttime="20250117 20:51:56.102" endtime="20250117 20:51:56.103"/>
</kw>
<status status="PASS" starttime="20250117 20:51:56.099" endtime="20250117 20:51:56.104"/>
</kw>
<doc>This test case validates the FN real-time author notification</doc>
<tag>Author</tag>
<tag>FinancialNews</tag>
<tag>Follow1</tag>
<tag>Notifications</tag>
<tag>Regression</tag>
<status status="FAIL" starttime="20250117 20:51:34.602" endtime="20250117 20:51:56.105">Setup failed:
Element '//ufc-follow-author-widget[@author-id='8680_FN']' not visible after 5 seconds.</status>
</test>
<test id="s1-s1-s1-s1-s1-s1-t5" name="Validate the FN real-time company notification" line="79">
<kw name="Start FN Article" library="CommonFunctionality" type="SETUP">
<kw name="Set Selenium Speed" library="SeleniumLibrary">
<arg>0.5 seconds</arg>
<doc>Sets the delay that is waited after each Selenium command.</doc>
<status status="PASS" starttime="20250117 20:51:58.920" endtime="20250117 20:51:58.921"/>
</kw>
<kw name="Set Browser Options" library="CommonFunctionality">
<var>${options}</var>
<if>
<branch type="IF" condition="&quot;${Browser}&quot; == &quot;firefox&quot;">
<kw name="Evaluate" library="BuiltIn">
<var>${options}</var>
<arg>selenium.webdriver.FirefoxOptions()</arg>
<doc>Evaluates the given expression in Python and returns the result.</doc>
<status status="NOT RUN" starttime="20250117 20:51:58.924" endtime="20250117 20:51:58.924"/>
</kw>
<kw name="Call Method" library="BuiltIn">
<arg>${options}</arg>
<arg>add_argument</arg>
<arg>--CreateProfile</arg>
<doc>Calls the named method of the given object with the provided arguments.</doc>
<status status="NOT RUN" starttime="20250117 20:51:58.925" endtime="20250117 20:51:58.925"/>
</kw>
<kw name="Call Method" library="BuiltIn">
<arg>${options}</arg>
<arg>add_argument</arg>
<arg>--start-maximized</arg>
<doc>Calls the named method of the given object with the provided arguments.</doc>
<status status="NOT RUN" starttime="20250117 20:51:58.927" endtime="20250117 20:51:58.927"/>
</kw>
<kw name="Call Method" library="BuiltIn">
<arg>${options}</arg>
<arg>add_argument</arg>
<arg>--disable-dev-shm-usage</arg>
<doc>Calls the named method of the given object with the provided arguments.</doc>
<status status="NOT RUN" starttime="20250117 20:51:58.928" endtime="20250117 20:51:58.929"/>
</kw>
<kw name="Call Method" library="BuiltIn">
<arg>${options}</arg>
<arg>add_argument</arg>
<arg>--no-sandbox</arg>
<doc>Calls the named method of the given object with the provided arguments.</doc>
<status status="NOT RUN" starttime="20250117 20:51:58.930" endtime="20250117 20:51:58.931"/>
</kw>
<kw name="Call Method" library="BuiltIn">
<arg>${options}</arg>
<arg>add_argument</arg>
<arg>--disable-gpu</arg>
<doc>Calls the named method of the given object with the provided arguments.</doc>
<status status="NOT RUN" starttime="20250117 20:51:58.932" endtime="20250117 20:51:58.933"/>
</kw>
<kw name="Call Method" library="BuiltIn">
<arg>${options}</arg>
<arg>add_argument</arg>
<arg>--headless</arg>
<doc>Calls the named method of the given object with the provided arguments.</doc>
<status status="NOT RUN" starttime="20250117 20:51:58.934" endtime="20250117 20:51:58.934"/>
</kw>
<kw name="Call Method" library="BuiltIn">
<arg>${options}</arg>
<arg>add_argument</arg>
<arg>--devtools.debugger.force-local</arg>
<doc>Calls the named method of the given object with the provided arguments.</doc>
<status status="NOT RUN" starttime="20250117 20:51:58.936" endtime="20250117 20:51:58.936"/>
</kw>
<kw name="Call Method" library="BuiltIn">
<arg>${options}</arg>
<arg>add_argument</arg>
<arg>--devtools.debugger.remote-enabled</arg>
<doc>Calls the named method of the given object with the provided arguments.</doc>
<status status="NOT RUN" starttime="20250117 20:51:58.937" endtime="20250117 20:51:58.938"/>
</kw>
<kw name="Call Method" library="BuiltIn">
<arg>${options}</arg>
<arg>add_argument</arg>
<arg>--devtools.chrome.enabled</arg>
<doc>Calls the named method of the given object with the provided arguments.</doc>
<status status="NOT RUN" starttime="20250117 20:51:58.939" endtime="20250117 20:51:58.939"/>
</kw>
<kw name="Call Method" library="BuiltIn">
<arg>${options}</arg>
<arg>add_argument</arg>
<arg>--devtools.debugger.prompt-connection</arg>
<doc>Calls the named method of the given object with the provided arguments.</doc>
<status status="NOT RUN" starttime="20250117 20:51:58.940" endtime="20250117 20:51:58.940"/>
</kw>
<kw name="Call Method" library="BuiltIn">
<arg>${options}</arg>
<arg>add_argument</arg>
<arg>--browser.dom.window.dump.enabled</arg>
<doc>Calls the named method of the given object with the provided arguments.</doc>
<status status="NOT RUN" starttime="20250117 20:51:58.942" endtime="20250117 20:51:58.943"/>
</kw>
<return>
<value>${options}</value>
<status status="NOT RUN" starttime="20250117 20:51:58.944" endtime="20250117 20:51:58.944"/>
</return>
<status status="NOT RUN" starttime="20250117 20:51:58.923" endtime="20250117 20:51:58.945"/>
</branch>
<branch type="ELSE IF" condition="&quot;${Browser}&quot; == &quot;chrome&quot;">
<kw name="Evaluate" library="BuiltIn">
<var>${options}</var>
<arg>selenium.webdriver.ChromeOptions()</arg>
<doc>Evaluates the given expression in Python and returns the result.</doc>
<status status="NOT RUN" starttime="20250117 20:51:58.947" endtime="20250117 20:51:58.947"/>
</kw>
<kw name="Call Method" library="BuiltIn">
<arg>${options}</arg>
<arg>add_argument</arg>
<arg>--start-maximized</arg>
<doc>Calls the named method of the given object with the provided arguments.</doc>
<status status="NOT RUN" starttime="20250117 20:51:58.949" endtime="20250117 20:51:58.949"/>
</kw>
<kw name="Call Method" library="BuiltIn">
<arg>${options}</arg>
<arg>add_argument</arg>
<arg>--disable-dev-shm-usage</arg>
<doc>Calls the named method of the given object with the provided arguments.</doc>
<status status="NOT RUN" starttime="20250117 20:51:58.950" endtime="20250117 20:51:58.952"/>
</kw>
<kw name="Call Method" library="BuiltIn">
<arg>${options}</arg>
<arg>add_argument</arg>
<arg>--no-sandbox</arg>
<doc>Calls the named method of the given object with the provided arguments.</doc>
<status status="NOT RUN" starttime="20250117 20:51:58.953" endtime="20250117 20:51:58.953"/>
</kw>
<kw name="Call Method" library="BuiltIn">
<arg>${options}</arg>
<arg>add_argument</arg>
<arg>--headless</arg>
<doc>Calls the named method of the given object with the provided arguments.</doc>
<status status="NOT RUN" starttime="20250117 20:51:58.954" endtime="20250117 20:51:58.955"/>
</kw>
<kw name="Call Method" library="BuiltIn">
<arg>${options}</arg>
<arg>add_argument</arg>
<arg>--disable-gpu</arg>
<doc>Calls the named method of the given object with the provided arguments.</doc>
<status status="NOT RUN" starttime="20250117 20:51:58.956" endtime="20250117 20:51:58.956"/>
</kw>
<kw name="Call Method" library="BuiltIn">
<arg>${options}</arg>
<arg>add_argument</arg>
<arg>--ignore-certificate-errors</arg>
<doc>Calls the named method of the given object with the provided arguments.</doc>
<status status="NOT RUN" starttime="20250117 20:51:58.957" endtime="20250117 20:51:58.958"/>
</kw>
<kw name="Call Method" library="BuiltIn">
<arg>${options}</arg>
<arg>add_argument</arg>
<arg>--disable-extensions</arg>
<doc>Calls the named method of the given object with the provided arguments.</doc>
<status status="NOT RUN" starttime="20250117 20:51:58.960" endtime="20250117 20:51:58.961"/>
</kw>
<kw name="Call Method" library="BuiltIn">
<arg>${options}</arg>
<arg>add_argument</arg>
<arg>--no-user-gesture-required</arg>
<doc>Calls the named method of the given object with the provided arguments.</doc>
<status status="NOT RUN" starttime="20250117 20:51:58.962" endtime="20250117 20:51:58.962"/>
</kw>
<kw name="Call Method" library="BuiltIn">
<arg>${options}</arg>
<arg>add_argument</arg>
<arg>--no-first-run</arg>
<doc>Calls the named method of the given object with the provided arguments.</doc>
<status status="NOT RUN" starttime="20250117 20:51:58.963" endtime="20250117 20:51:58.964"/>
</kw>
<kw name="Call Method" library="BuiltIn">
<arg>${options}</arg>
<arg>add_argument</arg>
<arg>--use-fake-ui-for-media-stream</arg>
<doc>Calls the named method of the given object with the provided arguments.</doc>
<status status="NOT RUN" starttime="20250117 20:51:58.965" endtime="20250117 20:51:58.965"/>
</kw>
<kw name="Call Method" library="BuiltIn">
<arg>${options}</arg>
<arg>add_argument</arg>
<arg>--use-fake-device-for-media-stream</arg>
<doc>Calls the named method of the given object with the provided arguments.</doc>
<status status="NOT RUN" starttime="20250117 20:51:58.966" endtime="20250117 20:51:58.967"/>
</kw>
<kw name="Call Method" library="BuiltIn">
<arg>${options}</arg>
<arg>add_argument</arg>
<arg>--disable-sync</arg>
<doc>Calls the named method of the given object with the provided arguments.</doc>
<status status="NOT RUN" starttime="20250117 20:51:58.968" endtime="20250117 20:51:58.968"/>
</kw>
<return>
<value>${options}</value>
<status status="NOT RUN" starttime="20250117 20:51:58.969" endtime="20250117 20:51:58.969"/>
</return>
<status status="NOT RUN" starttime="20250117 20:51:58.946" endtime="20250117 20:51:58.970"/>
</branch>
<status status="PASS" starttime="20250117 20:51:58.923" endtime="20250117 20:51:58.972"/>
</if>
<msg timestamp="20250117 20:51:58.972" level="INFO">${options} = None</msg>
<status status="PASS" starttime="20250117 20:51:58.922" endtime="20250117 20:51:58.973"/>
</kw>
<if>
<branch type="IF" condition="&quot;${Env}&quot; == &quot;prod&quot;">
<kw name="Open Browser" library="SeleniumLibrary">
<arg>https://www.fnlondon.com</arg>
<arg>${Browser}</arg>
<arg>options=${options}</arg>
<doc>Opens a new browser instance to the optional ``url``.</doc>
<status status="NOT RUN" starttime="20250117 20:51:58.975" endtime="20250117 20:51:58.976"/>
</kw>
<kw name="Go To" library="SeleniumLibrary">
<arg>https://www.fnlondon.com/articles/complaints-commissioner-fca-transparency-20220615</arg>
<doc>Navigates the current browser window to the provided ``url``.</doc>
<status status="NOT RUN" starttime="20250117 20:51:58.977" endtime="20250117 20:51:58.978"/>
</kw>
<status status="NOT RUN" starttime="20250117 20:51:58.974" endtime="20250117 20:51:58.979"/>
</branch>
<branch type="ELSE IF" condition="&quot;${Env}&quot; == &quot;dev&quot;">
<kw name="Open Browser" library="SeleniumLibrary">
<arg>https://www.s.dev.fnlondon.com</arg>
<arg>${Browser}</arg>
<arg>options=${options}</arg>
<doc>Opens a new browser instance to the optional ``url``.</doc>
<msg timestamp="20250117 20:51:58.983" level="INFO">Opening browser 'ff' to base url 'https://www.s.dev.fnlondon.com'.</msg>
<msg timestamp="20250117 20:51:59.644" level="INFO">Completed setup!</msg>
<status status="PASS" starttime="20250117 20:51:58.982" endtime="20250117 20:52:06.440"/>
</kw>
<kw name="Go To" library="SeleniumLibrary">
<arg>https://www.s.dev.fnlondon.com/articles/testing-article-timestamp-20231102</arg>
<doc>Navigates the current browser window to the provided ``url``.</doc>
<msg timestamp="20250117 20:52:06.441" level="INFO">Opening url 'https://www.s.dev.fnlondon.com/articles/testing-article-timestamp-20231102'</msg>
<status status="PASS" starttime="20250117 20:52:06.441" endtime="20250117 20:52:07.170"/>
</kw>
<kw name="Execute Javascript" library="SeleniumLibrary">
<arg>window.scrollTo(0,500)</arg>
<doc>Executes the given JavaScript code with possible arguments.</doc>
<msg timestamp="20250117 20:52:07.173" level="INFO">Executing JavaScript:
window.scrollTo(0,500)
Without any arguments.</msg>
<status status="PASS" starttime="20250117 20:52:07.172" endtime="20250117 20:52:07.759"/>
</kw>
<status status="PASS" starttime="20250117 20:51:58.981" endtime="20250117 20:52:07.760"/>
</branch>
<status status="PASS" starttime="20250117 20:51:58.974" endtime="20250117 20:52:07.760"/>
</if>
<kw name="Execute Javascript" library="SeleniumLibrary">
<arg>window.scrollTo(0,500)</arg>
<doc>Executes the given JavaScript code with possible arguments.</doc>
<msg timestamp="20250117 20:52:07.761" level="INFO">Executing JavaScript:
window.scrollTo(0,500)
Without any arguments.</msg>
<status status="PASS" starttime="20250117 20:52:07.760" endtime="20250117 20:52:08.366"/>
</kw>
<kw name="Wait Until Element Is Visible" library="SeleniumLibrary">
<arg>//ufc-follow-author-widget[@author-id='8680_FN']</arg>
<doc>Waits until the element ``locator`` is visible.</doc>
<msg timestamp="20250117 20:52:15.294" level="INFO" html="true">&lt;/td&gt;&lt;/tr&gt;&lt;tr&gt;&lt;td colspan="3"&gt;&lt;a href="selenium-screenshot-5.png"&gt;&lt;img src="selenium-screenshot-5.png" width="800px"&gt;&lt;/a&gt;</msg>
<msg timestamp="20250117 20:52:15.294" level="FAIL">Element '//ufc-follow-author-widget[@author-id='8680_FN']' not visible after 5 seconds.</msg>
<status status="FAIL" starttime="20250117 20:52:08.366" endtime="20250117 20:52:15.296"/>
</kw>
<kw name="Maximize Browser Window" library="SeleniumLibrary">
<doc>Maximizes current browser window.</doc>
<status status="NOT RUN" starttime="20250117 20:52:15.297" endtime="20250117 20:52:15.299"/>
</kw>
<status status="FAIL" starttime="20250117 20:51:58.919" endtime="20250117 20:52:15.300"/>
</kw>
<kw name="Finish Testcase" library="CommonFunctionality" type="TEARDOWN">
<kw name="Close Browser" library="SeleniumLibrary">
<doc>Closes the current browser.</doc>
<status status="PASS" starttime="20250117 20:52:15.304" endtime="20250117 20:52:15.307"/>
</kw>
<status status="PASS" starttime="20250117 20:52:15.302" endtime="20250117 20:52:15.308"/>
</kw>
<doc>This test case validates the FN real-time company notification</doc>
<tag>Company</tag>
<tag>FinancialNews</tag>
<tag>Notifications</tag>
<tag>Regression</tag>
<tag>US-T140</tag>
<status status="FAIL" starttime="20250117 20:51:58.917" endtime="20250117 20:52:15.310">Setup failed:
Element '//ufc-follow-author-widget[@author-id='8680_FN']' not visible after 5 seconds.</status>
</test>
<test id="s1-s1-s1-s1-s1-s1-t6" name="Validate Postback on Preference Center" line="90">
<kw name="Start FN Article" library="CommonFunctionality" type="SETUP">
<kw name="Set Selenium Speed" library="SeleniumLibrary">
<arg>0.5 seconds</arg>
<doc>Sets the delay that is waited after each Selenium command.</doc>
<status status="PASS" starttime="20250117 20:52:18.089" endtime="20250117 20:52:18.090"/>
</kw>
<kw name="Set Browser Options" library="CommonFunctionality">
<var>${options}</var>
<if>
<branch type="IF" condition="&quot;${Browser}&quot; == &quot;firefox&quot;">
<kw name="Evaluate" library="BuiltIn">
<var>${options}</var>
<arg>selenium.webdriver.FirefoxOptions()</arg>
<doc>Evaluates the given expression in Python and returns the result.</doc>
<status status="NOT RUN" starttime="20250117 20:52:18.092" endtime="20250117 20:52:18.093"/>
</kw>
<kw name="Call Method" library="BuiltIn">
<arg>${options}</arg>
<arg>add_argument</arg>
<arg>--CreateProfile</arg>
<doc>Calls the named method of the given object with the provided arguments.</doc>
<status status="NOT RUN" starttime="20250117 20:52:18.096" endtime="20250117 20:52:18.097"/>
</kw>
<kw name="Call Method" library="BuiltIn">
<arg>${options}</arg>
<arg>add_argument</arg>
<arg>--start-maximized</arg>
<doc>Calls the named method of the given object with the provided arguments.</doc>
<status status="NOT RUN" starttime="20250117 20:52:18.099" endtime="20250117 20:52:18.100"/>
</kw>
<kw name="Call Method" library="BuiltIn">
<arg>${options}</arg>
<arg>add_argument</arg>
<arg>--disable-dev-shm-usage</arg>
<doc>Calls the named method of the given object with the provided arguments.</doc>
<status status="NOT RUN" starttime="20250117 20:52:18.101" endtime="20250117 20:52:18.102"/>
</kw>
<kw name="Call Method" library="BuiltIn">
<arg>${options}</arg>
<arg>add_argument</arg>
<arg>--no-sandbox</arg>
<doc>Calls the named method of the given object with the provided arguments.</doc>
<status status="NOT RUN" starttime="20250117 20:52:18.105" endtime="20250117 20:52:18.105"/>
</kw>
<kw name="Call Method" library="BuiltIn">
<arg>${options}</arg>
<arg>add_argument</arg>
<arg>--disable-gpu</arg>
<doc>Calls the named method of the given object with the provided arguments.</doc>
<status status="NOT RUN" starttime="20250117 20:52:18.107" endtime="20250117 20:52:18.108"/>
</kw>
<kw name="Call Method" library="BuiltIn">
<arg>${options}</arg>
<arg>add_argument</arg>
<arg>--headless</arg>
<doc>Calls the named method of the given object with the provided arguments.</doc>
<status status="NOT RUN" starttime="20250117 20:52:18.110" endtime="20250117 20:52:18.111"/>
</kw>
<kw name="Call Method" library="BuiltIn">
<arg>${options}</arg>
<arg>add_argument</arg>
<arg>--devtools.debugger.force-local</arg>
<doc>Calls the named method of the given object with the provided arguments.</doc>
<status status="NOT RUN" starttime="20250117 20:52:18.113" endtime="20250117 20:52:18.114"/>
</kw>
<kw name="Call Method" library="BuiltIn">
<arg>${options}</arg>
<arg>add_argument</arg>
<arg>--devtools.debugger.remote-enabled</arg>
<doc>Calls the named method of the given object with the provided arguments.</doc>
<status status="NOT RUN" starttime="20250117 20:52:18.117" endtime="20250117 20:52:18.118"/>
</kw>
<kw name="Call Method" library="BuiltIn">
<arg>${options}</arg>
<arg>add_argument</arg>
<arg>--devtools.chrome.enabled</arg>
<doc>Calls the named method of the given object with the provided arguments.</doc>
<status status="NOT RUN" starttime="20250117 20:52:18.120" endtime="20250117 20:52:18.120"/>
</kw>
<kw name="Call Method" library="BuiltIn">
<arg>${options}</arg>
<arg>add_argument</arg>
<arg>--devtools.debugger.prompt-connection</arg>
<doc>Calls the named method of the given object with the provided arguments.</doc>
<status status="NOT RUN" starttime="20250117 20:52:18.123" endtime="20250117 20:52:18.124"/>
</kw>
<kw name="Call Method" library="BuiltIn">
<arg>${options}</arg>
<arg>add_argument</arg>
<arg>--browser.dom.window.dump.enabled</arg>
<doc>Calls the named method of the given object with the provided arguments.</doc>
<status status="NOT RUN" starttime="20250117 20:52:18.125" endtime="20250117 20:52:18.125"/>
</kw>
<return>
<value>${options}</value>
<status status="NOT RUN" starttime="20250117 20:52:18.126" endtime="20250117 20:52:18.127"/>
</return>
<status status="NOT RUN" starttime="20250117 20:52:18.092" endtime="20250117 20:52:18.128"/>
</branch>
<branch type="ELSE IF" condition="&quot;${Browser}&quot; == &quot;chrome&quot;">
<kw name="Evaluate" library="BuiltIn">
<var>${options}</var>
<arg>selenium.webdriver.ChromeOptions()</arg>
<doc>Evaluates the given expression in Python and returns the result.</doc>
<status status="NOT RUN" starttime="20250117 20:52:18.133" endtime="20250117 20:52:18.133"/>
</kw>
<kw name="Call Method" library="BuiltIn">
<arg>${options}</arg>
<arg>add_argument</arg>
<arg>--start-maximized</arg>
<doc>Calls the named method of the given object with the provided arguments.</doc>
<status status="NOT RUN" starttime="20250117 20:52:18.136" endtime="20250117 20:52:18.138"/>
</kw>
<kw name="Call Method" library="BuiltIn">
<arg>${options}</arg>
<arg>add_argument</arg>
<arg>--disable-dev-shm-usage</arg>
<doc>Calls the named method of the given object with the provided arguments.</doc>
<status status="NOT RUN" starttime="20250117 20:52:18.140" endtime="20250117 20:52:18.141"/>
</kw>
<kw name="Call Method" library="BuiltIn">
<arg>${options}</arg>
<arg>add_argument</arg>
<arg>--no-sandbox</arg>
<doc>Calls the named method of the given object with the provided arguments.</doc>
<status status="NOT RUN" starttime="20250117 20:52:18.143" endtime="20250117 20:52:18.144"/>
</kw>
<kw name="Call Method" library="BuiltIn">
<arg>${options}</arg>
<arg>add_argument</arg>
<arg>--headless</arg>
<doc>Calls the named method of the given object with the provided arguments.</doc>
<status status="NOT RUN" starttime="20250117 20:52:18.146" endtime="20250117 20:52:18.147"/>
</kw>
<kw name="Call Method" library="BuiltIn">
<arg>${options}</arg>
<arg>add_argument</arg>
<arg>--disable-gpu</arg>
<doc>Calls the named method of the given object with the provided arguments.</doc>
<status status="NOT RUN" starttime="20250117 20:52:18.149" endtime="20250117 20:52:18.149"/>
</kw>
<kw name="Call Method" library="BuiltIn">
<arg>${options}</arg>
<arg>add_argument</arg>
<arg>--ignore-certificate-errors</arg>
<doc>Calls the named method of the given object with the provided arguments.</doc>
<status status="NOT RUN" starttime="20250117 20:52:18.150" endtime="20250117 20:52:18.151"/>
</kw>
<kw name="Call Method" library="BuiltIn">
<arg>${options}</arg>
<arg>add_argument</arg>
<arg>--disable-extensions</arg>
<doc>Calls the named method of the given object with the provided arguments.</doc>
<status status="NOT RUN" starttime="20250117 20:52:18.153" endtime="20250117 20:52:18.154"/>
</kw>
<kw name="Call Method" library="BuiltIn">
<arg>${options}</arg>
<arg>add_argument</arg>
<arg>--no-user-gesture-required</arg>
<doc>Calls the named method of the given object with the provided arguments.</doc>
<status status="NOT RUN" starttime="20250117 20:52:18.156" endtime="20250117 20:52:18.157"/>
</kw>
<kw name="Call Method" library="BuiltIn">
<arg>${options}</arg>
<arg>add_argument</arg>
<arg>--no-first-run</arg>
<doc>Calls the named method of the given object with the provided arguments.</doc>
<status status="NOT RUN" starttime="20250117 20:52:18.157" endtime="20250117 20:52:18.158"/>
</kw>
<kw name="Call Method" library="BuiltIn">
<arg>${options}</arg>
<arg>add_argument</arg>
<arg>--use-fake-ui-for-media-stream</arg>
<doc>Calls the named method of the given object with the provided arguments.</doc>
<status status="NOT RUN" starttime="20250117 20:52:18.160" endtime="20250117 20:52:18.160"/>
</kw>
<kw name="Call Method" library="BuiltIn">
<arg>${options}</arg>
<arg>add_argument</arg>
<arg>--use-fake-device-for-media-stream</arg>
<doc>Calls the named method of the given object with the provided arguments.</doc>
<status status="NOT RUN" starttime="20250117 20:52:18.163" endtime="20250117 20:52:18.163"/>
</kw>
<kw name="Call Method" library="BuiltIn">
<arg>${options}</arg>
<arg>add_argument</arg>
<arg>--disable-sync</arg>
<doc>Calls the named method of the given object with the provided arguments.</doc>
<status status="NOT RUN" starttime="20250117 20:52:18.166" endtime="20250117 20:52:18.167"/>
</kw>
<return>
<value>${options}</value>
<status status="NOT RUN" starttime="20250117 20:52:18.168" endtime="20250117 20:52:18.168"/>
</return>
<status status="NOT RUN" starttime="20250117 20:52:18.132" endtime="20250117 20:52:18.170"/>
</branch>
<status status="PASS" starttime="20250117 20:52:18.092" endtime="20250117 20:52:18.172"/>
</if>
<msg timestamp="20250117 20:52:18.172" level="INFO">${options} = None</msg>
<status status="PASS" starttime="20250117 20:52:18.091" endtime="20250117 20:52:18.173"/>
</kw>
<if>
<branch type="IF" condition="&quot;${Env}&quot; == &quot;prod&quot;">
<kw name="Open Browser" library="SeleniumLibrary">
<arg>https://www.fnlondon.com</arg>
<arg>${Browser}</arg>
<arg>options=${options}</arg>
<doc>Opens a new browser instance to the optional ``url``.</doc>
<status status="NOT RUN" starttime="20250117 20:52:18.177" endtime="20250117 20:52:18.178"/>
</kw>
<kw name="Go To" library="SeleniumLibrary">
<arg>https://www.fnlondon.com/articles/complaints-commissioner-fca-transparency-20220615</arg>
<doc>Navigates the current browser window to the provided ``url``.</doc>
<status status="NOT RUN" starttime="20250117 20:52:18.180" endtime="20250117 20:52:18.181"/>
</kw>
<status status="NOT RUN" starttime="20250117 20:52:18.175" endtime="20250117 20:52:18.183"/>
</branch>
<branch type="ELSE IF" condition="&quot;${Env}&quot; == &quot;dev&quot;">
<kw name="Open Browser" library="SeleniumLibrary">
<arg>https://www.s.dev.fnlondon.com</arg>
<arg>${Browser}</arg>
<arg>options=${options}</arg>
<doc>Opens a new browser instance to the optional ``url``.</doc>
<msg timestamp="20250117 20:52:18.187" level="INFO">Opening browser 'ff' to base url 'https://www.s.dev.fnlondon.com'.</msg>
<msg timestamp="20250117 20:52:18.983" level="INFO">Completed setup!</msg>
<status status="PASS" starttime="20250117 20:52:18.185" endtime="20250117 20:52:31.596"/>
</kw>
<kw name="Go To" library="SeleniumLibrary">
<arg>https://www.s.dev.fnlondon.com/articles/testing-article-timestamp-20231102</arg>
<doc>Navigates the current browser window to the provided ``url``.</doc>
<msg timestamp="20250117 20:52:31.597" level="INFO">Opening url 'https://www.s.dev.fnlondon.com/articles/testing-article-timestamp-20231102'</msg>
<status status="PASS" starttime="20250117 20:52:31.597" endtime="20250117 20:52:32.379"/>
</kw>
<kw name="Execute Javascript" library="SeleniumLibrary">
<arg>window.scrollTo(0,500)</arg>
<doc>Executes the given JavaScript code with possible arguments.</doc>
<msg timestamp="20250117 20:52:32.380" level="INFO">Executing JavaScript:
window.scrollTo(0,500)
Without any arguments.</msg>
<status status="PASS" starttime="20250117 20:52:32.380" endtime="20250117 20:52:32.940"/>
</kw>
<status status="PASS" starttime="20250117 20:52:18.183" endtime="20250117 20:52:32.941"/>
</branch>
<status status="PASS" starttime="20250117 20:52:18.175" endtime="20250117 20:52:32.942"/>
</if>
<kw name="Execute Javascript" library="SeleniumLibrary">
<arg>window.scrollTo(0,500)</arg>
<doc>Executes the given JavaScript code with possible arguments.</doc>
<msg timestamp="20250117 20:52:32.943" level="INFO">Executing JavaScript:
window.scrollTo(0,500)
Without any arguments.</msg>
<status status="PASS" starttime="20250117 20:52:32.942" endtime="20250117 20:52:33.489"/>
</kw>
<kw name="Wait Until Element Is Visible" library="SeleniumLibrary">
<arg>//ufc-follow-author-widget[@author-id='8680_FN']</arg>
<doc>Waits until the element ``locator`` is visible.</doc>
<msg timestamp="20250117 20:52:40.773" level="INFO" html="true">&lt;/td&gt;&lt;/tr&gt;&lt;tr&gt;&lt;td colspan="3"&gt;&lt;a href="selenium-screenshot-6.png"&gt;&lt;img src="selenium-screenshot-6.png" width="800px"&gt;&lt;/a&gt;</msg>
<msg timestamp="20250117 20:52:40.773" level="FAIL">Element '//ufc-follow-author-widget[@author-id='8680_FN']' not visible after 5 seconds.</msg>
<status status="FAIL" starttime="20250117 20:52:33.490" endtime="20250117 20:52:40.775"/>
</kw>
<kw name="Maximize Browser Window" library="SeleniumLibrary">
<doc>Maximizes current browser window.</doc>
<status status="NOT RUN" starttime="20250117 20:52:40.777" endtime="20250117 20:52:40.777"/>
</kw>
<status status="FAIL" starttime="20250117 20:52:18.086" endtime="20250117 20:52:40.778"/>
</kw>
<kw name="Finish Testcase" library="CommonFunctionality" type="TEARDOWN">
<kw name="Close Browser" library="SeleniumLibrary">
<doc>Closes the current browser.</doc>
<status status="PASS" starttime="20250117 20:52:40.780" endtime="20250117 20:52:40.781"/>
</kw>
<status status="PASS" starttime="20250117 20:52:40.779" endtime="20250117 20:52:40.782"/>
</kw>
<doc>This test case validates the FN Postback on Preference Center</doc>
<tag>357</tag>
<tag>FinancialNews</tag>
<tag>Postback</tag>
<tag>Regression</tag>
<status status="FAIL" starttime="20250117 20:52:18.084" endtime="20250117 20:52:40.784">Setup failed:
Element '//ufc-follow-author-widget[@author-id='8680_FN']' not visible after 5 seconds.</status>
</test>
<doc>FN Regression Tests</doc>
<status status="FAIL" starttime="20250117 20:50:38.486" endtime="20250117 20:52:43.503"/>
</suite>
<status status="FAIL" starttime="20250117 20:50:38.482" endtime="20250117 20:52:43.510"/>
</suite>
<status status="FAIL" starttime="20250117 20:50:38.478" endtime="20250117 20:52:43.512"/>
</suite>
<status status="FAIL" starttime="20250117 20:50:38.474" endtime="20250117 20:52:43.515"/>
</suite>
<status status="FAIL" starttime="20250117 20:50:38.469" endtime="20250117 20:52:43.517"/>
</suite>
<status status="FAIL" starttime="20250117 20:50:38.444" endtime="20250117 20:52:43.520"/>
</suite>
<statistics>
<total>
<stat pass="0" fail="6" skip="0">All Tests</stat>
</total>
<tag>
<stat pass="0" fail="1" skip="0">357</stat>
<stat pass="0" fail="1" skip="0">Article</stat>
<stat pass="0" fail="2" skip="0">Author</stat>
<stat pass="0" fail="1" skip="0">Company</stat>
<stat pass="0" fail="6" skip="0">FinancialNews</stat>
<stat pass="0" fail="3" skip="0">Follow1</stat>
<stat pass="0" fail="3" skip="0">Notifications</stat>
<stat pass="0" fail="1" skip="0">Postback</stat>
<stat pass="0" fail="1" skip="0">PreferenceCenter</stat>
<stat pass="0" fail="6" skip="0">Regression</stat>
<stat pass="0" fail="1" skip="0">US-T140</stat>
<stat pass="0" fail="1" skip="0">US-T142</stat>
</tag>
<suite>
<stat pass="0" fail="6" skip="0" id="s1" name="Userservices-Qa-Automation">Userservices-Qa-Automation</stat>
<stat pass="0" fail="6" skip="0" id="s1-s1" name="Panda-Qa">Userservices-Qa-Automation.Panda-Qa</stat>
<stat pass="0" fail="6" skip="0" id="s1-s1-s1" name="Tests">Userservices-Qa-Automation.Panda-Qa.Tests</stat>
<stat pass="0" fail="6" skip="0" id="s1-s1-s1-s1" name="FollowWidget">Userservices-Qa-Automation.Panda-Qa.Tests.FollowWidget</stat>
<stat pass="0" fail="6" skip="0" id="s1-s1-s1-s1-s1" name="Regression">Userservices-Qa-Automation.Panda-Qa.Tests.FollowWidget.Regression</stat>
<stat pass="0" fail="6" skip="0" id="s1-s1-s1-s1-s1-s1" name="FN Regression">Userservices-Qa-Automation.Panda-Qa.Tests.FollowWidget.Regression.FN Regression</stat>
</suite>
</statistics>
<errors>
</errors>
</robot>
