
20:38:16 [browserstack_sdk.__init__][INFO] - Project and debug logs are captured by default. To disable, set disableAutoCaptureLogs: true in config.

20:38:17 [browserstack_sdk.__init__][INFO] - Setting up for Browserstack, using framework: robot
==============================================================================
Userservices-Qa-Automation                                                    
==============================================================================
Userservices-Qa-Automation.Panda-Qa                                           
==============================================================================
Userservices-Qa-Automation.Panda-Qa.Tests                                     
==============================================================================
Userservices-Qa-Automation.Panda-Qa.Tests.FollowWidget                        
==============================================================================
Userservices-Qa-Automation.Panda-Qa.Tests.FollowWidget.Regression             
==============================================================================
Userservices-Qa-Automation.Panda-Qa.Tests.FollowWidget.Regression.API Autom...
==============================================================================
Validate get subscription API :: This test case validates theget s... 
20:38:22 [browserstack_sdk.__init__][INFO] - Completed setup!

20:39:06 [browserstack_sdk.__init__][INFO] - Completed setup!
| FAIL |
Element with locator '(//span[@title='Sign In'])[2]/..' not found.
------------------------------------------------------------------------------
Validate delete subscription API for Barrons Brand :: This test ca... 
20:39:34 [browserstack_sdk.__init__][INFO] - Completed setup!

20:40:15 [browserstack_sdk.__init__][INFO] - Completed setup!
| FAIL |
Element with locator '(//span[@title='Sign In'])[2]/..' not found.
------------------------------------------------------------------------------
Validate delete subscription API for mansionglobal Brand :: This t... 
20:40:40 [browserstack_sdk.__init__][INFO] - Completed setup!
| FAIL |
Setup failed:
TimeoutException: Message: A script did not complete before its timeout expired.
------------------------------------------------------------------------------
Validate delete subscription API for Financial news Brand :: This ... 
20:41:20 [browserstack_sdk.__init__][INFO] - Completed setup!

20:41:42 [browserstack_sdk.__init__][INFO] - Completed setup!
| FAIL |
Element with locator '(//span[@title='Sign In'])[2]/..' not found.
------------------------------------------------------------------------------
Validate delete subscription API for marketwatch Brand :: This tes... 
20:42:10 [browserstack_sdk.__init__][INFO] - Completed setup!
| FAIL |
Setup failed:
TimeoutException: Message: A script did not complete before its timeout expired.
------------------------------------------------------------------------------
Validate delete subscription API for PENews Brand :: This test cas... 
20:42:43 [browserstack_sdk.__init__][INFO] - Completed setup!

20:43:05 [browserstack_sdk.__init__][INFO] - Completed setup!
| FAIL |
Element with locator '(//span[@title='Sign In'])[2]/..' not found.
------------------------------------------------------------------------------
Userservices-Qa-Automation.Panda-Qa.Tests.FollowWidget.Regression.... | FAIL |
6 tests, 0 passed, 6 failed
==============================================================================
Userservices-Qa-Automation.Panda-Qa.Tests.FollowWidget.Regression     | FAIL |
6 tests, 0 passed, 6 failed
==============================================================================
Userservices-Qa-Automation.Panda-Qa.Tests.FollowWidget                | FAIL |
6 tests, 0 passed, 6 failed
==============================================================================
Userservices-Qa-Automation.Panda-Qa.Tests                             | FAIL |
6 tests, 0 passed, 6 failed
==============================================================================
Userservices-Qa-Automation.Panda-Qa                                   | FAIL |
6 tests, 0 passed, 6 failed
==============================================================================
Userservices-Qa-Automation                                            | FAIL |
6 tests, 0 passed, 6 failed
==============================================================================
Output:  D:\Users\sasikumarj\PycharmProjects\userservices-qa-automation\resultspabot\pabot_results\2\output.xml

20:43:31 [browserstack_sdk.__init__][INFO] - Handling session close

20:43:37 [browserstack_sdk.__init__][INFO] - All done!
