<?xml version="1.0" encoding="UTF-8"?>
<robot generator="Robot 6.1.1 (Python 3.12.5 on win32)" generated="20241121 22:15:59.196" rpa="false" schemaversion="4">
<suite id="s1" name="Userservices-Qa-Automation" source="D:\Users\sasikumarj\PycharmProjects\userservices-qa-automation">
<suite id="s1-s1" name="Panda-Qa" source="D:\Users\sasikumarj\PycharmProjects\userservices-qa-automation\panda-qa">
<suite id="s1-s1-s1" name="Tests" source="D:\Users\sasikumarj\PycharmProjects\userservices-qa-automation\panda-qa\Tests">
<suite id="s1-s1-s1-s1" name="FollowWidget" source="D:\Users\sasikumarj\PycharmProjects\userservices-qa-automation\panda-qa\Tests\FollowWidget">
<suite id="s1-s1-s1-s1-s1" name="Regression" source="D:\Users\sasikumarj\PycharmProjects\userservices-qa-automation\panda-qa\Tests\FollowWidget\Regression">
<suite id="s1-s1-s1-s1-s1-s1" name="MansionGlobal Regression" source="D:\Users\sasikumarj\PycharmProjects\userservices-qa-automation\panda-qa\Tests\FollowWidget\Regression\MansionGlobal_Regression.robot">
<test id="s1-s1-s1-s1-s1-s1-t1" name="Validate the Mansion GLobal Preference Center page" line="20">
<kw name="Start Mansion Global Article" library="CommonFunctionality" type="SETUP">
<kw name="Set Selenium Speed" library="SeleniumLibrary">
<arg>0.5 seconds</arg>
<doc>Sets the delay that is waited after each Selenium command.</doc>
<status status="PASS" starttime="20241121 22:15:59.662" endtime="20241121 22:15:59.662"/>
</kw>
<kw name="Set Browser Options" library="CommonFunctionality">
<var>${options}</var>
<if>
<branch type="IF" condition="&quot;${Browser}&quot; == &quot;firefox&quot;">
<kw name="Evaluate" library="BuiltIn">
<var>${options}</var>
<arg>selenium.webdriver.FirefoxOptions()</arg>
<doc>Evaluates the given expression in Python and returns the result.</doc>
<status status="NOT RUN" starttime="20241121 22:15:59.663" endtime="20241121 22:15:59.663"/>
</kw>
<kw name="Call Method" library="BuiltIn">
<arg>${options}</arg>
<arg>add_argument</arg>
<arg>--CreateProfile</arg>
<doc>Calls the named method of the given object with the provided arguments.</doc>
<status status="NOT RUN" starttime="20241121 22:15:59.663" endtime="20241121 22:15:59.663"/>
</kw>
<kw name="Call Method" library="BuiltIn">
<arg>${options}</arg>
<arg>add_argument</arg>
<arg>--start-maximized</arg>
<doc>Calls the named method of the given object with the provided arguments.</doc>
<status status="NOT RUN" starttime="20241121 22:15:59.663" endtime="20241121 22:15:59.663"/>
</kw>
<kw name="Call Method" library="BuiltIn">
<arg>${options}</arg>
<arg>add_argument</arg>
<arg>--disable-dev-shm-usage</arg>
<doc>Calls the named method of the given object with the provided arguments.</doc>
<status status="NOT RUN" starttime="20241121 22:15:59.663" endtime="20241121 22:15:59.664"/>
</kw>
<kw name="Call Method" library="BuiltIn">
<arg>${options}</arg>
<arg>add_argument</arg>
<arg>--no-sandbox</arg>
<doc>Calls the named method of the given object with the provided arguments.</doc>
<status status="NOT RUN" starttime="20241121 22:15:59.664" endtime="20241121 22:15:59.664"/>
</kw>
<kw name="Call Method" library="BuiltIn">
<arg>${options}</arg>
<arg>add_argument</arg>
<arg>--disable-gpu</arg>
<doc>Calls the named method of the given object with the provided arguments.</doc>
<status status="NOT RUN" starttime="20241121 22:15:59.664" endtime="20241121 22:15:59.665"/>
</kw>
<kw name="Call Method" library="BuiltIn">
<arg>${options}</arg>
<arg>add_argument</arg>
<arg>--headless</arg>
<doc>Calls the named method of the given object with the provided arguments.</doc>
<status status="NOT RUN" starttime="20241121 22:15:59.665" endtime="20241121 22:15:59.665"/>
</kw>
<kw name="Call Method" library="BuiltIn">
<arg>${options}</arg>
<arg>add_argument</arg>
<arg>--devtools.debugger.force-local</arg>
<doc>Calls the named method of the given object with the provided arguments.</doc>
<status status="NOT RUN" starttime="20241121 22:15:59.665" endtime="20241121 22:15:59.665"/>
</kw>
<kw name="Call Method" library="BuiltIn">
<arg>${options}</arg>
<arg>add_argument</arg>
<arg>--devtools.debugger.remote-enabled</arg>
<doc>Calls the named method of the given object with the provided arguments.</doc>
<status status="NOT RUN" starttime="20241121 22:15:59.666" endtime="20241121 22:15:59.666"/>
</kw>
<kw name="Call Method" library="BuiltIn">
<arg>${options}</arg>
<arg>add_argument</arg>
<arg>--devtools.chrome.enabled</arg>
<doc>Calls the named method of the given object with the provided arguments.</doc>
<status status="NOT RUN" starttime="20241121 22:15:59.666" endtime="20241121 22:15:59.666"/>
</kw>
<kw name="Call Method" library="BuiltIn">
<arg>${options}</arg>
<arg>add_argument</arg>
<arg>--devtools.debugger.prompt-connection</arg>
<doc>Calls the named method of the given object with the provided arguments.</doc>
<status status="NOT RUN" starttime="20241121 22:15:59.666" endtime="20241121 22:15:59.666"/>
</kw>
<kw name="Call Method" library="BuiltIn">
<arg>${options}</arg>
<arg>add_argument</arg>
<arg>--browser.dom.window.dump.enabled</arg>
<doc>Calls the named method of the given object with the provided arguments.</doc>
<status status="NOT RUN" starttime="20241121 22:15:59.666" endtime="20241121 22:15:59.666"/>
</kw>
<return>
<value>${options}</value>
<status status="NOT RUN" starttime="20241121 22:15:59.667" endtime="20241121 22:15:59.667"/>
</return>
<status status="NOT RUN" starttime="20241121 22:15:59.662" endtime="20241121 22:15:59.667"/>
</branch>
<branch type="ELSE IF" condition="&quot;${Browser}&quot; == &quot;chrome&quot;">
<kw name="Evaluate" library="BuiltIn">
<var>${options}</var>
<arg>selenium.webdriver.ChromeOptions()</arg>
<doc>Evaluates the given expression in Python and returns the result.</doc>
<status status="NOT RUN" starttime="20241121 22:15:59.667" endtime="20241121 22:15:59.668"/>
</kw>
<kw name="Call Method" library="BuiltIn">
<arg>${options}</arg>
<arg>add_argument</arg>
<arg>--start-maximized</arg>
<doc>Calls the named method of the given object with the provided arguments.</doc>
<status status="NOT RUN" starttime="20241121 22:15:59.668" endtime="20241121 22:15:59.668"/>
</kw>
<kw name="Call Method" library="BuiltIn">
<arg>${options}</arg>
<arg>add_argument</arg>
<arg>--disable-dev-shm-usage</arg>
<doc>Calls the named method of the given object with the provided arguments.</doc>
<status status="NOT RUN" starttime="20241121 22:15:59.668" endtime="20241121 22:15:59.668"/>
</kw>
<kw name="Call Method" library="BuiltIn">
<arg>${options}</arg>
<arg>add_argument</arg>
<arg>--no-sandbox</arg>
<doc>Calls the named method of the given object with the provided arguments.</doc>
<status status="NOT RUN" starttime="20241121 22:15:59.668" endtime="20241121 22:15:59.668"/>
</kw>
<kw name="Call Method" library="BuiltIn">
<arg>${options}</arg>
<arg>add_argument</arg>
<arg>--headless</arg>
<doc>Calls the named method of the given object with the provided arguments.</doc>
<status status="NOT RUN" starttime="20241121 22:15:59.669" endtime="20241121 22:15:59.669"/>
</kw>
<kw name="Call Method" library="BuiltIn">
<arg>${options}</arg>
<arg>add_argument</arg>
<arg>--disable-gpu</arg>
<doc>Calls the named method of the given object with the provided arguments.</doc>
<status status="NOT RUN" starttime="20241121 22:15:59.670" endtime="20241121 22:15:59.670"/>
</kw>
<kw name="Call Method" library="BuiltIn">
<arg>${options}</arg>
<arg>add_argument</arg>
<arg>--ignore-certificate-errors</arg>
<doc>Calls the named method of the given object with the provided arguments.</doc>
<status status="NOT RUN" starttime="20241121 22:15:59.670" endtime="20241121 22:15:59.670"/>
</kw>
<kw name="Call Method" library="BuiltIn">
<arg>${options}</arg>
<arg>add_argument</arg>
<arg>--disable-extensions</arg>
<doc>Calls the named method of the given object with the provided arguments.</doc>
<status status="NOT RUN" starttime="20241121 22:15:59.670" endtime="20241121 22:15:59.670"/>
</kw>
<kw name="Call Method" library="BuiltIn">
<arg>${options}</arg>
<arg>add_argument</arg>
<arg>--no-user-gesture-required</arg>
<doc>Calls the named method of the given object with the provided arguments.</doc>
<status status="NOT RUN" starttime="20241121 22:15:59.670" endtime="20241121 22:15:59.671"/>
</kw>
<kw name="Call Method" library="BuiltIn">
<arg>${options}</arg>
<arg>add_argument</arg>
<arg>--no-first-run</arg>
<doc>Calls the named method of the given object with the provided arguments.</doc>
<status status="NOT RUN" starttime="20241121 22:15:59.672" endtime="20241121 22:15:59.672"/>
</kw>
<kw name="Call Method" library="BuiltIn">
<arg>${options}</arg>
<arg>add_argument</arg>
<arg>--use-fake-ui-for-media-stream</arg>
<doc>Calls the named method of the given object with the provided arguments.</doc>
<status status="NOT RUN" starttime="20241121 22:15:59.672" endtime="20241121 22:15:59.672"/>
</kw>
<kw name="Call Method" library="BuiltIn">
<arg>${options}</arg>
<arg>add_argument</arg>
<arg>--use-fake-device-for-media-stream</arg>
<doc>Calls the named method of the given object with the provided arguments.</doc>
<status status="NOT RUN" starttime="20241121 22:15:59.672" endtime="20241121 22:15:59.672"/>
</kw>
<kw name="Call Method" library="BuiltIn">
<arg>${options}</arg>
<arg>add_argument</arg>
<arg>--disable-sync</arg>
<doc>Calls the named method of the given object with the provided arguments.</doc>
<status status="NOT RUN" starttime="20241121 22:15:59.672" endtime="20241121 22:15:59.672"/>
</kw>
<return>
<value>${options}</value>
<status status="NOT RUN" starttime="20241121 22:15:59.672" endtime="20241121 22:15:59.672"/>
</return>
<status status="NOT RUN" starttime="20241121 22:15:59.667" endtime="20241121 22:15:59.672"/>
</branch>
<status status="PASS" starttime="20241121 22:15:59.662" endtime="20241121 22:15:59.674"/>
</if>
<msg timestamp="20241121 22:15:59.674" level="INFO">${options} = None</msg>
<status status="PASS" starttime="20241121 22:15:59.662" endtime="20241121 22:15:59.674"/>
</kw>
<if>
<branch type="IF" condition="&quot;${Env}&quot; == &quot;prod&quot;">
<kw name="Open Browser" library="SeleniumLibrary">
<arg>https://www.mansionglobal.com</arg>
<arg>${Browser}</arg>
<arg>options=${options}</arg>
<doc>Opens a new browser instance to the optional ``url``.</doc>
<status status="NOT RUN" starttime="20241121 22:15:59.674" endtime="20241121 22:15:59.674"/>
</kw>
<kw name="Go To" library="SeleniumLibrary">
<arg>https://www.mansionglobal.com/articles/are-there-tax-breaks-on-agricultural-land-in-pennsylvania-01648119848</arg>
<doc>Navigates the current browser window to the provided ``url``.</doc>
<status status="NOT RUN" starttime="20241121 22:15:59.674" endtime="20241121 22:15:59.675"/>
</kw>
<status status="NOT RUN" starttime="20241121 22:15:59.674" endtime="20241121 22:15:59.675"/>
</branch>
<branch type="ELSE IF" condition="&quot;${Env}&quot; == &quot;dev&quot;">
<kw name="Open Browser" library="SeleniumLibrary">
<arg>https://www.s.dev.mansionglobal.com</arg>
<arg>${Browser}</arg>
<arg>options=${options}</arg>
<doc>Opens a new browser instance to the optional ``url``.</doc>
<msg timestamp="20241121 22:15:59.676" level="INFO">Opening browser 'ff' to base url 'https://www.s.dev.mansionglobal.com'.</msg>
<msg timestamp="20241121 22:16:00.493" level="INFO">Completed setup!</msg>
<status status="PASS" starttime="20241121 22:15:59.675" endtime="20241121 22:16:15.811"/>
</kw>
<kw name="Go To" library="SeleniumLibrary">
<arg>https://www.s.dev.mansionglobal.com/articles/article-long-text-01643043212</arg>
<doc>Navigates the current browser window to the provided ``url``.</doc>
<msg timestamp="20241121 22:16:15.812" level="INFO">Opening url 'https://www.s.dev.mansionglobal.com/articles/article-long-text-01643043212'</msg>
<status status="PASS" starttime="20241121 22:16:15.811" endtime="20241121 22:16:17.683"/>
</kw>
<status status="PASS" starttime="20241121 22:15:59.675" endtime="20241121 22:16:17.683"/>
</branch>
<status status="PASS" starttime="20241121 22:15:59.674" endtime="20241121 22:16:17.683"/>
</if>
<kw name="Wait Until Page Contains Element" library="SeleniumLibrary">
<arg>dom:${JSFollowButtonMGPath}</arg>
<doc>Waits until the element ``locator`` appears on the current page.</doc>
<status status="PASS" starttime="20241121 22:16:17.683" endtime="20241121 22:16:23.147"/>
</kw>
<kw name="Maximize Browser Window" library="SeleniumLibrary">
<doc>Maximizes current browser window.</doc>
<status status="PASS" starttime="20241121 22:16:23.147" endtime="20241121 22:16:26.192"/>
</kw>
<status status="PASS" starttime="20241121 22:15:59.661" endtime="20241121 22:16:26.192"/>
</kw>
<kw name="Add Author By Hotlink" library="MansionGlobalPreferenceCenterPage">
<if>
<branch type="IF" condition="&quot;${Env}&quot; == &quot;prod&quot;">
<kw name="Go To" library="SeleniumLibrary">
<arg>https://www.mansionglobal.com/follow?alert=author&amp;id=8686_MG&amp;frequency=realtime</arg>
<doc>Navigates the current browser window to the provided ``url``.</doc>
<status status="NOT RUN" starttime="20241121 22:16:26.193" endtime="20241121 22:16:26.193"/>
</kw>
<status status="NOT RUN" starttime="20241121 22:16:26.193" endtime="20241121 22:16:26.193"/>
</branch>
<branch type="ELSE IF" condition="&quot;${Env}&quot; == &quot;dev&quot;">
<kw name="Go To" library="SeleniumLibrary">
<arg>https://www.s.dev.mansionglobal.com/follow?alert=author&amp;id=8686_MG&amp;frequency=realtime</arg>
<doc>Navigates the current browser window to the provided ``url``.</doc>
<msg timestamp="20241121 22:16:26.194" level="INFO">Opening url 'https://www.s.dev.mansionglobal.com/follow?alert=author&amp;id=8686_MG&amp;frequency=realtime'</msg>
<status status="PASS" starttime="20241121 22:16:26.194" endtime="20241121 22:16:27.382"/>
</kw>
<status status="PASS" starttime="20241121 22:16:26.193" endtime="20241121 22:16:27.382"/>
</branch>
<status status="PASS" starttime="20241121 22:16:26.193" endtime="20241121 22:16:27.382"/>
</if>
<status status="PASS" starttime="20241121 22:16:26.192" endtime="20241121 22:16:27.382"/>
</kw>
<kw name="Sign In Process" library="DefinedKeywords">
<if>
<branch type="IF" condition="&quot;${Env}&quot; == &quot;prod&quot;">
<kw name="Set Variable" library="BuiltIn">
<var>${Email}</var>
<arg>${Email_prod}</arg>
<doc>Returns the given values which can then be assigned to a variables.</doc>
<status status="NOT RUN" starttime="20241121 22:16:27.384" endtime="20241121 22:16:27.384"/>
</kw>
<kw name="Set Variable" library="BuiltIn">
<var>${Password}</var>
<arg>${Password_prod}</arg>
<doc>Returns the given values which can then be assigned to a variables.</doc>
<status status="NOT RUN" starttime="20241121 22:16:27.384" endtime="20241121 22:16:27.384"/>
</kw>
<status status="NOT RUN" starttime="20241121 22:16:27.383" endtime="20241121 22:16:27.384"/>
</branch>
<branch type="ELSE IF" condition="&quot;${Env}&quot; == &quot;dev&quot;">
<kw name="Set Variable" library="BuiltIn">
<var>${Email}</var>
<arg>${Email_dev}</arg>
<doc>Returns the given values which can then be assigned to a variables.</doc>
<msg timestamp="20241121 22:16:27.385" level="INFO">${Email} = QABARRONSONLY</msg>
<status status="PASS" starttime="20241121 22:16:27.385" endtime="20241121 22:16:27.385"/>
</kw>
<kw name="Set Variable" library="BuiltIn">
<var>${Password}</var>
<arg>${Password_dev}</arg>
<doc>Returns the given values which can then be assigned to a variables.</doc>
<msg timestamp="20241121 22:16:27.387" level="INFO">${Password} = password1</msg>
<status status="PASS" starttime="20241121 22:16:27.386" endtime="20241121 22:16:27.387"/>
</kw>
<status status="PASS" starttime="20241121 22:16:27.384" endtime="20241121 22:16:27.387"/>
</branch>
<status status="PASS" starttime="20241121 22:16:27.383" endtime="20241121 22:16:27.387"/>
</if>
<kw name="Wait Until Element Is Visible" library="SeleniumLibrary">
<arg>//*[@id="emailOrUsername"]</arg>
<doc>Waits until the element ``locator`` is visible.</doc>
<status status="PASS" starttime="20241121 22:16:27.387" endtime="20241121 22:16:29.104"/>
</kw>
<kw name="Click Element" library="SeleniumLibrary">
<arg>//*[@id="emailOrUsername"]</arg>
<doc>Click the element identified by ``locator``.</doc>
<msg timestamp="20241121 22:16:29.105" level="INFO">Clicking element '//*[@id="emailOrUsername"]'.</msg>
<status status="PASS" starttime="20241121 22:16:29.104" endtime="20241121 22:16:30.359"/>
</kw>
<kw name="Input Text" library="SeleniumLibrary">
<arg>//*[@id="emailOrUsername"]</arg>
<arg>QABARRONSONLY</arg>
<doc>Types the given ``text`` into the text field identified by ``locator``.</doc>
<msg timestamp="20241121 22:16:30.359" level="INFO">Typing text 'QABARRONSONLY' into text field '//*[@id="emailOrUsername"]'.</msg>
<status status="PASS" starttime="20241121 22:16:30.359" endtime="20241121 22:16:32.143"/>
</kw>
<kw name="Set Selenium Implicit Wait" library="SeleniumLibrary">
<arg>10s</arg>
<doc>Sets the implicit wait value used by Selenium.</doc>
<status status="PASS" starttime="20241121 22:16:32.143" endtime="20241121 22:16:32.674"/>
</kw>
<kw name="Click Button" library="SeleniumLibrary">
<arg>//html/body/div/section/div/div[2]/form/button[1]</arg>
<doc>Clicks the button identified by ``locator``.</doc>
<msg timestamp="20241121 22:16:32.675" level="INFO">Clicking button '//html/body/div/section/div/div[2]/form/button[1]'.</msg>
<status status="PASS" starttime="20241121 22:16:32.674" endtime="20241121 22:16:35.812"/>
</kw>
<kw name="Set Selenium Implicit Wait" library="SeleniumLibrary">
<arg>10s</arg>
<doc>Sets the implicit wait value used by Selenium.</doc>
<status status="PASS" starttime="20241121 22:16:35.812" endtime="20241121 22:16:36.369"/>
</kw>
<kw name="Wait Until Element Is Visible" library="SeleniumLibrary">
<arg>//*[@id="password"]</arg>
<doc>Waits until the element ``locator`` is visible.</doc>
<status status="PASS" starttime="20241121 22:16:36.370" endtime="20241121 22:16:37.496"/>
</kw>
<kw name="Input Text" library="SeleniumLibrary">
<arg>//*[@id="password"]</arg>
<arg>password1</arg>
<doc>Types the given ``text`` into the text field identified by ``locator``.</doc>
<msg timestamp="20241121 22:16:37.497" level="INFO">Typing text 'password1' into text field '//*[@id="password"]'.</msg>
<status status="PASS" starttime="20241121 22:16:37.496" endtime="20241121 22:16:39.417"/>
</kw>
<kw name="Set Selenium Implicit Wait" library="SeleniumLibrary">
<arg>10</arg>
<doc>Sets the implicit wait value used by Selenium.</doc>
<status status="PASS" starttime="20241121 22:16:39.417" endtime="20241121 22:16:39.961"/>
</kw>
<kw name="Wait Until Element Is Visible" library="SeleniumLibrary">
<arg>//html/body/div/section/div/div[2]/form/button</arg>
<doc>Waits until the element ``locator`` is visible.</doc>
<status status="PASS" starttime="20241121 22:16:39.961" endtime="20241121 22:16:41.143"/>
</kw>
<kw name="Click Element" library="SeleniumLibrary">
<arg>//html/body/div/section/div/div[2]/form/button</arg>
<doc>Click the element identified by ``locator``.</doc>
<msg timestamp="20241121 22:16:41.144" level="INFO">Clicking element '//html/body/div/section/div/div[2]/form/button'.</msg>
<status status="PASS" starttime="20241121 22:16:41.143" endtime="20241121 22:16:42.407"/>
</kw>
<kw name="Set Selenium Implicit Wait" library="SeleniumLibrary">
<arg>60</arg>
<doc>Sets the implicit wait value used by Selenium.</doc>
<status status="PASS" starttime="20241121 22:16:42.407" endtime="20241121 22:16:45.099"/>
</kw>
<status status="PASS" starttime="20241121 22:16:27.382" endtime="20241121 22:16:45.099"/>
</kw>
<kw name="Validate Followed Authors" library="MansionGlobalPreferenceCenterPage">
<kw name="Page Should Contain" library="SeleniumLibrary">
<arg>Authors</arg>
<doc>Verifies that current page contains ``text``.</doc>
<msg timestamp="20241121 22:16:46.432" level="INFO">Current page contains text 'Authors'.</msg>
<status status="PASS" starttime="20241121 22:16:45.099" endtime="20241121 22:16:46.432"/>
</kw>
<status status="PASS" starttime="20241121 22:16:45.099" endtime="20241121 22:16:46.432"/>
</kw>
<kw name="Get Element Count" library="SeleniumLibrary">
<var>${val}</var>
<arg>//*[@id="root"]/div/div/div/div[3]/div/div/button</arg>
<doc>Returns the number of elements matching ``locator``.</doc>
<msg timestamp="20241121 22:17:47.055" level="INFO">${val} = 0</msg>
<status status="PASS" starttime="20241121 22:16:46.432" endtime="20241121 22:17:47.055"/>
</kw>
<kw name="Run Keyword If" library="BuiltIn">
<arg>${val} &gt; 0</arg>
<arg>MansionGLobalPreferenceCenterPage.Click Following Toggle Alert Pop up</arg>
<doc>Runs the given keyword with the given arguments, if ``condition`` is true.</doc>
<status status="PASS" starttime="20241121 22:17:47.055" endtime="20241121 22:17:47.057"/>
</kw>
<kw name="Validate Author Name" library="MansionGlobalPreferenceCenterPage">
<kw name="Page Should Contain" library="SeleniumLibrary">
<arg>Mariana Nuñez</arg>
<doc>Verifies that current page contains ``text``.</doc>
<msg timestamp="20241121 22:17:48.223" level="INFO">Current page contains text 'Mariana Nuñez'.</msg>
<status status="PASS" starttime="20241121 22:17:47.058" endtime="20241121 22:17:48.223"/>
</kw>
<status status="PASS" starttime="20241121 22:17:47.057" endtime="20241121 22:17:48.223"/>
</kw>
<kw name="Validate Following Toggle Feature" library="MansionGlobalPreferenceCenterPage">
<if>
<branch type="IF" condition="&quot;${Env}&quot; == &quot;prod&quot;">
<kw name="Wait Until Element Is Visible" library="SeleniumLibrary">
<arg>//*[text()="V.L. HENDRICKSON"]/../../../../td[4]/div</arg>
<doc>Waits until the element ``locator`` is visible.</doc>
<status status="NOT RUN" starttime="20241121 22:17:48.225" endtime="20241121 22:17:48.225"/>
</kw>
<kw name="Page Should Contain Element" library="SeleniumLibrary">
<arg>//*[text()="V.L. HENDRICKSON"]/../../../../td[4]/div</arg>
<doc>Verifies that element ``locator`` is found on the current page.</doc>
<status status="NOT RUN" starttime="20241121 22:17:48.225" endtime="20241121 22:17:48.225"/>
</kw>
<status status="NOT RUN" starttime="20241121 22:17:48.224" endtime="20241121 22:17:48.225"/>
</branch>
<branch type="ELSE IF" condition="&quot;${Env}&quot; == &quot;dev&quot;">
<kw name="Wait Until Element Is Visible" library="SeleniumLibrary">
<arg>//*[text()="Mariana Nuñez"]/../../../../td[4]/div</arg>
<doc>Waits until the element ``locator`` is visible.</doc>
<status status="PASS" starttime="20241121 22:17:48.225" endtime="20241121 22:17:49.395"/>
</kw>
<kw name="Page Should Contain Element" library="SeleniumLibrary">
<arg>//*[text()="Mariana Nuñez"]/../../../../td[4]/div</arg>
<doc>Verifies that element ``locator`` is found on the current page.</doc>
<msg timestamp="20241121 22:17:49.976" level="INFO">Current page contains element '//*[text()="Mariana Nuñez"]/../../../../td[4]/div'.</msg>
<status status="PASS" starttime="20241121 22:17:49.395" endtime="20241121 22:17:49.976"/>
</kw>
<status status="PASS" starttime="20241121 22:17:48.225" endtime="20241121 22:17:49.976"/>
</branch>
<status status="PASS" starttime="20241121 22:17:48.224" endtime="20241121 22:17:49.976"/>
</if>
<status status="PASS" starttime="20241121 22:17:48.223" endtime="20241121 22:17:49.976"/>
</kw>
<kw name="Validate Following Frequency" library="MansionGlobalPreferenceCenterPage">
<if>
<branch type="IF" condition="&quot;${Env}&quot; == &quot;prod&quot;">
<kw name="Page Should Contain Element" library="SeleniumLibrary">
<arg>//*[text()="V.L. HENDRICKSON"]/../../../../td[3]/div/div/label[1]/span[2]</arg>
<doc>Verifies that element ``locator`` is found on the current page.</doc>
<status status="NOT RUN" starttime="20241121 22:17:49.978" endtime="20241121 22:17:49.978"/>
</kw>
<kw name="Page Should Contain Element" library="SeleniumLibrary">
<arg>//*[text()="V.L. HENDRICKSON"]/../../../../td[3]/div/div/label[2]/span[2]</arg>
<doc>Verifies that element ``locator`` is found on the current page.</doc>
<status status="NOT RUN" starttime="20241121 22:17:49.978" endtime="20241121 22:17:49.978"/>
</kw>
<status status="NOT RUN" starttime="20241121 22:17:49.977" endtime="20241121 22:17:49.978"/>
</branch>
<branch type="ELSE IF" condition="&quot;${Env}&quot; == &quot;dev&quot;">
<kw name="Page Should Contain Element" library="SeleniumLibrary">
<arg>//*[text()="Mariana Nuñez"]/../../../../td[3]/div/div/label[1]/span[2]</arg>
<doc>Verifies that element ``locator`` is found on the current page.</doc>
<msg timestamp="20241121 22:17:50.554" level="INFO">Current page contains element '//*[text()="Mariana Nuñez"]/../../../../td[3]/div/div/label[1]/span[2]'.</msg>
<status status="PASS" starttime="20241121 22:17:49.979" endtime="20241121 22:17:50.554"/>
</kw>
<kw name="Page Should Contain Element" library="SeleniumLibrary">
<arg>//*[text()="Mariana Nuñez"]/../../../../td[3]/div/div/label[2]/span[2]</arg>
<doc>Verifies that element ``locator`` is found on the current page.</doc>
<msg timestamp="20241121 22:17:51.141" level="INFO">Current page contains element '//*[text()="Mariana Nuñez"]/../../../../td[3]/div/div/label[2]/span[2]'.</msg>
<status status="PASS" starttime="20241121 22:17:50.554" endtime="20241121 22:17:51.141"/>
</kw>
<status status="PASS" starttime="20241121 22:17:49.978" endtime="20241121 22:17:51.141"/>
</branch>
<status status="PASS" starttime="20241121 22:17:49.977" endtime="20241121 22:17:51.142"/>
</if>
<status status="PASS" starttime="20241121 22:17:49.976" endtime="20241121 22:17:51.142"/>
</kw>
<kw name="Validate All Tabs Displayed" library="MansionGlobalPreferenceCenterPage">
<kw name="Page Should Contain" library="SeleniumLibrary">
<arg>Barron's</arg>
<doc>Verifies that current page contains ``text``.</doc>
<msg timestamp="20241121 22:17:52.234" level="INFO">Current page contains text 'Barron's'.</msg>
<status status="PASS" starttime="20241121 22:17:51.142" endtime="20241121 22:17:52.234"/>
</kw>
<kw name="Page Should Contain" library="SeleniumLibrary">
<arg>FN London</arg>
<doc>Verifies that current page contains ``text``.</doc>
<msg timestamp="20241121 22:17:53.352" level="INFO">Current page contains text 'FN London'.</msg>
<status status="PASS" starttime="20241121 22:17:52.234" endtime="20241121 22:17:53.352"/>
</kw>
<kw name="Page Should Contain" library="SeleniumLibrary">
<arg>Mansion Global</arg>
<doc>Verifies that current page contains ``text``.</doc>
<msg timestamp="20241121 22:17:54.462" level="INFO">Current page contains text 'Mansion Global'.</msg>
<status status="PASS" starttime="20241121 22:17:53.352" endtime="20241121 22:17:54.462"/>
</kw>
<kw name="Page Should Contain" library="SeleniumLibrary">
<arg>MarketWatch</arg>
<doc>Verifies that current page contains ``text``.</doc>
<msg timestamp="20241121 22:17:55.572" level="INFO">Current page contains text 'MarketWatch'.</msg>
<status status="PASS" starttime="20241121 22:17:54.462" endtime="20241121 22:17:55.572"/>
</kw>
<kw name="Page Should Contain" library="SeleniumLibrary">
<arg>PE News</arg>
<doc>Verifies that current page contains ``text``.</doc>
<msg timestamp="20241121 22:17:56.683" level="INFO">Current page contains text 'PE News'.</msg>
<status status="PASS" starttime="20241121 22:17:55.572" endtime="20241121 22:17:56.683"/>
</kw>
<kw name="Page Should Contain" library="SeleniumLibrary">
<arg>WSJ</arg>
<doc>Verifies that current page contains ``text``.</doc>
<msg timestamp="20241121 22:17:57.771" level="INFO">Current page contains text 'WSJ'.</msg>
<status status="PASS" starttime="20241121 22:17:56.683" endtime="20241121 22:17:57.771"/>
</kw>
<kw name="Page Should Contain" library="SeleniumLibrary">
<arg>View All</arg>
<doc>Verifies that current page contains ``text``.</doc>
<msg timestamp="20241121 22:17:58.875" level="INFO">Current page contains text 'View All'.</msg>
<status status="PASS" starttime="20241121 22:17:57.771" endtime="20241121 22:17:58.875"/>
</kw>
<status status="PASS" starttime="20241121 22:17:51.142" endtime="20241121 22:17:58.875"/>
</kw>
<kw name="Validate Author On All Tab" library="MansionGlobalPreferenceCenterPage">
<kw name="Reload Page" library="SeleniumLibrary">
<doc>Simulates user reloading page.</doc>
<status status="PASS" starttime="20241121 22:17:58.877" endtime="20241121 22:18:01.589"/>
</kw>
<kw name="Set Selenium Speed" library="SeleniumLibrary">
<arg>3 seconds</arg>
<doc>Sets the delay that is waited after each Selenium command.</doc>
<status status="PASS" starttime="20241121 22:18:01.589" endtime="20241121 22:18:01.590"/>
</kw>
<kw name="Wait Until Element Is Visible" library="SeleniumLibrary">
<arg>//*[@id="root"]/div/div/div/div[2]/div/ul/li[7]</arg>
<doc>Waits until the element ``locator`` is visible.</doc>
<status status="PASS" starttime="20241121 22:18:01.590" endtime="20241121 22:18:07.743"/>
</kw>
<kw name="Click Element" library="SeleniumLibrary">
<arg>//*[@id="root"]/div/div/div/div[2]/div/ul/li[7]</arg>
<doc>Click the element identified by ``locator``.</doc>
<msg timestamp="20241121 22:18:07.744" level="INFO">Clicking element '//*[@id="root"]/div/div/div/div[2]/div/ul/li[7]'.</msg>
<status status="PASS" starttime="20241121 22:18:07.743" endtime="20241121 22:18:14.307"/>
</kw>
<kw name="Page Should Contain" library="SeleniumLibrary">
<arg>Mariana Nuñez</arg>
<doc>Verifies that current page contains ``text``.</doc>
<msg timestamp="20241121 22:18:20.496" level="INFO">Current page contains text 'Mariana Nuñez'.</msg>
<status status="PASS" starttime="20241121 22:18:14.307" endtime="20241121 22:18:20.496"/>
</kw>
<status status="PASS" starttime="20241121 22:17:58.875" endtime="20241121 22:18:20.496"/>
</kw>
<kw name="Add Company By Hotlink" library="MansionGlobalPreferenceCenterPage">
<if>
<branch type="IF" condition="&quot;${Env}&quot; == &quot;prod&quot;">
<kw name="Go To" library="SeleniumLibrary">
<arg>https://www.mansionglobal.com/follow?alert=company&amp;fcode=AMZCOM</arg>
<doc>Navigates the current browser window to the provided ``url``.</doc>
<status status="NOT RUN" starttime="20241121 22:18:20.497" endtime="20241121 22:18:20.498"/>
</kw>
<status status="NOT RUN" starttime="20241121 22:18:20.497" endtime="20241121 22:18:20.498"/>
</branch>
<branch type="ELSE IF" condition="&quot;${Env}&quot; == &quot;dev&quot;">
<kw name="Go To" library="SeleniumLibrary">
<arg>https://www.s.dev.mansionglobal.com/follow?alert=company&amp;fcode=AMZCOM</arg>
<doc>Navigates the current browser window to the provided ``url``.</doc>
<msg timestamp="20241121 22:18:20.499" level="INFO">Opening url 'https://www.s.dev.mansionglobal.com/follow?alert=company&amp;fcode=AMZCOM'</msg>
<status status="PASS" starttime="20241121 22:18:20.498" endtime="20241121 22:18:25.050"/>
</kw>
<status status="PASS" starttime="20241121 22:18:20.498" endtime="20241121 22:18:25.050"/>
</branch>
<status status="PASS" starttime="20241121 22:18:20.497" endtime="20241121 22:18:25.050"/>
</if>
<status status="PASS" starttime="20241121 22:18:20.496" endtime="20241121 22:18:25.050"/>
</kw>
<kw name="Validate Followed Companies" library="MansionGlobalPreferenceCenterPage">
<kw name="Page Should Contain" library="SeleniumLibrary">
<arg>Companies</arg>
<doc>Verifies that current page contains ``text``.</doc>
<msg timestamp="20241121 22:18:31.199" level="INFO">Current page contains text 'Companies'.</msg>
<status status="PASS" starttime="20241121 22:18:25.051" endtime="20241121 22:18:31.199"/>
</kw>
<status status="PASS" starttime="20241121 22:18:25.050" endtime="20241121 22:18:31.199"/>
</kw>
<kw name="Click Following Toggle Alert Pop up" library="MansionGlobalPreferenceCenterPage">
<kw name="Click Button" library="SeleniumLibrary">
<arg>//*[@id="root"]/div/div/div/div[3]/div/div/button</arg>
<doc>Clicks the button identified by ``locator``.</doc>
<msg timestamp="20241121 22:18:31.201" level="INFO">Clicking button '//*[@id="root"]/div/div/div/div[3]/div/div/button'.</msg>
<msg timestamp="20241121 22:20:40.963" level="INFO" html="true">&lt;/td&gt;&lt;/tr&gt;&lt;tr&gt;&lt;td colspan="3"&gt;&lt;a href="selenium-screenshot-1.png"&gt;&lt;img src="selenium-screenshot-1.png" width="800px"&gt;&lt;/a&gt;</msg>
<msg timestamp="20241121 22:20:40.963" level="FAIL">Button with locator '//*[@id="root"]/div/div/div/div[3]/div/div/button' not found.</msg>
<status status="FAIL" starttime="20241121 22:18:31.200" endtime="20241121 22:20:40.967"/>
</kw>
<status status="FAIL" starttime="20241121 22:18:31.199" endtime="20241121 22:20:40.967"/>
</kw>
<kw name="Validate Company On All Tab" library="MansionGlobalPreferenceCenterPage">
<status status="NOT RUN" starttime="20241121 22:20:40.968" endtime="20241121 22:20:40.968"/>
</kw>
<kw name="Click Mansion Global tab" library="MansionGlobalPreferenceCenterPage">
<status status="NOT RUN" starttime="20241121 22:20:40.968" endtime="20241121 22:20:40.968"/>
</kw>
<kw name="Validate Company Toggle Feature" library="MansionGlobalPreferenceCenterPage">
<status status="NOT RUN" starttime="20241121 22:20:40.968" endtime="20241121 22:20:40.969"/>
</kw>
<kw name="Click Company Toggle Feature" library="MansionGlobalPreferenceCenterPage">
<status status="NOT RUN" starttime="20241121 22:20:40.969" endtime="20241121 22:20:40.969"/>
</kw>
<kw name="Set Selenium Speed" library="SeleniumLibrary">
<arg>0.1 seconds</arg>
<doc>Sets the delay that is waited after each Selenium command.</doc>
<status status="NOT RUN" starttime="20241121 22:20:40.969" endtime="20241121 22:20:40.969"/>
</kw>
<kw name="Validate Following Toggle Alert Pop up" library="MansionGlobalPreferenceCenterPage">
<status status="NOT RUN" starttime="20241121 22:20:40.970" endtime="20241121 22:20:40.970"/>
</kw>
<kw name="Click Following Toggle Alert Pop up" library="MansionGlobalPreferenceCenterPage">
<status status="NOT RUN" starttime="20241121 22:20:40.970" endtime="20241121 22:20:40.970"/>
</kw>
<error>
<value>END</value>
<status status="NOT RUN" starttime="20241121 22:20:40.970" endtime="20241121 22:20:40.971"/>
</error>
<kw name="Finish Testcase" library="CommonFunctionality" type="TEARDOWN">
<kw name="Close Browser" library="SeleniumLibrary">
<doc>Closes the current browser.</doc>
<status status="PASS" starttime="20241121 22:20:40.972" endtime="20241121 22:20:40.973"/>
</kw>
<status status="PASS" starttime="20241121 22:20:40.971" endtime="20241121 22:20:40.973"/>
</kw>
<doc>This test case validates the Mansion Global preference center page</doc>
<tag>MansionGlobal</tag>
<tag>MG</tag>
<tag>PrefrenceCenter</tag>
<tag>Regression</tag>
<status status="FAIL" starttime="20241121 22:15:59.660" endtime="20241121 22:20:40.973">Button with locator '//*[@id="root"]/div/div/div/div[3]/div/div/button' not found.</status>
</test>
<test id="s1-s1-s1-s1-s1-s1-t2" name="Validate Authors for Mansion Global Article page without byline" line="51">
<kw name="Start Mansion Global Article" library="CommonFunctionality" type="SETUP">
<kw name="Set Selenium Speed" library="SeleniumLibrary">
<arg>0.5 seconds</arg>
<doc>Sets the delay that is waited after each Selenium command.</doc>
<status status="PASS" starttime="20241121 22:20:53.877" endtime="20241121 22:20:53.877"/>
</kw>
<kw name="Set Browser Options" library="CommonFunctionality">
<var>${options}</var>
<if>
<branch type="IF" condition="&quot;${Browser}&quot; == &quot;firefox&quot;">
<kw name="Evaluate" library="BuiltIn">
<var>${options}</var>
<arg>selenium.webdriver.FirefoxOptions()</arg>
<doc>Evaluates the given expression in Python and returns the result.</doc>
<status status="NOT RUN" starttime="20241121 22:20:53.879" endtime="20241121 22:20:53.880"/>
</kw>
<kw name="Call Method" library="BuiltIn">
<arg>${options}</arg>
<arg>add_argument</arg>
<arg>--CreateProfile</arg>
<doc>Calls the named method of the given object with the provided arguments.</doc>
<status status="NOT RUN" starttime="20241121 22:20:53.880" endtime="20241121 22:20:53.880"/>
</kw>
<kw name="Call Method" library="BuiltIn">
<arg>${options}</arg>
<arg>add_argument</arg>
<arg>--start-maximized</arg>
<doc>Calls the named method of the given object with the provided arguments.</doc>
<status status="NOT RUN" starttime="20241121 22:20:53.880" endtime="20241121 22:20:53.881"/>
</kw>
<kw name="Call Method" library="BuiltIn">
<arg>${options}</arg>
<arg>add_argument</arg>
<arg>--disable-dev-shm-usage</arg>
<doc>Calls the named method of the given object with the provided arguments.</doc>
<status status="NOT RUN" starttime="20241121 22:20:53.881" endtime="20241121 22:20:53.881"/>
</kw>
<kw name="Call Method" library="BuiltIn">
<arg>${options}</arg>
<arg>add_argument</arg>
<arg>--no-sandbox</arg>
<doc>Calls the named method of the given object with the provided arguments.</doc>
<status status="NOT RUN" starttime="20241121 22:20:53.881" endtime="20241121 22:20:53.881"/>
</kw>
<kw name="Call Method" library="BuiltIn">
<arg>${options}</arg>
<arg>add_argument</arg>
<arg>--disable-gpu</arg>
<doc>Calls the named method of the given object with the provided arguments.</doc>
<status status="NOT RUN" starttime="20241121 22:20:53.881" endtime="20241121 22:20:53.882"/>
</kw>
<kw name="Call Method" library="BuiltIn">
<arg>${options}</arg>
<arg>add_argument</arg>
<arg>--headless</arg>
<doc>Calls the named method of the given object with the provided arguments.</doc>
<status status="NOT RUN" starttime="20241121 22:20:53.882" endtime="20241121 22:20:53.882"/>
</kw>
<kw name="Call Method" library="BuiltIn">
<arg>${options}</arg>
<arg>add_argument</arg>
<arg>--devtools.debugger.force-local</arg>
<doc>Calls the named method of the given object with the provided arguments.</doc>
<status status="NOT RUN" starttime="20241121 22:20:53.882" endtime="20241121 22:20:53.882"/>
</kw>
<kw name="Call Method" library="BuiltIn">
<arg>${options}</arg>
<arg>add_argument</arg>
<arg>--devtools.debugger.remote-enabled</arg>
<doc>Calls the named method of the given object with the provided arguments.</doc>
<status status="NOT RUN" starttime="20241121 22:20:53.882" endtime="20241121 22:20:53.882"/>
</kw>
<kw name="Call Method" library="BuiltIn">
<arg>${options}</arg>
<arg>add_argument</arg>
<arg>--devtools.chrome.enabled</arg>
<doc>Calls the named method of the given object with the provided arguments.</doc>
<status status="NOT RUN" starttime="20241121 22:20:53.883" endtime="20241121 22:20:53.883"/>
</kw>
<kw name="Call Method" library="BuiltIn">
<arg>${options}</arg>
<arg>add_argument</arg>
<arg>--devtools.debugger.prompt-connection</arg>
<doc>Calls the named method of the given object with the provided arguments.</doc>
<status status="NOT RUN" starttime="20241121 22:20:53.883" endtime="20241121 22:20:53.883"/>
</kw>
<kw name="Call Method" library="BuiltIn">
<arg>${options}</arg>
<arg>add_argument</arg>
<arg>--browser.dom.window.dump.enabled</arg>
<doc>Calls the named method of the given object with the provided arguments.</doc>
<status status="NOT RUN" starttime="20241121 22:20:53.883" endtime="20241121 22:20:53.883"/>
</kw>
<return>
<value>${options}</value>
<status status="NOT RUN" starttime="20241121 22:20:53.883" endtime="20241121 22:20:53.883"/>
</return>
<status status="NOT RUN" starttime="20241121 22:20:53.878" endtime="20241121 22:20:53.883"/>
</branch>
<branch type="ELSE IF" condition="&quot;${Browser}&quot; == &quot;chrome&quot;">
<kw name="Evaluate" library="BuiltIn">
<var>${options}</var>
<arg>selenium.webdriver.ChromeOptions()</arg>
<doc>Evaluates the given expression in Python and returns the result.</doc>
<status status="NOT RUN" starttime="20241121 22:20:53.884" endtime="20241121 22:20:53.884"/>
</kw>
<kw name="Call Method" library="BuiltIn">
<arg>${options}</arg>
<arg>add_argument</arg>
<arg>--start-maximized</arg>
<doc>Calls the named method of the given object with the provided arguments.</doc>
<status status="NOT RUN" starttime="20241121 22:20:53.884" endtime="20241121 22:20:53.884"/>
</kw>
<kw name="Call Method" library="BuiltIn">
<arg>${options}</arg>
<arg>add_argument</arg>
<arg>--disable-dev-shm-usage</arg>
<doc>Calls the named method of the given object with the provided arguments.</doc>
<status status="NOT RUN" starttime="20241121 22:20:53.884" endtime="20241121 22:20:53.884"/>
</kw>
<kw name="Call Method" library="BuiltIn">
<arg>${options}</arg>
<arg>add_argument</arg>
<arg>--no-sandbox</arg>
<doc>Calls the named method of the given object with the provided arguments.</doc>
<status status="NOT RUN" starttime="20241121 22:20:53.884" endtime="20241121 22:20:53.884"/>
</kw>
<kw name="Call Method" library="BuiltIn">
<arg>${options}</arg>
<arg>add_argument</arg>
<arg>--headless</arg>
<doc>Calls the named method of the given object with the provided arguments.</doc>
<status status="NOT RUN" starttime="20241121 22:20:53.884" endtime="20241121 22:20:53.885"/>
</kw>
<kw name="Call Method" library="BuiltIn">
<arg>${options}</arg>
<arg>add_argument</arg>
<arg>--disable-gpu</arg>
<doc>Calls the named method of the given object with the provided arguments.</doc>
<status status="NOT RUN" starttime="20241121 22:20:53.885" endtime="20241121 22:20:53.885"/>
</kw>
<kw name="Call Method" library="BuiltIn">
<arg>${options}</arg>
<arg>add_argument</arg>
<arg>--ignore-certificate-errors</arg>
<doc>Calls the named method of the given object with the provided arguments.</doc>
<status status="NOT RUN" starttime="20241121 22:20:53.885" endtime="20241121 22:20:53.885"/>
</kw>
<kw name="Call Method" library="BuiltIn">
<arg>${options}</arg>
<arg>add_argument</arg>
<arg>--disable-extensions</arg>
<doc>Calls the named method of the given object with the provided arguments.</doc>
<status status="NOT RUN" starttime="20241121 22:20:53.885" endtime="20241121 22:20:53.885"/>
</kw>
<kw name="Call Method" library="BuiltIn">
<arg>${options}</arg>
<arg>add_argument</arg>
<arg>--no-user-gesture-required</arg>
<doc>Calls the named method of the given object with the provided arguments.</doc>
<status status="NOT RUN" starttime="20241121 22:20:53.886" endtime="20241121 22:20:53.886"/>
</kw>
<kw name="Call Method" library="BuiltIn">
<arg>${options}</arg>
<arg>add_argument</arg>
<arg>--no-first-run</arg>
<doc>Calls the named method of the given object with the provided arguments.</doc>
<status status="NOT RUN" starttime="20241121 22:20:53.886" endtime="20241121 22:20:53.887"/>
</kw>
<kw name="Call Method" library="BuiltIn">
<arg>${options}</arg>
<arg>add_argument</arg>
<arg>--use-fake-ui-for-media-stream</arg>
<doc>Calls the named method of the given object with the provided arguments.</doc>
<status status="NOT RUN" starttime="20241121 22:20:53.887" endtime="20241121 22:20:53.887"/>
</kw>
<kw name="Call Method" library="BuiltIn">
<arg>${options}</arg>
<arg>add_argument</arg>
<arg>--use-fake-device-for-media-stream</arg>
<doc>Calls the named method of the given object with the provided arguments.</doc>
<status status="NOT RUN" starttime="20241121 22:20:53.887" endtime="20241121 22:20:53.887"/>
</kw>
<kw name="Call Method" library="BuiltIn">
<arg>${options}</arg>
<arg>add_argument</arg>
<arg>--disable-sync</arg>
<doc>Calls the named method of the given object with the provided arguments.</doc>
<status status="NOT RUN" starttime="20241121 22:20:53.887" endtime="20241121 22:20:53.887"/>
</kw>
<return>
<value>${options}</value>
<status status="NOT RUN" starttime="20241121 22:20:53.887" endtime="20241121 22:20:53.887"/>
</return>
<status status="NOT RUN" starttime="20241121 22:20:53.884" endtime="20241121 22:20:53.887"/>
</branch>
<status status="PASS" starttime="20241121 22:20:53.878" endtime="20241121 22:20:53.888"/>
</if>
<msg timestamp="20241121 22:20:53.888" level="INFO">${options} = None</msg>
<status status="PASS" starttime="20241121 22:20:53.877" endtime="20241121 22:20:53.888"/>
</kw>
<if>
<branch type="IF" condition="&quot;${Env}&quot; == &quot;prod&quot;">
<kw name="Open Browser" library="SeleniumLibrary">
<arg>https://www.mansionglobal.com</arg>
<arg>${Browser}</arg>
<arg>options=${options}</arg>
<doc>Opens a new browser instance to the optional ``url``.</doc>
<status status="NOT RUN" starttime="20241121 22:20:53.888" endtime="20241121 22:20:53.888"/>
</kw>
<kw name="Go To" library="SeleniumLibrary">
<arg>https://www.mansionglobal.com/articles/are-there-tax-breaks-on-agricultural-land-in-pennsylvania-01648119848</arg>
<doc>Navigates the current browser window to the provided ``url``.</doc>
<status status="NOT RUN" starttime="20241121 22:20:53.889" endtime="20241121 22:20:53.889"/>
</kw>
<status status="NOT RUN" starttime="20241121 22:20:53.888" endtime="20241121 22:20:53.889"/>
</branch>
<branch type="ELSE IF" condition="&quot;${Env}&quot; == &quot;dev&quot;">
<kw name="Open Browser" library="SeleniumLibrary">
<arg>https://www.s.dev.mansionglobal.com</arg>
<arg>${Browser}</arg>
<arg>options=${options}</arg>
<doc>Opens a new browser instance to the optional ``url``.</doc>
<msg timestamp="20241121 22:20:53.889" level="INFO">Opening browser 'ff' to base url 'https://www.s.dev.mansionglobal.com'.</msg>
<msg timestamp="20241121 22:20:54.873" level="INFO">Completed setup!</msg>
<status status="PASS" starttime="20241121 22:20:53.889" endtime="20241121 22:21:11.765"/>
</kw>
<kw name="Go To" library="SeleniumLibrary">
<arg>https://www.s.dev.mansionglobal.com/articles/article-long-text-01643043212</arg>
<doc>Navigates the current browser window to the provided ``url``.</doc>
<msg timestamp="20241121 22:21:11.766" level="INFO">Opening url 'https://www.s.dev.mansionglobal.com/articles/article-long-text-01643043212'</msg>
<status status="PASS" starttime="20241121 22:21:11.765" endtime="20241121 22:21:20.139"/>
</kw>
<status status="PASS" starttime="20241121 22:20:53.889" endtime="20241121 22:21:20.139"/>
</branch>
<status status="PASS" starttime="20241121 22:20:53.888" endtime="20241121 22:21:20.140"/>
</if>
<kw name="Wait Until Page Contains Element" library="SeleniumLibrary">
<arg>dom:${JSFollowButtonMGPath}</arg>
<doc>Waits until the element ``locator`` appears on the current page.</doc>
<status status="PASS" starttime="20241121 22:21:20.140" endtime="20241121 22:21:20.730"/>
</kw>
<kw name="Maximize Browser Window" library="SeleniumLibrary">
<doc>Maximizes current browser window.</doc>
<status status="PASS" starttime="20241121 22:21:20.730" endtime="20241121 22:21:22.125"/>
</kw>
<status status="PASS" starttime="20241121 22:20:53.875" endtime="20241121 22:21:22.125"/>
</kw>
<kw name="Start Mansion Global Article without byline" library="CommonFunctionality">
<kw name="Set Selenium Speed" library="SeleniumLibrary">
<arg>0.5 seconds</arg>
<doc>Sets the delay that is waited after each Selenium command.</doc>
<status status="PASS" starttime="20241121 22:21:22.126" endtime="20241121 22:21:22.126"/>
</kw>
<kw name="Set Browser Options" library="CommonFunctionality">
<var>${options}</var>
<if>
<branch type="IF" condition="&quot;${Browser}&quot; == &quot;firefox&quot;">
<kw name="Evaluate" library="BuiltIn">
<var>${options}</var>
<arg>selenium.webdriver.FirefoxOptions()</arg>
<doc>Evaluates the given expression in Python and returns the result.</doc>
<status status="NOT RUN" starttime="20241121 22:21:22.127" endtime="20241121 22:21:22.127"/>
</kw>
<kw name="Call Method" library="BuiltIn">
<arg>${options}</arg>
<arg>add_argument</arg>
<arg>--CreateProfile</arg>
<doc>Calls the named method of the given object with the provided arguments.</doc>
<status status="NOT RUN" starttime="20241121 22:21:22.127" endtime="20241121 22:21:22.127"/>
</kw>
<kw name="Call Method" library="BuiltIn">
<arg>${options}</arg>
<arg>add_argument</arg>
<arg>--start-maximized</arg>
<doc>Calls the named method of the given object with the provided arguments.</doc>
<status status="NOT RUN" starttime="20241121 22:21:22.127" endtime="20241121 22:21:22.128"/>
</kw>
<kw name="Call Method" library="BuiltIn">
<arg>${options}</arg>
<arg>add_argument</arg>
<arg>--disable-dev-shm-usage</arg>
<doc>Calls the named method of the given object with the provided arguments.</doc>
<status status="NOT RUN" starttime="20241121 22:21:22.128" endtime="20241121 22:21:22.128"/>
</kw>
<kw name="Call Method" library="BuiltIn">
<arg>${options}</arg>
<arg>add_argument</arg>
<arg>--no-sandbox</arg>
<doc>Calls the named method of the given object with the provided arguments.</doc>
<status status="NOT RUN" starttime="20241121 22:21:22.128" endtime="20241121 22:21:22.128"/>
</kw>
<kw name="Call Method" library="BuiltIn">
<arg>${options}</arg>
<arg>add_argument</arg>
<arg>--disable-gpu</arg>
<doc>Calls the named method of the given object with the provided arguments.</doc>
<status status="NOT RUN" starttime="20241121 22:21:22.128" endtime="20241121 22:21:22.130"/>
</kw>
<kw name="Call Method" library="BuiltIn">
<arg>${options}</arg>
<arg>add_argument</arg>
<arg>--headless</arg>
<doc>Calls the named method of the given object with the provided arguments.</doc>
<status status="NOT RUN" starttime="20241121 22:21:22.130" endtime="20241121 22:21:22.130"/>
</kw>
<kw name="Call Method" library="BuiltIn">
<arg>${options}</arg>
<arg>add_argument</arg>
<arg>--devtools.debugger.force-local</arg>
<doc>Calls the named method of the given object with the provided arguments.</doc>
<status status="NOT RUN" starttime="20241121 22:21:22.130" endtime="20241121 22:21:22.130"/>
</kw>
<kw name="Call Method" library="BuiltIn">
<arg>${options}</arg>
<arg>add_argument</arg>
<arg>--devtools.debugger.remote-enabled</arg>
<doc>Calls the named method of the given object with the provided arguments.</doc>
<status status="NOT RUN" starttime="20241121 22:21:22.130" endtime="20241121 22:21:22.130"/>
</kw>
<kw name="Call Method" library="BuiltIn">
<arg>${options}</arg>
<arg>add_argument</arg>
<arg>--devtools.chrome.enabled</arg>
<doc>Calls the named method of the given object with the provided arguments.</doc>
<status status="NOT RUN" starttime="20241121 22:21:22.130" endtime="20241121 22:21:22.131"/>
</kw>
<kw name="Call Method" library="BuiltIn">
<arg>${options}</arg>
<arg>add_argument</arg>
<arg>--devtools.debugger.prompt-connection</arg>
<doc>Calls the named method of the given object with the provided arguments.</doc>
<status status="NOT RUN" starttime="20241121 22:21:22.131" endtime="20241121 22:21:22.131"/>
</kw>
<kw name="Call Method" library="BuiltIn">
<arg>${options}</arg>
<arg>add_argument</arg>
<arg>--browser.dom.window.dump.enabled</arg>
<doc>Calls the named method of the given object with the provided arguments.</doc>
<status status="NOT RUN" starttime="20241121 22:21:22.131" endtime="20241121 22:21:22.131"/>
</kw>
<return>
<value>${options}</value>
<status status="NOT RUN" starttime="20241121 22:21:22.131" endtime="20241121 22:21:22.131"/>
</return>
<status status="NOT RUN" starttime="20241121 22:21:22.127" endtime="20241121 22:21:22.131"/>
</branch>
<branch type="ELSE IF" condition="&quot;${Browser}&quot; == &quot;chrome&quot;">
<kw name="Evaluate" library="BuiltIn">
<var>${options}</var>
<arg>selenium.webdriver.ChromeOptions()</arg>
<doc>Evaluates the given expression in Python and returns the result.</doc>
<status status="NOT RUN" starttime="20241121 22:21:22.132" endtime="20241121 22:21:22.132"/>
</kw>
<kw name="Call Method" library="BuiltIn">
<arg>${options}</arg>
<arg>add_argument</arg>
<arg>--start-maximized</arg>
<doc>Calls the named method of the given object with the provided arguments.</doc>
<status status="NOT RUN" starttime="20241121 22:21:22.132" endtime="20241121 22:21:22.132"/>
</kw>
<kw name="Call Method" library="BuiltIn">
<arg>${options}</arg>
<arg>add_argument</arg>
<arg>--disable-dev-shm-usage</arg>
<doc>Calls the named method of the given object with the provided arguments.</doc>
<status status="NOT RUN" starttime="20241121 22:21:22.132" endtime="20241121 22:21:22.132"/>
</kw>
<kw name="Call Method" library="BuiltIn">
<arg>${options}</arg>
<arg>add_argument</arg>
<arg>--no-sandbox</arg>
<doc>Calls the named method of the given object with the provided arguments.</doc>
<status status="NOT RUN" starttime="20241121 22:21:22.132" endtime="20241121 22:21:22.133"/>
</kw>
<kw name="Call Method" library="BuiltIn">
<arg>${options}</arg>
<arg>add_argument</arg>
<arg>--headless</arg>
<doc>Calls the named method of the given object with the provided arguments.</doc>
<status status="NOT RUN" starttime="20241121 22:21:22.133" endtime="20241121 22:21:22.133"/>
</kw>
<kw name="Call Method" library="BuiltIn">
<arg>${options}</arg>
<arg>add_argument</arg>
<arg>--disable-gpu</arg>
<doc>Calls the named method of the given object with the provided arguments.</doc>
<status status="NOT RUN" starttime="20241121 22:21:22.133" endtime="20241121 22:21:22.133"/>
</kw>
<kw name="Call Method" library="BuiltIn">
<arg>${options}</arg>
<arg>add_argument</arg>
<arg>--ignore-certificate-errors</arg>
<doc>Calls the named method of the given object with the provided arguments.</doc>
<status status="NOT RUN" starttime="20241121 22:21:22.133" endtime="20241121 22:21:22.133"/>
</kw>
<kw name="Call Method" library="BuiltIn">
<arg>${options}</arg>
<arg>add_argument</arg>
<arg>--disable-extensions</arg>
<doc>Calls the named method of the given object with the provided arguments.</doc>
<status status="NOT RUN" starttime="20241121 22:21:22.133" endtime="20241121 22:21:22.134"/>
</kw>
<kw name="Call Method" library="BuiltIn">
<arg>${options}</arg>
<arg>add_argument</arg>
<arg>--no-user-gesture-required</arg>
<doc>Calls the named method of the given object with the provided arguments.</doc>
<status status="NOT RUN" starttime="20241121 22:21:22.134" endtime="20241121 22:21:22.134"/>
</kw>
<kw name="Call Method" library="BuiltIn">
<arg>${options}</arg>
<arg>add_argument</arg>
<arg>--no-first-run</arg>
<doc>Calls the named method of the given object with the provided arguments.</doc>
<status status="NOT RUN" starttime="20241121 22:21:22.134" endtime="20241121 22:21:22.134"/>
</kw>
<kw name="Call Method" library="BuiltIn">
<arg>${options}</arg>
<arg>add_argument</arg>
<arg>--use-fake-ui-for-media-stream</arg>
<doc>Calls the named method of the given object with the provided arguments.</doc>
<status status="NOT RUN" starttime="20241121 22:21:22.134" endtime="20241121 22:21:22.134"/>
</kw>
<kw name="Call Method" library="BuiltIn">
<arg>${options}</arg>
<arg>add_argument</arg>
<arg>--use-fake-device-for-media-stream</arg>
<doc>Calls the named method of the given object with the provided arguments.</doc>
<status status="NOT RUN" starttime="20241121 22:21:22.134" endtime="20241121 22:21:22.134"/>
</kw>
<kw name="Call Method" library="BuiltIn">
<arg>${options}</arg>
<arg>add_argument</arg>
<arg>--disable-sync</arg>
<doc>Calls the named method of the given object with the provided arguments.</doc>
<status status="NOT RUN" starttime="20241121 22:21:22.135" endtime="20241121 22:21:22.135"/>
</kw>
<return>
<value>${options}</value>
<status status="NOT RUN" starttime="20241121 22:21:22.135" endtime="20241121 22:21:22.135"/>
</return>
<status status="NOT RUN" starttime="20241121 22:21:22.131" endtime="20241121 22:21:22.135"/>
</branch>
<status status="PASS" starttime="20241121 22:21:22.127" endtime="20241121 22:21:22.135"/>
</if>
<msg timestamp="20241121 22:21:22.136" level="INFO">${options} = None</msg>
<status status="PASS" starttime="20241121 22:21:22.126" endtime="20241121 22:21:22.136"/>
</kw>
<if>
<branch type="IF" condition="&quot;${Env}&quot; == &quot;prod&quot;">
<kw name="Open Browser" library="SeleniumLibrary">
<arg>https://www.mansionglobal.com</arg>
<arg>${Browser}</arg>
<arg>options=${options}</arg>
<doc>Opens a new browser instance to the optional ``url``.</doc>
<status status="NOT RUN" starttime="20241121 22:21:22.137" endtime="20241121 22:21:22.137"/>
</kw>
<kw name="Go To" library="SeleniumLibrary">
<arg>https://www.mansionglobal.com/articles/what-property-tax-changes-are-in-store-for-luxury-home-owners-in-edmonton-canada-e0d92933</arg>
<doc>Navigates the current browser window to the provided ``url``.</doc>
<status status="NOT RUN" starttime="20241121 22:21:22.137" endtime="20241121 22:21:22.137"/>
</kw>
<status status="NOT RUN" starttime="20241121 22:21:22.136" endtime="20241121 22:21:22.137"/>
</branch>
<branch type="ELSE IF" condition="&quot;${Env}&quot; == &quot;dev&quot;">
<kw name="Open Browser" library="SeleniumLibrary">
<arg>https://www.s.dev.mansionglobal.com</arg>
<arg>${Browser}</arg>
<arg>options=${options}</arg>
<doc>Opens a new browser instance to the optional ``url``.</doc>
<msg timestamp="20241121 22:21:22.139" level="INFO">Opening browser 'ff' to base url 'https://www.s.dev.mansionglobal.com'.</msg>
<msg timestamp="20241121 22:21:23.079" level="INFO">Completed setup!</msg>
<status status="PASS" starttime="20241121 22:21:22.138" endtime="20241121 22:21:39.297"/>
</kw>
<kw name="Go To" library="SeleniumLibrary">
<arg>https://www.s.dev.mansionglobal.com/articles/article-long-text-01643043212</arg>
<doc>Navigates the current browser window to the provided ``url``.</doc>
<msg timestamp="20241121 22:21:39.298" level="INFO">Opening url 'https://www.s.dev.mansionglobal.com/articles/article-long-text-01643043212'</msg>
<status status="PASS" starttime="20241121 22:21:39.297" endtime="20241121 22:21:49.020"/>
</kw>
<status status="PASS" starttime="20241121 22:21:22.137" endtime="20241121 22:21:49.020"/>
</branch>
<status status="PASS" starttime="20241121 22:21:22.136" endtime="20241121 22:21:49.020"/>
</if>
<kw name="Maximize Browser Window" library="SeleniumLibrary">
<doc>Maximizes current browser window.</doc>
<status status="PASS" starttime="20241121 22:21:49.020" endtime="20241121 22:21:49.878"/>
</kw>
<status status="PASS" starttime="20241121 22:21:22.125" endtime="20241121 22:21:49.878"/>
</kw>
<kw name="Validate author without byline" library="MansionGlobalArticlePage">
<kw name="Page Should Contain Element" library="SeleniumLibrary">
<arg>//div/div/strong[contains(., 'Mariana Nuñez')]</arg>
<doc>Verifies that element ``locator`` is found on the current page.</doc>
<msg timestamp="20241121 22:21:50.455" level="INFO">Current page contains element '//div/div/strong[contains(., 'Mariana Nuñez')]'.</msg>
<status status="PASS" starttime="20241121 22:21:49.879" endtime="20241121 22:21:50.455"/>
</kw>
<status status="PASS" starttime="20241121 22:21:49.878" endtime="20241121 22:21:50.456"/>
</kw>
<kw name="Finish Testcase" library="CommonFunctionality" type="TEARDOWN">
<kw name="Close Browser" library="SeleniumLibrary">
<doc>Closes the current browser.</doc>
<status status="PASS" starttime="20241121 22:21:50.456" endtime="20241121 22:21:50.457"/>
</kw>
<status status="PASS" starttime="20241121 22:21:50.456" endtime="20241121 22:21:50.457"/>
</kw>
<doc>This test case validates authors without byline for Mansion Global article page</doc>
<tag>Article</tag>
<tag>Author</tag>
<tag>Follow1</tag>
<tag>MansionGlobal</tag>
<tag>Regression</tag>
<status status="PASS" starttime="20241121 22:20:53.874" endtime="20241121 22:21:50.457"/>
</test>
<test id="s1-s1-s1-s1-s1-s1-t3" name="Validate the Mansion Global digest notification" line="59">
<kw name="Start Mansion Global Article" library="CommonFunctionality" type="SETUP">
<kw name="Set Selenium Speed" library="SeleniumLibrary">
<arg>0.5 seconds</arg>
<doc>Sets the delay that is waited after each Selenium command.</doc>
<status status="PASS" starttime="20241121 22:21:53.232" endtime="20241121 22:21:53.233"/>
</kw>
<kw name="Set Browser Options" library="CommonFunctionality">
<var>${options}</var>
<if>
<branch type="IF" condition="&quot;${Browser}&quot; == &quot;firefox&quot;">
<kw name="Evaluate" library="BuiltIn">
<var>${options}</var>
<arg>selenium.webdriver.FirefoxOptions()</arg>
<doc>Evaluates the given expression in Python and returns the result.</doc>
<status status="NOT RUN" starttime="20241121 22:21:53.233" endtime="20241121 22:21:53.234"/>
</kw>
<kw name="Call Method" library="BuiltIn">
<arg>${options}</arg>
<arg>add_argument</arg>
<arg>--CreateProfile</arg>
<doc>Calls the named method of the given object with the provided arguments.</doc>
<status status="NOT RUN" starttime="20241121 22:21:53.234" endtime="20241121 22:21:53.234"/>
</kw>
<kw name="Call Method" library="BuiltIn">
<arg>${options}</arg>
<arg>add_argument</arg>
<arg>--start-maximized</arg>
<doc>Calls the named method of the given object with the provided arguments.</doc>
<status status="NOT RUN" starttime="20241121 22:21:53.234" endtime="20241121 22:21:53.234"/>
</kw>
<kw name="Call Method" library="BuiltIn">
<arg>${options}</arg>
<arg>add_argument</arg>
<arg>--disable-dev-shm-usage</arg>
<doc>Calls the named method of the given object with the provided arguments.</doc>
<status status="NOT RUN" starttime="20241121 22:21:53.234" endtime="20241121 22:21:53.234"/>
</kw>
<kw name="Call Method" library="BuiltIn">
<arg>${options}</arg>
<arg>add_argument</arg>
<arg>--no-sandbox</arg>
<doc>Calls the named method of the given object with the provided arguments.</doc>
<status status="NOT RUN" starttime="20241121 22:21:53.234" endtime="20241121 22:21:53.234"/>
</kw>
<kw name="Call Method" library="BuiltIn">
<arg>${options}</arg>
<arg>add_argument</arg>
<arg>--disable-gpu</arg>
<doc>Calls the named method of the given object with the provided arguments.</doc>
<status status="NOT RUN" starttime="20241121 22:21:53.234" endtime="20241121 22:21:53.234"/>
</kw>
<kw name="Call Method" library="BuiltIn">
<arg>${options}</arg>
<arg>add_argument</arg>
<arg>--headless</arg>
<doc>Calls the named method of the given object with the provided arguments.</doc>
<status status="NOT RUN" starttime="20241121 22:21:53.234" endtime="20241121 22:21:53.236"/>
</kw>
<kw name="Call Method" library="BuiltIn">
<arg>${options}</arg>
<arg>add_argument</arg>
<arg>--devtools.debugger.force-local</arg>
<doc>Calls the named method of the given object with the provided arguments.</doc>
<status status="NOT RUN" starttime="20241121 22:21:53.236" endtime="20241121 22:21:53.236"/>
</kw>
<kw name="Call Method" library="BuiltIn">
<arg>${options}</arg>
<arg>add_argument</arg>
<arg>--devtools.debugger.remote-enabled</arg>
<doc>Calls the named method of the given object with the provided arguments.</doc>
<status status="NOT RUN" starttime="20241121 22:21:53.236" endtime="20241121 22:21:53.236"/>
</kw>
<kw name="Call Method" library="BuiltIn">
<arg>${options}</arg>
<arg>add_argument</arg>
<arg>--devtools.chrome.enabled</arg>
<doc>Calls the named method of the given object with the provided arguments.</doc>
<status status="NOT RUN" starttime="20241121 22:21:53.236" endtime="20241121 22:21:53.236"/>
</kw>
<kw name="Call Method" library="BuiltIn">
<arg>${options}</arg>
<arg>add_argument</arg>
<arg>--devtools.debugger.prompt-connection</arg>
<doc>Calls the named method of the given object with the provided arguments.</doc>
<status status="NOT RUN" starttime="20241121 22:21:53.236" endtime="20241121 22:21:53.237"/>
</kw>
<kw name="Call Method" library="BuiltIn">
<arg>${options}</arg>
<arg>add_argument</arg>
<arg>--browser.dom.window.dump.enabled</arg>
<doc>Calls the named method of the given object with the provided arguments.</doc>
<status status="NOT RUN" starttime="20241121 22:21:53.237" endtime="20241121 22:21:53.237"/>
</kw>
<return>
<value>${options}</value>
<status status="NOT RUN" starttime="20241121 22:21:53.237" endtime="20241121 22:21:53.237"/>
</return>
<status status="NOT RUN" starttime="20241121 22:21:53.233" endtime="20241121 22:21:53.237"/>
</branch>
<branch type="ELSE IF" condition="&quot;${Browser}&quot; == &quot;chrome&quot;">
<kw name="Evaluate" library="BuiltIn">
<var>${options}</var>
<arg>selenium.webdriver.ChromeOptions()</arg>
<doc>Evaluates the given expression in Python and returns the result.</doc>
<status status="NOT RUN" starttime="20241121 22:21:53.238" endtime="20241121 22:21:53.238"/>
</kw>
<kw name="Call Method" library="BuiltIn">
<arg>${options}</arg>
<arg>add_argument</arg>
<arg>--start-maximized</arg>
<doc>Calls the named method of the given object with the provided arguments.</doc>
<status status="NOT RUN" starttime="20241121 22:21:53.238" endtime="20241121 22:21:53.238"/>
</kw>
<kw name="Call Method" library="BuiltIn">
<arg>${options}</arg>
<arg>add_argument</arg>
<arg>--disable-dev-shm-usage</arg>
<doc>Calls the named method of the given object with the provided arguments.</doc>
<status status="NOT RUN" starttime="20241121 22:21:53.238" endtime="20241121 22:21:53.238"/>
</kw>
<kw name="Call Method" library="BuiltIn">
<arg>${options}</arg>
<arg>add_argument</arg>
<arg>--no-sandbox</arg>
<doc>Calls the named method of the given object with the provided arguments.</doc>
<status status="NOT RUN" starttime="20241121 22:21:53.238" endtime="20241121 22:21:53.238"/>
</kw>
<kw name="Call Method" library="BuiltIn">
<arg>${options}</arg>
<arg>add_argument</arg>
<arg>--headless</arg>
<doc>Calls the named method of the given object with the provided arguments.</doc>
<status status="NOT RUN" starttime="20241121 22:21:53.238" endtime="20241121 22:21:53.238"/>
</kw>
<kw name="Call Method" library="BuiltIn">
<arg>${options}</arg>
<arg>add_argument</arg>
<arg>--disable-gpu</arg>
<doc>Calls the named method of the given object with the provided arguments.</doc>
<status status="NOT RUN" starttime="20241121 22:21:53.238" endtime="20241121 22:21:53.238"/>
</kw>
<kw name="Call Method" library="BuiltIn">
<arg>${options}</arg>
<arg>add_argument</arg>
<arg>--ignore-certificate-errors</arg>
<doc>Calls the named method of the given object with the provided arguments.</doc>
<status status="NOT RUN" starttime="20241121 22:21:53.238" endtime="20241121 22:21:53.238"/>
</kw>
<kw name="Call Method" library="BuiltIn">
<arg>${options}</arg>
<arg>add_argument</arg>
<arg>--disable-extensions</arg>
<doc>Calls the named method of the given object with the provided arguments.</doc>
<status status="NOT RUN" starttime="20241121 22:21:53.238" endtime="20241121 22:21:53.238"/>
</kw>
<kw name="Call Method" library="BuiltIn">
<arg>${options}</arg>
<arg>add_argument</arg>
<arg>--no-user-gesture-required</arg>
<doc>Calls the named method of the given object with the provided arguments.</doc>
<status status="NOT RUN" starttime="20241121 22:21:53.238" endtime="20241121 22:21:53.238"/>
</kw>
<kw name="Call Method" library="BuiltIn">
<arg>${options}</arg>
<arg>add_argument</arg>
<arg>--no-first-run</arg>
<doc>Calls the named method of the given object with the provided arguments.</doc>
<status status="NOT RUN" starttime="20241121 22:21:53.238" endtime="20241121 22:21:53.238"/>
</kw>
<kw name="Call Method" library="BuiltIn">
<arg>${options}</arg>
<arg>add_argument</arg>
<arg>--use-fake-ui-for-media-stream</arg>
<doc>Calls the named method of the given object with the provided arguments.</doc>
<status status="NOT RUN" starttime="20241121 22:21:53.238" endtime="20241121 22:21:53.238"/>
</kw>
<kw name="Call Method" library="BuiltIn">
<arg>${options}</arg>
<arg>add_argument</arg>
<arg>--use-fake-device-for-media-stream</arg>
<doc>Calls the named method of the given object with the provided arguments.</doc>
<status status="NOT RUN" starttime="20241121 22:21:53.238" endtime="20241121 22:21:53.238"/>
</kw>
<kw name="Call Method" library="BuiltIn">
<arg>${options}</arg>
<arg>add_argument</arg>
<arg>--disable-sync</arg>
<doc>Calls the named method of the given object with the provided arguments.</doc>
<status status="NOT RUN" starttime="20241121 22:21:53.238" endtime="20241121 22:21:53.238"/>
</kw>
<return>
<value>${options}</value>
<status status="NOT RUN" starttime="20241121 22:21:53.238" endtime="20241121 22:21:53.238"/>
</return>
<status status="NOT RUN" starttime="20241121 22:21:53.237" endtime="20241121 22:21:53.238"/>
</branch>
<status status="PASS" starttime="20241121 22:21:53.233" endtime="20241121 22:21:53.238"/>
</if>
<msg timestamp="20241121 22:21:53.238" level="INFO">${options} = None</msg>
<status status="PASS" starttime="20241121 22:21:53.233" endtime="20241121 22:21:53.238"/>
</kw>
<if>
<branch type="IF" condition="&quot;${Env}&quot; == &quot;prod&quot;">
<kw name="Open Browser" library="SeleniumLibrary">
<arg>https://www.mansionglobal.com</arg>
<arg>${Browser}</arg>
<arg>options=${options}</arg>
<doc>Opens a new browser instance to the optional ``url``.</doc>
<status status="NOT RUN" starttime="20241121 22:21:53.243" endtime="20241121 22:21:53.243"/>
</kw>
<kw name="Go To" library="SeleniumLibrary">
<arg>https://www.mansionglobal.com/articles/are-there-tax-breaks-on-agricultural-land-in-pennsylvania-01648119848</arg>
<doc>Navigates the current browser window to the provided ``url``.</doc>
<status status="NOT RUN" starttime="20241121 22:21:53.243" endtime="20241121 22:21:53.243"/>
</kw>
<status status="NOT RUN" starttime="20241121 22:21:53.238" endtime="20241121 22:21:53.243"/>
</branch>
<branch type="ELSE IF" condition="&quot;${Env}&quot; == &quot;dev&quot;">
<kw name="Open Browser" library="SeleniumLibrary">
<arg>https://www.s.dev.mansionglobal.com</arg>
<arg>${Browser}</arg>
<arg>options=${options}</arg>
<doc>Opens a new browser instance to the optional ``url``.</doc>
<msg timestamp="20241121 22:21:53.244" level="INFO">Opening browser 'ff' to base url 'https://www.s.dev.mansionglobal.com'.</msg>
<msg timestamp="20241121 22:21:54.210" level="INFO">Completed setup!</msg>
<status status="PASS" starttime="20241121 22:21:53.243" endtime="20241121 22:22:07.266"/>
</kw>
<kw name="Go To" library="SeleniumLibrary">
<arg>https://www.s.dev.mansionglobal.com/articles/article-long-text-01643043212</arg>
<doc>Navigates the current browser window to the provided ``url``.</doc>
<msg timestamp="20241121 22:22:07.266" level="INFO">Opening url 'https://www.s.dev.mansionglobal.com/articles/article-long-text-01643043212'</msg>
<status status="PASS" starttime="20241121 22:22:07.266" endtime="20241121 22:22:13.996"/>
</kw>
<status status="PASS" starttime="20241121 22:21:53.243" endtime="20241121 22:22:13.996"/>
</branch>
<status status="PASS" starttime="20241121 22:21:53.238" endtime="20241121 22:22:13.996"/>
</if>
<kw name="Wait Until Page Contains Element" library="SeleniumLibrary">
<arg>dom:${JSFollowButtonMGPath}</arg>
<doc>Waits until the element ``locator`` appears on the current page.</doc>
<status status="PASS" starttime="20241121 22:22:13.996" endtime="20241121 22:22:15.796"/>
</kw>
<kw name="Maximize Browser Window" library="SeleniumLibrary">
<doc>Maximizes current browser window.</doc>
<status status="PASS" starttime="20241121 22:22:15.796" endtime="20241121 22:22:17.559"/>
</kw>
<status status="PASS" starttime="20241121 22:21:53.232" endtime="20241121 22:22:17.559"/>
</kw>
<kw name="Navigate Mailbox page" library="MansionGlobalMailboxPage">
<kw name="Go To" library="SeleniumLibrary">
<arg>https://login.live.com/login.srf?wa=wsignin1.0&amp;rpsnv=13&amp;ct=1661294982&amp;rver=7.0.6737.0&amp;wp=MBI_SSL&amp;wreply=https%3a%2f%2foutlook.live.com%2fowa%2f%3fnlp%3d1%26RpsCsrfState%3dfb29a836-86c5-c6e2-eeef-e3747c5e70dd&amp;id=292841&amp;aadredir=1&amp;CBCXT=out&amp;lw=1&amp;fl=dob%2cflname%2cwld&amp;cobrandid=90015</arg>
<doc>Navigates the current browser window to the provided ``url``.</doc>
<msg timestamp="20241121 22:22:17.561" level="INFO">Opening url 'https://login.live.com/login.srf?wa=wsignin1.0&amp;rpsnv=13&amp;ct=1661294982&amp;rver=7.0.6737.0&amp;wp=MBI_SSL&amp;wreply=https%3a%2f%2foutlook.live.com%2fowa%2f%3fnlp%3d1%26RpsCsrfState%3dfb29a836-86c5-c6e2-eeef-e3747c5e70dd&amp;id=292841&amp;aadredir=1&amp;CBCXT=out&amp;lw=1&amp;fl=dob%2cflname%2cwld&amp;cobrandid=90015'</msg>
<status status="PASS" starttime="20241121 22:22:17.560" endtime="20241121 22:22:19.429"/>
</kw>
<status status="PASS" starttime="20241121 22:22:17.560" endtime="20241121 22:22:19.429"/>
</kw>
<kw name="Login" library="MansionGlobalMailboxPage">
<kw name="Wait Until Element Is Visible" library="SeleniumLibrary">
<arg>//*[@id="i0116"]</arg>
<doc>Waits until the element ``locator`` is visible.</doc>
<status status="PASS" starttime="20241121 22:22:19.429" endtime="20241121 22:22:21.110"/>
</kw>
<kw name="Input Text" library="SeleniumLibrary">
<arg>//*[@id="i0116"]</arg>
<arg>qapandaautomation@hotmail.com</arg>
<doc>Types the given ``text`` into the text field identified by ``locator``.</doc>
<msg timestamp="20241121 22:22:21.111" level="INFO">Typing text 'qapandaautomation@hotmail.com' into text field '//*[@id="i0116"]'.</msg>
<status status="PASS" starttime="20241121 22:22:21.110" endtime="20241121 22:22:23.162"/>
</kw>
<kw name="Wait Until Element Is Visible" library="SeleniumLibrary">
<arg>//*[@id="idSIButton9"]</arg>
<doc>Waits until the element ``locator`` is visible.</doc>
<status status="PASS" starttime="20241121 22:22:23.162" endtime="20241121 22:22:24.558"/>
</kw>
<kw name="Click Button" library="SeleniumLibrary">
<arg>//*[@id="idSIButton9"]</arg>
<doc>Clicks the button identified by ``locator``.</doc>
<msg timestamp="20241121 22:22:24.560" level="INFO">Clicking button '//*[@id="idSIButton9"]'.</msg>
<status status="PASS" starttime="20241121 22:22:24.558" endtime="20241121 22:22:27.712"/>
</kw>
<kw name="Wait Until Element Is Visible" library="SeleniumLibrary">
<arg>//*[@id="i0118"]</arg>
<doc>Waits until the element ``locator`` is visible.</doc>
<status status="PASS" starttime="20241121 22:22:27.713" endtime="20241121 22:22:28.950"/>
</kw>
<kw name="Input Text" library="SeleniumLibrary">
<arg>//*[@id="i0118"]</arg>
<arg>Testing.123</arg>
<doc>Types the given ``text`` into the text field identified by ``locator``.</doc>
<msg timestamp="20241121 22:22:28.951" level="INFO">Typing text 'Testing.123' into text field '//*[@id="i0118"]'.</msg>
<status status="PASS" starttime="20241121 22:22:28.950" endtime="20241121 22:22:30.926"/>
</kw>
<kw name="Wait Until Element Is Visible" library="SeleniumLibrary">
<arg>//*[@id="idSIButton9"]</arg>
<doc>Waits until the element ``locator`` is visible.</doc>
<status status="PASS" starttime="20241121 22:22:30.926" endtime="20241121 22:22:32.615"/>
</kw>
<kw name="Click Button" library="SeleniumLibrary">
<arg>//*[@id="idSIButton9"]</arg>
<doc>Clicks the button identified by ``locator``.</doc>
<msg timestamp="20241121 22:22:32.616" level="INFO">Clicking button '//*[@id="idSIButton9"]'.</msg>
<status status="PASS" starttime="20241121 22:22:32.616" endtime="20241121 22:22:37.091"/>
</kw>
<kw name="Wait Until Element Is Visible" library="SeleniumLibrary">
<arg>//*[@id='declineButton']</arg>
<doc>Waits until the element ``locator`` is visible.</doc>
<msg timestamp="20241121 22:23:39.410" level="INFO" html="true">&lt;/td&gt;&lt;/tr&gt;&lt;tr&gt;&lt;td colspan="3"&gt;&lt;a href="selenium-screenshot-2.png"&gt;&lt;img src="selenium-screenshot-2.png" width="800px"&gt;&lt;/a&gt;</msg>
<msg timestamp="20241121 22:23:39.410" level="FAIL">Element '//*[@id='declineButton']' not visible after 5 seconds.</msg>
<status status="FAIL" starttime="20241121 22:22:37.092" endtime="20241121 22:23:39.412"/>
</kw>
<kw name="Click Button" library="SeleniumLibrary">
<arg>//*[@id='declineButton']</arg>
<doc>Clicks the button identified by ``locator``.</doc>
<status status="NOT RUN" starttime="20241121 22:23:39.412" endtime="20241121 22:23:39.412"/>
</kw>
<status status="FAIL" starttime="20241121 22:22:19.429" endtime="20241121 22:23:39.413"/>
</kw>
<kw name="Select Inbox" library="MansionGlobalMailboxPage">
<status status="NOT RUN" starttime="20241121 22:23:39.413" endtime="20241121 22:23:39.413"/>
</kw>
<kw name="Search Your Daily Digest from Mansion Global" library="MansionGlobalMailboxPage">
<status status="NOT RUN" starttime="20241121 22:23:39.413" endtime="20241121 22:23:39.413"/>
</kw>
<kw name="Validate Mansion Global Digest notification" library="MansionGlobalMailboxPage">
<status status="NOT RUN" starttime="20241121 22:23:39.413" endtime="20241121 22:23:39.415"/>
</kw>
<kw name="Finish Testcase" library="CommonFunctionality" type="TEARDOWN">
<kw name="Close Browser" library="SeleniumLibrary">
<doc>Closes the current browser.</doc>
<status status="PASS" starttime="20241121 22:23:39.415" endtime="20241121 22:23:39.416"/>
</kw>
<status status="PASS" starttime="20241121 22:23:39.415" endtime="20241121 22:23:39.416"/>
</kw>
<doc>This test case validates the Mansion Global digest notification</doc>
<tag>Follow1</tag>
<tag>MansionGlobal</tag>
<tag>Notifications</tag>
<tag>Regression</tag>
<status status="FAIL" starttime="20241121 22:21:53.230" endtime="20241121 22:23:39.416">Element '//*[@id='declineButton']' not visible after 5 seconds.</status>
</test>
<test id="s1-s1-s1-s1-s1-s1-t4" name="Validate the Mansion Global real-time author notification" line="69">
<kw name="Start Mansion Global Article" library="CommonFunctionality" type="SETUP">
<kw name="Set Selenium Speed" library="SeleniumLibrary">
<arg>0.5 seconds</arg>
<doc>Sets the delay that is waited after each Selenium command.</doc>
<status status="PASS" starttime="20241121 22:23:42.434" endtime="20241121 22:23:42.442"/>
</kw>
<kw name="Set Browser Options" library="CommonFunctionality">
<var>${options}</var>
<if>
<branch type="IF" condition="&quot;${Browser}&quot; == &quot;firefox&quot;">
<kw name="Evaluate" library="BuiltIn">
<var>${options}</var>
<arg>selenium.webdriver.FirefoxOptions()</arg>
<doc>Evaluates the given expression in Python and returns the result.</doc>
<status status="NOT RUN" starttime="20241121 22:23:42.443" endtime="20241121 22:23:42.443"/>
</kw>
<kw name="Call Method" library="BuiltIn">
<arg>${options}</arg>
<arg>add_argument</arg>
<arg>--CreateProfile</arg>
<doc>Calls the named method of the given object with the provided arguments.</doc>
<status status="NOT RUN" starttime="20241121 22:23:42.445" endtime="20241121 22:23:42.445"/>
</kw>
<kw name="Call Method" library="BuiltIn">
<arg>${options}</arg>
<arg>add_argument</arg>
<arg>--start-maximized</arg>
<doc>Calls the named method of the given object with the provided arguments.</doc>
<status status="NOT RUN" starttime="20241121 22:23:42.445" endtime="20241121 22:23:42.448"/>
</kw>
<kw name="Call Method" library="BuiltIn">
<arg>${options}</arg>
<arg>add_argument</arg>
<arg>--disable-dev-shm-usage</arg>
<doc>Calls the named method of the given object with the provided arguments.</doc>
<status status="NOT RUN" starttime="20241121 22:23:42.451" endtime="20241121 22:23:42.452"/>
</kw>
<kw name="Call Method" library="BuiltIn">
<arg>${options}</arg>
<arg>add_argument</arg>
<arg>--no-sandbox</arg>
<doc>Calls the named method of the given object with the provided arguments.</doc>
<status status="NOT RUN" starttime="20241121 22:23:42.452" endtime="20241121 22:23:42.452"/>
</kw>
<kw name="Call Method" library="BuiltIn">
<arg>${options}</arg>
<arg>add_argument</arg>
<arg>--disable-gpu</arg>
<doc>Calls the named method of the given object with the provided arguments.</doc>
<status status="NOT RUN" starttime="20241121 22:23:42.452" endtime="20241121 22:23:42.452"/>
</kw>
<kw name="Call Method" library="BuiltIn">
<arg>${options}</arg>
<arg>add_argument</arg>
<arg>--headless</arg>
<doc>Calls the named method of the given object with the provided arguments.</doc>
<status status="NOT RUN" starttime="20241121 22:23:42.452" endtime="20241121 22:23:42.452"/>
</kw>
<kw name="Call Method" library="BuiltIn">
<arg>${options}</arg>
<arg>add_argument</arg>
<arg>--devtools.debugger.force-local</arg>
<doc>Calls the named method of the given object with the provided arguments.</doc>
<status status="NOT RUN" starttime="20241121 22:23:42.453" endtime="20241121 22:23:42.453"/>
</kw>
<kw name="Call Method" library="BuiltIn">
<arg>${options}</arg>
<arg>add_argument</arg>
<arg>--devtools.debugger.remote-enabled</arg>
<doc>Calls the named method of the given object with the provided arguments.</doc>
<status status="NOT RUN" starttime="20241121 22:23:42.453" endtime="20241121 22:23:42.453"/>
</kw>
<kw name="Call Method" library="BuiltIn">
<arg>${options}</arg>
<arg>add_argument</arg>
<arg>--devtools.chrome.enabled</arg>
<doc>Calls the named method of the given object with the provided arguments.</doc>
<status status="NOT RUN" starttime="20241121 22:23:42.454" endtime="20241121 22:23:42.454"/>
</kw>
<kw name="Call Method" library="BuiltIn">
<arg>${options}</arg>
<arg>add_argument</arg>
<arg>--devtools.debugger.prompt-connection</arg>
[...]
</return>
<status status="NOT RUN" starttime="20241121 22:27:28.246" endtime="20241121 22:27:28.255"/>
</branch>
<branch type="ELSE IF" condition="&quot;${Browser}&quot; == &quot;chrome&quot;">
<kw name="Evaluate" library="BuiltIn">
<var>${options}</var>
<arg>selenium.webdriver.ChromeOptions()</arg>
<doc>Evaluates the given expression in Python and returns the result.</doc>
<status status="NOT RUN" starttime="20241121 22:27:28.255" endtime="20241121 22:27:28.255"/>
</kw>
<kw name="Call Method" library="BuiltIn">
<arg>${options}</arg>
<arg>add_argument</arg>
<arg>--start-maximized</arg>
<doc>Calls the named method of the given object with the provided arguments.</doc>
<status status="NOT RUN" starttime="20241121 22:27:28.256" endtime="20241121 22:27:28.256"/>
</kw>
<kw name="Call Method" library="BuiltIn">
<arg>${options}</arg>
<arg>add_argument</arg>
<arg>--disable-dev-shm-usage</arg>
<doc>Calls the named method of the given object with the provided arguments.</doc>
<status status="NOT RUN" starttime="20241121 22:27:28.256" endtime="20241121 22:27:28.256"/>
</kw>
<kw name="Call Method" library="BuiltIn">
<arg>${options}</arg>
<arg>add_argument</arg>
<arg>--no-sandbox</arg>
<doc>Calls the named method of the given object with the provided arguments.</doc>
<status status="NOT RUN" starttime="20241121 22:27:28.256" endtime="20241121 22:27:28.257"/>
</kw>
<kw name="Call Method" library="BuiltIn">
<arg>${options}</arg>
<arg>add_argument</arg>
<arg>--headless</arg>
<doc>Calls the named method of the given object with the provided arguments.</doc>
<status status="NOT RUN" starttime="20241121 22:27:28.257" endtime="20241121 22:27:28.257"/>
</kw>
<kw name="Call Method" library="BuiltIn">
<arg>${options}</arg>
<arg>add_argument</arg>
<arg>--disable-gpu</arg>
<doc>Calls the named method of the given object with the provided arguments.</doc>
<status status="NOT RUN" starttime="20241121 22:27:28.257" endtime="20241121 22:27:28.257"/>
</kw>
<kw name="Call Method" library="BuiltIn">
<arg>${options}</arg>
<arg>add_argument</arg>
<arg>--ignore-certificate-errors</arg>
<doc>Calls the named method of the given object with the provided arguments.</doc>
<status status="NOT RUN" starttime="20241121 22:27:28.257" endtime="20241121 22:27:28.257"/>
</kw>
<kw name="Call Method" library="BuiltIn">
<arg>${options}</arg>
<arg>add_argument</arg>
<arg>--disable-extensions</arg>
<doc>Calls the named method of the given object with the provided arguments.</doc>
<status status="NOT RUN" starttime="20241121 22:27:28.258" endtime="20241121 22:27:28.258"/>
</kw>
<kw name="Call Method" library="BuiltIn">
<arg>${options}</arg>
<arg>add_argument</arg>
<arg>--no-user-gesture-required</arg>
<doc>Calls the named method of the given object with the provided arguments.</doc>
<status status="NOT RUN" starttime="20241121 22:27:28.258" endtime="20241121 22:27:28.258"/>
</kw>
<kw name="Call Method" library="BuiltIn">
<arg>${options}</arg>
<arg>add_argument</arg>
<arg>--no-first-run</arg>
<doc>Calls the named method of the given object with the provided arguments.</doc>
<status status="NOT RUN" starttime="20241121 22:27:28.259" endtime="20241121 22:27:28.259"/>
</kw>
<kw name="Call Method" library="BuiltIn">
<arg>${options}</arg>
<arg>add_argument</arg>
<arg>--use-fake-ui-for-media-stream</arg>
<doc>Calls the named method of the given object with the provided arguments.</doc>
<status status="NOT RUN" starttime="20241121 22:27:28.259" endtime="20241121 22:27:28.259"/>
</kw>
<kw name="Call Method" library="BuiltIn">
<arg>${options}</arg>
<arg>add_argument</arg>
<arg>--use-fake-device-for-media-stream</arg>
<doc>Calls the named method of the given object with the provided arguments.</doc>
<status status="NOT RUN" starttime="20241121 22:27:28.259" endtime="20241121 22:27:28.259"/>
</kw>
<kw name="Call Method" library="BuiltIn">
<arg>${options}</arg>
<arg>add_argument</arg>
<arg>--disable-sync</arg>
<doc>Calls the named method of the given object with the provided arguments.</doc>
<status status="NOT RUN" starttime="20241121 22:27:28.259" endtime="20241121 22:27:28.260"/>
</kw>
<return>
<value>${options}</value>
<status status="NOT RUN" starttime="20241121 22:27:28.260" endtime="20241121 22:27:28.260"/>
</return>
<status status="NOT RUN" starttime="20241121 22:27:28.255" endtime="20241121 22:27:28.260"/>
</branch>
<status status="PASS" starttime="20241121 22:27:28.246" endtime="20241121 22:27:28.260"/>
</if>
<msg timestamp="20241121 22:27:28.261" level="INFO">${options} = None</msg>
<status status="PASS" starttime="20241121 22:27:28.244" endtime="20241121 22:27:28.261"/>
</kw>
<if>
<branch type="IF" condition="&quot;${Env}&quot; == &quot;prod&quot;">
<kw name="Open Browser" library="SeleniumLibrary">
<arg>https://www.mansionglobal.com</arg>
<arg>${Browser}</arg>
<arg>options=${options}</arg>
<doc>Opens a new browser instance to the optional ``url``.</doc>
<status status="NOT RUN" starttime="20241121 22:27:28.261" endtime="20241121 22:27:28.263"/>
</kw>
<kw name="Go To" library="SeleniumLibrary">
<arg>https://www.mansionglobal.com/articles/are-there-tax-breaks-on-agricultural-land-in-pennsylvania-01648119848</arg>
<doc>Navigates the current browser window to the provided ``url``.</doc>
<status status="NOT RUN" starttime="20241121 22:27:28.263" endtime="20241121 22:27:28.263"/>
</kw>
<status status="NOT RUN" starttime="20241121 22:27:28.261" endtime="20241121 22:27:28.263"/>
</branch>
<branch type="ELSE IF" condition="&quot;${Env}&quot; == &quot;dev&quot;">
<kw name="Open Browser" library="SeleniumLibrary">
<arg>https://www.s.dev.mansionglobal.com</arg>
<arg>${Browser}</arg>
<arg>options=${options}</arg>
<doc>Opens a new browser instance to the optional ``url``.</doc>
<msg timestamp="20241121 22:27:28.264" level="INFO">Opening browser 'ff' to base url 'https://www.s.dev.mansionglobal.com'.</msg>
<msg timestamp="20241121 22:27:29.328" level="INFO">Completed setup!</msg>
<status status="PASS" starttime="20241121 22:27:28.264" endtime="20241121 22:27:47.495"/>
</kw>
<kw name="Go To" library="SeleniumLibrary">
<arg>https://www.s.dev.mansionglobal.com/articles/article-long-text-01643043212</arg>
<doc>Navigates the current browser window to the provided ``url``.</doc>
<msg timestamp="20241121 22:27:47.495" level="INFO">Opening url 'https://www.s.dev.mansionglobal.com/articles/article-long-text-01643043212'</msg>
<status status="PASS" starttime="20241121 22:27:47.495" endtime="20241121 22:27:50.614"/>
</kw>
<status status="PASS" starttime="20241121 22:27:28.263" endtime="20241121 22:27:50.614"/>
</branch>
<status status="PASS" starttime="20241121 22:27:28.261" endtime="20241121 22:27:50.614"/>
</if>
<kw name="Wait Until Page Contains Element" library="SeleniumLibrary">
<arg>dom:${JSFollowButtonMGPath}</arg>
<doc>Waits until the element ``locator`` appears on the current page.</doc>
<status status="PASS" starttime="20241121 22:27:50.615" endtime="20241121 22:27:56.900"/>
</kw>
<kw name="Maximize Browser Window" library="SeleniumLibrary">
<doc>Maximizes current browser window.</doc>
<status status="PASS" starttime="20241121 22:27:56.900" endtime="20241121 22:28:15.058"/>
</kw>
<status status="PASS" starttime="20241121 22:27:28.241" endtime="20241121 22:28:15.058"/>
</kw>
<kw name="Add Breaking News By Hotlink" library="MansionGlobalPreferenceCenterPage">
<if>
<branch type="IF" condition="&quot;${Env}&quot; == &quot;prod&quot;">
<kw name="Go To" library="SeleniumLibrary">
<arg>https://www.mansionglobal.com/follow?alert=news_alert&amp;id=NewsAlertEmailTechnology</arg>
<doc>Navigates the current browser window to the provided ``url``.</doc>
<status status="NOT RUN" starttime="20241121 22:28:15.060" endtime="20241121 22:28:15.060"/>
</kw>
<status status="NOT RUN" starttime="20241121 22:28:15.059" endtime="20241121 22:28:15.060"/>
</branch>
<branch type="ELSE IF" condition="&quot;${Env}&quot; == &quot;dev&quot;">
<kw name="Go To" library="SeleniumLibrary">
<arg>https://www.s.dev.mansionglobal.com/follow?alert=news_alert&amp;id=NewsAlertEmailTechnology</arg>
<doc>Navigates the current browser window to the provided ``url``.</doc>
<msg timestamp="20241121 22:28:15.061" level="INFO">Opening url 'https://www.s.dev.mansionglobal.com/follow?alert=news_alert&amp;id=NewsAlertEmailTechnology'</msg>
<status status="PASS" starttime="20241121 22:28:15.060" endtime="20241121 22:28:19.562"/>
</kw>
<status status="PASS" starttime="20241121 22:28:15.060" endtime="20241121 22:28:19.562"/>
</branch>
<status status="PASS" starttime="20241121 22:28:15.059" endtime="20241121 22:28:19.563"/>
</if>
<status status="PASS" starttime="20241121 22:28:15.059" endtime="20241121 22:28:19.563"/>
</kw>
<kw name="Sign In Process" library="DefinedKeywords">
<if>
<branch type="IF" condition="&quot;${Env}&quot; == &quot;prod&quot;">
<kw name="Set Variable" library="BuiltIn">
<var>${Email}</var>
<arg>${Email_prod}</arg>
<doc>Returns the given values which can then be assigned to a variables.</doc>
<status status="NOT RUN" starttime="20241121 22:28:19.564" endtime="20241121 22:28:19.564"/>
</kw>
<kw name="Set Variable" library="BuiltIn">
<var>${Password}</var>
<arg>${Password_prod}</arg>
<doc>Returns the given values which can then be assigned to a variables.</doc>
<status status="NOT RUN" starttime="20241121 22:28:19.564" endtime="20241121 22:28:19.564"/>
</kw>
<status status="NOT RUN" starttime="20241121 22:28:19.563" endtime="20241121 22:28:19.564"/>
</branch>
<branch type="ELSE IF" condition="&quot;${Env}&quot; == &quot;dev&quot;">
<kw name="Set Variable" library="BuiltIn">
<var>${Email}</var>
<arg>${Email_dev}</arg>
<doc>Returns the given values which can then be assigned to a variables.</doc>
<msg timestamp="20241121 22:28:19.565" level="INFO">${Email} = QABARRONSONLY</msg>
<status status="PASS" starttime="20241121 22:28:19.565" endtime="20241121 22:28:19.565"/>
</kw>
<kw name="Set Variable" library="BuiltIn">
<var>${Password}</var>
<arg>${Password_dev}</arg>
<doc>Returns the given values which can then be assigned to a variables.</doc>
<msg timestamp="20241121 22:28:19.566" level="INFO">${Password} = password1</msg>
<status status="PASS" starttime="20241121 22:28:19.566" endtime="20241121 22:28:19.566"/>
</kw>
<status status="PASS" starttime="20241121 22:28:19.565" endtime="20241121 22:28:19.566"/>
</branch>
<status status="PASS" starttime="20241121 22:28:19.563" endtime="20241121 22:28:19.567"/>
</if>
<kw name="Wait Until Element Is Visible" library="SeleniumLibrary">
<arg>//*[@id="emailOrUsername"]</arg>
<doc>Waits until the element ``locator`` is visible.</doc>
<status status="PASS" starttime="20241121 22:28:19.567" endtime="20241121 22:28:20.806"/>
</kw>
<kw name="Click Element" library="SeleniumLibrary">
<arg>//*[@id="emailOrUsername"]</arg>
<doc>Click the element identified by ``locator``.</doc>
<msg timestamp="20241121 22:28:20.808" level="INFO">Clicking element '//*[@id="emailOrUsername"]'.</msg>
<status status="PASS" starttime="20241121 22:28:20.807" endtime="20241121 22:28:22.166"/>
</kw>
<kw name="Input Text" library="SeleniumLibrary">
<arg>//*[@id="emailOrUsername"]</arg>
<arg>QABARRONSONLY</arg>
<doc>Types the given ``text`` into the text field identified by ``locator``.</doc>
<msg timestamp="20241121 22:28:22.167" level="INFO">Typing text 'QABARRONSONLY' into text field '//*[@id="emailOrUsername"]'.</msg>
<status status="PASS" starttime="20241121 22:28:22.166" endtime="20241121 22:28:24.162"/>
</kw>
<kw name="Set Selenium Implicit Wait" library="SeleniumLibrary">
<arg>10s</arg>
<doc>Sets the implicit wait value used by Selenium.</doc>
<msg timestamp="20241121 22:28:26.558" level="INFO" html="true">&lt;/td&gt;&lt;/tr&gt;&lt;tr&gt;&lt;td colspan="3"&gt;&lt;a href="selenium-screenshot-5.png"&gt;&lt;img src="selenium-screenshot-5.png" width="800px"&gt;&lt;/a&gt;</msg>
<msg timestamp="20241121 22:28:26.558" level="FAIL">WebDriverException: Message: Session not started or terminated
</msg>
<status status="FAIL" starttime="20241121 22:28:24.162" endtime="20241121 22:28:26.564"/>
</kw>
<kw name="Click Button" library="SeleniumLibrary">
<arg>//html/body/div/section/div/div[2]/form/button[1]</arg>
<doc>Clicks the button identified by ``locator``.</doc>
<status status="NOT RUN" starttime="20241121 22:28:26.565" endtime="20241121 22:28:26.565"/>
</kw>
<kw name="Set Selenium Implicit Wait" library="SeleniumLibrary">
<arg>10s</arg>
<doc>Sets the implicit wait value used by Selenium.</doc>
<status status="NOT RUN" starttime="20241121 22:28:26.565" endtime="20241121 22:28:26.565"/>
</kw>
<kw name="Wait Until Element Is Visible" library="SeleniumLibrary">
<arg>//*[@id="password"]</arg>
<doc>Waits until the element ``locator`` is visible.</doc>
<status status="NOT RUN" starttime="20241121 22:28:26.565" endtime="20241121 22:28:26.566"/>
</kw>
<kw name="Input Text" library="SeleniumLibrary">
<arg>//*[@id="password"]</arg>
<arg>password1</arg>
<doc>Types the given ``text`` into the text field identified by ``locator``.</doc>
<status status="NOT RUN" starttime="20241121 22:28:26.566" endtime="20241121 22:28:26.566"/>
</kw>
<kw name="Set Selenium Implicit Wait" library="SeleniumLibrary">
<arg>10</arg>
<doc>Sets the implicit wait value used by Selenium.</doc>
<status status="NOT RUN" starttime="20241121 22:28:26.566" endtime="20241121 22:28:26.566"/>
</kw>
<kw name="Wait Until Element Is Visible" library="SeleniumLibrary">
<arg>//html/body/div/section/div/div[2]/form/button</arg>
<doc>Waits until the element ``locator`` is visible.</doc>
<status status="NOT RUN" starttime="20241121 22:28:26.566" endtime="20241121 22:28:26.566"/>
</kw>
<kw name="Click Element" library="SeleniumLibrary">
<arg>//html/body/div/section/div/div[2]/form/button</arg>
<doc>Click the element identified by ``locator``.</doc>
<status status="NOT RUN" starttime="20241121 22:28:26.567" endtime="20241121 22:28:26.567"/>
</kw>
<kw name="Set Selenium Implicit Wait" library="SeleniumLibrary">
<arg>60</arg>
<doc>Sets the implicit wait value used by Selenium.</doc>
<status status="NOT RUN" starttime="20241121 22:28:26.567" endtime="20241121 22:28:26.567"/>
</kw>
<status status="FAIL" starttime="20241121 22:28:19.563" endtime="20241121 22:28:26.567"/>
</kw>
<kw name="Validate Followed Breaking News" library="MansionGlobalPreferenceCenterPage">
<status status="NOT RUN" starttime="20241121 22:28:26.567" endtime="20241121 22:28:26.567"/>
</kw>
<kw name="Get Element Count" library="SeleniumLibrary">
<var>${val2}</var>
<arg>//*[@id="root"]/div/div/div/div[3]/div/div/button</arg>
<doc>Returns the number of elements matching ``locator``.</doc>
<status status="NOT RUN" starttime="20241121 22:28:26.568" endtime="20241121 22:28:26.568"/>
</kw>
<kw name="Run Keyword If" library="BuiltIn">
<arg>${val2} &gt; 0</arg>
<arg>MansionGlobalPreferenceCenterPage.Click Following Toggle Alert Pop up</arg>
<doc>Runs the given keyword with the given arguments, if ``condition`` is true.</doc>
<status status="NOT RUN" starttime="20241121 22:28:26.568" endtime="20241121 22:28:26.568"/>
</kw>
<kw name="Validate Breaking News Toggle Feature" library="MansionGlobalPreferenceCenterPage">
<status status="NOT RUN" starttime="20241121 22:28:26.568" endtime="20241121 22:28:26.568"/>
</kw>
<kw name="Click Breaking News Toggle Feature" library="MansionGlobalPreferenceCenterPage">
<status status="NOT RUN" starttime="20241121 22:28:26.568" endtime="20241121 22:28:26.569"/>
</kw>
<kw name="Validate Following Toggle Alert Pop up" library="MansionGlobalPreferenceCenterPage">
<status status="NOT RUN" starttime="20241121 22:28:26.569" endtime="20241121 22:28:26.569"/>
</kw>
<kw name="Click Following Toggle Alert Pop up" library="MansionGlobalPreferenceCenterPage">
<status status="NOT RUN" starttime="20241121 22:28:26.569" endtime="20241121 22:28:26.569"/>
</kw>
<kw name="Validate Over Mouse On Notification Tooltip" library="MansionGlobalPreferenceCenterPage">
<status status="NOT RUN" starttime="20241121 22:28:26.569" endtime="20241121 22:28:26.569"/>
</kw>
<kw name="Navigate Mailbox page" library="MansionGlobalMailboxPage">
<status status="NOT RUN" starttime="20241121 22:28:26.570" endtime="20241121 22:28:26.570"/>
</kw>
<kw name="Set Selenium Implicit Wait" library="SeleniumLibrary">
<arg>6.0 seconds</arg>
<doc>Sets the implicit wait value used by Selenium.</doc>
<status status="NOT RUN" starttime="20241121 22:28:26.570" endtime="20241121 22:28:26.570"/>
</kw>
<kw name="Login" library="MansionGlobalMailboxPage">
<status status="NOT RUN" starttime="20241121 22:28:26.570" endtime="20241121 22:28:26.570"/>
</kw>
<kw name="Select Inbox" library="MansionGlobalMailboxPage">
<status status="NOT RUN" starttime="20241121 22:28:26.570" endtime="20241121 22:28:26.570"/>
</kw>
<kw name="Search Mansion Global real-time author notification for Postback" library="MansionGlobalMailboxPage">
<status status="NOT RUN" starttime="20241121 22:28:26.571" endtime="20241121 22:28:26.572"/>
</kw>
<kw name="Validate Mansion Global real-time author notification for Postback" library="MansionGlobalMailboxPage">
<status status="NOT RUN" starttime="20241121 22:28:26.572" endtime="20241121 22:28:26.572"/>
</kw>
<kw name="Finish Testcase" library="CommonFunctionality" type="TEARDOWN">
<kw name="Close Browser" library="SeleniumLibrary">
<doc>Closes the current browser.</doc>
<status status="PASS" starttime="20241121 22:28:26.572" endtime="20241121 22:28:26.573"/>
</kw>
<status status="PASS" starttime="20241121 22:28:26.572" endtime="20241121 22:28:26.573"/>
</kw>
<doc>This test case vabrlidates the Mansion Global Postback on Preference Center</doc>
<tag>359</tag>
<tag>MansionGlobal</tag>
<tag>Postback</tag>
<tag>Regression</tag>
<status status="FAIL" starttime="20241121 22:27:28.240" endtime="20241121 22:28:26.573">WebDriverException: Message: Session not started or terminated
</status>
</test>
<doc>Mansion Global Regression Tests</doc>
<status status="FAIL" starttime="20241121 22:15:59.252" endtime="20241121 22:28:29.538"/>
</suite>
<status status="FAIL" starttime="20241121 22:15:59.249" endtime="20241121 22:28:29.542"/>
</suite>
<status status="FAIL" starttime="20241121 22:15:59.245" endtime="20241121 22:28:29.544"/>
</suite>
<status status="FAIL" starttime="20241121 22:15:59.240" endtime="20241121 22:28:29.546"/>
</suite>
<status status="FAIL" starttime="20241121 22:15:59.237" endtime="20241121 22:28:29.549"/>
</suite>
<status status="FAIL" starttime="20241121 22:15:59.209" endtime="20241121 22:28:29.551"/>
</suite>
<statistics>
<total>
<stat pass="1" fail="5" skip="0">All Tests</stat>
</total>
<tag>
<stat pass="0" fail="1" skip="0">359</stat>
<stat pass="1" fail="0" skip="0">Article</stat>
<stat pass="1" fail="1" skip="0">Author</stat>
<stat pass="1" fail="2" skip="0">Follow1</stat>
<stat pass="1" fail="5" skip="0">MansionGlobal</stat>
<stat pass="0" fail="1" skip="0">MG</stat>
<stat pass="0" fail="3" skip="0">Notifications</stat>
<stat pass="0" fail="1" skip="0">Postback</stat>
<stat pass="0" fail="1" skip="0">PrefrenceCenter</stat>
<stat pass="1" fail="5" skip="0">Regression</stat>
<stat pass="0" fail="1" skip="0">US-T158</stat>
</tag>
<suite>
<stat pass="1" fail="5" skip="0" id="s1" name="Userservices-Qa-Automation">Userservices-Qa-Automation</stat>
<stat pass="1" fail="5" skip="0" id="s1-s1" name="Panda-Qa">Userservices-Qa-Automation.Panda-Qa</stat>
<stat pass="1" fail="5" skip="0" id="s1-s1-s1" name="Tests">Userservices-Qa-Automation.Panda-Qa.Tests</stat>
<stat pass="1" fail="5" skip="0" id="s1-s1-s1-s1" name="FollowWidget">Userservices-Qa-Automation.Panda-Qa.Tests.FollowWidget</stat>
<stat pass="1" fail="5" skip="0" id="s1-s1-s1-s1-s1" name="Regression">Userservices-Qa-Automation.Panda-Qa.Tests.FollowWidget.Regression</stat>
<stat pass="1" fail="5" skip="0" id="s1-s1-s1-s1-s1-s1" name="MansionGlobal Regression">Userservices-Qa-Automation.Panda-Qa.Tests.FollowWidget.Regression.MansionGlobal Regression</stat>
</suite>
</statistics>
<errors>
</errors>
</robot>
