<?xml version="1.0" encoding="UTF-8"?>
<robot generator="Robot 6.1.1 (Python 3.12.5 on win32)" generated="20241227 20:31:13.316" rpa="false" schemaversion="4">
<suite id="s1" name="Userservices-Qa-Automation" source="D:\Users\sasikumarj\PycharmProjects\userservices-qa-automation">
<suite id="s1-s1" name="Panda-Qa" source="D:\Users\sasikumarj\PycharmProjects\userservices-qa-automation\panda-qa">
<suite id="s1-s1-s1" name="Tests" source="D:\Users\sasikumarj\PycharmProjects\userservices-qa-automation\panda-qa\Tests">
<suite id="s1-s1-s1-s1" name="FollowWidget" source="D:\Users\sasikumarj\PycharmProjects\userservices-qa-automation\panda-qa\Tests\FollowWidget">
<suite id="s1-s1-s1-s1-s1" name="Regression" source="D:\Users\sasikumarj\PycharmProjects\userservices-qa-automation\panda-qa\Tests\FollowWidget\Regression">
<suite id="s1-s1-s1-s1-s1-s1" name="MarketWatch Regression" source="D:\Users\sasikumarj\PycharmProjects\userservices-qa-automation\panda-qa\Tests\FollowWidget\Regression\MarketWatch_Regression.robot">
<test id="s1-s1-s1-s1-s1-s1-t1" name="Validate the Market Watch Preference Center page" line="22">
<kw name="Start Market Watch Article" library="CommonFunctionality" type="SETUP">
<kw name="Set Selenium Speed" library="SeleniumLibrary">
<arg>0.1 seconds</arg>
<doc>Sets the delay that is waited after each Selenium command.</doc>
<status status="PASS" starttime="20241227 20:31:13.934" endtime="20241227 20:31:13.935"/>
</kw>
<kw name="Set Browser Options" library="CommonFunctionality">
<var>${options}</var>
<if>
<branch type="IF" condition="&quot;${Browser}&quot; == &quot;firefox&quot;">
<kw name="Evaluate" library="BuiltIn">
<var>${options}</var>
<arg>selenium.webdriver.FirefoxOptions()</arg>
<doc>Evaluates the given expression in Python and returns the result.</doc>
<status status="NOT RUN" starttime="20241227 20:31:13.940" endtime="20241227 20:31:13.941"/>
</kw>
<kw name="Call Method" library="BuiltIn">
<arg>${options}</arg>
<arg>add_argument</arg>
<arg>--CreateProfile</arg>
<doc>Calls the named method of the given object with the provided arguments.</doc>
<status status="NOT RUN" starttime="20241227 20:31:13.943" endtime="20241227 20:31:13.943"/>
</kw>
<kw name="Call Method" library="BuiltIn">
<arg>${options}</arg>
<arg>add_argument</arg>
<arg>--start-maximized</arg>
<doc>Calls the named method of the given object with the provided arguments.</doc>
<status status="NOT RUN" starttime="20241227 20:31:13.945" endtime="20241227 20:31:13.946"/>
</kw>
<kw name="Call Method" library="BuiltIn">
<arg>${options}</arg>
<arg>add_argument</arg>
<arg>--disable-dev-shm-usage</arg>
<doc>Calls the named method of the given object with the provided arguments.</doc>
<status status="NOT RUN" starttime="20241227 20:31:13.948" endtime="20241227 20:31:13.949"/>
</kw>
<kw name="Call Method" library="BuiltIn">
<arg>${options}</arg>
<arg>add_argument</arg>
<arg>--no-sandbox</arg>
<doc>Calls the named method of the given object with the provided arguments.</doc>
<status status="NOT RUN" starttime="20241227 20:31:13.950" endtime="20241227 20:31:13.955"/>
</kw>
<kw name="Call Method" library="BuiltIn">
<arg>${options}</arg>
<arg>add_argument</arg>
<arg>--disable-gpu</arg>
<doc>Calls the named method of the given object with the provided arguments.</doc>
<status status="NOT RUN" starttime="20241227 20:31:13.957" endtime="20241227 20:31:13.958"/>
</kw>
<kw name="Call Method" library="BuiltIn">
<arg>${options}</arg>
<arg>add_argument</arg>
<arg>--headless</arg>
<doc>Calls the named method of the given object with the provided arguments.</doc>
<status status="NOT RUN" starttime="20241227 20:31:13.960" endtime="20241227 20:31:13.961"/>
</kw>
<kw name="Call Method" library="BuiltIn">
<arg>${options}</arg>
<arg>add_argument</arg>
<arg>--devtools.debugger.force-local</arg>
<doc>Calls the named method of the given object with the provided arguments.</doc>
<status status="NOT RUN" starttime="20241227 20:31:13.962" endtime="20241227 20:31:13.963"/>
</kw>
<kw name="Call Method" library="BuiltIn">
<arg>${options}</arg>
<arg>add_argument</arg>
<arg>--devtools.debugger.remote-enabled</arg>
<doc>Calls the named method of the given object with the provided arguments.</doc>
<status status="NOT RUN" starttime="20241227 20:31:13.965" endtime="20241227 20:31:13.966"/>
</kw>
<kw name="Call Method" library="BuiltIn">
<arg>${options}</arg>
<arg>add_argument</arg>
<arg>--devtools.chrome.enabled</arg>
<doc>Calls the named method of the given object with the provided arguments.</doc>
<status status="NOT RUN" starttime="20241227 20:31:13.969" endtime="20241227 20:31:13.970"/>
</kw>
<kw name="Call Method" library="BuiltIn">
<arg>${options}</arg>
<arg>add_argument</arg>
<arg>--devtools.debugger.prompt-connection</arg>
<doc>Calls the named method of the given object with the provided arguments.</doc>
<status status="NOT RUN" starttime="20241227 20:31:13.972" endtime="20241227 20:31:13.972"/>
</kw>
<kw name="Call Method" library="BuiltIn">
<arg>${options}</arg>
<arg>add_argument</arg>
<arg>--browser.dom.window.dump.enabled</arg>
<doc>Calls the named method of the given object with the provided arguments.</doc>
<status status="NOT RUN" starttime="20241227 20:31:13.974" endtime="20241227 20:31:13.975"/>
</kw>
<return>
<value>${options}</value>
<status status="NOT RUN" starttime="20241227 20:31:13.977" endtime="20241227 20:31:13.978"/>
</return>
<status status="NOT RUN" starttime="20241227 20:31:13.939" endtime="20241227 20:31:13.980"/>
</branch>
<branch type="ELSE IF" condition="&quot;${Browser}&quot; == &quot;chrome&quot;">
<kw name="Evaluate" library="BuiltIn">
<var>${options}</var>
<arg>selenium.webdriver.ChromeOptions()</arg>
<doc>Evaluates the given expression in Python and returns the result.</doc>
<status status="NOT RUN" starttime="20241227 20:31:13.983" endtime="20241227 20:31:13.984"/>
</kw>
<kw name="Call Method" library="BuiltIn">
<arg>${options}</arg>
<arg>add_argument</arg>
<arg>--start-maximized</arg>
<doc>Calls the named method of the given object with the provided arguments.</doc>
<status status="NOT RUN" starttime="20241227 20:31:13.985" endtime="20241227 20:31:13.986"/>
</kw>
<kw name="Call Method" library="BuiltIn">
<arg>${options}</arg>
<arg>add_argument</arg>
<arg>--disable-dev-shm-usage</arg>
<doc>Calls the named method of the given object with the provided arguments.</doc>
<status status="NOT RUN" starttime="20241227 20:31:13.989" endtime="20241227 20:31:13.990"/>
</kw>
<kw name="Call Method" library="BuiltIn">
<arg>${options}</arg>
<arg>add_argument</arg>
<arg>--no-sandbox</arg>
<doc>Calls the named method of the given object with the provided arguments.</doc>
<status status="NOT RUN" starttime="20241227 20:31:13.992" endtime="20241227 20:31:13.993"/>
</kw>
<kw name="Call Method" library="BuiltIn">
<arg>${options}</arg>
<arg>add_argument</arg>
<arg>--headless</arg>
<doc>Calls the named method of the given object with the provided arguments.</doc>
<status status="NOT RUN" starttime="20241227 20:31:13.995" endtime="20241227 20:31:13.996"/>
</kw>
<kw name="Call Method" library="BuiltIn">
<arg>${options}</arg>
<arg>add_argument</arg>
<arg>--disable-gpu</arg>
<doc>Calls the named method of the given object with the provided arguments.</doc>
<status status="NOT RUN" starttime="20241227 20:31:13.999" endtime="20241227 20:31:13.999"/>
</kw>
<kw name="Call Method" library="BuiltIn">
<arg>${options}</arg>
<arg>add_argument</arg>
<arg>--ignore-certificate-errors</arg>
<doc>Calls the named method of the given object with the provided arguments.</doc>
<status status="NOT RUN" starttime="20241227 20:31:14.001" endtime="20241227 20:31:14.002"/>
</kw>
<kw name="Call Method" library="BuiltIn">
<arg>${options}</arg>
<arg>add_argument</arg>
<arg>--disable-extensions</arg>
<doc>Calls the named method of the given object with the provided arguments.</doc>
<status status="NOT RUN" starttime="20241227 20:31:14.004" endtime="20241227 20:31:14.005"/>
</kw>
<kw name="Call Method" library="BuiltIn">
<arg>${options}</arg>
<arg>add_argument</arg>
<arg>--no-user-gesture-required</arg>
<doc>Calls the named method of the given object with the provided arguments.</doc>
<status status="NOT RUN" starttime="20241227 20:31:14.007" endtime="20241227 20:31:14.009"/>
</kw>
<kw name="Call Method" library="BuiltIn">
<arg>${options}</arg>
<arg>add_argument</arg>
<arg>--no-first-run</arg>
<doc>Calls the named method of the given object with the provided arguments.</doc>
<status status="NOT RUN" starttime="20241227 20:31:14.011" endtime="20241227 20:31:14.011"/>
</kw>
<kw name="Call Method" library="BuiltIn">
<arg>${options}</arg>
<arg>add_argument</arg>
<arg>--use-fake-ui-for-media-stream</arg>
<doc>Calls the named method of the given object with the provided arguments.</doc>
<status status="NOT RUN" starttime="20241227 20:31:14.014" endtime="20241227 20:31:14.015"/>
</kw>
<kw name="Call Method" library="BuiltIn">
<arg>${options}</arg>
<arg>add_argument</arg>
<arg>--use-fake-device-for-media-stream</arg>
<doc>Calls the named method of the given object with the provided arguments.</doc>
<status status="NOT RUN" starttime="20241227 20:31:14.017" endtime="20241227 20:31:14.018"/>
</kw>
<kw name="Call Method" library="BuiltIn">
<arg>${options}</arg>
<arg>add_argument</arg>
<arg>--disable-sync</arg>
<doc>Calls the named method of the given object with the provided arguments.</doc>
<status status="NOT RUN" starttime="20241227 20:31:14.020" endtime="20241227 20:31:14.021"/>
</kw>
<return>
<value>${options}</value>
<status status="NOT RUN" starttime="20241227 20:31:14.023" endtime="20241227 20:31:14.023"/>
</return>
<status status="NOT RUN" starttime="20241227 20:31:13.982" endtime="20241227 20:31:14.028"/>
</branch>
<status status="PASS" starttime="20241227 20:31:13.939" endtime="20241227 20:31:14.031"/>
</if>
<msg timestamp="20241227 20:31:14.032" level="INFO">${options} = None</msg>
<status status="PASS" starttime="20241227 20:31:13.937" endtime="20241227 20:31:14.033"/>
</kw>
<if>
<branch type="IF" condition="&quot;${Env}&quot; == &quot;prod&quot;">
<kw name="Open Browser" library="SeleniumLibrary">
<arg>https://www.marketwatch.com</arg>
<arg>${Browser}</arg>
<arg>options=${options}</arg>
<doc>Opens a new browser instance to the optional ``url``.</doc>
<status status="NOT RUN" starttime="20241227 20:31:14.035" endtime="20241227 20:31:14.036"/>
</kw>
<kw name="Go To" library="SeleniumLibrary">
<arg>https://www.marketwatch.com/story/is-the-u-s-stock-market-closed-on-juneteenth-what-investors-need-to-know-11655230158</arg>
<doc>Navigates the current browser window to the provided ``url``.</doc>
<status status="NOT RUN" starttime="20241227 20:31:14.037" endtime="20241227 20:31:14.037"/>
</kw>
<status status="NOT RUN" starttime="20241227 20:31:14.034" endtime="20241227 20:31:14.039"/>
</branch>
<branch type="ELSE IF" condition="&quot;${Env}&quot; == &quot;dev&quot;">
<kw name="Open Browser" library="SeleniumLibrary">
<arg>https://www.dev.marketwatch.com</arg>
<arg>${Browser}</arg>
<arg>options=${options}</arg>
<doc>Opens a new browser instance to the optional ``url``.</doc>
<msg timestamp="20241227 20:31:14.040" level="INFO">Opening browser 'ff' to base url 'https://www.dev.marketwatch.com'.</msg>
<msg timestamp="20241227 20:31:15.592" level="INFO">Completed setup!</msg>
<status status="PASS" starttime="20241227 20:31:14.039" endtime="20241227 20:31:49.941"/>
</kw>
<kw name="Go To" library="SeleniumLibrary">
<arg>https://www.dev.marketwatch.com/author/Catey-Hill</arg>
<doc>Navigates the current browser window to the provided ``url``.</doc>
<msg timestamp="20241227 20:31:49.943" level="INFO">Opening url 'https://www.dev.marketwatch.com/author/Catey-Hill'</msg>
<status status="PASS" starttime="20241227 20:31:49.943" endtime="20241227 20:31:50.442"/>
</kw>
<status status="PASS" starttime="20241227 20:31:14.039" endtime="20241227 20:31:50.443"/>
</branch>
<status status="PASS" starttime="20241227 20:31:14.034" endtime="20241227 20:31:50.444"/>
</if>
<kw name="Maximize Browser Window" library="SeleniumLibrary">
<doc>Maximizes current browser window.</doc>
<status status="PASS" starttime="20241227 20:31:50.444" endtime="20241227 20:31:54.496"/>
</kw>
<status status="PASS" starttime="20241227 20:31:13.931" endtime="20241227 20:31:54.496"/>
</kw>
<kw name="Add Author By Hotlink" library="MarketWatchPreferenceCenterPage">
<kw name="Go To" library="SeleniumLibrary">
<arg>https://www.s.dev.marketwatch.com/follow?alert=author&amp;id=15_MW</arg>
<doc>Navigates the current browser window to the provided ``url``.</doc>
<msg timestamp="20241227 20:31:54.499" level="INFO">Opening url 'https://www.s.dev.marketwatch.com/follow?alert=author&amp;id=15_MW'</msg>
<status status="PASS" starttime="20241227 20:31:54.499" endtime="20241227 20:31:55.335"/>
</kw>
<status status="PASS" starttime="20241227 20:31:54.498" endtime="20241227 20:31:55.337"/>
</kw>
<kw name="MarketWatch PreferenceCenter User Sign In Process" library="DefinedKeywords">
<kw name="Set Selenium Implicit Wait" library="SeleniumLibrary">
<arg>10s</arg>
<doc>Sets the implicit wait value used by Selenium.</doc>
<status status="PASS" starttime="20241227 20:31:55.339" endtime="20241227 20:31:55.472"/>
</kw>
<kw name="Click Button" library="SeleniumLibrary">
<arg>//*[@id="emailOrUsername"]</arg>
<doc>Clicks the button identified by ``locator``.</doc>
<msg timestamp="20241227 20:31:55.475" level="INFO">Clicking button '//*[@id="emailOrUsername"]'.</msg>
<msg timestamp="20241227 20:32:16.309" level="INFO" html="true">&lt;/td&gt;&lt;/tr&gt;&lt;tr&gt;&lt;td colspan="3"&gt;&lt;a href="selenium-screenshot-1.png"&gt;&lt;img src="selenium-screenshot-1.png" width="800px"&gt;&lt;/a&gt;</msg>
<msg timestamp="20241227 20:32:16.310" level="FAIL">Button with locator '//*[@id="emailOrUsername"]' not found.</msg>
<status status="FAIL" starttime="20241227 20:31:55.473" endtime="20241227 20:32:16.319"/>
</kw>
<kw name="Input Text" library="SeleniumLibrary">
<arg>//*[@id="emailOrUsername"]</arg>
<arg>QABARRONSONLY</arg>
<doc>Types the given ``text`` into the text field identified by ``locator``.</doc>
<status status="NOT RUN" starttime="20241227 20:32:16.321" endtime="20241227 20:32:16.322"/>
</kw>
<kw name="Click Button" library="SeleniumLibrary">
<arg>//*[@id="signin-continue-btn"]</arg>
<doc>Clicks the button identified by ``locator``.</doc>
<status status="NOT RUN" starttime="20241227 20:32:16.323" endtime="20241227 20:32:16.324"/>
</kw>
<kw name="Set Selenium Implicit Wait" library="SeleniumLibrary">
<arg>10s</arg>
<doc>Sets the implicit wait value used by Selenium.</doc>
<status status="NOT RUN" starttime="20241227 20:32:16.324" endtime="20241227 20:32:16.326"/>
</kw>
<kw name="Wait Until Element Is Visible" library="SeleniumLibrary">
<arg>//*[@id="password"]</arg>
<doc>Waits until the element ``locator`` is visible.</doc>
<status status="NOT RUN" starttime="20241227 20:32:16.327" endtime="20241227 20:32:16.327"/>
</kw>
<kw name="Input Text" library="SeleniumLibrary">
<arg>//*[@id="password"]</arg>
<arg>password1</arg>
<doc>Types the given ``text`` into the text field identified by ``locator``.</doc>
<status status="NOT RUN" starttime="20241227 20:32:16.328" endtime="20241227 20:32:16.329"/>
</kw>
<kw name="Set Selenium Implicit Wait" library="SeleniumLibrary">
<arg>10s</arg>
<doc>Sets the implicit wait value used by Selenium.</doc>
<status status="NOT RUN" starttime="20241227 20:32:16.330" endtime="20241227 20:32:16.330"/>
</kw>
<kw name="Click Button" library="SeleniumLibrary">
<arg>//*[@id="signin-pass-submit-btn"]</arg>
<doc>Clicks the button identified by ``locator``.</doc>
<status status="NOT RUN" starttime="20241227 20:32:16.332" endtime="20241227 20:32:16.332"/>
</kw>
<kw name="Wait Until Element Is Not Visible" library="SeleniumLibrary">
<arg>//*[@id="signin-pass-submit-btn"]</arg>
<doc>Waits until the element ``locator`` is not visible.</doc>
<status status="NOT RUN" starttime="20241227 20:32:16.333" endtime="20241227 20:32:16.335"/>
</kw>
<status status="FAIL" starttime="20241227 20:31:55.338" endtime="20241227 20:32:16.336"/>
</kw>
<kw name="Validate Followed Authors" library="MarketWatchPreferenceCenterPage">
<status status="NOT RUN" starttime="20241227 20:32:16.336" endtime="20241227 20:32:16.337"/>
</kw>
<kw name="Get Element Count" library="SeleniumLibrary">
<var>${val}</var>
<arg>//*[@id="root"]/div/div/div/div[3]/div/div/button</arg>
<doc>Returns the number of elements matching ``locator``.</doc>
<status status="NOT RUN" starttime="20241227 20:32:16.338" endtime="20241227 20:32:16.339"/>
</kw>
<kw name="Run Keyword If" library="BuiltIn">
<arg>${val} &gt; 0</arg>
<arg>MarketWatchPreferenceCenterPage.Click Following Toggle Alert Pop up</arg>
<doc>Runs the given keyword with the given arguments, if ``condition`` is true.</doc>
<status status="NOT RUN" starttime="20241227 20:32:16.339" endtime="20241227 20:32:16.340"/>
</kw>
<kw name="Validate Author Name" library="MarketWatchPreferenceCenterPage">
<status status="NOT RUN" starttime="20241227 20:32:16.341" endtime="20241227 20:32:16.342"/>
</kw>
<kw name="Validate Following Toggle Feature" library="MarketWatchPreferenceCenterPage">
<status status="NOT RUN" starttime="20241227 20:32:16.342" endtime="20241227 20:32:16.343"/>
</kw>
<kw name="Validate Following Frequency" library="MarketWatchPreferenceCenterPage">
<status status="NOT RUN" starttime="20241227 20:32:16.343" endtime="20241227 20:32:16.344"/>
</kw>
<kw name="Validate All Tabs Displayed" library="MarketWatchPreferenceCenterPage">
<status status="NOT RUN" starttime="20241227 20:32:16.345" endtime="20241227 20:32:16.345"/>
</kw>
<kw name="Validate Author On All Tab" library="MarketWatchPreferenceCenterPage">
<status status="NOT RUN" starttime="20241227 20:32:16.347" endtime="20241227 20:32:16.347"/>
</kw>
<kw name="Finish Testcase" library="CommonFunctionality" type="TEARDOWN">
<kw name="Close Browser" library="SeleniumLibrary">
<doc>Closes the current browser.</doc>
<status status="PASS" starttime="20241227 20:32:16.350" endtime="20241227 20:32:16.350"/>
</kw>
<status status="PASS" starttime="20241227 20:32:16.348" endtime="20241227 20:32:16.351"/>
</kw>
<doc>This test case validates the Market Watch preference center page</doc>
<tag>MarketWatch</tag>
<tag>PreferenceCenter</tag>
<tag>Regression</tag>
<tag>US-T92</tag>
<status status="FAIL" starttime="20241227 20:31:13.925" endtime="20241227 20:32:16.352">Button with locator '//*[@id="emailOrUsername"]' not found.</status>
</test>
<test id="s1-s1-s1-s1-s1-s1-t2" name="Validate Authors for MarketWatch Article page without byline" line="42">
<kw name="Start Market Watch Article" library="CommonFunctionality" type="SETUP">
<kw name="Set Selenium Speed" library="SeleniumLibrary">
<arg>0.1 seconds</arg>
<doc>Sets the delay that is waited after each Selenium command.</doc>
<status status="PASS" starttime="20241227 20:32:17.520" endtime="20241227 20:32:17.521"/>
</kw>
<kw name="Set Browser Options" library="CommonFunctionality">
<var>${options}</var>
<if>
<branch type="IF" condition="&quot;${Browser}&quot; == &quot;firefox&quot;">
<kw name="Evaluate" library="BuiltIn">
<var>${options}</var>
<arg>selenium.webdriver.FirefoxOptions()</arg>
<doc>Evaluates the given expression in Python and returns the result.</doc>
<status status="NOT RUN" starttime="20241227 20:32:17.522" endtime="20241227 20:32:17.523"/>
</kw>
<kw name="Call Method" library="BuiltIn">
<arg>${options}</arg>
<arg>add_argument</arg>
<arg>--CreateProfile</arg>
<doc>Calls the named method of the given object with the provided arguments.</doc>
<status status="NOT RUN" starttime="20241227 20:32:17.524" endtime="20241227 20:32:17.525"/>
</kw>
<kw name="Call Method" library="BuiltIn">
<arg>${options}</arg>
<arg>add_argument</arg>
<arg>--start-maximized</arg>
<doc>Calls the named method of the given object with the provided arguments.</doc>
<status status="NOT RUN" starttime="20241227 20:32:17.526" endtime="20241227 20:32:17.526"/>
</kw>
<kw name="Call Method" library="BuiltIn">
<arg>${options}</arg>
<arg>add_argument</arg>
<arg>--disable-dev-shm-usage</arg>
<doc>Calls the named method of the given object with the provided arguments.</doc>
<status status="NOT RUN" starttime="20241227 20:32:17.527" endtime="20241227 20:32:17.528"/>
</kw>
<kw name="Call Method" library="BuiltIn">
<arg>${options}</arg>
<arg>add_argument</arg>
<arg>--no-sandbox</arg>
<doc>Calls the named method of the given object with the provided arguments.</doc>
<status status="NOT RUN" starttime="20241227 20:32:17.529" endtime="20241227 20:32:17.529"/>
</kw>
<kw name="Call Method" library="BuiltIn">
<arg>${options}</arg>
<arg>add_argument</arg>
<arg>--disable-gpu</arg>
<doc>Calls the named method of the given object with the provided arguments.</doc>
<status status="NOT RUN" starttime="20241227 20:32:17.530" endtime="20241227 20:32:17.532"/>
</kw>
<kw name="Call Method" library="BuiltIn">
<arg>${options}</arg>
<arg>add_argument</arg>
<arg>--headless</arg>
<doc>Calls the named method of the given object with the provided arguments.</doc>
<status status="NOT RUN" starttime="20241227 20:32:17.533" endtime="20241227 20:32:17.533"/>
</kw>
<kw name="Call Method" library="BuiltIn">
<arg>${options}</arg>
<arg>add_argument</arg>
<arg>--devtools.debugger.force-local</arg>
<doc>Calls the named method of the given object with the provided arguments.</doc>
<status status="NOT RUN" starttime="20241227 20:32:17.534" endtime="20241227 20:32:17.535"/>
</kw>
<kw name="Call Method" library="BuiltIn">
<arg>${options}</arg>
<arg>add_argument</arg>
<arg>--devtools.debugger.remote-enabled</arg>
<doc>Calls the named method of the given object with the provided arguments.</doc>
<status status="NOT RUN" starttime="20241227 20:32:17.536" endtime="20241227 20:32:17.536"/>
</kw>
<kw name="Call Method" library="BuiltIn">
<arg>${options}</arg>
<arg>add_argument</arg>
<arg>--devtools.chrome.enabled</arg>
<doc>Calls the named method of the given object with the provided arguments.</doc>
<status status="NOT RUN" starttime="20241227 20:32:17.537" endtime="20241227 20:32:17.538"/>
</kw>
<kw name="Call Method" library="BuiltIn">
<arg>${options}</arg>
<arg>add_argument</arg>
<arg>--devtools.debugger.prompt-connection</arg>
<doc>Calls the named method of the given object with the provided arguments.</doc>
<status status="NOT RUN" starttime="20241227 20:32:17.539" endtime="20241227 20:32:17.539"/>
</kw>
<kw name="Call Method" library="BuiltIn">
<arg>${options}</arg>
<arg>add_argument</arg>
<arg>--browser.dom.window.dump.enabled</arg>
<doc>Calls the named method of the given object with the provided arguments.</doc>
<status status="NOT RUN" starttime="20241227 20:32:17.540" endtime="20241227 20:32:17.540"/>
</kw>
<return>
<value>${options}</value>
<status status="NOT RUN" starttime="20241227 20:32:17.542" endtime="20241227 20:32:17.542"/>
</return>
<status status="NOT RUN" starttime="20241227 20:32:17.522" endtime="20241227 20:32:17.544"/>
</branch>
<branch type="ELSE IF" condition="&quot;${Browser}&quot; == &quot;chrome&quot;">
<kw name="Evaluate" library="BuiltIn">
<var>${options}</var>
<arg>selenium.webdriver.ChromeOptions()</arg>
<doc>Evaluates the given expression in Python and returns the result.</doc>
<status status="NOT RUN" starttime="20241227 20:32:17.546" endtime="20241227 20:32:17.546"/>
</kw>
<kw name="Call Method" library="BuiltIn">
<arg>${options}</arg>
<arg>add_argument</arg>
<arg>--start-maximized</arg>
<doc>Calls the named method of the given object with the provided arguments.</doc>
<status status="NOT RUN" starttime="20241227 20:32:17.547" endtime="20241227 20:32:17.548"/>
</kw>
<kw name="Call Method" library="BuiltIn">
<arg>${options}</arg>
<arg>add_argument</arg>
<arg>--disable-dev-shm-usage</arg>
<doc>Calls the named method of the given object with the provided arguments.</doc>
<status status="NOT RUN" starttime="20241227 20:32:17.549" endtime="20241227 20:32:17.549"/>
</kw>
<kw name="Call Method" library="BuiltIn">
<arg>${options}</arg>
<arg>add_argument</arg>
<arg>--no-sandbox</arg>
<doc>Calls the named method of the given object with the provided arguments.</doc>
<status status="NOT RUN" starttime="20241227 20:32:17.550" endtime="20241227 20:32:17.551"/>
</kw>
<kw name="Call Method" library="BuiltIn">
<arg>${options}</arg>
<arg>add_argument</arg>
<arg>--headless</arg>
<doc>Calls the named method of the given object with the provided arguments.</doc>
<status status="NOT RUN" starttime="20241227 20:32:17.552" endtime="20241227 20:32:17.553"/>
</kw>
<kw name="Call Method" library="BuiltIn">
<arg>${options}</arg>
<arg>add_argument</arg>
<arg>--disable-gpu</arg>
<doc>Calls the named method of the given object with the provided arguments.</doc>
<status status="NOT RUN" starttime="20241227 20:32:17.554" endtime="20241227 20:32:17.554"/>
</kw>
<kw name="Call Method" library="BuiltIn">
<arg>${options}</arg>
<arg>add_argument</arg>
<arg>--ignore-certificate-errors</arg>
<doc>Calls the named method of the given object with the provided arguments.</doc>
<status status="NOT RUN" starttime="20241227 20:32:17.556" endtime="20241227 20:32:17.557"/>
</kw>
<kw name="Call Method" library="BuiltIn">
<arg>${options}</arg>
<arg>add_argument</arg>
<arg>--disable-extensions</arg>
<doc>Calls the named method of the given object with the provided arguments.</doc>
<status status="NOT RUN" starttime="20241227 20:32:17.558" endtime="20241227 20:32:17.558"/>
</kw>
<kw name="Call Method" library="BuiltIn">
<arg>${options}</arg>
<arg>add_argument</arg>
<arg>--no-user-gesture-required</arg>
<doc>Calls the named method of the given object with the provided arguments.</doc>
<status status="NOT RUN" starttime="20241227 20:32:17.560" endtime="20241227 20:32:17.560"/>
</kw>
<kw name="Call Method" library="BuiltIn">
<arg>${options}</arg>
<arg>add_argument</arg>
<arg>--no-first-run</arg>
<doc>Calls the named method of the given object with the provided arguments.</doc>
<status status="NOT RUN" starttime="20241227 20:32:17.562" endtime="20241227 20:32:17.562"/>
</kw>
<kw name="Call Method" library="BuiltIn">
<arg>${options}</arg>
<arg>add_argument</arg>
<arg>--use-fake-ui-for-media-stream</arg>
<doc>Calls the named method of the given object with the provided arguments.</doc>
<status status="NOT RUN" starttime="20241227 20:32:17.563" endtime="20241227 20:32:17.563"/>
</kw>
<kw name="Call Method" library="BuiltIn">
<arg>${options}</arg>
<arg>add_argument</arg>
<arg>--use-fake-device-for-media-stream</arg>
<doc>Calls the named method of the given object with the provided arguments.</doc>
<status status="NOT RUN" starttime="20241227 20:32:17.565" endtime="20241227 20:32:17.565"/>
</kw>
<kw name="Call Method" library="BuiltIn">
<arg>${options}</arg>
<arg>add_argument</arg>
<arg>--disable-sync</arg>
<doc>Calls the named method of the given object with the provided arguments.</doc>
<status status="NOT RUN" starttime="20241227 20:32:17.567" endtime="20241227 20:32:17.567"/>
</kw>
<return>
<value>${options}</value>
<status status="NOT RUN" starttime="20241227 20:32:17.568" endtime="20241227 20:32:17.569"/>
</return>
<status status="NOT RUN" starttime="20241227 20:32:17.545" endtime="20241227 20:32:17.570"/>
</branch>
<status status="PASS" starttime="20241227 20:32:17.522" endtime="20241227 20:32:17.571"/>
</if>
<msg timestamp="20241227 20:32:17.571" level="INFO">${options} = None</msg>
<status status="PASS" starttime="20241227 20:32:17.521" endtime="20241227 20:32:17.572"/>
</kw>
<if>
<branch type="IF" condition="&quot;${Env}&quot; == &quot;prod&quot;">
<kw name="Open Browser" library="SeleniumLibrary">
<arg>https://www.marketwatch.com</arg>
<arg>${Browser}</arg>
<arg>options=${options}</arg>
<doc>Opens a new browser instance to the optional ``url``.</doc>
<status status="NOT RUN" starttime="20241227 20:32:17.573" endtime="20241227 20:32:17.573"/>
</kw>
<kw name="Go To" library="SeleniumLibrary">
<arg>https://www.marketwatch.com/story/is-the-u-s-stock-market-closed-on-juneteenth-what-investors-need-to-know-11655230158</arg>
<doc>Navigates the current browser window to the provided ``url``.</doc>
<status status="NOT RUN" starttime="20241227 20:32:17.574" endtime="20241227 20:32:17.575"/>
</kw>
<status status="NOT RUN" starttime="20241227 20:32:17.572" endtime="20241227 20:32:17.576"/>
</branch>
<branch type="ELSE IF" condition="&quot;${Env}&quot; == &quot;dev&quot;">
<kw name="Open Browser" library="SeleniumLibrary">
<arg>https://www.dev.marketwatch.com</arg>
<arg>${Browser}</arg>
<arg>options=${options}</arg>
<doc>Opens a new browser instance to the optional ``url``.</doc>
<msg timestamp="20241227 20:32:17.578" level="INFO">Opening browser 'ff' to base url 'https://www.dev.marketwatch.com'.</msg>
<msg timestamp="20241227 20:32:18.223" level="INFO">Completed setup!</msg>
<status status="PASS" starttime="20241227 20:32:17.577" endtime="20241227 20:32:52.170"/>
</kw>
<kw name="Go To" library="SeleniumLibrary">
<arg>https://www.dev.marketwatch.com/author/Catey-Hill</arg>
<doc>Navigates the current browser window to the provided ``url``.</doc>
<msg timestamp="20241227 20:32:52.172" level="INFO">Opening url 'https://www.dev.marketwatch.com/author/Catey-Hill'</msg>
<status status="PASS" starttime="20241227 20:32:52.172" endtime="20241227 20:32:55.495"/>
</kw>
<status status="PASS" starttime="20241227 20:32:17.577" endtime="20241227 20:32:55.497"/>
</branch>
<status status="PASS" starttime="20241227 20:32:17.572" endtime="20241227 20:32:55.497"/>
</if>
<kw name="Maximize Browser Window" library="SeleniumLibrary">
<doc>Maximizes current browser window.</doc>
<status status="PASS" starttime="20241227 20:32:55.497" endtime="20241227 20:32:55.816"/>
</kw>
<status status="PASS" starttime="20241227 20:32:17.517" endtime="20241227 20:32:55.816"/>
</kw>
<kw name="Start Market Watch Article without byline" library="CommonFunctionality">
<kw name="Set Selenium Speed" library="SeleniumLibrary">
<arg>1 seconds</arg>
<doc>Sets the delay that is waited after each Selenium command.</doc>
<status status="PASS" starttime="20241227 20:32:55.818" endtime="20241227 20:32:55.819"/>
</kw>
<kw name="Set Browser Options" library="CommonFunctionality">
<var>${options}</var>
<if>
<branch type="IF" condition="&quot;${Browser}&quot; == &quot;firefox&quot;">
<kw name="Evaluate" library="BuiltIn">
<var>${options}</var>
<arg>selenium.webdriver.FirefoxOptions()</arg>
<doc>Evaluates the given expression in Python and returns the result.</doc>
<status status="NOT RUN" starttime="20241227 20:32:55.822" endtime="20241227 20:32:55.822"/>
</kw>
<kw name="Call Method" library="BuiltIn">
<arg>${options}</arg>
<arg>add_argument</arg>
<arg>--CreateProfile</arg>
<doc>Calls the named method of the given object with the provided arguments.</doc>
<status status="NOT RUN" starttime="20241227 20:32:55.823" endtime="20241227 20:32:55.823"/>
</kw>
<kw name="Call Method" library="BuiltIn">
<arg>${options}</arg>
<arg>add_argument</arg>
<arg>--start-maximized</arg>
<doc>Calls the named method of the given object with the provided arguments.</doc>
<status status="NOT RUN" starttime="20241227 20:32:55.824" endtime="20241227 20:32:55.825"/>
</kw>
<kw name="Call Method" library="BuiltIn">
<arg>${options}</arg>
<arg>add_argument</arg>
<arg>--disable-dev-shm-usage</arg>
<doc>Calls the named method of the given object with the provided arguments.</doc>
<status status="NOT RUN" starttime="20241227 20:32:55.827" endtime="20241227 20:32:55.827"/>
</kw>
<kw name="Call Method" library="BuiltIn">
<arg>${options}</arg>
<arg>add_argument</arg>
<arg>--no-sandbox</arg>
<doc>Calls the named method of the given object with the provided arguments.</doc>
<status status="NOT RUN" starttime="20241227 20:32:55.829" endtime="20241227 20:32:55.829"/>
</kw>
<kw name="Call Method" library="BuiltIn">
<arg>${options}</arg>
<arg>add_argument</arg>
<arg>--disable-gpu</arg>
<doc>Calls the named method of the given object with the provided arguments.</doc>
<status status="NOT RUN" starttime="20241227 20:32:55.830" endtime="20241227 20:32:55.831"/>
</kw>
<kw name="Call Method" library="BuiltIn">
<arg>${options}</arg>
<arg>add_argument</arg>
<arg>--headless</arg>
<doc>Calls the named method of the given object with the provided arguments.</doc>
<status status="NOT RUN" starttime="20241227 20:32:55.832" endtime="20241227 20:32:55.832"/>
</kw>
<kw name="Call Method" library="BuiltIn">
<arg>${options}</arg>
<arg>add_argument</arg>
<arg>--devtools.debugger.force-local</arg>
<doc>Calls the named method of the given object with the provided arguments.</doc>
<status status="NOT RUN" starttime="20241227 20:32:55.833" endtime="20241227 20:32:55.834"/>
</kw>
<kw name="Call Method" library="BuiltIn">
<arg>${options}</arg>
<arg>add_argument</arg>
<arg>--devtools.debugger.remote-enabled</arg>
<doc>Calls the named method of the given object with the provided arguments.</doc>
<status status="NOT RUN" starttime="20241227 20:32:55.835" endtime="20241227 20:32:55.835"/>
</kw>
<kw name="Call Method" library="BuiltIn">
<arg>${options}</arg>
<arg>add_argument</arg>
<arg>--devtools.chrome.enabled</arg>
<doc>Calls the named method of the given object with the provided arguments.</doc>
<status status="NOT RUN" starttime="20241227 20:32:55.837" endtime="20241227 20:32:55.838"/>
</kw>
<kw name="Call Method" library="BuiltIn">
<arg>${options}</arg>
<arg>add_argument</arg>
<arg>--devtools.debugger.prompt-connection</arg>
<doc>Calls the named method of the given object with the provided arguments.</doc>
<status status="NOT RUN" starttime="20241227 20:32:55.839" endtime="20241227 20:32:55.839"/>
</kw>
<kw name="Call Method" library="BuiltIn">
<arg>${options}</arg>
<arg>add_argument</arg>
<arg>--browser.dom.window.dump.enabled</arg>
<doc>Calls the named method of the given object with the provided arguments.</doc>
<status status="NOT RUN" starttime="20241227 20:32:55.841" endtime="20241227 20:32:55.841"/>
</kw>
<return>
<value>${options}</value>
<status status="NOT RUN" starttime="20241227 20:32:55.842" endtime="20241227 20:32:55.842"/>
</return>
<status status="NOT RUN" starttime="20241227 20:32:55.821" endtime="20241227 20:32:55.844"/>
</branch>
<branch type="ELSE IF" condition="&quot;${Browser}&quot; == &quot;chrome&quot;">
<kw name="Evaluate" library="BuiltIn">
<var>${options}</var>
<arg>selenium.webdriver.ChromeOptions()</arg>
<doc>Evaluates the given expression in Python and returns the result.</doc>
<status status="NOT RUN" starttime="20241227 20:32:55.845" endtime="20241227 20:32:55.845"/>
</kw>
<kw name="Call Method" library="BuiltIn">
<arg>${options}</arg>
<arg>add_argument</arg>
<arg>--start-maximized</arg>
<doc>Calls the named method of the given object with the provided arguments.</doc>
<status status="NOT RUN" starttime="20241227 20:32:55.847" endtime="20241227 20:32:55.848"/>
</kw>
<kw name="Call Method" library="BuiltIn">
<arg>${options}</arg>
<arg>add_argument</arg>
<arg>--disable-dev-shm-usage</arg>
<doc>Calls the named method of the given object with the provided arguments.</doc>
<status status="NOT RUN" starttime="20241227 20:32:55.849" endtime="20241227 20:32:55.851"/>
</kw>
<kw name="Call Method" library="BuiltIn">
<arg>${options}</arg>
<arg>add_argument</arg>
<arg>--no-sandbox</arg>
<doc>Calls the named method of the given object with the provided arguments.</doc>
<status status="NOT RUN" starttime="20241227 20:32:55.852" endtime="20241227 20:32:55.853"/>
</kw>
<kw name="Call Method" library="BuiltIn">
<arg>${options}</arg>
<arg>add_argument</arg>
<arg>--headless</arg>
<doc>Calls the named method of the given object with the provided arguments.</doc>
<status status="NOT RUN" starttime="20241227 20:32:55.854" endtime="20241227 20:32:55.854"/>
</kw>
<kw name="Call Method" library="BuiltIn">
<arg>${options}</arg>
<arg>add_argument</arg>
<arg>--disable-gpu</arg>
<doc>Calls the named method of the given object with the provided arguments.</doc>
<status status="NOT RUN" starttime="20241227 20:32:55.855" endtime="20241227 20:32:55.856"/>
</kw>
<kw name="Call Method" library="BuiltIn">
<arg>${options}</arg>
<arg>add_argument</arg>
<arg>--ignore-certificate-errors</arg>
<doc>Calls the named method of the given object with the provided arguments.</doc>
<status status="NOT RUN" starttime="20241227 20:32:55.857" endtime="20241227 20:32:55.857"/>
</kw>
<kw name="Call Method" library="BuiltIn">
<arg>${options}</arg>
<arg>add_argument</arg>
<arg>--disable-extensions</arg>
<doc>Calls the named method of the given object with the provided arguments.</doc>
<status status="NOT RUN" starttime="20241227 20:32:55.859" endtime="20241227 20:32:55.859"/>
</kw>
<kw name="Call Method" library="BuiltIn">
<arg>${options}</arg>
<arg>add_argument</arg>
<arg>--no-user-gesture-required</arg>
<doc>Calls the named method of the given object with the provided arguments.</doc>
<status status="NOT RUN" starttime="20241227 20:32:55.861" endtime="20241227 20:32:55.862"/>
</kw>
<kw name="Call Method" library="BuiltIn">
<arg>${options}</arg>
<arg>add_argument</arg>
<arg>--no-first-run</arg>
<doc>Calls the named method of the given object with the provided arguments.</doc>
<status status="NOT RUN" starttime="20241227 20:32:55.863" endtime="20241227 20:32:55.863"/>
</kw>
<kw name="Call Method" library="BuiltIn">
<arg>${options}</arg>
<arg>add_argument</arg>
<arg>--use-fake-ui-for-media-stream</arg>
<doc>Calls the named method of the given object with the provided arguments.</doc>
<status status="NOT RUN" starttime="20241227 20:32:55.865" endtime="20241227 20:32:55.865"/>
</kw>
<kw name="Call Method" library="BuiltIn">
<arg>${options}</arg>
<arg>add_argument</arg>
<arg>--use-fake-device-for-media-stream</arg>
<doc>Calls the named method of the given object with the provided arguments.</doc>
<status status="NOT RUN" starttime="20241227 20:32:55.866" endtime="20241227 20:32:55.867"/>
</kw>
<kw name="Call Method" library="BuiltIn">
<arg>${options}</arg>
<arg>add_argument</arg>
<arg>--disable-sync</arg>
<doc>Calls the named method of the given object with the provided arguments.</doc>
<status status="NOT RUN" starttime="20241227 20:32:55.868" endtime="20241227 20:32:55.868"/>
</kw>
<return>
<value>${options}</value>
<status status="NOT RUN" starttime="20241227 20:32:55.869" endtime="20241227 20:32:55.870"/>
</return>
<status status="NOT RUN" starttime="20241227 20:32:55.845" endtime="20241227 20:32:55.871"/>
</branch>
<status status="PASS" starttime="20241227 20:32:55.821" endtime="20241227 20:32:55.872"/>
</if>
<msg timestamp="20241227 20:32:55.872" level="INFO">${options} = None</msg>
<status status="PASS" starttime="20241227 20:32:55.820" endtime="20241227 20:32:55.874"/>
</kw>
<if>
<branch type="IF" condition="&quot;${Env}&quot; == &quot;prod&quot;">
<kw name="Open Browser" library="SeleniumLibrary">
<arg>https://www.marketwatch.com</arg>
<arg>${Browser}</arg>
<arg>options=${options}</arg>
<doc>Opens a new browser instance to the optional ``url``.</doc>
<status status="NOT RUN" starttime="20241227 20:32:55.875" endtime="20241227 20:32:55.876"/>
</kw>
<kw name="Go To" library="SeleniumLibrary">
<arg>https://www.marketwatch.com/story/is-the-u-s-stock-market-closed-on-juneteenth-what-investors-need-to-know-11655230158</arg>
<doc>Navigates the current browser window to the provided ``url``.</doc>
<status status="NOT RUN" starttime="20241227 20:32:55.877" endtime="20241227 20:32:55.877"/>
</kw>
<status status="NOT RUN" starttime="20241227 20:32:55.875" endtime="20241227 20:32:55.878"/>
</branch>
<branch type="ELSE IF" condition="&quot;${Env}&quot; == &quot;dev&quot;">
<kw name="Open Browser" library="SeleniumLibrary">
<arg>https://www.dev.marketwatch.com</arg>
<arg>${Browser}</arg>
<arg>options=${options}</arg>
<doc>Opens a new browser instance to the optional ``url``.</doc>
<msg timestamp="20241227 20:32:55.881" level="INFO">Opening browser 'ff' to base url 'https://www.dev.marketwatch.com'.</msg>
<msg timestamp="20241227 20:32:56.622" level="INFO">Completed setup!</msg>
<status status="PASS" starttime="20241227 20:32:55.880" endtime="20241227 20:33:37.929"/>
</kw>
<kw name="Go To" library="SeleniumLibrary">
<arg>https://www.dev.marketwatch.com/author/Catey-Hill</arg>
<doc>Navigates the current browser window to the provided ``url``.</doc>
<msg timestamp="20241227 20:33:37.930" level="INFO">Opening url 'https://www.dev.marketwatch.com/author/Catey-Hill'</msg>
<status status="PASS" starttime="20241227 20:33:37.930" endtime="20241227 20:33:44.176"/>
</kw>
<status status="PASS" starttime="20241227 20:32:55.880" endtime="20241227 20:33:44.176"/>
</branch>
<status status="PASS" starttime="20241227 20:32:55.875" endtime="20241227 20:33:44.178"/>
</if>
<kw name="Maximize Browser Window" library="SeleniumLibrary">
<doc>Maximizes current browser window.</doc>
<status status="PASS" starttime="20241227 20:33:44.179" endtime="20241227 20:33:45.271"/>
</kw>
<status status="PASS" starttime="20241227 20:32:55.817" endtime="20241227 20:33:45.272"/>
</kw>
<kw name="Validate author without byline" library="MarketWatchArticlePage">
<kw name="Page Should Contain Element" library="SeleniumLibrary">
<arg>//div[1]/div[1]/div[1]/div/header/h1[contains(., 'Catey Hill')]</arg>
<doc>Verifies that element ``locator`` is found on the current page.</doc>
<msg timestamp="20241227 20:33:59.257" level="INFO" html="true">&lt;/td&gt;&lt;/tr&gt;&lt;tr&gt;&lt;td colspan="3"&gt;&lt;a href="selenium-screenshot-2.png"&gt;&lt;img src="selenium-screenshot-2.png" width="800px"&gt;&lt;/a&gt;</msg>
<msg timestamp="20241227 20:33:59.257" level="FAIL">Page should have contained element '//div[1]/div[1]/div[1]/div/header/h1[contains(., 'Catey Hill')]' but did not.</msg>
<status status="FAIL" starttime="20241227 20:33:45.274" endtime="20241227 20:33:59.260"/>
</kw>
<status status="FAIL" starttime="20241227 20:33:45.273" endtime="20241227 20:33:59.261"/>
</kw>
<kw name="Finish Testcase" library="CommonFunctionality" type="TEARDOWN">
<kw name="Close Browser" library="SeleniumLibrary">
<doc>Closes the current browser.</doc>
<status status="PASS" starttime="20241227 20:33:59.263" endtime="20241227 20:33:59.264"/>
</kw>
<status status="PASS" starttime="20241227 20:33:59.262" endtime="20241227 20:33:59.265"/>
</kw>
<doc>This test case validates authors without byline for Market Watch article page</doc>
<tag>Article</tag>
<tag>Author</tag>
<tag>MarketWatch</tag>
<tag>Regression</tag>
<status status="FAIL" starttime="20241227 20:32:17.516" endtime="20241227 20:33:59.266">Page should have contained element '//div[1]/div[1]/div[1]/div/header/h1[contains(., 'Catey Hill')]' but did not.</status>
</test>
<test id="s1-s1-s1-s1-s1-s1-t3" name="Validate the Watchlist widget from Watchlist page" line="52">
<kw name="Start Market Watch Article" library="CommonFunctionality" type="SETUP">
<kw name="Set Selenium Speed" library="SeleniumLibrary">
<arg>0.1 seconds</arg>
<doc>Sets the delay that is waited after each Selenium command.</doc>
<status status="PASS" starttime="20241227 20:34:04.053" endtime="20241227 20:34:04.054"/>
</kw>
<kw name="Set Browser Options" library="CommonFunctionality">
<var>${options}</var>
<if>
<branch type="IF" condition="&quot;${Browser}&quot; == &quot;firefox&quot;">
<kw name="Evaluate" library="BuiltIn">
<var>${options}</var>
<arg>selenium.webdriver.FirefoxOptions()</arg>
<doc>Evaluates the given expression in Python and returns the result.</doc>
<status status="NOT RUN" starttime="20241227 20:34:04.057" endtime="20241227 20:34:04.058"/>
</kw>
<kw name="Call Method" library="BuiltIn">
<arg>${options}</arg>
<arg>add_argument</arg>
<arg>--CreateProfile</arg>
<doc>Calls the named method of the given object with the provided arguments.</doc>
<status status="NOT RUN" starttime="20241227 20:34:04.060" endtime="20241227 20:34:04.061"/>
</kw>
<kw name="Call Method" library="BuiltIn">
<arg>${options}</arg>
<arg>add_argument</arg>
<arg>--start-maximized</arg>
<doc>Calls the named method of the given object with the provided arguments.</doc>
<status status="NOT RUN" starttime="20241227 20:34:04.063" endtime="20241227 20:34:04.064"/>
</kw>
<kw name="Call Method" library="BuiltIn">
<arg>${options}</arg>
<arg>add_argument</arg>
<arg>--disable-dev-shm-usage</arg>
<doc>Calls the named method of the given object with the provided arguments.</doc>
<status status="NOT RUN" starttime="20241227 20:34:04.065" endtime="20241227 20:34:04.067"/>
</kw>
<kw name="Call Method" library="BuiltIn">
<arg>${options}</arg>
<arg>add_argument</arg>
<arg>--no-sandbox</arg>
<doc>Calls the named method of the given object with the provided arguments.</doc>
<status status="NOT RUN" starttime="20241227 20:34:04.069" endtime="20241227 20:34:04.069"/>
</kw>
<kw name="Call Method" library="BuiltIn">
<arg>${options}</arg>
<arg>add_argument</arg>
<arg>--disable-gpu</arg>
<doc>Calls the named method of the given object with the provided arguments.</doc>
<status status="NOT RUN" starttime="20241227 20:34:04.071" endtime="20241227 20:34:04.072"/>
</kw>
<kw name="Call Method" library="BuiltIn">
<arg>${options}</arg>
<arg>add_argument</arg>
<arg>--headless</arg>
<doc>Calls the named method of the given object with the provided arguments.</doc>
<status status="NOT RUN" starttime="20241227 20:34:04.073" endtime="20241227 20:34:04.074"/>
</kw>
<kw name="Call Method" library="BuiltIn">
<arg>${options}</arg>
<arg>add_argument</arg>
<arg>--devtools.debugger.force-local</arg>
<doc>Calls the named method of the given object with the provided arguments.</doc>
<status status="NOT RUN" starttime="20241227 20:34:04.076" endtime="20241227 20:34:04.076"/>
</kw>
<kw name="Call Method" library="BuiltIn">
<arg>${options}</arg>
<arg>add_argument</arg>
<arg>--devtools.debugger.remote-enabled</arg>
<doc>Calls the named method of the given object with the provided arguments.</doc>
<status status="NOT RUN" starttime="20241227 20:34:04.078" endtime="20241227 20:34:04.080"/>
</kw>
<kw name="Call Method" library="BuiltIn">
<arg>${options}</arg>
<arg>add_argument</arg>
<arg>--devtools.chrome.enabled</arg>
<doc>Calls the named method of the given object with the provided arguments.</doc>
<status status="NOT RUN" starttime="20241227 20:34:04.082" endtime="20241227 20:34:04.082"/>
</kw>
<kw name="Call Method" library="BuiltIn">
<arg>${options}</arg>
<arg>add_argument</arg>
<arg>--devtools.debugger.prompt-connection</arg>
<doc>Calls the named method of the given object with the provided arguments.</doc>
<status status="NOT RUN" starttime="20241227 20:34:04.085" endtime="20241227 20:34:04.085"/>
</kw>
<kw name="Call Method" library="BuiltIn">
<arg>${options}</arg>
<arg>add_argument</arg>
<arg>--browser.dom.window.dump.enabled</arg>
<doc>Calls the named method of the given object with the provided arguments.</doc>
<status status="NOT RUN" starttime="20241227 20:34:04.087" endtime="20241227 20:34:04.088"/>
</kw>
<return>
<value>${options}</value>
<status status="NOT RUN" starttime="20241227 20:34:04.088" endtime="20241227 20:34:04.090"/>
</return>
<status status="NOT RUN" starttime="20241227 20:34:04.056" endtime="20241227 20:34:04.092"/>
</branch>
<branch type="ELSE IF" condition="&quot;${Browser}&quot; == &quot;chrome&quot;">
<kw name="Evaluate" library="BuiltIn">
<var>${options}</var>
<arg>selenium.webdriver.ChromeOptions()</arg>
<doc>Evaluates the given expression in Python and returns the result.</doc>
<status status="NOT RUN" starttime="20241227 20:34:04.094" endtime="20241227 20:34:04.095"/>
</kw>
<kw name="Call Method" library="BuiltIn">
<arg>${options}</arg>
<arg>add_argument</arg>
<arg>--start-maximized</arg>
<doc>Calls the named method of the given object with the provided arguments.</doc>
<status status="NOT RUN" starttime="20241227 20:34:04.098" endtime="20241227 20:34:04.098"/>
</kw>
<kw name="Call Method" library="BuiltIn">
<arg>${options}</arg>
<arg>add_argument</arg>
<arg>--disable-dev-shm-usage</arg>
<doc>Calls the named method of the given object with the provided arguments.</doc>
<status status="NOT RUN" starttime="20241227 20:34:04.101" endtime="20241227 20:34:04.101"/>
</kw>
<kw name="Call Method" library="BuiltIn">
<arg>${options}</arg>
<arg>add_argument</arg>
<arg>--no-sandbox</arg>
<doc>Calls the named method of the given object with the provided arguments.</doc>
<status status="NOT RUN" starttime="20241227 20:34:04.103" endtime="20241227 20:34:04.103"/>
</kw>
<kw name="Call Method" library="BuiltIn">
<arg>${options}</arg>
<arg>add_argument</arg>
<arg>--headless</arg>
<doc>Calls the named method of the given object with the provided arguments.</doc>
<status status="NOT RUN" starttime="20241227 20:34:04.105" endtime="20241227 20:34:04.105"/>
</kw>
<kw name="Call Method" library="BuiltIn">
<arg>${options}</arg>
<arg>add_argument</arg>
<arg>--disable-gpu</arg>
<doc>Calls the named method of the given object with the provided arguments.</doc>
<status status="NOT RUN" starttime="20241227 20:34:04.107" endtime="20241227 20:34:04.108"/>
</kw>
<kw name="Call Method" library="BuiltIn">
<arg>${options}</arg>
<arg>add_argument</arg>
<arg>--ignore-certificate-errors</arg>
<doc>Calls the named method of the given object with the provided arguments.</doc>
<status status="NOT RUN" starttime="20241227 20:34:04.109" endtime="20241227 20:34:04.109"/>
</kw>
<kw name="Call Method" library="BuiltIn">
<arg>${options}</arg>
<arg>add_argument</arg>
<arg>--disable-extensions</arg>
<doc>Calls the named method of the given object with the provided arguments.</doc>
<status status="NOT RUN" starttime="20241227 20:34:04.111" endtime="20241227 20:34:04.112"/>
</kw>
<kw name="Call Method" library="BuiltIn">
<arg>${options}</arg>
<arg>add_argument</arg>
<arg>--no-user-gesture-required</arg>
<doc>Calls the named method of the given object with the provided arguments.</doc>
<status status="NOT RUN" starttime="20241227 20:34:04.113" endtime="20241227 20:34:04.114"/>
</kw>
<kw name="Call Method" library="BuiltIn">
<arg>${options}</arg>
<arg>add_argument</arg>
<arg>--no-first-run</arg>
<doc>Calls the named method of the given object with the provided arguments.</doc>
<status status="NOT RUN" starttime="20241227 20:34:04.116" endtime="20241227 20:34:04.117"/>
</kw>
<kw name="Call Method" library="BuiltIn">
<arg>${options}</arg>
<arg>add_argument</arg>
<arg>--use-fake-ui-for-media-stream</arg>
<doc>Calls the named method of the given object with the provided arguments.</doc>
<status status="NOT RUN" starttime="20241227 20:34:04.118" endtime="20241227 20:34:04.119"/>
</kw>
<kw name="Call Method" library="BuiltIn">
<arg>${options}</arg>
<arg>add_argument</arg>
<arg>--use-fake-device-for-media-stream</arg>
<doc>Calls the named method of the given object with the provided arguments.</doc>
<status status="NOT RUN" starttime="20241227 20:34:04.121" endtime="20241227 20:34:04.121"/>
</kw>
<kw name="Call Method" library="BuiltIn">
<arg>${options}</arg>
<arg>add_argument</arg>
<arg>--disable-sync</arg>
<doc>Calls the named method of the given object with the provided arguments.</doc>
<status status="NOT RUN" starttime="20241227 20:34:04.123" endtime="20241227 20:34:04.123"/>
</kw>
<return>
<value>${options}</value>
<status status="NOT RUN" starttime="20241227 20:34:04.125" endtime="20241227 20:34:04.126"/>
</return>
<status status="NOT RUN" starttime="20241227 20:34:04.093" endtime="20241227 20:34:04.130"/>
</branch>
<status status="PASS" starttime="20241227 20:34:04.056" endtime="20241227 20:34:04.131"/>
</if>
<msg timestamp="20241227 20:34:04.132" level="INFO">${options} = None</msg>
<status status="PASS" starttime="20241227 20:34:04.055" endtime="20241227 20:34:04.133"/>
</kw>
<if>
<branch type="IF" condition="&quot;${Env}&quot; == &quot;prod&quot;">
<kw name="Open Browser" library="SeleniumLibrary">
<arg>https://www.marketwatch.com</arg>
<arg>${Browser}</arg>
<arg>options=${options}</arg>
<doc>Opens a new browser instance to the optional ``url``.</doc>
<status status="NOT RUN" starttime="20241227 20:34:04.134" endtime="20241227 20:34:04.134"/>
</kw>
<kw name="Go To" library="SeleniumLibrary">
<arg>https://www.marketwatch.com/story/is-the-u-s-stock-market-closed-on-juneteenth-what-investors-need-to-know-11655230158</arg>
<doc>Navigates the current browser window to the provided ``url``.</doc>
<status status="NOT RUN" starttime="20241227 20:34:04.136" endtime="20241227 20:34:04.137"/>
</kw>
<status status="NOT RUN" starttime="20241227 20:34:04.133" endtime="20241227 20:34:04.138"/>
</branch>
<branch type="ELSE IF" condition="&quot;${Env}&quot; == &quot;dev&quot;">
<kw name="Open Browser" library="SeleniumLibrary">
<arg>https://www.dev.marketwatch.com</arg>
<arg>${Browser}</arg>
<arg>options=${options}</arg>
<doc>Opens a new browser instance to the optional ``url``.</doc>
<msg timestamp="20241227 20:34:04.142" level="INFO">Opening browser 'ff' to base url 'https://www.dev.marketwatch.com'.</msg>
<msg timestamp="20241227 20:34:04.845" level="INFO">Completed setup!</msg>
<status status="PASS" starttime="20241227 20:34:04.140" endtime="20241227 20:34:25.691"/>
</kw>
<kw name="Go To" library="SeleniumLibrary">
<arg>https://www.dev.marketwatch.com/author/Catey-Hill</arg>
<doc>Navigates the current browser window to the provided ``url``.</doc>
<msg timestamp="20241227 20:34:25.693" level="INFO">Opening url 'https://www.dev.marketwatch.com/author/Catey-Hill'</msg>
<status status="PASS" starttime="20241227 20:34:25.693" endtime="20241227 20:34:29.461"/>
</kw>
<status status="PASS" starttime="20241227 20:34:04.140" endtime="20241227 20:34:29.462"/>
</branch>
<status status="PASS" starttime="20241227 20:34:04.133" endtime="20241227 20:34:29.463"/>
</if>
<kw name="Maximize Browser Window" library="SeleniumLibrary">
<doc>Maximizes current browser window.</doc>
<status status="PASS" starttime="20241227 20:34:29.463" endtime="20241227 20:34:29.734"/>
</kw>
<status status="PASS" starttime="20241227 20:34:04.052" endtime="20241227 20:34:29.735"/>
</kw>
<kw name="Start MarketWatch for Watchlist page" library="CommonFunctionality">
<kw name="Set Selenium Speed" library="SeleniumLibrary">
<arg>0.5 seconds</arg>
<doc>Sets the delay that is waited after each Selenium command.</doc>
<status status="PASS" starttime="20241227 20:34:29.737" endtime="20241227 20:34:29.738"/>
</kw>
<if>
<branch type="IF" condition="&quot;${Env}&quot; == &quot;prod&quot;">
<kw name="Go To" library="SeleniumLibrary">
<arg>https://www.marketwatch.com/watchlist?mod=top_nav</arg>
<doc>Navigates the current browser window to the provided ``url``.</doc>
<status status="NOT RUN" starttime="20241227 20:34:29.739" endtime="20241227 20:34:29.740"/>
</kw>
<status status="NOT RUN" starttime="20241227 20:34:29.739" endtime="20241227 20:34:29.741"/>
</branch>
<branch type="ELSE IF" condition="&quot;${Env}&quot; == &quot;dev&quot;">
<kw name="Go To" library="SeleniumLibrary">
<arg>https://www.stg.marketwatch.com</arg>
<doc>Navigates the current browser window to the provided ``url``.</doc>
<msg timestamp="20241227 20:34:29.742" level="INFO">Opening url 'https://www.stg.marketwatch.com'</msg>
<status status="PASS" starttime="20241227 20:34:29.742" endtime="20241227 20:34:53.551"/>
</kw>
<kw name="Go To" library="SeleniumLibrary">
<arg>https://www.stg.marketwatch.com/welcome-watchlist</arg>
<doc>Navigates the current browser window to the provided ``url``.</doc>
<msg timestamp="20241227 20:34:53.552" level="INFO">Opening url 'https://www.stg.marketwatch.com/welcome-watchlist'</msg>
<status status="PASS" starttime="20241227 20:34:53.552" endtime="20241227 20:34:56.548"/>
</kw>
<status status="PASS" starttime="20241227 20:34:29.742" endtime="20241227 20:34:56.549"/>
</branch>
<status status="PASS" starttime="20241227 20:34:29.739" endtime="20241227 20:34:56.550"/>
</if>
<kw name="Maximize Browser Window" library="SeleniumLibrary">
<doc>Maximizes current browser window.</doc>
<status status="PASS" starttime="20241227 20:34:56.550" endtime="20241227 20:34:57.266"/>
</kw>
<status status="PASS" starttime="20241227 20:34:29.736" endtime="20241227 20:34:57.268"/>
</kw>
<kw name="Execute Javascript" library="SeleniumLibrary">
<arg>window.scrollTo(0,500)</arg>
<doc>Executes the given JavaScript code with possible arguments.</doc>
<msg timestamp="20241227 20:34:57.269" level="INFO">Executing JavaScript:
window.scrollTo(0,500)
Without any arguments.</msg>
<status status="PASS" starttime="20241227 20:34:57.268" endtime="20241227 20:34:57.815"/>
</kw>
<kw name="MarketWatch Test User Sign In Process" library="DefinedKeywords">
<kw name="Wait Until Element Is Visible" library="SeleniumLibrary">
<arg>//*[@id="maincontent"]/div/div/section/div[1]/div[3]/div/a</arg>
<doc>Waits until the element ``locator`` is visible.</doc>
<msg timestamp="20241227 20:35:09.667" level="INFO" html="true">&lt;/td&gt;&lt;/tr&gt;&lt;tr&gt;&lt;td colspan="3"&gt;&lt;a href="selenium-screenshot-3.png"&gt;&lt;img src="selenium-screenshot-3.png" width="800px"&gt;&lt;/a&gt;</msg>
<msg timestamp="20241227 20:35:09.669" level="FAIL">Element '//*[@id="maincontent"]/div/div/section/div[1]/div[3]/div/a' not visible after 5 seconds.</msg>
<status status="FAIL" starttime="20241227 20:34:57.818" endtime="20241227 20:35:09.671"/>
</kw>
<kw name="Click Element" library="SeleniumLibrary">
<arg>//*[@id="maincontent"]/div/div/section/div[1]/div[3]/div/a</arg>
<doc>Click the element identified by ``locator``.</doc>
<status status="NOT RUN" starttime="20241227 20:35:09.672" endtime="20241227 20:35:09.673"/>
</kw>
<kw name="Click Button" library="SeleniumLibrary">
<arg>//*[@id="emailOrUsername"]</arg>
<doc>Clicks the button identified by ``locator``.</doc>
<status status="NOT RUN" starttime="20241227 20:35:09.675" endtime="20241227 20:35:09.675"/>
</kw>
<kw name="Input Text" library="SeleniumLibrary">
<arg>//*[@id="emailOrUsername"]</arg>
<arg>QABARRONSONLY</arg>
<doc>Types the given ``text`` into the text field identified by ``locator``.</doc>
<status status="NOT RUN" starttime="20241227 20:35:09.676" endtime="20241227 20:35:09.677"/>
</kw>
<kw name="Set Selenium Implicit Wait" library="SeleniumLibrary">
<arg>10s</arg>
<doc>Sets the implicit wait value used by Selenium.</doc>
<status status="NOT RUN" starttime="20241227 20:35:09.678" endtime="20241227 20:35:09.679"/>
</kw>
<kw name="Click Button" library="SeleniumLibrary">
<arg>//*[@id="signin-continue-btn"]</arg>
<doc>Clicks the button identified by ``locator``.</doc>
<status status="NOT RUN" starttime="20241227 20:35:09.680" endtime="20241227 20:35:09.680"/>
</kw>
<kw name="Set Selenium Implicit Wait" library="SeleniumLibrary">
<arg>10s</arg>
<doc>Sets the implicit wait value used by Selenium.</doc>
<status status="NOT RUN" starttime="20241227 20:35:09.682" endtime="20241227 20:35:09.683"/>
</kw>
<kw name="Wait Until Element Is Visible" library="SeleniumLibrary">
<arg>//*[@id="password"]</arg>
<doc>Waits until the element ``locator`` is visible.</doc>
<status status="NOT RUN" starttime="20241227 20:35:09.685" endtime="20241227 20:35:09.685"/>
</kw>
<kw name="Input Text" library="SeleniumLibrary">
<arg>//*[@id="password"]</arg>
<arg>password1</arg>
<doc>Types the given ``text`` into the text field identified by ``locator``.</doc>
<status status="NOT RUN" starttime="20241227 20:35:09.686" endtime="20241227 20:35:09.688"/>
</kw>
<kw name="Set Selenium Implicit Wait" library="SeleniumLibrary">
<arg>10s</arg>
<doc>Sets the implicit wait value used by Selenium.</doc>
<status status="NOT RUN" starttime="20241227 20:35:09.689" endtime="20241227 20:35:09.690"/>
</kw>
<kw name="Click Button" library="SeleniumLibrary">
<arg>//*[@id="signin-pass-submit-btn"]</arg>
<doc>Clicks the button identified by ``locator``.</doc>
<status status="NOT RUN" starttime="20241227 20:35:09.692" endtime="20241227 20:35:09.693"/>
</kw>
<kw name="Set Selenium Implicit Wait" library="SeleniumLibrary">
<arg>10s</arg>
<doc>Sets the implicit wait value used by Selenium.</doc>
<status status="NOT RUN" starttime="20241227 20:35:09.694" endtime="20241227 20:35:09.695"/>
</kw>
<kw name="Wait Until Element Is Visible" library="SeleniumLibrary">
<arg>//html/body/section/nav/header/ul/li[2]/a</arg>
<doc>Waits until the element ``locator`` is visible.</doc>
<status status="NOT RUN" starttime="20241227 20:35:09.697" endtime="20241227 20:35:09.698"/>
</kw>
<kw name="Click Element" library="SeleniumLibrary">
<arg>//html/body/section/nav/header/ul/li[2]/a</arg>
<doc>Click the element identified by ``locator``.</doc>
<status status="NOT RUN" starttime="20241227 20:35:09.700" endtime="20241227 20:35:09.701"/>
</kw>
<status status="FAIL" starttime="20241227 20:34:57.816" endtime="20241227 20:35:09.703"/>
</kw>
<kw name="Set Selenium Speed" library="SeleniumLibrary">
<arg>0.5 seconds</arg>
<doc>Sets the delay that is waited after each Selenium command.</doc>
<status status="NOT RUN" starttime="20241227 20:35:09.704" endtime="20241227 20:35:09.705"/>
</kw>
<kw name="Capture Page Screenshot" library="SeleniumLibrary">
<arg>screenshot.png</arg>
<doc>Takes a screenshot of the current page and embeds it into a log file.</doc>
<status status="NOT RUN" starttime="20241227 20:35:09.707" endtime="20241227 20:35:09.708"/>
</kw>
<kw name="Validate Watchlist Page" library="MarketWatchWatchlistPage">
<status status="NOT RUN" starttime="20241227 20:35:09.709" endtime="20241227 20:35:09.710"/>
</kw>
<kw name="Validate Default New Watchlist" library="MarketWatchWatchlistPage">
<status status="NOT RUN" starttime="20241227 20:35:09.710" endtime="20241227 20:35:09.711"/>
</kw>
<kw name="Click Add Symbol Input" library="MarketWatchWatchlistPage">
<status status="NOT RUN" starttime="20241227 20:35:09.712" endtime="20241227 20:35:09.713"/>
</kw>
<kw name="Type Symbol" library="MarketWatchWatchlistPage">
<status status="NOT RUN" starttime="20241227 20:35:09.714" endtime="20241227 20:35:09.715"/>
</kw>
<kw name="Select Symbol" library="MarketWatchWatchlistPage">
<status status="NOT RUN" starttime="20241227 20:35:09.716" endtime="20241227 20:35:09.717"/>
</kw>
<kw name="Validate Symbol in Default New Watchlist" library="MarketWatchWatchlistPage">
<status status="NOT RUN" starttime="20241227 20:35:09.719" endtime="20241227 20:35:09.720"/>
</kw>
<kw name="Create Watchlist Name" library="MarketWatchWatchlistPage">
<status status="NOT RUN" starttime="20241227 20:35:09.721" endtime="20241227 20:35:09.721"/>
</kw>
<kw name="Edit Watchlist Name" library="MarketWatchWatchlistPage">
<status status="NOT RUN" starttime="20241227 20:35:09.722" endtime="20241227 20:35:09.722"/>
</kw>
<kw name="Type Symbol" library="MarketWatchWatchlistPage">
<status status="NOT RUN" starttime="20241227 20:35:09.724" endtime="20241227 20:35:09.724"/>
</kw>
<kw name="Select Symbol" library="MarketWatchWatchlistPage">
<status status="NOT RUN" starttime="20241227 20:35:09.725" endtime="20241227 20:35:09.726"/>
</kw>
<kw name="Validate Symbol in Created Watchlist" library="MarketWatchWatchlistPage">
<status status="NOT RUN" starttime="20241227 20:35:09.727" endtime="20241227 20:35:09.728"/>
</kw>
<kw name="Delete Watchlists" library="MarketWatchWatchlistPage">
<status status="NOT RUN" starttime="20241227 20:35:09.730" endtime="20241227 20:35:09.731"/>
</kw>
<kw name="Finish Testcase" library="CommonFunctionality" type="TEARDOWN">
<kw name="Close Browser" library="SeleniumLibrary">
<doc>Closes the current browser.</doc>
<status status="PASS" starttime="20241227 20:35:09.734" endtime="20241227 20:35:09.734"/>
</kw>
<status status="PASS" starttime="20241227 20:35:09.732" endtime="20241227 20:35:09.735"/>
</kw>
<doc>This test case validates the watchlist widget from watchlist page</doc>
<tag>MarketWatch</tag>
<tag>Regression</tag>
<tag>US-T218</tag>
<tag>Watchlist</tag>
<status status="FAIL" starttime="20241227 20:34:04.049" endtime="20241227 20:35:09.736">Element '//*[@id="maincontent"]/div/div/section/div[1]/div[3]/div/a' not visible after 5 seconds.</status>
</test>
<test id="s1-s1-s1-s1-s1-s1-t4" name="Validate the MarketWatch price and volume on the alerts page" line="77">
<kw name="Start Market Watch Article" library="CommonFunctionality" type="SETUP">
<kw name="Set Selenium Speed" library="SeleniumLibrary">
<arg>0.1 seconds</arg>
<doc>Sets the delay that is waited after each Selenium command.</doc>
<status status="PASS" starttime="20241227 20:35:12.486" endtime="20241227 20:35:12.487"/>
</kw>
<kw name="Set Browser Options" library="CommonFunctionality">
<var>${options}</var>
<if>
<branch type="IF" condition="&quot;${Browser}&quot; == &quot;firefox&quot;">
<kw name="Evaluate" library="BuiltIn">
<var>${options}</var>
<arg>selenium.webdriver.FirefoxOptions()</arg>
<doc>Evaluates the given expression in Python and returns the result.</doc>
<status status="NOT RUN" starttime="20241227 20:35:12.490" endtime="20241227 20:35:12.490"/>
</kw>
<kw name="Call Method" library="BuiltIn">
<arg>${options}</arg>
<arg>add_argument</arg>
<arg>--CreateProfile</arg>
<doc>Calls the named method of the given object with the provided arguments.</doc>
<status status="NOT RUN" starttime="20241227 20:35:12.492" endtime="20241227 20:35:12.492"/>
</kw>
<kw name="Call Method" library="BuiltIn">
<arg>${options}</arg>
<arg>add_argument</arg>
<arg>--start-maximized</arg>
<doc>Calls the named method of the given object with the provided arguments.</doc>
<status status="NOT RUN" starttime="20241227 20:35:12.493" endtime="20241227 20:35:12.494"/>
</kw>
<kw name="Call Method" library="BuiltIn">
<arg>${options}</arg>
<arg>add_argument</arg>
<arg>--disable-dev-shm-usage</arg>
<doc>Calls the named method of the given object with the provided arguments.</doc>
<status status="NOT RUN" starttime="20241227 20:35:12.495" endtime="20241227 20:35:12.496"/>
</kw>
<kw name="Call Method" library="BuiltIn">
<arg>${options}</arg>
<arg>add_argument</arg>
<arg>--no-sandbox</arg>
<doc>Calls the named method of the given object with the provided arguments.</doc>
<status status="NOT RUN" starttime="20241227 20:35:12.497" endtime="20241227 20:35:12.497"/>
</kw>
<kw name="Call Method" library="BuiltIn">
<arg>${options}</arg>
<arg>add_argument</arg>
<arg>--disable-gpu</arg>
<doc>Calls the named method of the given object with the provided arguments.</doc>
<status status="NOT RUN" starttime="20241227 20:35:12.498" endtime="20241227 20:35:12.499"/>
</kw>
<kw name="Call Method" library="BuiltIn">
<arg>${options}</arg>
<arg>add_argument</arg>
<arg>--headless</arg>
<doc>Calls the named method of the given object with the provided arguments.</doc>
<status status="NOT RUN" starttime="20241227 20:35:12.500" endtime="20241227 20:35:12.501"/>
</kw>
<kw name="Call Method" library="BuiltIn">
<arg>${options}</arg>
<arg>add_argument</arg>
<arg>--devtools.debugger.force-local</arg>
<doc>Calls the named method of the given object with the provided arguments.</doc>
<status status="NOT RUN" starttime="20241227 20:35:12.502" endtime="20241227 20:35:12.502"/>
</kw>
<kw name="Call Method" library="BuiltIn">
<arg>${options}</arg>
<arg>add_argument</arg>
<arg>--devtools.debugger.remote-enabled</arg>
<doc>Calls the named method of the given object with the provided arguments.</doc>
<status status="NOT RUN" starttime="20241227 20:35:12.504" endtime="20241227 20:35:12.505"/>
</kw>
<kw name="Call Method" library="BuiltIn">
<arg>${options}</arg>
<arg>add_argument</arg>
<arg>--devtools.chrome.enabled</arg>
<doc>Calls the named method of the given object with the provided arguments.</doc>
<status status="NOT RUN" starttime="20241227 20:35:12.508" endtime="20241227 20:35:12.508"/>
</kw>
<kw name="Call Method" library="BuiltIn">
<arg>${options}</arg>
<arg>add_argument</arg>
<arg>--devtools.debugger.prompt-connection</arg>
<doc>Calls the named method of the given object with the provided arguments.</doc>
<status status="NOT RUN" starttime="20241227 20:35:12.510" endtime="20241227 20:35:12.511"/>
</kw>
<kw name="Call Method" library="BuiltIn">
<arg>${options}</arg>
<arg>add_argument</arg>
<arg>--browser.dom.window.dump.enabled</arg>
<doc>Calls the named method of the given object with the provided arguments.</doc>
<status status="NOT RUN" starttime="20241227 20:35:12.513" endtime="20241227 20:35:12.514"/>
</kw>
<return>
<value>${options}</value>
<status status="NOT RUN" starttime="20241227 20:35:12.515" endtime="20241227 20:35:12.515"/>
</return>
<status status="NOT RUN" starttime="20241227 20:35:12.488" endtime="20241227 20:35:12.516"/>
</branch>
<branch type="ELSE IF" condition="&quot;${Browser}&quot; == &quot;chrome&quot;">
<kw name="Evaluate" library="BuiltIn">
<var>${options}</var>
<arg>selenium.webdriver.ChromeOptions()</arg>
<doc>Evaluates the given expression in Python and returns the result.</doc>
<status status="NOT RUN" starttime="20241227 20:35:12.519" endtime="20241227 20:35:12.520"/>
</kw>
<kw name="Call Method" library="BuiltIn">
<arg>${options}</arg>
<arg>add_argument</arg>
<arg>--start-maximized</arg>
<doc>Calls the named method of the given object with the provided arguments.</doc>
<status status="NOT RUN" starttime="20241227 20:35:12.522" endtime="20241227 20:35:12.523"/>
</kw>
<kw name="Call Method" library="BuiltIn">
<arg>${options}</arg>
<arg>add_argument</arg>
<arg>--disable-dev-shm-usage</arg>
<doc>Calls the named method of the given object with the provided arguments.</doc>
<status status="NOT RUN" starttime="20241227 20:35:12.524" endtime="20241227 20:35:12.525"/>
</kw>
<kw name="Call Method" library="BuiltIn">
<arg>${options}</arg>
<arg>add_argument</arg>
<arg>--no-sandbox</arg>
<doc>Calls the named method of the given object with the provided arguments.</doc>
<status status="NOT RUN" starttime="20241227 20:35:12.526" endtime="20241227 20:35:12.526"/>
</kw>
<kw name="Call Method" library="BuiltIn">
<arg>${options}</arg>
<arg>add_argument</arg>
<arg>--headless</arg>
<doc>Calls the named method of the given object with the provided arguments.</doc>
<status status="NOT RUN" starttime="20241227 20:35:12.528" endtime="20241227 20:35:12.528"/>
</kw>
<kw name="Call Method" library="BuiltIn">
<arg>${options}</arg>
<arg>add_argument</arg>
<arg>--disable-gpu</arg>
<doc>Calls the named method of the given object with the provided arguments.</doc>
<status status="NOT RUN" starttime="20241227 20:35:12.529" endtime="20241227 20:35:12.530"/>
</kw>
<kw name="Call Method" library="BuiltIn">
<arg>${options}</arg>
<arg>add_argument</arg>
<arg>--ignore-certificate-errors</arg>
<doc>Calls the named method of the given object with the provided arguments.</doc>
<status status="NOT RUN" starttime="20241227 20:35:12.531" endtime="20241227 20:35:12.531"/>
</kw>
<kw name="Call Method" library="BuiltIn">
<arg>${options}</arg>
<arg>add_argument</arg>
<arg>--disable-extensions</arg>
<doc>Calls the named method of the given object with the provided arguments.</doc>
<status status="NOT RUN" starttime="20241227 20:35:12.532" endtime="20241227 20:35:12.532"/>
</kw>
<kw name="Call Method" library="BuiltIn">
<arg>${options}</arg>
<arg>add_argument</arg>
<arg>--no-user-gesture-required</arg>
<doc>Calls the named method of the given object with the provided arguments.</doc>
<status status="NOT RUN" starttime="20241227 20:35:12.534" endtime="20241227 20:35:12.535"/>
</kw>
<kw name="Call Method" library="BuiltIn">
<arg>${options}</arg>
<arg>add_argument</arg>
<arg>--no-first-run</arg>
<doc>Calls the named method of the given object with the provided arguments.</doc>
<status status="NOT RUN" starttime="20241227 20:35:12.536" endtime="20241227 20:35:12.537"/>
</kw>
<kw name="Call Method" library="BuiltIn">
<arg>${options}</arg>
<arg>add_argument</arg>
<arg>--use-fake-ui-for-media-stream</arg>
<doc>Calls the named method of the given object with the provided arguments.</doc>
<status status="NOT RUN" starttime="20241227 20:35:12.539" endtime="20241227 20:35:12.540"/>
</kw>
<kw name="Call Method" library="BuiltIn">
<arg>${options}</arg>
<arg>add_argument</arg>
<arg>--use-fake-device-for-media-stream</arg>
<doc>Calls the named method of the given object with the provided arguments.</doc>
<status status="NOT RUN" starttime="20241227 20:35:12.541" endtime="20241227 20:35:12.541"/>
</kw>
<kw name="Call Method" library="BuiltIn">
<arg>${options}</arg>
<arg>add_argument</arg>
<arg>--disable-sync</arg>
<doc>Calls the named method of the given object with the provided arguments.</doc>
<status status="NOT RUN" starttime="20241227 20:35:12.544" endtime="20241227 20:35:12.545"/>
</kw>
<return>
<value>${options}</value>
<status status="NOT RUN" starttime="20241227 20:35:12.546" endtime="20241227 20:35:12.548"/>
</return>
<status status="NOT RUN" starttime="20241227 20:35:12.518" endtime="20241227 20:35:12.549"/>
</branch>
<status status="PASS" starttime="20241227 20:35:12.488" endtime="20241227 20:35:12.550"/>
</if>
<msg timestamp="20241227 20:35:12.550" level="INFO">${options} = None</msg>
<status status="PASS" starttime="20241227 20:35:12.488" endtime="20241227 20:35:12.551"/>
</kw>
<if>
<branch type="IF" condition="&quot;${Env}&quot; == &quot;prod&quot;">
<kw name="Open Browser" library="SeleniumLibrary">
<arg>https://www.marketwatch.com</arg>
<arg>${Browser}</arg>
<arg>options=${options}</arg>
<doc>Opens a new browser instance to the optional ``url``.</doc>
<status status="NOT RUN" starttime="20241227 20:35:12.552" endtime="20241227 20:35:12.552"/>
</kw>
<kw name="Go To" library="SeleniumLibrary">
<arg>https://www.marketwatch.com/story/is-the-u-s-stock-market-closed-on-juneteenth-what-investors-need-to-know-11655230158</arg>
<doc>Navigates the current browser window to the provided ``url``.</doc>
<status status="NOT RUN" starttime="20241227 20:35:12.554" endtime="20241227 20:35:12.554"/>
</kw>
<status status="NOT RUN" starttime="20241227 20:35:12.551" endtime="20241227 20:35:12.555"/>
</branch>
<branch type="ELSE IF" condition="&quot;${Env}&quot; == &quot;dev&quot;">
<kw name="Open Browser" library="SeleniumLibrary">
<arg>https://www.dev.marketwatch.com</arg>
<arg>${Browser}</arg>
<arg>options=${options}</arg>
<doc>Opens a new browser instance to the optional ``url``.</doc>
<msg timestamp="20241227 20:35:12.558" level="INFO">Opening browser 'ff' to base url 'https://www.dev.marketwatch.com'.</msg>
<msg timestamp="20241227 20:35:13.214" level="INFO">Completed setup!</msg>
<status status="PASS" starttime="20241227 20:35:12.556" endtime="20241227 20:35:39.840"/>
</kw>
<kw name="Go To" library="SeleniumLibrary">
<arg>https://www.dev.marketwatch.com/author/Catey-Hill</arg>
<doc>Navigates the current browser window to the provided ``url``.</doc>
<msg timestamp="20241227 20:35:39.841" level="INFO">Opening url 'https://www.dev.marketwatch.com/author/Catey-Hill'</msg>
<status status="PASS" starttime="20241227 20:35:39.841" endtime="20241227 20:35:43.628"/>
</kw>
<status status="PASS" starttime="20241227 20:35:12.556" endtime="20241227 20:35:43.629"/>
</branch>
<status status="PASS" starttime="20241227 20:35:12.551" endtime="20241227 20:35:43.630"/>
</if>
<kw name="Maximize Browser Window" library="SeleniumLibrary">
<doc>Maximizes current browser window.</doc>
<status status="PASS" starttime="20241227 20:35:43.630" endtime="20241227 20:35:43.970"/>
</kw>
<status status="PASS" starttime="20241227 20:35:12.485" endtime="20241227 20:35:43.970"/>
</kw>
<kw name="Start MarketWatch for Price and Volume Alerts page" library="CommonFunctionality">
<kw name="Set Selenium Speed" library="SeleniumLibrary">
<arg>0.5 seconds</arg>
<doc>Sets the delay that is waited after each Selenium command.</doc>
<status status="PASS" starttime="20241227 20:35:43.973" endtime="20241227 20:35:43.974"/>
</kw>
<if>
<branch type="IF" condition="&quot;${Env}&quot; == &quot;prod&quot;">
<kw name="Go To" library="SeleniumLibrary">
<arg>https://www.marketwatch.com/alerts</arg>
<doc>Navigates the current browser window to the provided ``url``.</doc>
<status status="NOT RUN" starttime="20241227 20:35:43.975" endtime="20241227 20:35:43.976"/>
</kw>
<status status="NOT RUN" starttime="20241227 20:35:43.975" endtime="20241227 20:35:43.977"/>
</branch>
<branch type="ELSE IF" condition="&quot;${Env}&quot; == &quot;dev&quot;">
<kw name="Go To" library="SeleniumLibrary">
<arg>https://www.stg.marketwatch.com/alerts</arg>
<doc>Navigates the current browser window to the provided ``url``.</doc>
<msg timestamp="20241227 20:35:43.980" level="INFO">Opening url 'https://www.stg.marketwatch.com/alerts'</msg>
<status status="PASS" starttime="20241227 20:35:43.979" endtime="20241227 20:35:50.674"/>
</kw>
<status status="PASS" starttime="20241227 20:35:43.979" endtime="20241227 20:35:50.675"/>
</branch>
<status status="PASS" starttime="20241227 20:35:43.975" endtime="20241227 20:35:50.676"/>
</if>
<kw name="Maximize Browser Window" library="SeleniumLibrary">
<doc>Maximizes current browser window.</doc>
<status status="PASS" starttime="20241227 20:35:50.676" endtime="20241227 20:35:51.216"/>
</kw>
<status status="PASS" starttime="20241227 20:35:43.972" endtime="20241227 20:35:51.217"/>
</kw>
<kw name="MarketWatch Alerts User Sign In Process" library="DefinedKeywords">
<kw name="Wait Until Element Is Visible" library="SeleniumLibrary">
<arg>//*[@id="__next"]/div[2]/div/div/div/div/a/span</arg>
<doc>Waits until the element ``locator`` is visible.</doc>
<msg timestamp="20241227 20:36:03.885" level="INFO" html="true">&lt;/td&gt;&lt;/tr&gt;&lt;tr&gt;&lt;td colspan="3"&gt;&lt;a href="selenium-screenshot-4.png"&gt;&lt;img src="selenium-screenshot-4.png" width="800px"&gt;&lt;/a&gt;</msg>
<msg timestamp="20241227 20:36:03.885" level="FAIL">Element '//*[@id="__next"]/div[2]/div/div/div/div/a/span' not visible after 5 seconds.</msg>
<status status="FAIL" starttime="20241227 20:35:51.219" endtime="20241227 20:36:03.887"/>
</kw>
<kw name="Click Element" library="SeleniumLibrary">
<arg>//*[@id="__next"]/div[2]/div/div/div/div/a/span</arg>
<doc>Click the element identified by ``locator``.</doc>
<status status="NOT RUN" starttime="20241227 20:36:03.888" endtime="20241227 20:36:03.888"/>
</kw>
<kw name="Click Button" library="SeleniumLibrary">
<arg>//*[@id="emailOrUsername"]</arg>
<doc>Clicks the button identified by ``locator``.</doc>
<status status="NOT RUN" starttime="20241227 20:36:03.890" endtime="20241227 20:36:03.891"/>
</kw>
<kw name="Input Text" library="SeleniumLibrary">
<arg>//*[@id="emailOrUsername"]</arg>
<arg>QABARRONSONLY</arg>
<doc>Types the given ``text`` into the text field identified by ``locator``.</doc>
<status status="NOT RUN" starttime="20241227 20:36:03.893" endtime="20241227 20:36:03.894"/>
</kw>
<kw name="Set Selenium Implicit Wait" library="SeleniumLibrary">
<arg>10s</arg>
<doc>Sets the implicit wait value used by Selenium.</doc>
<status status="NOT RUN" starttime="20241227 20:36:03.895" endtime="20241227 20:36:03.895"/>
</kw>
<kw name="Click Button" library="SeleniumLibrary">
<arg>//*[@id="signin-continue-btn"]</arg>
<doc>Clicks the button identified by ``locator``.</doc>
<status status="NOT RUN" starttime="20241227 20:36:03.896" endtime="20241227 20:36:03.897"/>
</kw>
<kw name="Set Selenium Implicit Wait" library="SeleniumLibrary">
<arg>10s</arg>
<doc>Sets the implicit wait value used by Selenium.</doc>
<status status="NOT RUN" starttime="20241227 20:36:03.899" endtime="20241227 20:36:03.899"/>
</kw>
<kw name="Wait Until Element Is Visible" library="SeleniumLibrary">
<arg>//*[@id="password"]</arg>
<doc>Waits until the element ``locator`` is visible.</doc>
<status status="NOT RUN" starttime="20241227 20:36:03.901" endtime="20241227 20:36:03.901"/>
</kw>
<kw name="Input Text" library="SeleniumLibrary">
<arg>//*[@id="password"]</arg>
<arg>password1</arg>
<doc>Types the given ``text`` into the text field identified by ``locator``.</doc>
<status status="NOT RUN" starttime="20241227 20:36:03.903" endtime="20241227 20:36:03.905"/>
</kw>
<kw name="Set Selenium Implicit Wait" library="SeleniumLibrary">
<arg>10s</arg>
<doc>Sets the implicit wait value used by Selenium.</doc>
<status status="NOT RUN" starttime="20241227 20:36:03.906" endtime="20241227 20:36:03.906"/>
</kw>
<kw name="Click Button" library="SeleniumLibrary">
<arg>//*[@id="signin-pass-submit-btn"]</arg>
<doc>Clicks the button identified by ``locator``.</doc>
[...]
</kw>
<kw name="Call Method" library="BuiltIn">
<arg>${options}</arg>
<arg>add_argument</arg>
<arg>--CreateProfile</arg>
<doc>Calls the named method of the given object with the provided arguments.</doc>
<status status="NOT RUN" starttime="20241227 20:47:37.819" endtime="20241227 20:47:37.820"/>
</kw>
<kw name="Call Method" library="BuiltIn">
<arg>${options}</arg>
<arg>add_argument</arg>
<arg>--start-maximized</arg>
<doc>Calls the named method of the given object with the provided arguments.</doc>
<status status="NOT RUN" starttime="20241227 20:47:37.821" endtime="20241227 20:47:37.822"/>
</kw>
<kw name="Call Method" library="BuiltIn">
<arg>${options}</arg>
<arg>add_argument</arg>
<arg>--disable-dev-shm-usage</arg>
<doc>Calls the named method of the given object with the provided arguments.</doc>
<status status="NOT RUN" starttime="20241227 20:47:37.822" endtime="20241227 20:47:37.823"/>
</kw>
<kw name="Call Method" library="BuiltIn">
<arg>${options}</arg>
<arg>add_argument</arg>
<arg>--no-sandbox</arg>
<doc>Calls the named method of the given object with the provided arguments.</doc>
<status status="NOT RUN" starttime="20241227 20:47:37.825" endtime="20241227 20:47:37.825"/>
</kw>
<kw name="Call Method" library="BuiltIn">
<arg>${options}</arg>
<arg>add_argument</arg>
<arg>--disable-gpu</arg>
<doc>Calls the named method of the given object with the provided arguments.</doc>
<status status="NOT RUN" starttime="20241227 20:47:37.826" endtime="20241227 20:47:37.827"/>
</kw>
<kw name="Call Method" library="BuiltIn">
<arg>${options}</arg>
<arg>add_argument</arg>
<arg>--headless</arg>
<doc>Calls the named method of the given object with the provided arguments.</doc>
<status status="NOT RUN" starttime="20241227 20:47:37.828" endtime="20241227 20:47:37.828"/>
</kw>
<kw name="Call Method" library="BuiltIn">
<arg>${options}</arg>
<arg>add_argument</arg>
<arg>--devtools.debugger.force-local</arg>
<doc>Calls the named method of the given object with the provided arguments.</doc>
<status status="NOT RUN" starttime="20241227 20:47:37.830" endtime="20241227 20:47:37.830"/>
</kw>
<kw name="Call Method" library="BuiltIn">
<arg>${options}</arg>
<arg>add_argument</arg>
<arg>--devtools.debugger.remote-enabled</arg>
<doc>Calls the named method of the given object with the provided arguments.</doc>
<status status="NOT RUN" starttime="20241227 20:47:37.831" endtime="20241227 20:47:37.832"/>
</kw>
<kw name="Call Method" library="BuiltIn">
<arg>${options}</arg>
<arg>add_argument</arg>
<arg>--devtools.chrome.enabled</arg>
<doc>Calls the named method of the given object with the provided arguments.</doc>
<status status="NOT RUN" starttime="20241227 20:47:37.833" endtime="20241227 20:47:37.834"/>
</kw>
<kw name="Call Method" library="BuiltIn">
<arg>${options}</arg>
<arg>add_argument</arg>
<arg>--devtools.debugger.prompt-connection</arg>
<doc>Calls the named method of the given object with the provided arguments.</doc>
<status status="NOT RUN" starttime="20241227 20:47:37.836" endtime="20241227 20:47:37.836"/>
</kw>
<kw name="Call Method" library="BuiltIn">
<arg>${options}</arg>
<arg>add_argument</arg>
<arg>--browser.dom.window.dump.enabled</arg>
<doc>Calls the named method of the given object with the provided arguments.</doc>
<status status="NOT RUN" starttime="20241227 20:47:37.837" endtime="20241227 20:47:37.838"/>
</kw>
<return>
<value>${options}</value>
<status status="NOT RUN" starttime="20241227 20:47:37.839" endtime="20241227 20:47:37.839"/>
</return>
<status status="NOT RUN" starttime="20241227 20:47:37.817" endtime="20241227 20:47:37.840"/>
</branch>
<branch type="ELSE IF" condition="&quot;${Browser}&quot; == &quot;chrome&quot;">
<kw name="Evaluate" library="BuiltIn">
<var>${options}</var>
<arg>selenium.webdriver.ChromeOptions()</arg>
<doc>Evaluates the given expression in Python and returns the result.</doc>
<status status="NOT RUN" starttime="20241227 20:47:37.842" endtime="20241227 20:47:37.842"/>
</kw>
<kw name="Call Method" library="BuiltIn">
<arg>${options}</arg>
<arg>add_argument</arg>
<arg>--start-maximized</arg>
<doc>Calls the named method of the given object with the provided arguments.</doc>
<status status="NOT RUN" starttime="20241227 20:47:37.844" endtime="20241227 20:47:37.844"/>
</kw>
<kw name="Call Method" library="BuiltIn">
<arg>${options}</arg>
<arg>add_argument</arg>
<arg>--disable-dev-shm-usage</arg>
<doc>Calls the named method of the given object with the provided arguments.</doc>
<status status="NOT RUN" starttime="20241227 20:47:37.846" endtime="20241227 20:47:37.846"/>
</kw>
<kw name="Call Method" library="BuiltIn">
<arg>${options}</arg>
<arg>add_argument</arg>
<arg>--no-sandbox</arg>
<doc>Calls the named method of the given object with the provided arguments.</doc>
<status status="NOT RUN" starttime="20241227 20:47:37.847" endtime="20241227 20:47:37.847"/>
</kw>
<kw name="Call Method" library="BuiltIn">
<arg>${options}</arg>
<arg>add_argument</arg>
<arg>--headless</arg>
<doc>Calls the named method of the given object with the provided arguments.</doc>
<status status="NOT RUN" starttime="20241227 20:47:37.849" endtime="20241227 20:47:37.849"/>
</kw>
<kw name="Call Method" library="BuiltIn">
<arg>${options}</arg>
<arg>add_argument</arg>
<arg>--disable-gpu</arg>
<doc>Calls the named method of the given object with the provided arguments.</doc>
<status status="NOT RUN" starttime="20241227 20:47:37.851" endtime="20241227 20:47:37.851"/>
</kw>
<kw name="Call Method" library="BuiltIn">
<arg>${options}</arg>
<arg>add_argument</arg>
<arg>--ignore-certificate-errors</arg>
<doc>Calls the named method of the given object with the provided arguments.</doc>
<status status="NOT RUN" starttime="20241227 20:47:37.853" endtime="20241227 20:47:37.853"/>
</kw>
<kw name="Call Method" library="BuiltIn">
<arg>${options}</arg>
<arg>add_argument</arg>
<arg>--disable-extensions</arg>
<doc>Calls the named method of the given object with the provided arguments.</doc>
<status status="NOT RUN" starttime="20241227 20:47:37.854" endtime="20241227 20:47:37.855"/>
</kw>
<kw name="Call Method" library="BuiltIn">
<arg>${options}</arg>
<arg>add_argument</arg>
<arg>--no-user-gesture-required</arg>
<doc>Calls the named method of the given object with the provided arguments.</doc>
<status status="NOT RUN" starttime="20241227 20:47:37.855" endtime="20241227 20:47:37.856"/>
</kw>
<kw name="Call Method" library="BuiltIn">
<arg>${options}</arg>
<arg>add_argument</arg>
<arg>--no-first-run</arg>
<doc>Calls the named method of the given object with the provided arguments.</doc>
<status status="NOT RUN" starttime="20241227 20:47:37.857" endtime="20241227 20:47:37.858"/>
</kw>
<kw name="Call Method" library="BuiltIn">
<arg>${options}</arg>
<arg>add_argument</arg>
<arg>--use-fake-ui-for-media-stream</arg>
<doc>Calls the named method of the given object with the provided arguments.</doc>
<status status="NOT RUN" starttime="20241227 20:47:37.859" endtime="20241227 20:47:37.860"/>
</kw>
<kw name="Call Method" library="BuiltIn">
<arg>${options}</arg>
<arg>add_argument</arg>
<arg>--use-fake-device-for-media-stream</arg>
<doc>Calls the named method of the given object with the provided arguments.</doc>
<status status="NOT RUN" starttime="20241227 20:47:37.861" endtime="20241227 20:47:37.861"/>
</kw>
<kw name="Call Method" library="BuiltIn">
<arg>${options}</arg>
<arg>add_argument</arg>
<arg>--disable-sync</arg>
<doc>Calls the named method of the given object with the provided arguments.</doc>
<status status="NOT RUN" starttime="20241227 20:47:37.863" endtime="20241227 20:47:37.864"/>
</kw>
<return>
<value>${options}</value>
<status status="NOT RUN" starttime="20241227 20:47:37.865" endtime="20241227 20:47:37.865"/>
</return>
<status status="NOT RUN" starttime="20241227 20:47:37.841" endtime="20241227 20:47:37.866"/>
</branch>
<status status="PASS" starttime="20241227 20:47:37.817" endtime="20241227 20:47:37.869"/>
</if>
<msg timestamp="20241227 20:47:37.869" level="INFO">${options} = None</msg>
<status status="PASS" starttime="20241227 20:47:37.816" endtime="20241227 20:47:37.869"/>
</kw>
<if>
<branch type="IF" condition="&quot;${Env}&quot; == &quot;prod&quot;">
<kw name="Open Browser" library="SeleniumLibrary">
<arg>https://www.marketwatch.com</arg>
<arg>${Browser}</arg>
<arg>options=${options}</arg>
<doc>Opens a new browser instance to the optional ``url``.</doc>
<status status="NOT RUN" starttime="20241227 20:47:37.871" endtime="20241227 20:47:37.872"/>
</kw>
<kw name="Go To" library="SeleniumLibrary">
<arg>https://www.marketwatch.com/story/is-the-u-s-stock-market-closed-on-juneteenth-what-investors-need-to-know-11655230158</arg>
<doc>Navigates the current browser window to the provided ``url``.</doc>
<status status="NOT RUN" starttime="20241227 20:47:37.873" endtime="20241227 20:47:37.873"/>
</kw>
<status status="NOT RUN" starttime="20241227 20:47:37.870" endtime="20241227 20:47:37.874"/>
</branch>
<branch type="ELSE IF" condition="&quot;${Env}&quot; == &quot;dev&quot;">
<kw name="Open Browser" library="SeleniumLibrary">
<arg>https://www.dev.marketwatch.com</arg>
<arg>${Browser}</arg>
<arg>options=${options}</arg>
<doc>Opens a new browser instance to the optional ``url``.</doc>
<msg timestamp="20241227 20:47:37.877" level="INFO">Opening browser 'ff' to base url 'https://www.dev.marketwatch.com'.</msg>
<msg timestamp="20241227 20:47:38.521" level="INFO">Completed setup!</msg>
<status status="PASS" starttime="20241227 20:47:37.876" endtime="20241227 20:47:43.687"/>
</kw>
<kw name="Go To" library="SeleniumLibrary">
<arg>https://www.dev.marketwatch.com/author/Catey-Hill</arg>
<doc>Navigates the current browser window to the provided ``url``.</doc>
<msg timestamp="20241227 20:47:43.689" level="INFO">Opening url 'https://www.dev.marketwatch.com/author/Catey-Hill'</msg>
<msg timestamp="20241227 20:48:25.733" level="WARN">Keyword 'Capture Page Screenshot' could not be run on failure: Message: An unknown server-side error occurred while processing the command.
</msg>
<msg timestamp="20241227 20:48:25.734" level="FAIL">TimeoutException: Message: A script did not complete before its timeout expired.
</msg>
<status status="FAIL" starttime="20241227 20:47:43.688" endtime="20241227 20:48:25.737"/>
</kw>
<status status="FAIL" starttime="20241227 20:47:37.875" endtime="20241227 20:48:25.738"/>
</branch>
<status status="FAIL" starttime="20241227 20:47:37.870" endtime="20241227 20:48:25.738"/>
</if>
<kw name="Maximize Browser Window" library="SeleniumLibrary">
<doc>Maximizes current browser window.</doc>
<status status="NOT RUN" starttime="20241227 20:48:25.738" endtime="20241227 20:48:25.740"/>
</kw>
<status status="FAIL" starttime="20241227 20:47:37.813" endtime="20241227 20:48:25.741"/>
</kw>
<kw name="Finish Testcase" library="CommonFunctionality" type="TEARDOWN">
<kw name="Close Browser" library="SeleniumLibrary">
<doc>Closes the current browser.</doc>
<status status="PASS" starttime="20241227 20:48:25.744" endtime="20241227 20:48:25.744"/>
</kw>
<status status="PASS" starttime="20241227 20:48:25.742" endtime="20241227 20:48:25.745"/>
</kw>
<doc>This test case validates the MW real-time company notification</doc>
<tag>Company</tag>
<tag>MarketWatch</tag>
<tag>Notifications</tag>
<tag>real</tag>
<tag>Regression</tag>
<status status="FAIL" starttime="20241227 20:47:37.812" endtime="20241227 20:48:25.746">Setup failed:
TimeoutException: Message: A script did not complete before its timeout expired.
</status>
</test>
<test id="s1-s1-s1-s1-s1-s1-t17" name="Validate Postback on Preference Center" line="264">
<kw name="Start Market Watch Article" library="CommonFunctionality" type="SETUP">
<kw name="Set Selenium Speed" library="SeleniumLibrary">
<arg>0.1 seconds</arg>
<doc>Sets the delay that is waited after each Selenium command.</doc>
<status status="PASS" starttime="20241227 20:48:26.823" endtime="20241227 20:48:26.824"/>
</kw>
<kw name="Set Browser Options" library="CommonFunctionality">
<var>${options}</var>
<if>
<branch type="IF" condition="&quot;${Browser}&quot; == &quot;firefox&quot;">
<kw name="Evaluate" library="BuiltIn">
<var>${options}</var>
<arg>selenium.webdriver.FirefoxOptions()</arg>
<doc>Evaluates the given expression in Python and returns the result.</doc>
<status status="NOT RUN" starttime="20241227 20:48:26.826" endtime="20241227 20:48:26.827"/>
</kw>
<kw name="Call Method" library="BuiltIn">
<arg>${options}</arg>
<arg>add_argument</arg>
<arg>--CreateProfile</arg>
<doc>Calls the named method of the given object with the provided arguments.</doc>
<status status="NOT RUN" starttime="20241227 20:48:26.827" endtime="20241227 20:48:26.828"/>
</kw>
<kw name="Call Method" library="BuiltIn">
<arg>${options}</arg>
<arg>add_argument</arg>
<arg>--start-maximized</arg>
<doc>Calls the named method of the given object with the provided arguments.</doc>
<status status="NOT RUN" starttime="20241227 20:48:26.830" endtime="20241227 20:48:26.830"/>
</kw>
<kw name="Call Method" library="BuiltIn">
<arg>${options}</arg>
<arg>add_argument</arg>
<arg>--disable-dev-shm-usage</arg>
<doc>Calls the named method of the given object with the provided arguments.</doc>
<status status="NOT RUN" starttime="20241227 20:48:26.831" endtime="20241227 20:48:26.832"/>
</kw>
<kw name="Call Method" library="BuiltIn">
<arg>${options}</arg>
<arg>add_argument</arg>
<arg>--no-sandbox</arg>
<doc>Calls the named method of the given object with the provided arguments.</doc>
<status status="NOT RUN" starttime="20241227 20:48:26.833" endtime="20241227 20:48:26.834"/>
</kw>
<kw name="Call Method" library="BuiltIn">
<arg>${options}</arg>
<arg>add_argument</arg>
<arg>--disable-gpu</arg>
<doc>Calls the named method of the given object with the provided arguments.</doc>
<status status="NOT RUN" starttime="20241227 20:48:26.834" endtime="20241227 20:48:26.835"/>
</kw>
<kw name="Call Method" library="BuiltIn">
<arg>${options}</arg>
<arg>add_argument</arg>
<arg>--headless</arg>
<doc>Calls the named method of the given object with the provided arguments.</doc>
<status status="NOT RUN" starttime="20241227 20:48:26.837" endtime="20241227 20:48:26.837"/>
</kw>
<kw name="Call Method" library="BuiltIn">
<arg>${options}</arg>
<arg>add_argument</arg>
<arg>--devtools.debugger.force-local</arg>
<doc>Calls the named method of the given object with the provided arguments.</doc>
<status status="NOT RUN" starttime="20241227 20:48:26.838" endtime="20241227 20:48:26.839"/>
</kw>
<kw name="Call Method" library="BuiltIn">
<arg>${options}</arg>
<arg>add_argument</arg>
<arg>--devtools.debugger.remote-enabled</arg>
<doc>Calls the named method of the given object with the provided arguments.</doc>
<status status="NOT RUN" starttime="20241227 20:48:26.841" endtime="20241227 20:48:26.841"/>
</kw>
<kw name="Call Method" library="BuiltIn">
<arg>${options}</arg>
<arg>add_argument</arg>
<arg>--devtools.chrome.enabled</arg>
<doc>Calls the named method of the given object with the provided arguments.</doc>
<status status="NOT RUN" starttime="20241227 20:48:26.842" endtime="20241227 20:48:26.842"/>
</kw>
<kw name="Call Method" library="BuiltIn">
<arg>${options}</arg>
<arg>add_argument</arg>
<arg>--devtools.debugger.prompt-connection</arg>
<doc>Calls the named method of the given object with the provided arguments.</doc>
<status status="NOT RUN" starttime="20241227 20:48:26.844" endtime="20241227 20:48:26.845"/>
</kw>
<kw name="Call Method" library="BuiltIn">
<arg>${options}</arg>
<arg>add_argument</arg>
<arg>--browser.dom.window.dump.enabled</arg>
<doc>Calls the named method of the given object with the provided arguments.</doc>
<status status="NOT RUN" starttime="20241227 20:48:26.846" endtime="20241227 20:48:26.846"/>
</kw>
<return>
<value>${options}</value>
<status status="NOT RUN" starttime="20241227 20:48:26.847" endtime="20241227 20:48:26.848"/>
</return>
<status status="NOT RUN" starttime="20241227 20:48:26.826" endtime="20241227 20:48:26.850"/>
</branch>
<branch type="ELSE IF" condition="&quot;${Browser}&quot; == &quot;chrome&quot;">
<kw name="Evaluate" library="BuiltIn">
<var>${options}</var>
<arg>selenium.webdriver.ChromeOptions()</arg>
<doc>Evaluates the given expression in Python and returns the result.</doc>
<status status="NOT RUN" starttime="20241227 20:48:26.851" endtime="20241227 20:48:26.852"/>
</kw>
<kw name="Call Method" library="BuiltIn">
<arg>${options}</arg>
<arg>add_argument</arg>
<arg>--start-maximized</arg>
<doc>Calls the named method of the given object with the provided arguments.</doc>
<status status="NOT RUN" starttime="20241227 20:48:26.853" endtime="20241227 20:48:26.853"/>
</kw>
<kw name="Call Method" library="BuiltIn">
<arg>${options}</arg>
<arg>add_argument</arg>
<arg>--disable-dev-shm-usage</arg>
<doc>Calls the named method of the given object with the provided arguments.</doc>
<status status="NOT RUN" starttime="20241227 20:48:26.855" endtime="20241227 20:48:26.856"/>
</kw>
<kw name="Call Method" library="BuiltIn">
<arg>${options}</arg>
<arg>add_argument</arg>
<arg>--no-sandbox</arg>
<doc>Calls the named method of the given object with the provided arguments.</doc>
<status status="NOT RUN" starttime="20241227 20:48:26.857" endtime="20241227 20:48:26.857"/>
</kw>
<kw name="Call Method" library="BuiltIn">
<arg>${options}</arg>
<arg>add_argument</arg>
<arg>--headless</arg>
<doc>Calls the named method of the given object with the provided arguments.</doc>
<status status="NOT RUN" starttime="20241227 20:48:26.859" endtime="20241227 20:48:26.860"/>
</kw>
<kw name="Call Method" library="BuiltIn">
<arg>${options}</arg>
<arg>add_argument</arg>
<arg>--disable-gpu</arg>
<doc>Calls the named method of the given object with the provided arguments.</doc>
<status status="NOT RUN" starttime="20241227 20:48:26.861" endtime="20241227 20:48:26.861"/>
</kw>
<kw name="Call Method" library="BuiltIn">
<arg>${options}</arg>
<arg>add_argument</arg>
<arg>--ignore-certificate-errors</arg>
<doc>Calls the named method of the given object with the provided arguments.</doc>
<status status="NOT RUN" starttime="20241227 20:48:26.862" endtime="20241227 20:48:26.863"/>
</kw>
<kw name="Call Method" library="BuiltIn">
<arg>${options}</arg>
<arg>add_argument</arg>
<arg>--disable-extensions</arg>
<doc>Calls the named method of the given object with the provided arguments.</doc>
<status status="NOT RUN" starttime="20241227 20:48:26.865" endtime="20241227 20:48:26.865"/>
</kw>
<kw name="Call Method" library="BuiltIn">
<arg>${options}</arg>
<arg>add_argument</arg>
<arg>--no-user-gesture-required</arg>
<doc>Calls the named method of the given object with the provided arguments.</doc>
<status status="NOT RUN" starttime="20241227 20:48:26.866" endtime="20241227 20:48:26.867"/>
</kw>
<kw name="Call Method" library="BuiltIn">
<arg>${options}</arg>
<arg>add_argument</arg>
<arg>--no-first-run</arg>
<doc>Calls the named method of the given object with the provided arguments.</doc>
<status status="NOT RUN" starttime="20241227 20:48:26.868" endtime="20241227 20:48:26.869"/>
</kw>
<kw name="Call Method" library="BuiltIn">
<arg>${options}</arg>
<arg>add_argument</arg>
<arg>--use-fake-ui-for-media-stream</arg>
<doc>Calls the named method of the given object with the provided arguments.</doc>
<status status="NOT RUN" starttime="20241227 20:48:26.870" endtime="20241227 20:48:26.870"/>
</kw>
<kw name="Call Method" library="BuiltIn">
<arg>${options}</arg>
<arg>add_argument</arg>
<arg>--use-fake-device-for-media-stream</arg>
<doc>Calls the named method of the given object with the provided arguments.</doc>
<status status="NOT RUN" starttime="20241227 20:48:26.872" endtime="20241227 20:48:26.872"/>
</kw>
<kw name="Call Method" library="BuiltIn">
<arg>${options}</arg>
<arg>add_argument</arg>
<arg>--disable-sync</arg>
<doc>Calls the named method of the given object with the provided arguments.</doc>
<status status="NOT RUN" starttime="20241227 20:48:26.874" endtime="20241227 20:48:26.875"/>