<?xml version="1.0" encoding="UTF-8"?>
<robot generator="Robot 6.1.1 (Python 3.12.5 on win32)" generated="20250117 20:38:19.543" rpa="false" schemaversion="4">
<suite id="s1" name="Userservices-Qa-Automation" source="D:\Users\sasikumarj\PycharmProjects\userservices-qa-automation">
<suite id="s1-s1" name="Panda-Qa" source="D:\Users\sasikumarj\PycharmProjects\userservices-qa-automation\panda-qa">
<suite id="s1-s1-s1" name="Tests" source="D:\Users\sasikumarj\PycharmProjects\userservices-qa-automation\panda-qa\Tests">
<suite id="s1-s1-s1-s1" name="FollowWidget" source="D:\Users\sasikumarj\PycharmProjects\userservices-qa-automation\panda-qa\Tests\FollowWidget">
<suite id="s1-s1-s1-s1-s1" name="Regression" source="D:\Users\sasikumarj\PycharmProjects\userservices-qa-automation\panda-qa\Tests\FollowWidget\Regression">
<suite id="s1-s1-s1-s1-s1-s1" name="API Automation" source="D:\Users\sasikumarj\PycharmProjects\userservices-qa-automation\panda-qa\Tests\FollowWidget\Regression\API_Automation.robot">
<test id="s1-s1-s1-s1-s1-s1-t1" name="Validate get subscription API" line="18">
<kw name="Start Barrons Article" library="CommonFunctionality" type="SETUP">
<kw name="Set Selenium Speed" library="SeleniumLibrary">
<arg>0.5 seconds</arg>
<doc>Sets the delay that is waited after each Selenium command.</doc>
<status status="PASS" starttime="20250117 20:38:20.417" endtime="20250117 20:38:20.418"/>
</kw>
<kw name="Set Browser Options" library="CommonFunctionality">
<var>${options}</var>
<if>
<branch type="IF" condition="&quot;${Browser}&quot; == &quot;firefox&quot;">
<kw name="Evaluate" library="BuiltIn">
<var>${options}</var>
<arg>selenium.webdriver.FirefoxOptions()</arg>
<doc>Evaluates the given expression in Python and returns the result.</doc>
<status status="NOT RUN" starttime="20250117 20:38:20.422" endtime="20250117 20:38:20.424"/>
</kw>
<kw name="Call Method" library="BuiltIn">
<arg>${options}</arg>
<arg>add_argument</arg>
<arg>--CreateProfile</arg>
<doc>Calls the named method of the given object with the provided arguments.</doc>
<status status="NOT RUN" starttime="20250117 20:38:20.426" endtime="20250117 20:38:20.427"/>
</kw>
<kw name="Call Method" library="BuiltIn">
<arg>${options}</arg>
<arg>add_argument</arg>
<arg>--start-maximized</arg>
<doc>Calls the named method of the given object with the provided arguments.</doc>
<status status="NOT RUN" starttime="20250117 20:38:20.429" endtime="20250117 20:38:20.430"/>
</kw>
<kw name="Call Method" library="BuiltIn">
<arg>${options}</arg>
<arg>add_argument</arg>
<arg>--disable-dev-shm-usage</arg>
<doc>Calls the named method of the given object with the provided arguments.</doc>
<status status="NOT RUN" starttime="20250117 20:38:20.431" endtime="20250117 20:38:20.433"/>
</kw>
<kw name="Call Method" library="BuiltIn">
<arg>${options}</arg>
<arg>add_argument</arg>
<arg>--no-sandbox</arg>
<doc>Calls the named method of the given object with the provided arguments.</doc>
<status status="NOT RUN" starttime="20250117 20:38:20.435" endtime="20250117 20:38:20.436"/>
</kw>
<kw name="Call Method" library="BuiltIn">
<arg>${options}</arg>
<arg>add_argument</arg>
<arg>--disable-gpu</arg>
<doc>Calls the named method of the given object with the provided arguments.</doc>
<status status="NOT RUN" starttime="20250117 20:38:20.438" endtime="20250117 20:38:20.438"/>
</kw>
<kw name="Call Method" library="BuiltIn">
<arg>${options}</arg>
<arg>add_argument</arg>
<arg>--headless</arg>
<doc>Calls the named method of the given object with the provided arguments.</doc>
<status status="NOT RUN" starttime="20250117 20:38:20.442" endtime="20250117 20:38:20.443"/>
</kw>
<kw name="Call Method" library="BuiltIn">
<arg>${options}</arg>
<arg>add_argument</arg>
<arg>--devtools.debugger.force-local</arg>
<doc>Calls the named method of the given object with the provided arguments.</doc>
<status status="NOT RUN" starttime="20250117 20:38:20.445" endtime="20250117 20:38:20.446"/>
</kw>
<kw name="Call Method" library="BuiltIn">
<arg>${options}</arg>
<arg>add_argument</arg>
<arg>--devtools.debugger.remote-enabled</arg>
<doc>Calls the named method of the given object with the provided arguments.</doc>
<status status="NOT RUN" starttime="20250117 20:38:20.449" endtime="20250117 20:38:20.449"/>
</kw>
<kw name="Call Method" library="BuiltIn">
<arg>${options}</arg>
<arg>add_argument</arg>
<arg>--devtools.chrome.enabled</arg>
<doc>Calls the named method of the given object with the provided arguments.</doc>
<status status="NOT RUN" starttime="20250117 20:38:20.451" endtime="20250117 20:38:20.452"/>
</kw>
<kw name="Call Method" library="BuiltIn">
<arg>${options}</arg>
<arg>add_argument</arg>
<arg>--devtools.debugger.prompt-connection</arg>
<doc>Calls the named method of the given object with the provided arguments.</doc>
<status status="NOT RUN" starttime="20250117 20:38:20.457" endtime="20250117 20:38:20.457"/>
</kw>
<kw name="Call Method" library="BuiltIn">
<arg>${options}</arg>
<arg>add_argument</arg>
<arg>--browser.dom.window.dump.enabled</arg>
<doc>Calls the named method of the given object with the provided arguments.</doc>
<status status="NOT RUN" starttime="20250117 20:38:20.459" endtime="20250117 20:38:20.461"/>
</kw>
<return>
<value>${options}</value>
<status status="NOT RUN" starttime="20250117 20:38:20.462" endtime="20250117 20:38:20.463"/>
</return>
<status status="NOT RUN" starttime="20250117 20:38:20.421" endtime="20250117 20:38:20.465"/>
</branch>
<branch type="ELSE IF" condition="&quot;${Browser}&quot; == &quot;chrome&quot;">
<kw name="Evaluate" library="BuiltIn">
<var>${options}</var>
<arg>selenium.webdriver.ChromeOptions()</arg>
<doc>Evaluates the given expression in Python and returns the result.</doc>
<status status="NOT RUN" starttime="20250117 20:38:20.468" endtime="20250117 20:38:20.469"/>
</kw>
<kw name="Call Method" library="BuiltIn">
<arg>${options}</arg>
<arg>add_argument</arg>
<arg>--start-maximized</arg>
<doc>Calls the named method of the given object with the provided arguments.</doc>
<status status="NOT RUN" starttime="20250117 20:38:20.471" endtime="20250117 20:38:20.471"/>
</kw>
<kw name="Call Method" library="BuiltIn">
<arg>${options}</arg>
<arg>add_argument</arg>
<arg>--disable-dev-shm-usage</arg>
<doc>Calls the named method of the given object with the provided arguments.</doc>
<status status="NOT RUN" starttime="20250117 20:38:20.473" endtime="20250117 20:38:20.473"/>
</kw>
<kw name="Call Method" library="BuiltIn">
<arg>${options}</arg>
<arg>add_argument</arg>
<arg>--no-sandbox</arg>
<doc>Calls the named method of the given object with the provided arguments.</doc>
<status status="NOT RUN" starttime="20250117 20:38:20.477" endtime="20250117 20:38:20.477"/>
</kw>
<kw name="Call Method" library="BuiltIn">
<arg>${options}</arg>
<arg>add_argument</arg>
<arg>--headless</arg>
<doc>Calls the named method of the given object with the provided arguments.</doc>
<status status="NOT RUN" starttime="20250117 20:38:20.479" endtime="20250117 20:38:20.480"/>
</kw>
<kw name="Call Method" library="BuiltIn">
<arg>${options}</arg>
<arg>add_argument</arg>
<arg>--disable-gpu</arg>
<doc>Calls the named method of the given object with the provided arguments.</doc>
<status status="NOT RUN" starttime="20250117 20:38:20.484" endtime="20250117 20:38:20.485"/>
</kw>
<kw name="Call Method" library="BuiltIn">
<arg>${options}</arg>
<arg>add_argument</arg>
<arg>--ignore-certificate-errors</arg>
<doc>Calls the named method of the given object with the provided arguments.</doc>
<status status="NOT RUN" starttime="20250117 20:38:20.487" endtime="20250117 20:38:20.487"/>
</kw>
<kw name="Call Method" library="BuiltIn">
<arg>${options}</arg>
<arg>add_argument</arg>
<arg>--disable-extensions</arg>
<doc>Calls the named method of the given object with the provided arguments.</doc>
<status status="NOT RUN" starttime="20250117 20:38:20.491" endtime="20250117 20:38:20.492"/>
</kw>
<kw name="Call Method" library="BuiltIn">
<arg>${options}</arg>
<arg>add_argument</arg>
<arg>--no-user-gesture-required</arg>
<doc>Calls the named method of the given object with the provided arguments.</doc>
<status status="NOT RUN" starttime="20250117 20:38:20.496" endtime="20250117 20:38:20.498"/>
</kw>
<kw name="Call Method" library="BuiltIn">
<arg>${options}</arg>
<arg>add_argument</arg>
<arg>--no-first-run</arg>
<doc>Calls the named method of the given object with the provided arguments.</doc>
<status status="NOT RUN" starttime="20250117 20:38:20.500" endtime="20250117 20:38:20.501"/>
</kw>
<kw name="Call Method" library="BuiltIn">
<arg>${options}</arg>
<arg>add_argument</arg>
<arg>--use-fake-ui-for-media-stream</arg>
<doc>Calls the named method of the given object with the provided arguments.</doc>
<status status="NOT RUN" starttime="20250117 20:38:20.503" endtime="20250117 20:38:20.505"/>
</kw>
<kw name="Call Method" library="BuiltIn">
<arg>${options}</arg>
<arg>add_argument</arg>
<arg>--use-fake-device-for-media-stream</arg>
<doc>Calls the named method of the given object with the provided arguments.</doc>
<status status="NOT RUN" starttime="20250117 20:38:20.510" endtime="20250117 20:38:20.512"/>
</kw>
<kw name="Call Method" library="BuiltIn">
<arg>${options}</arg>
<arg>add_argument</arg>
<arg>--disable-sync</arg>
<doc>Calls the named method of the given object with the provided arguments.</doc>
<status status="NOT RUN" starttime="20250117 20:38:20.514" endtime="20250117 20:38:20.515"/>
</kw>
<return>
<value>${options}</value>
<status status="NOT RUN" starttime="20250117 20:38:20.517" endtime="20250117 20:38:20.518"/>
</return>
<status status="NOT RUN" starttime="20250117 20:38:20.466" endtime="20250117 20:38:20.520"/>
</branch>
<status status="PASS" starttime="20250117 20:38:20.421" endtime="20250117 20:38:20.522"/>
</if>
<msg timestamp="20250117 20:38:20.522" level="INFO">${options} = None</msg>
<status status="PASS" starttime="20250117 20:38:20.420" endtime="20250117 20:38:20.523"/>
</kw>
<if>
<branch type="IF" condition="&quot;${Env}&quot; == &quot;prod&quot;">
<kw name="Open Browser" library="SeleniumLibrary">
<arg>https://www.barrons.com</arg>
<arg>${Browser}</arg>
<arg>options=${options}</arg>
<doc>Opens a new browser instance to the optional ``url``.</doc>
<status status="NOT RUN" starttime="20250117 20:38:20.526" endtime="20250117 20:38:20.527"/>
</kw>
<kw name="Go To" library="SeleniumLibrary">
<arg>https://www.barrons.com/articles/wendys-wen-stock-earnings-51652268634</arg>
<doc>Navigates the current browser window to the provided ``url``.</doc>
<status status="NOT RUN" starttime="20250117 20:38:20.529" endtime="20250117 20:38:20.530"/>
</kw>
<status status="NOT RUN" starttime="20250117 20:38:20.525" endtime="20250117 20:38:20.533"/>
</branch>
<branch type="ELSE IF" condition="&quot;${Env}&quot; == &quot;dev&quot;">
<kw name="Open Browser" library="SeleniumLibrary">
<arg>https://www.barrons.com</arg>
<arg>${Browser}</arg>
<arg>options=${options}</arg>
<doc>Opens a new browser instance to the optional ``url``.</doc>
<msg timestamp="20250117 20:38:20.538" level="INFO">Opening browser 'ff' to base url 'https://www.barrons.com'.</msg>
<msg timestamp="20250117 20:38:22.470" level="INFO">Completed setup!</msg>
<status status="PASS" starttime="20250117 20:38:20.534" endtime="20250117 20:38:50.741"/>
</kw>
<kw name="Go To" library="SeleniumLibrary">
<arg>https://www.s.dev.barrons.com/articles/buy-under-armour-stock-pick-51650672000</arg>
<doc>Navigates the current browser window to the provided ``url``.</doc>
<msg timestamp="20250117 20:38:50.745" level="INFO">Opening url 'https://www.s.dev.barrons.com/articles/buy-under-armour-stock-pick-51650672000'</msg>
<status status="PASS" starttime="20250117 20:38:50.743" endtime="20250117 20:39:02.579"/>
</kw>
<status status="PASS" starttime="20250117 20:38:20.533" endtime="20250117 20:39:02.579"/>
</branch>
<status status="PASS" starttime="20250117 20:38:20.525" endtime="20250117 20:39:02.580"/>
</if>
<kw name="Wait Until Page Contains Element" library="SeleniumLibrary">
<arg>dom:${JSFollowButtonBarronsPath}</arg>
<doc>Waits until the element ``locator`` appears on the current page.</doc>
<status status="PASS" starttime="20250117 20:39:02.580" endtime="20250117 20:39:03.499"/>
</kw>
<kw name="Maximize Browser Window" library="SeleniumLibrary">
<doc>Maximizes current browser window.</doc>
<status status="PASS" starttime="20250117 20:39:03.500" endtime="20250117 20:39:04.298"/>
</kw>
<status status="PASS" starttime="20250117 20:38:20.414" endtime="20250117 20:39:04.299"/>
</kw>
<kw name="Set Selenium Speed" library="SeleniumLibrary">
<arg>0.2 seconds</arg>
<doc>Sets the delay that is waited after each Selenium command.</doc>
<status status="PASS" starttime="20250117 20:39:04.300" endtime="20250117 20:39:04.301"/>
</kw>
<kw name="Start Preference Center" library="CommonFunctionality">
<kw name="Set Browser Options" library="CommonFunctionality">
<var>${options}</var>
<if>
<branch type="IF" condition="&quot;${Browser}&quot; == &quot;firefox&quot;">
<kw name="Evaluate" library="BuiltIn">
<var>${options}</var>
<arg>selenium.webdriver.FirefoxOptions()</arg>
<doc>Evaluates the given expression in Python and returns the result.</doc>
<status status="NOT RUN" starttime="20250117 20:39:04.304" endtime="20250117 20:39:04.305"/>
</kw>
<kw name="Call Method" library="BuiltIn">
<arg>${options}</arg>
<arg>add_argument</arg>
<arg>--CreateProfile</arg>
<doc>Calls the named method of the given object with the provided arguments.</doc>
<status status="NOT RUN" starttime="20250117 20:39:04.306" endtime="20250117 20:39:04.306"/>
</kw>
<kw name="Call Method" library="BuiltIn">
<arg>${options}</arg>
<arg>add_argument</arg>
<arg>--start-maximized</arg>
<doc>Calls the named method of the given object with the provided arguments.</doc>
<status status="NOT RUN" starttime="20250117 20:39:04.308" endtime="20250117 20:39:04.308"/>
</kw>
<kw name="Call Method" library="BuiltIn">
<arg>${options}</arg>
<arg>add_argument</arg>
<arg>--disable-dev-shm-usage</arg>
<doc>Calls the named method of the given object with the provided arguments.</doc>
<status status="NOT RUN" starttime="20250117 20:39:04.309" endtime="20250117 20:39:04.310"/>
</kw>
<kw name="Call Method" library="BuiltIn">
<arg>${options}</arg>
<arg>add_argument</arg>
<arg>--no-sandbox</arg>
<doc>Calls the named method of the given object with the provided arguments.</doc>
<status status="NOT RUN" starttime="20250117 20:39:04.311" endtime="20250117 20:39:04.312"/>
</kw>
<kw name="Call Method" library="BuiltIn">
<arg>${options}</arg>
<arg>add_argument</arg>
<arg>--disable-gpu</arg>
<doc>Calls the named method of the given object with the provided arguments.</doc>
<status status="NOT RUN" starttime="20250117 20:39:04.313" endtime="20250117 20:39:04.313"/>
</kw>
<kw name="Call Method" library="BuiltIn">
<arg>${options}</arg>
<arg>add_argument</arg>
<arg>--headless</arg>
<doc>Calls the named method of the given object with the provided arguments.</doc>
<status status="NOT RUN" starttime="20250117 20:39:04.315" endtime="20250117 20:39:04.315"/>
</kw>
<kw name="Call Method" library="BuiltIn">
<arg>${options}</arg>
<arg>add_argument</arg>
<arg>--devtools.debugger.force-local</arg>
<doc>Calls the named method of the given object with the provided arguments.</doc>
<status status="NOT RUN" starttime="20250117 20:39:04.317" endtime="20250117 20:39:04.318"/>
</kw>
<kw name="Call Method" library="BuiltIn">
<arg>${options}</arg>
<arg>add_argument</arg>
<arg>--devtools.debugger.remote-enabled</arg>
<doc>Calls the named method of the given object with the provided arguments.</doc>
<status status="NOT RUN" starttime="20250117 20:39:04.319" endtime="20250117 20:39:04.319"/>
</kw>
<kw name="Call Method" library="BuiltIn">
<arg>${options}</arg>
<arg>add_argument</arg>
<arg>--devtools.chrome.enabled</arg>
<doc>Calls the named method of the given object with the provided arguments.</doc>
<status status="NOT RUN" starttime="20250117 20:39:04.320" endtime="20250117 20:39:04.320"/>
</kw>
<kw name="Call Method" library="BuiltIn">
<arg>${options}</arg>
<arg>add_argument</arg>
<arg>--devtools.debugger.prompt-connection</arg>
<doc>Calls the named method of the given object with the provided arguments.</doc>
<status status="NOT RUN" starttime="20250117 20:39:04.322" endtime="20250117 20:39:04.323"/>
</kw>
<kw name="Call Method" library="BuiltIn">
<arg>${options}</arg>
<arg>add_argument</arg>
<arg>--browser.dom.window.dump.enabled</arg>
<doc>Calls the named method of the given object with the provided arguments.</doc>
<status status="NOT RUN" starttime="20250117 20:39:04.324" endtime="20250117 20:39:04.325"/>
</kw>
<return>
<value>${options}</value>
<status status="NOT RUN" starttime="20250117 20:39:04.326" endtime="20250117 20:39:04.326"/>
</return>
<status status="NOT RUN" starttime="20250117 20:39:04.303" endtime="20250117 20:39:04.327"/>
</branch>
<branch type="ELSE IF" condition="&quot;${Browser}&quot; == &quot;chrome&quot;">
<kw name="Evaluate" library="BuiltIn">
<var>${options}</var>
<arg>selenium.webdriver.ChromeOptions()</arg>
<doc>Evaluates the given expression in Python and returns the result.</doc>
<status status="NOT RUN" starttime="20250117 20:39:04.329" endtime="20250117 20:39:04.330"/>
</kw>
<kw name="Call Method" library="BuiltIn">
<arg>${options}</arg>
<arg>add_argument</arg>
<arg>--start-maximized</arg>
<doc>Calls the named method of the given object with the provided arguments.</doc>
<status status="NOT RUN" starttime="20250117 20:39:04.331" endtime="20250117 20:39:04.332"/>
</kw>
<kw name="Call Method" library="BuiltIn">
<arg>${options}</arg>
<arg>add_argument</arg>
<arg>--disable-dev-shm-usage</arg>
<doc>Calls the named method of the given object with the provided arguments.</doc>
<status status="NOT RUN" starttime="20250117 20:39:04.334" endtime="20250117 20:39:04.334"/>
</kw>
<kw name="Call Method" library="BuiltIn">
<arg>${options}</arg>
<arg>add_argument</arg>
<arg>--no-sandbox</arg>
<doc>Calls the named method of the given object with the provided arguments.</doc>
<status status="NOT RUN" starttime="20250117 20:39:04.335" endtime="20250117 20:39:04.337"/>
</kw>
<kw name="Call Method" library="BuiltIn">
<arg>${options}</arg>
<arg>add_argument</arg>
<arg>--headless</arg>
<doc>Calls the named method of the given object with the provided arguments.</doc>
<status status="NOT RUN" starttime="20250117 20:39:04.338" endtime="20250117 20:39:04.339"/>
</kw>
<kw name="Call Method" library="BuiltIn">
<arg>${options}</arg>
<arg>add_argument</arg>
<arg>--disable-gpu</arg>
<doc>Calls the named method of the given object with the provided arguments.</doc>
<status status="NOT RUN" starttime="20250117 20:39:04.340" endtime="20250117 20:39:04.340"/>
</kw>
<kw name="Call Method" library="BuiltIn">
<arg>${options}</arg>
<arg>add_argument</arg>
<arg>--ignore-certificate-errors</arg>
<doc>Calls the named method of the given object with the provided arguments.</doc>
<status status="NOT RUN" starttime="20250117 20:39:04.341" endtime="20250117 20:39:04.342"/>
</kw>
<kw name="Call Method" library="BuiltIn">
<arg>${options}</arg>
<arg>add_argument</arg>
<arg>--disable-extensions</arg>
<doc>Calls the named method of the given object with the provided arguments.</doc>
<status status="NOT RUN" starttime="20250117 20:39:04.343" endtime="20250117 20:39:04.344"/>
</kw>
<kw name="Call Method" library="BuiltIn">
<arg>${options}</arg>
<arg>add_argument</arg>
<arg>--no-user-gesture-required</arg>
<doc>Calls the named method of the given object with the provided arguments.</doc>
<status status="NOT RUN" starttime="20250117 20:39:04.345" endtime="20250117 20:39:04.346"/>
</kw>
<kw name="Call Method" library="BuiltIn">
<arg>${options}</arg>
<arg>add_argument</arg>
<arg>--no-first-run</arg>
<doc>Calls the named method of the given object with the provided arguments.</doc>
<status status="NOT RUN" starttime="20250117 20:39:04.347" endtime="20250117 20:39:04.348"/>
</kw>
<kw name="Call Method" library="BuiltIn">
<arg>${options}</arg>
<arg>add_argument</arg>
<arg>--use-fake-ui-for-media-stream</arg>
<doc>Calls the named method of the given object with the provided arguments.</doc>
<status status="NOT RUN" starttime="20250117 20:39:04.349" endtime="20250117 20:39:04.350"/>
</kw>
<kw name="Call Method" library="BuiltIn">
<arg>${options}</arg>
<arg>add_argument</arg>
<arg>--use-fake-device-for-media-stream</arg>
<doc>Calls the named method of the given object with the provided arguments.</doc>
<status status="NOT RUN" starttime="20250117 20:39:04.351" endtime="20250117 20:39:04.352"/>
</kw>
<kw name="Call Method" library="BuiltIn">
<arg>${options}</arg>
<arg>add_argument</arg>
<arg>--disable-sync</arg>
<doc>Calls the named method of the given object with the provided arguments.</doc>
<status status="NOT RUN" starttime="20250117 20:39:04.353" endtime="20250117 20:39:04.353"/>
</kw>
<return>
<value>${options}</value>
<status status="NOT RUN" starttime="20250117 20:39:04.354" endtime="20250117 20:39:04.356"/>
</return>
<status status="NOT RUN" starttime="20250117 20:39:04.329" endtime="20250117 20:39:04.357"/>
</branch>
<status status="PASS" starttime="20250117 20:39:04.303" endtime="20250117 20:39:04.358"/>
</if>
<msg timestamp="20250117 20:39:04.358" level="INFO">${options} = None</msg>
<status status="PASS" starttime="20250117 20:39:04.303" endtime="20250117 20:39:04.359"/>
</kw>
<if>
<branch type="IF" condition="&quot;${Env}&quot; == &quot;prod&quot;">
<kw name="Open Browser" library="SeleniumLibrary">
<arg>https://www.barrons.com/follow</arg>
<arg>${Browser}</arg>
<arg>options=${options}</arg>
<doc>Opens a new browser instance to the optional ``url``.</doc>
<status status="NOT RUN" starttime="20250117 20:39:04.360" endtime="20250117 20:39:04.361"/>
</kw>
<status status="NOT RUN" starttime="20250117 20:39:04.360" endtime="20250117 20:39:04.362"/>
</branch>
<branch type="ELSE IF" condition="&quot;${Env}&quot; == &quot;dev&quot;">
<kw name="Open Browser" library="SeleniumLibrary">
<arg>https://www.s.dev.barrons.com/follow</arg>
<arg>${Browser}</arg>
<arg>options=${options}</arg>
<doc>Opens a new browser instance to the optional ``url``.</doc>
<msg timestamp="20250117 20:39:04.364" level="INFO">Opening browser 'ff' to base url 'https://www.s.dev.barrons.com/follow'.</msg>
<msg timestamp="20250117 20:39:05.147" level="INFO">Completed setup!</msg>
<status status="PASS" starttime="20250117 20:39:04.363" endtime="20250117 20:39:14.183"/>
</kw>
<status status="PASS" starttime="20250117 20:39:04.363" endtime="20250117 20:39:14.185"/>
</branch>
<status status="PASS" starttime="20250117 20:39:04.360" endtime="20250117 20:39:14.187"/>
</if>
<kw name="Maximize Browser Window" library="SeleniumLibrary">
<doc>Maximizes current browser window.</doc>
<status status="PASS" starttime="20250117 20:39:14.187" endtime="20250117 20:39:14.777"/>
</kw>
<status status="PASS" starttime="20250117 20:39:04.302" endtime="20250117 20:39:14.778"/>
</kw>
<kw name="Sign In Process for Preference Center" library="DefinedKeywords">
<kw name="Wait Until Element Is Visible" library="SeleniumLibrary">
<arg>//*[@id="emailOrUsername"]</arg>
<doc>Waits until the element ``locator`` is visible.</doc>
<status status="PASS" starttime="20250117 20:39:14.779" endtime="20250117 20:39:15.563"/>
</kw>
<kw name="Click Button" library="SeleniumLibrary">
<arg>//*[@id="emailOrUsername"]</arg>
<doc>Clicks the button identified by ``locator``.</doc>
<msg timestamp="20250117 20:39:15.565" level="INFO">Clicking button '//*[@id="emailOrUsername"]'.</msg>
<status status="PASS" starttime="20250117 20:39:15.564" endtime="20250117 20:39:16.519"/>
</kw>
<kw name="Input Text" library="SeleniumLibrary">
<arg>//*[@id="emailOrUsername"]</arg>
<arg>archana.saini@dowjones.com</arg>
<doc>Types the given ``text`` into the text field identified by ``locator``.</doc>
<msg timestamp="20250117 20:39:16.523" level="INFO">Typing text 'archana.saini@dowjones.com' into text field '//*[@id="emailOrUsername"]'.</msg>
<status status="PASS" starttime="20250117 20:39:16.521" endtime="20250117 20:39:17.471"/>
</kw>
<kw name="Set Selenium Speed" library="SeleniumLibrary">
<arg>1.0 seconds</arg>
<doc>Sets the delay that is waited after each Selenium command.</doc>
<status status="PASS" starttime="20250117 20:39:17.472" endtime="20250117 20:39:17.473"/>
</kw>
<kw name="Click Element" library="SeleniumLibrary">
<arg>//*[@id="signin-continue-btn"]</arg>
<doc>Click the element identified by ``locator``.</doc>
<msg timestamp="20250117 20:39:17.476" level="INFO">Clicking element '//*[@id="signin-continue-btn"]'.</msg>
<status status="PASS" starttime="20250117 20:39:17.475" endtime="20250117 20:39:19.786"/>
</kw>
<kw name="Set Selenium Speed" library="SeleniumLibrary">
<arg>1.0 seconds</arg>
<doc>Sets the delay that is waited after each Selenium command.</doc>
<status status="PASS" starttime="20250117 20:39:19.788" endtime="20250117 20:39:19.788"/>
</kw>
<kw name="Wait Until Element Is Visible" library="SeleniumLibrary">
<arg>//*[@id="password"]</arg>
<doc>Waits until the element ``locator`` is visible.</doc>
<status status="PASS" starttime="20250117 20:39:19.790" endtime="20250117 20:39:21.896"/>
</kw>
<kw name="Input Text" library="SeleniumLibrary">
<arg>//*[@id="password"]</arg>
<arg>Lactomania@123</arg>
<doc>Types the given ``text`` into the text field identified by ``locator``.</doc>
<msg timestamp="20250117 20:39:21.898" level="INFO">Typing text 'Lactomania@123' into text field '//*[@id="password"]'.</msg>
<status status="PASS" starttime="20250117 20:39:21.897" endtime="20250117 20:39:25.243"/>
</kw>
<kw name="Set Selenium Speed" library="SeleniumLibrary">
<arg>1.0 seconds</arg>
<doc>Sets the delay that is waited after each Selenium command.</doc>
<status status="PASS" starttime="20250117 20:39:25.245" endtime="20250117 20:39:25.245"/>
</kw>
<kw name="Click Element" library="SeleniumLibrary">
<arg>(//span[@title='Sign In'])[2]/..</arg>
<doc>Click the element identified by ``locator``.</doc>
<msg timestamp="20250117 20:39:25.247" level="INFO">Clicking element '(//span[@title='Sign In'])[2]/..'.</msg>
<msg timestamp="20250117 20:39:27.988" level="INFO" html="true">&lt;/td&gt;&lt;/tr&gt;&lt;tr&gt;&lt;td colspan="3"&gt;&lt;a href="selenium-screenshot-1.png"&gt;&lt;img src="selenium-screenshot-1.png" width="800px"&gt;&lt;/a&gt;</msg>
<msg timestamp="20250117 20:39:27.988" level="FAIL">Element with locator '(//span[@title='Sign In'])[2]/..' not found.</msg>
<status status="FAIL" starttime="20250117 20:39:25.246" endtime="20250117 20:39:27.996"/>
</kw>
<kw name="Wait Until Element Is Visible" library="SeleniumLibrary">
<arg>//li[text()='View All']</arg>
<doc>Waits until the element ``locator`` is visible.</doc>
<status status="NOT RUN" starttime="20250117 20:39:27.998" endtime="20250117 20:39:27.999"/>
</kw>
<status status="FAIL" starttime="20250117 20:39:14.779" endtime="20250117 20:39:28.000"/>
</kw>
<kw name="Validate All Subscriptions from Preference Center" library="APIAutomationPage">
<status status="NOT RUN" starttime="20250117 20:39:28.001" endtime="20250117 20:39:28.002"/>
</kw>
<kw name="EXECUTE GET API Call" library="APIAutomationPage">
<status status="NOT RUN" starttime="20250117 20:39:28.002" endtime="20250117 20:39:28.004"/>
</kw>
<kw name="Validate API data with Pref Center Data" library="APIAutomationPage">
<arg>get</arg>
<status status="NOT RUN" starttime="20250117 20:39:28.004" endtime="20250117 20:39:28.005"/>
</kw>
<kw name="Set Selenium Speed" library="SeleniumLibrary">
<arg>0.2 seconds</arg>
<doc>Sets the delay that is waited after each Selenium command.</doc>
<status status="NOT RUN" starttime="20250117 20:39:28.006" endtime="20250117 20:39:28.006"/>
</kw>
<kw name="Finish Testcase" library="CommonFunctionality" type="TEARDOWN">
<kw name="Close Browser" library="SeleniumLibrary">
<doc>Closes the current browser.</doc>
<status status="PASS" starttime="20250117 20:39:28.008" endtime="20250117 20:39:28.009"/>
</kw>
<status status="PASS" starttime="20250117 20:39:28.007" endtime="20250117 20:39:28.010"/>
</kw>
<doc>This test case validates theget subscription API Call</doc>
<tag>API</tag>
<tag>Regression</tag>
<status status="FAIL" starttime="20250117 20:38:20.407" endtime="20250117 20:39:28.011">Element with locator '(//span[@title='Sign In'])[2]/..' not found.</status>
</test>
<test id="s1-s1-s1-s1-s1-s1-t2" name="Validate delete subscription API for Barrons Brand" line="29">
<kw name="Start Barrons Article" library="CommonFunctionality" type="SETUP">
<kw name="Set Selenium Speed" library="SeleniumLibrary">
<arg>0.5 seconds</arg>
<doc>Sets the delay that is waited after each Selenium command.</doc>
<status status="PASS" starttime="20250117 20:39:33.011" endtime="20250117 20:39:33.012"/>
</kw>
<kw name="Set Browser Options" library="CommonFunctionality">
<var>${options}</var>
<if>
<branch type="IF" condition="&quot;${Browser}&quot; == &quot;firefox&quot;">
<kw name="Evaluate" library="BuiltIn">
<var>${options}</var>
<arg>selenium.webdriver.FirefoxOptions()</arg>
<doc>Evaluates the given expression in Python and returns the result.</doc>
<status status="NOT RUN" starttime="20250117 20:39:33.014" endtime="20250117 20:39:33.015"/>
</kw>
<kw name="Call Method" library="BuiltIn">
<arg>${options}</arg>
<arg>add_argument</arg>
<arg>--CreateProfile</arg>
<doc>Calls the named method of the given object with the provided arguments.</doc>
<status status="NOT RUN" starttime="20250117 20:39:33.017" endtime="20250117 20:39:33.017"/>
</kw>
<kw name="Call Method" library="BuiltIn">
<arg>${options}</arg>
<arg>add_argument</arg>
<arg>--start-maximized</arg>
<doc>Calls the named method of the given object with the provided arguments.</doc>
<status status="NOT RUN" starttime="20250117 20:39:33.018" endtime="20250117 20:39:33.019"/>
</kw>
<kw name="Call Method" library="BuiltIn">
<arg>${options}</arg>
<arg>add_argument</arg>
<arg>--disable-dev-shm-usage</arg>
<doc>Calls the named method of the given object with the provided arguments.</doc>
<status status="NOT RUN" starttime="20250117 20:39:33.020" endtime="20250117 20:39:33.021"/>
</kw>
<kw name="Call Method" library="BuiltIn">
<arg>${options}</arg>
<arg>add_argument</arg>
<arg>--no-sandbox</arg>
<doc>Calls the named method of the given object with the provided arguments.</doc>
<status status="NOT RUN" starttime="20250117 20:39:33.023" endtime="20250117 20:39:33.023"/>
</kw>
<kw name="Call Method" library="BuiltIn">
<arg>${options}</arg>
<arg>add_argument</arg>
<arg>--disable-gpu</arg>
<doc>Calls the named method of the given object with the provided arguments.</doc>
<status status="NOT RUN" starttime="20250117 20:39:33.025" endtime="20250117 20:39:33.026"/>
</kw>
<kw name="Call Method" library="BuiltIn">
<arg>${options}</arg>
<arg>add_argument</arg>
<arg>--headless</arg>
<doc>Calls the named method of the given object with the provided arguments.</doc>
<status status="NOT RUN" starttime="20250117 20:39:33.027" endtime="20250117 20:39:33.027"/>
</kw>
<kw name="Call Method" library="BuiltIn">
<arg>${options}</arg>
<arg>add_argument</arg>
<arg>--devtools.debugger.force-local</arg>
<doc>Calls the named method of the given object with the provided arguments.</doc>
<status status="NOT RUN" starttime="20250117 20:39:33.028" endtime="20250117 20:39:33.028"/>
</kw>
<kw name="Call Method" library="BuiltIn">
<arg>${options}</arg>
<arg>add_argument</arg>
<arg>--devtools.debugger.remote-enabled</arg>
<doc>Calls the named method of the given object with the provided arguments.</doc>
<status status="NOT RUN" starttime="20250117 20:39:33.030" endtime="20250117 20:39:33.030"/>
</kw>
<kw name="Call Method" library="BuiltIn">
<arg>${options}</arg>
<arg>add_argument</arg>
<arg>--devtools.chrome.enabled</arg>
<doc>Calls the named method of the given object with the provided arguments.</doc>
<status status="NOT RUN" starttime="20250117 20:39:33.032" endtime="20250117 20:39:33.032"/>
</kw>
<kw name="Call Method" library="BuiltIn">
<arg>${options}</arg>
<arg>add_argument</arg>
<arg>--devtools.debugger.prompt-connection</arg>
<doc>Calls the named method of the given object with the provided arguments.</doc>
<status status="NOT RUN" starttime="20250117 20:39:33.035" endtime="20250117 20:39:33.036"/>
</kw>
<kw name="Call Method" library="BuiltIn">
<arg>${options}</arg>
<arg>add_argument</arg>
<arg>--browser.dom.window.dump.enabled</arg>
<doc>Calls the named method of the given object with the provided arguments.</doc>
<status status="NOT RUN" starttime="20250117 20:39:33.039" endtime="20250117 20:39:33.039"/>
</kw>
<return>
<value>${options}</value>
<status status="NOT RUN" starttime="20250117 20:39:33.041" endtime="20250117 20:39:33.042"/>
</return>
<status status="NOT RUN" starttime="20250117 20:39:33.014" endtime="20250117 20:39:33.043"/>
</branch>
<branch type="ELSE IF" condition="&quot;${Browser}&quot; == &quot;chrome&quot;">
<kw name="Evaluate" library="BuiltIn">
<var>${options}</var>
<arg>selenium.webdriver.ChromeOptions()</arg>
<doc>Evaluates the given expression in Python and returns the result.</doc>
<status status="NOT RUN" starttime="20250117 20:39:33.045" endtime="20250117 20:39:33.046"/>
</kw>
<kw name="Call Method" library="BuiltIn">
<arg>${options}</arg>
<arg>add_argument</arg>
<arg>--start-maximized</arg>
<doc>Calls the named method of the given object with the provided arguments.</doc>
<status status="NOT RUN" starttime="20250117 20:39:33.049" endtime="20250117 20:39:33.050"/>
</kw>
<kw name="Call Method" library="BuiltIn">
<arg>${options}</arg>
<arg>add_argument</arg>
<arg>--disable-dev-shm-usage</arg>
<doc>Calls the named method of the given object with the provided arguments.</doc>
<status status="NOT RUN" starttime="20250117 20:39:33.052" endtime="20250117 20:39:33.053"/>
</kw>
<kw name="Call Method" library="BuiltIn">
<arg>${options}</arg>
<arg>add_argument</arg>
<arg>--no-sandbox</arg>
<doc>Calls the named method of the given object with the provided arguments.</doc>
<status status="NOT RUN" starttime="20250117 20:39:33.054" endtime="20250117 20:39:33.054"/>
</kw>
<kw name="Call Method" library="BuiltIn">
<arg>${options}</arg>
<arg>add_argument</arg>
<arg>--headless</arg>
<doc>Calls the named method of the given object with the provided arguments.</doc>
<status status="NOT RUN" starttime="20250117 20:39:33.056" endtime="20250117 20:39:33.056"/>
</kw>
<kw name="Call Method" library="BuiltIn">
<arg>${options}</arg>
<arg>add_argument</arg>
<arg>--disable-gpu</arg>
<doc>Calls the named method of the given object with the provided arguments.</doc>
<status status="NOT RUN" starttime="20250117 20:39:33.057" endtime="20250117 20:39:33.058"/>
</kw>
<kw name="Call Method" library="BuiltIn">
<arg>${options}</arg>
<arg>add_argument</arg>
<arg>--ignore-certificate-errors</arg>
<doc>Calls the named method of the given object with the provided arguments.</doc>
<status status="NOT RUN" starttime="20250117 20:39:33.059" endtime="20250117 20:39:33.059"/>
</kw>
<kw name="Call Method" library="BuiltIn">
<arg>${options}</arg>
<arg>add_argument</arg>
<arg>--disable-extensions</arg>
<doc>Calls the named method of the given object with the provided arguments.</doc>
<status status="NOT RUN" starttime="20250117 20:39:33.061" endtime="20250117 20:39:33.062"/>
</kw>
<kw name="Call Method" library="BuiltIn">
<arg>${options}</arg>
<arg>add_argument</arg>
<arg>--no-user-gesture-required</arg>
<doc>Calls the named method of the given object with the provided arguments.</doc>
<status status="NOT RUN" starttime="20250117 20:39:33.063" endtime="20250117 20:39:33.064"/>
</kw>
<kw name="Call Method" library="BuiltIn">
<arg>${options}</arg>
<arg>add_argument</arg>
<arg>--no-first-run</arg>
<doc>Calls the named method of the given object with the provided arguments.</doc>
<status status="NOT RUN" starttime="20250117 20:39:33.065" endtime="20250117 20:39:33.065"/>
</kw>
<kw name="Call Method" library="BuiltIn">
<arg>${options}</arg>
<arg>add_argument</arg>
<arg>--use-fake-ui-for-media-stream</arg>
<doc>Calls the named method of the given object with the provided arguments.</doc>
<status status="NOT RUN" starttime="20250117 20:39:33.066" endtime="20250117 20:39:33.066"/>
</kw>
<kw name="Call Method" library="BuiltIn">
<arg>${options}</arg>
<arg>add_argument</arg>
<arg>--use-fake-device-for-media-stream</arg>
<doc>Calls the named method of the given object with the provided arguments.</doc>
<status status="NOT RUN" starttime="20250117 20:39:33.068" endtime="20250117 20:39:33.068"/>
</kw>
<kw name="Call Method" library="BuiltIn">
<arg>${options}</arg>
<arg>add_argument</arg>
<arg>--disable-sync</arg>
<doc>Calls the named method of the given object with the provided arguments.</doc>
<status status="NOT RUN" starttime="20250117 20:39:33.071" endtime="20250117 20:39:33.072"/>
</kw>
<return>
<value>${options}</value>
<status status="NOT RUN" starttime="20250117 20:39:33.073" endtime="20250117 20:39:33.074"/>
</return>
<status status="NOT RUN" starttime="20250117 20:39:33.044" endtime="20250117 20:39:33.075"/>
</branch>
<status status="PASS" starttime="20250117 20:39:33.014" endtime="20250117 20:39:33.077"/>
</if>
<msg timestamp="20250117 20:39:33.077" level="INFO">${options} = None</msg>
<status status="PASS" starttime="20250117 20:39:33.013" endtime="20250117 20:39:33.079"/>
</kw>
<if>
<branch type="IF" condition="&quot;${Env}&quot; == &quot;prod&quot;">
<kw name="Open Browser" library="SeleniumLibrary">
<arg>https://www.barrons.com</arg>
<arg>${Browser}</arg>
<arg>options=${options}</arg>
<doc>Opens a new browser instance to the optional ``url``.</doc>
<status status="NOT RUN" starttime="20250117 20:39:33.081" endtime="20250117 20:39:33.082"/>
</kw>
<kw name="Go To" library="SeleniumLibrary">
<arg>https://www.barrons.com/articles/wendys-wen-stock-earnings-51652268634</arg>
<doc>Navigates the current browser window to the provided ``url``.</doc>
<status status="NOT RUN" starttime="20250117 20:39:33.083" endtime="20250117 20:39:33.084"/>
</kw>
<status status="NOT RUN" starttime="20250117 20:39:33.080" endtime="20250117 20:39:33.085"/>
</branch>
<branch type="ELSE IF" condition="&quot;${Env}&quot; == &quot;dev&quot;">
<kw name="Open Browser" library="SeleniumLibrary">
<arg>https://www.barrons.com</arg>
<arg>${Browser}</arg>
<arg>options=${options}</arg>
<doc>Opens a new browser instance to the optional ``url``.</doc>
<msg timestamp="20250117 20:39:33.087" level="INFO">Opening browser 'ff' to base url 'https://www.barrons.com'.</msg>
<msg timestamp="20250117 20:39:34.172" level="INFO">Completed setup!</msg>
<status status="PASS" starttime="20250117 20:39:33.086" endtime="20250117 20:40:02.374"/>
</kw>
<kw name="Go To" library="SeleniumLibrary">
<arg>https://www.s.dev.barrons.com/articles/buy-under-armour-stock-pick-51650672000</arg>
<doc>Navigates the current browser window to the provided ``url``.</doc>
<msg timestamp="20250117 20:40:02.377" level="INFO">Opening url 'https://www.s.dev.barrons.com/articles/buy-under-armour-stock-pick-51650672000'</msg>
<status status="PASS" starttime="20250117 20:40:02.377" endtime="20250117 20:40:12.772"/>
</kw>
<status status="PASS" starttime="20250117 20:39:33.085" endtime="20250117 20:40:12.773"/>
</branch>
<status status="PASS" starttime="20250117 20:39:33.080" endtime="20250117 20:40:12.774"/>
</if>
<kw name="Wait Until Page Contains Element" library="SeleniumLibrary">
<arg>dom:${JSFollowButtonBarronsPath}</arg>
<doc>Waits until the element ``locator`` appears on the current page.</doc>
<status status="PASS" starttime="20250117 20:40:12.774" endtime="20250117 20:40:13.844"/>
</kw>
<kw name="Maximize Browser Window" library="SeleniumLibrary">
<doc>Maximizes current browser window.</doc>
<status status="PASS" starttime="20250117 20:40:13.845" endtime="20250117 20:40:14.669"/>
</kw>
<status status="PASS" starttime="20250117 20:39:33.009" endtime="20250117 20:40:14.670"/>
</kw>
<kw name="Set Selenium Speed" library="SeleniumLibrary">
<arg>0.2 seconds</arg>
<doc>Sets the delay that is waited after each Selenium command.</doc>
<status status="PASS" starttime="20250117 20:40:14.671" endtime="20250117 20:40:14.673"/>
</kw>
<kw name="Start Preference Center" library="CommonFunctionality">
<kw name="Set Browser Options" library="CommonFunctionality">
<var>${options}</var>
<if>
<branch type="IF" condition="&quot;${Browser}&quot; == &quot;firefox&quot;">
<kw name="Evaluate" library="BuiltIn">
<var>${options}</var>
<arg>selenium.webdriver.FirefoxOptions()</arg>
<doc>Evaluates the given expression in Python and returns the result.</doc>
<status status="NOT RUN" starttime="20250117 20:40:14.677" endtime="20250117 20:40:14.678"/>
</kw>
<kw name="Call Method" library="BuiltIn">
<arg>${options}</arg>
<arg>add_argument</arg>
<arg>--CreateProfile</arg>
<doc>Calls the named method of the given object with the provided arguments.</doc>
<status status="NOT RUN" starttime="20250117 20:40:14.679" endtime="20250117 20:40:14.680"/>
</kw>
<kw name="Call Method" library="BuiltIn">
<arg>${options}</arg>
<arg>add_argument</arg>
<arg>--start-maximized</arg>
<doc>Calls the named method of the given object with the provided arguments.</doc>
<status status="NOT RUN" starttime="20250117 20:40:14.682" endtime="20250117 20:40:14.683"/>
</kw>
<kw name="Call Method" library="BuiltIn">
<arg>${options}</arg>
<arg>add_argument</arg>
<arg>--disable-dev-shm-usage</arg>
<doc>Calls the named method of the given object with the provided arguments.</doc>
<status status="NOT RUN" starttime="20250117 20:40:14.685" endtime="20250117 20:40:14.686"/>
</kw>
<kw name="Call Method" library="BuiltIn">
<arg>${options}</arg>
<arg>add_argument</arg>
<arg>--no-sandbox</arg>
<doc>Calls the named method of the given object with the provided arguments.</doc>
<status status="NOT RUN" starttime="20250117 20:40:14.687" endtime="20250117 20:40:14.688"/>
</kw>
<kw name="Call Method" library="BuiltIn">
<arg>${options}</arg>
<arg>add_argument</arg>
<arg>--disable-gpu</arg>
<doc>Calls the named method of the given object with the provided arguments.</doc>
<status status="NOT RUN" starttime="20250117 20:40:14.689" endtime="20250117 20:40:14.690"/>
</kw>
<kw name="Call Method" library="BuiltIn">
<arg>${options}</arg>
<arg>add_argument</arg>
<arg>--headless</arg>
<doc>Calls the named method of the given object with the provided arguments.</doc>
<status status="NOT RUN" starttime="20250117 20:40:14.693" endtime="20250117 20:40:14.693"/>
</kw>
<kw name="Call Method" library="BuiltIn">
<arg>${options}</arg>
<arg>add_argument</arg>
<arg>--devtools.debugger.force-local</arg>
<doc>Calls the named method of the given object with the provided arguments.</doc>
<status status="NOT RUN" starttime="20250117 20:40:14.695" endtime="20250117 20:40:14.696"/>
</kw>
<kw name="Call Method" library="BuiltIn">
<arg>${options}</arg>
<arg>add_argument</arg>
<arg>--devtools.debugger.remote-enabled</arg>
<doc>Calls the named method of the given object with the provided arguments.</doc>
<status status="NOT RUN" starttime="20250117 20:40:14.698" endtime="20250117 20:40:14.698"/>
</kw>
<kw name="Call Method" library="BuiltIn">
<arg>${options}</arg>
<arg>add_argument</arg>
<arg>--devtools.chrome.enabled</arg>
<doc>Calls the named method of the given object with the provided arguments.</doc>
<status status="NOT RUN" starttime="20250117 20:40:14.701" endtime="20250117 20:40:14.701"/>
</kw>
<kw name="Call Method" library="BuiltIn">
<arg>${options}</arg>
<arg>add_argument</arg>
<arg>--devtools.debugger.prompt-connection</arg>
<doc>Calls the named method of the given object with the provided arguments.</doc>
<status status="NOT RUN" starttime="20250117 20:40:14.707" endtime="20250117 20:40:14.709"/>
</kw>
<kw name="Call Method" library="BuiltIn">
<arg>${options}</arg>
<arg>add_argument</arg>
<arg>--browser.dom.window.dump.enabled</arg>
<doc>Calls the named method of the given object with the provided arguments.</doc>
<status status="NOT RUN" starttime="20250117 20:40:14.710" endtime="20250117 20:40:14.711"/>
</kw>
<return>
<value>${options}</value>
<status status="NOT RUN" starttime="20250117 20:40:14.713" endtime="20250117 20:40:14.714"/>
</return>
<status status="NOT RUN" starttime="20250117 20:40:14.676" endtime="20250117 20:40:14.715"/>
</branch>
<branch type="ELSE IF" condition="&quot;${Browser}&quot; == &quot;chrome&quot;">
<kw name="Evaluate" library="BuiltIn">
<var>${options}</var>
<arg>selenium.webdriver.ChromeOptions()</arg>
<doc>Evaluates the given expression in Python and returns the result.</doc>
<status status="NOT RUN" starttime="20250117 20:40:14.719" endtime="20250117 20:40:14.719"/>
</kw>
<kw name="Call Method" library="BuiltIn">
<arg>${options}</arg>
<arg>add_argument</arg>
<arg>--start-maximized</arg>
<doc>Calls the named method of the given object with the provided arguments.</doc>
<status status="NOT RUN" starttime="20250117 20:40:14.721" endtime="20250117 20:40:14.721"/>
</kw>
<kw name="Call Method" library="BuiltIn">
<arg>${options}</arg>
<arg>add_argument</arg>
<arg>--disable-dev-shm-usage</arg>
<doc>Calls the named method of the given object with the provided arguments.</doc>
<status status="NOT RUN" starttime="20250117 20:40:14.723" endtime="20250117 20:40:14.725"/>
</kw>
<kw name="Call Method" library="BuiltIn">
<arg>${options}</arg>
<arg>add_argument</arg>
<arg>--no-sandbox</arg>
<doc>Calls the named method of the given object with the provided arguments.</doc>
<status status="NOT RUN" starttime="20250117 20:40:14.726" endtime="20250117 20:40:14.727"/>
</kw>
<kw name="Call Method" library="BuiltIn">
<arg>${options}</arg>
<arg>add_argument</arg>
<arg>--headless</arg>
<doc>Calls the named method of the given object with the provided arguments.</doc>
<status status="NOT RUN" starttime="20250117 20:40:14.728" endtime="20250117 20:40:14.729"/>
</kw>
<kw name="Call Method" library="BuiltIn">
<arg>${options}</arg>
<arg>add_argument</arg>
<arg>--disable-gpu</arg>
<doc>Calls the named method of the given object with the provided arguments.</doc>
<status status="NOT RUN" starttime="20250117 20:40:14.731" endtime="20250117 20:40:14.731"/>
</kw>
<kw name="Call Method" library="BuiltIn">
<arg>${options}</arg>
<arg>add_argument</arg>
<arg>--ignore-certificate-errors</arg>
<doc>Calls the named method of the given object with the provided arguments.</doc>
<status status="NOT RUN" starttime="20250117 20:40:14.734" endtime="20250117 20:40:14.735"/>
</kw>
<kw name="Call Method" library="BuiltIn">
<arg>${options}</arg>
<arg>add_argument</arg>
<arg>--disable-extensions</arg>
<doc>Calls the named method of the given object with the provided arguments.</doc>
<status status="NOT RUN" starttime="20250117 20:40:14.737" endtime="20250117 20:40:14.738"/>
</kw>
<kw name="Call Method" library="BuiltIn">
<arg>${options}</arg>
<arg>add_argument</arg>
<arg>--no-user-gesture-required</arg>
<doc>Calls the named method of the given object with the provided arguments.</doc>
<status status="NOT RUN" starttime="20250117 20:40:14.746" endtime="20250117 20:40:14.747"/>
</kw>
<kw name="Call Method" library="BuiltIn">
<arg>${options}</arg>
<arg>add_argument</arg>
<arg>--no-first-run</arg>
<doc>Calls the named method of the given object with the provided arguments.</doc>
<status status="NOT RUN" starttime="20250117 20:40:14.749" endtime="20250117 20:40:14.749"/>
</kw>
<kw name="Call Method" library="BuiltIn">
<arg>${options}</arg>
<arg>add_argument</arg>
<arg>--use-fake-ui-for-media-stream</arg>
<doc>Calls the named method of the given object with the provided arguments.</doc>
<status status="NOT RUN" starttime="20250117 20:40:14.752" endtime="20250117 20:40:14.752"/>
</kw>
<kw name="Call Method" library="BuiltIn">
<arg>${options}</arg>
<arg>add_argument</arg>
<arg>--use-fake-device-for-media-stream</arg>
<doc>Calls the named method of the given object with the provided arguments.</doc>
<status status="NOT RUN" starttime="20250117 20:40:14.754" endtime="20250117 20:40:14.755"/>
</kw>
<kw name="Call Method" library="BuiltIn">
<arg>${options}</arg>
<arg>add_argument</arg>
<arg>--disable-sync</arg>
<doc>Calls the named method of the given object with the provided arguments.</doc>
<status status="NOT RUN" starttime="20250117 20:40:14.757" endtime="20250117 20:40:14.758"/>
</kw>
<return>
<value>${options}</value>
<status status="NOT RUN" starttime="20250117 20:40:14.760" endtime="20250117 20:40:14.761"/>
</return>
<status status="NOT RUN" starttime="20250117 20:40:14.718" endtime="20250117 20:40:14.763"/>
</branch>
<status status="PASS" starttime="20250117 20:40:14.676" endtime="20250117 20:40:14.765"/>
</if>
<msg timestamp="20250117 20:40:14.765" level="INFO">${options} = None</msg>
<status status="PASS" starttime="20250117 20:40:14.674" endtime="20250117 20:40:14.765"/>
</kw>
<if>
<branch type="IF" condition="&quot;${Env}&quot; == &quot;prod&quot;">
<kw name="Open Browser" library="SeleniumLibrary">
<arg>https://www.barrons.com/follow</arg>
<arg>${Browser}</arg>
<arg>options=${options}</arg>
<doc>Opens a new browser instance to the optional ``url``.</doc>
<status status="NOT RUN" starttime="20250117 20:40:14.768" endtime="20250117 20:40:14.769"/>
</kw>
<status status="NOT RUN" starttime="20250117 20:40:14.768" endtime="20250117 20:40:14.770"/>
</branch>
<branch type="ELSE IF" condition="&quot;${Env}&quot; == &quot;dev&quot;">
<kw name="Open Browser" library="SeleniumLibrary">
<arg>https://www.s.dev.barrons.com/follow</arg>
<arg>${Browser}</arg>
<arg>options=${options}</arg>
<doc>Opens a new browser instance to the optional ``url``.</doc>
<msg timestamp="20250117 20:40:14.775" level="INFO">Opening browser 'ff' to base url 'https://www.s.dev.barrons.com/follow'.</msg>
<msg timestamp="20250117 20:40:15.554" level="INFO">Completed setup!</msg>
<status status="PASS" starttime="20250117 20:40:14.773" endtime="20250117 20:40:23.895"/>
</kw>
<status status="PASS" starttime="20250117 20:40:14.772" endtime="20250117 20:40:23.897"/>
</branch>
<status status="PASS" starttime="20250117 20:40:14.768" endtime="20250117 20:40:23.900"/>
</if>
<kw name="Maximize Browser Window" library="SeleniumLibrary">
<doc>Maximizes current browser window.</doc>
<status status="PASS" starttime="20250117 20:40:23.900" endtime="20250117 20:40:24.372"/>
</kw>
<status status="PASS" starttime="20250117 20:40:14.673" endtime="20250117 20:40:24.374"/>
</kw>
<kw name="Sign In Process for Preference Center" library="DefinedKeywords">
<kw name="Wait Until Element Is Visible" library="SeleniumLibrary">
<arg>//*[@id="emailOrUsername"]</arg>
<doc>Waits until the element ``locator`` is visible.</doc>
<status status="PASS" starttime="20250117 20:40:24.375" endtime="20250117 20:40:24.868"/>
</kw>
<kw name="Click Button" library="SeleniumLibrary">
<arg>//*[@id="emailOrUsername"]</arg>
<doc>Clicks the button identified by ``locator``.</doc>
<msg timestamp="20250117 20:40:24.870" level="INFO">Clicking button '//*[@id="emailOrUsername"]'.</msg>
<status status="PASS" starttime="20250117 20:40:24.869" endtime="20250117 20:40:25.799"/>
</kw>
<kw name="Input Text" library="SeleniumLibrary">
<arg>//*[@id="emailOrUsername"]</arg>
<arg>archana.saini@dowjones.com</arg>
<doc>Types the given ``text`` into the text field identified by ``locator``.</doc>
<msg timestamp="20250117 20:40:25.803" level="INFO">Typing text 'archana.saini@dowjones.com' into text field '//*[@id="emailOrUsername"]'.</msg>
<status status="PASS" starttime="20250117 20:40:25.801" endtime="20250117 20:40:26.781"/>
</kw>
<kw name="Set Selenium Speed" library="SeleniumLibrary">
<arg>1.0 seconds</arg>
<doc>Sets the delay that is waited after each Selenium command.</doc>
<status status="PASS" starttime="20250117 20:40:26.782" endtime="20250117 20:40:26.783"/>
</kw>
<kw name="Click Element" library="SeleniumLibrary">
<arg>//*[@id="signin-continue-btn"]</arg>
<doc>Click the element identified by ``locator``.</doc>
<msg timestamp="20250117 20:40:26.785" level="INFO">Clicking element '//*[@id="signin-continue-btn"]'.</msg>
<status status="PASS" starttime="20250117 20:40:26.784" endtime="20250117 20:40:29.016"/>
</kw>
<kw name="Set Selenium Speed" library="SeleniumLibrary">
<arg>1.0 seconds</arg>
<doc>Sets the delay that is waited after each Selenium command.</doc>
<status status="PASS" starttime="20250117 20:40:29.017" endtime="20250117 20:40:29.018"/>
</kw>
<kw name="Wait Until Element Is Visible" library="SeleniumLibrary">
<arg>//*[@id="password"]</arg>
<doc>Waits until the element ``locator`` is visible.</doc>
<status status="PASS" starttime="20250117 20:40:29.019" endtime="20250117 20:40:31.099"/>
</kw>
<kw name="Input Text" library="SeleniumLibrary">
<arg>//*[@id="password"]</arg>
<arg>Lactomania@123</arg>
<doc>Types the given ``text`` into the text field identified by ``locator``.</doc>
<msg timestamp="20250117 20:40:31.100" level="INFO">Typing text 'Lactomania@123' into text field '//*[@id="password"]'.</msg>
<status status="PASS" starttime="20250117 20:40:31.099" endtime="20250117 20:40:34.355"/>
</kw>
<kw name="Set Selenium Speed" library="SeleniumLibrary">
<arg>1.0 seconds</arg>
<doc>Sets the delay that is waited after each Selenium command.</doc>
<status status="PASS" starttime="20250117 20:40:34.356" endtime="20250117 20:40:34.357"/>
</kw>
<kw name="Click Element" library="SeleniumLibrary">
<arg>(//span[@title='Sign In'])[2]/..</arg>
<doc>Click the element identified by ``locator``.</doc>
<msg timestamp="20250117 20:40:34.359" level="INFO">Clicking element '(//span[@title='Sign In'])[2]/..'.</msg>
<msg timestamp="20250117 20:40:36.834" level="INFO" html="true">&lt;/td&gt;&lt;/tr&gt;&lt;tr&gt;&lt;td colspan="3"&gt;&lt;a href="selenium-screenshot-2.png"&gt;&lt;img src="selenium-screenshot-2.png" width="800px"&gt;&lt;/a&gt;</msg>
<msg timestamp="20250117 20:40:36.835" level="FAIL">Element with locator '(//span[@title='Sign In'])[2]/..' not found.</msg>
<status status="FAIL" starttime="20250117 20:40:34.358" endtime="20250117 20:40:36.836"/>
</kw>
<kw name="Wait Until Element Is Visible" library="SeleniumLibrary">
<arg>//li[text()='View All']</arg>
<doc>Waits until the element ``locator`` is visible.</doc>
<status status="NOT RUN" starttime="20250117 20:40:36.837" endtime="20250117 20:40:36.838"/>
</kw>
<status status="FAIL" starttime="20250117 20:40:24.374" endtime="20250117 20:40:36.839"/>
</kw>
<kw name="EXECUTE GET API Call" library="APIAutomationPage">
<status status="NOT RUN" starttime="20250117 20:40:36.841" endtime="20250117 20:40:36.841"/>
</kw>
<kw name="Get first item details from API" library="APIAutomationPage">
<arg>barrons</arg>
<status status="NOT RUN" starttime="20250117 20:40:36.842" endtime="20250117 20:40:36.842"/>
</kw>
<kw name="EXECUTE DELETE API Call" library="APIAutomationPage">
<status status="NOT RUN" starttime="20250117 20:40:36.843" endtime="20250117 20:40:36.843"/>
</kw>
<kw name="Validate All Subscriptions from Preference Center" library="APIAutomationPage">
<status status="NOT RUN" starttime="20250117 20:40:36.844" endtime="20250117 20:40:36.844"/>
</kw>
<kw name="EXECUTE GET API Call" library="APIAutomationPage">
<status status="NOT RUN" starttime="20250117 20:40:36.845" endtime="20250117 20:40:36.846"/>
</kw>
<kw name="Validate API data with Pref Center Data" library="APIAutomationPage">
<arg>delete</arg>
<status status="NOT RUN" starttime="20250117 20:40:36.846" endtime="20250117 20:40:36.847"/>
</kw>
<kw name="Set Selenium Speed" library="SeleniumLibrary">
<arg>0.2 seconds</arg>
<doc>Sets the delay that is waited after each Selenium command.</doc>
<status status="NOT RUN" starttime="20250117 20:40:36.848" endtime="20250117 20:40:36.848"/>
</kw>
<kw name="Finish Testcase" library="CommonFunctionality" type="TEARDOWN">
<kw name="Close Browser" library="SeleniumLibrary">
<doc>Closes the current browser.</doc>
<status status="PASS" starttime="20250117 20:40:36.850" endtime="20250117 20:40:36.851"/>
</kw>
<status status="PASS" starttime="20250117 20:40:36.849" endtime="20250117 20:40:36.852"/>
</kw>
<doc>This test case validates the delete subscription API Call and validdate the updated data</doc>
<tag>API</tag>
<tag>Regression</tag>
<status status="FAIL" starttime="20250117 20:39:33.006" endtime="20250117 20:40:36.853">Element with locator '(//span[@title='Sign In'])[2]/..' not found.</status>
</test>
<test id="s1-s1-s1-s1-s1-s1-t3" name="Validate delete subscription API for mansionglobal Brand" line="43">
<kw name="Start Barrons Article" library="CommonFunctionality" type="SETUP">
<kw name="Set Selenium Speed" library="SeleniumLibrary">
<arg>0.5 seconds</arg>
<doc>Sets the delay that is waited after each Selenium command.</doc>
<status status="PASS" starttime="20250117 20:40:41.657" endtime="20250117 20:40:41.658"/>
</kw>
<kw name="Set Browser Options" library="CommonFunctionality">
<var>${options}</var>
<if>
<branch type="IF" condition="&quot;${Browser}&quot; == &quot;firefox&quot;">
<kw name="Evaluate" library="BuiltIn">
<var>${options}</var>
<arg>selenium.webdriver.FirefoxOptions()</arg>
<doc>Evaluates the given expression in Python and returns the result.</doc>
<status status="NOT RUN" starttime="20250117 20:40:41.661" endtime="20250117 20:40:41.661"/>
</kw>
<kw name="Call Method" library="BuiltIn">
<arg>${options}</arg>
<arg>add_argument</arg>
<arg>--CreateProfile</arg>
<doc>Calls the named method of the given object with the provided arguments.</doc>
<status status="NOT RUN" starttime="20250117 20:40:41.662" endtime="20250117 20:40:41.663"/>
</kw>
<kw name="Call Method" library="BuiltIn">
<arg>${options}</arg>
<arg>add_argument</arg>
<arg>--start-maximized</arg>
<doc>Calls the named method of the given object with the provided arguments.</doc>
<status status="NOT RUN" starttime="20250117 20:40:41.664" endtime="20250117 20:40:41.665"/>
</kw>
<kw name="Call Method" library="BuiltIn">
<arg>${options}</arg>
<arg>add_argument</arg>
<arg>--disable-dev-shm-usage</arg>
<doc>Calls the named method of the given object with the provided arguments.</doc>
<status status="NOT RUN" starttime="20250117 20:40:41.666" endtime="20250117 20:40:41.667"/>
</kw>
<kw name="Call Method" library="BuiltIn">
<arg>${options}</arg>
<arg>add_argument</arg>
<arg>--no-sandbox</arg>
<doc>Calls the named method of the given object with the provided arguments.</doc>
<status status="NOT RUN" starttime="20250117 20:40:41.668" endtime="20250117 20:40:41.668"/>
</kw>
<kw name="Call Method" library="BuiltIn">
<arg>${options}</arg>
<arg>add_argument</arg>
<arg>--disable-gpu</arg>
<doc>Calls the named method of the given object with the provided arguments.</doc>
<status status="NOT RUN" starttime="20250117 20:40:41.669" endtime="20250117 20:40:41.669"/>
</kw>
<kw name="Call Method" library="BuiltIn">
<arg>${options}</arg>
<arg>add_argument</arg>
<arg>--headless</arg>
<doc>Calls the named method of the given object with the provided arguments.</doc>
<status status="NOT RUN" starttime="20250117 20:40:41.671" endtime="20250117 20:40:41.671"/>
</kw>
<kw name="Call Method" library="BuiltIn">
<arg>${options}</arg>
<arg>add_argument</arg>
<arg>--devtools.debugger.force-local</arg>
<doc>Calls the named method of the given object with the provided arguments.</doc>
<status status="NOT RUN" starttime="20250117 20:40:41.673" endtime="20250117 20:40:41.673"/>
</kw>
<kw name="Call Method" library="BuiltIn">
<arg>${options}</arg>
<arg>add_argument</arg>
<arg>--devtools.debugger.remote-enabled</arg>
<doc>Calls the named method of the given object with the provided arguments.</doc>
<status status="NOT RUN" starttime="20250117 20:40:41.674" endtime="20250117 20:40:41.675"/>
</kw>
<kw name="Call Method" library="BuiltIn">
<arg>${options}</arg>
<arg>add_argument</arg>
<arg>--devtools.chrome.enabled</arg>
<doc>Calls the named method of the given object with the provided arguments.</doc>
<status status="NOT RUN" starttime="20250117 20:40:41.676" endtime="20250117 20:40:41.676"/>
</kw>
<kw name="Call Method" library="BuiltIn">
<arg>${options}</arg>
<arg>add_argument</arg>
<arg>--devtools.debugger.prompt-connection</arg>
<doc>Calls the named method of the given object with the provided arguments.</doc>
<status status="NOT RUN" starttime="20250117 20:40:41.677" endtime="20250117 20:40:41.678"/>
</kw>
<kw name="Call Method" library="BuiltIn">
<arg>${options}</arg>
<arg>add_argument</arg>
<arg>--browser.dom.window.dump.enabled</arg>
<doc>Calls the named method of the given object with the provided arguments.</doc>
<status status="NOT RUN" starttime="20250117 20:40:41.679" endtime="20250117 20:40:41.680"/>
</kw>
<return>
<value>${options}</value>
<status status="NOT RUN" starttime="20250117 20:40:41.681" endtime="20250117 20:40:41.681"/>
</return>
<status status="NOT RUN" starttime="20250117 20:40:41.660" endtime="20250117 20:40:41.682"/>
</branch>
<branch type="ELSE IF" condition="&quot;${Browser}&quot; == &quot;chrome&quot;">
<kw name="Evaluate" library="BuiltIn">
<var>${options}</var>
<arg>selenium.webdriver.ChromeOptions()</arg>
<doc>Evaluates the given expression in Python and returns the result.</doc>
<status status="NOT RUN" starttime="20250117 20:40:41.684" endtime="20250117 20:40:41.684"/>
</kw>
<kw name="Call Method" library="BuiltIn">
<arg>${options}</arg>
<arg>add_argument</arg>
<arg>--start-maximized</arg>
<doc>Calls the named method of the given object with the provided arguments.</doc>
<status status="NOT RUN" starttime="20250117 20:40:41.686" endtime="20250117 20:40:41.687"/>
</kw>
<kw name="Call Method" library="BuiltIn">
<arg>${options}</arg>
<arg>add_argument</arg>
<arg>--disable-dev-shm-usage</arg>
<doc>Calls the named method of the given object with the provided arguments.</doc>
<status status="NOT RUN" starttime="20250117 20:40:41.688" endtime="20250117 20:40:41.688"/>
</kw>
<kw name="Call Method" library="BuiltIn">
<arg>${options}</arg>
<arg>add_argument</arg>
<arg>--no-sandbox</arg>
<doc>Calls the named method of the given object with the provided arguments.</doc>
<status status="NOT RUN" starttime="20250117 20:40:41.689" endtime="20250117 20:40:41.690"/>
</kw>
<kw name="Call Method" library="BuiltIn">
<arg>${options}</arg>
<arg>add_argument</arg>
<arg>--headless</arg>
<doc>Calls the named method of the given object with the provided arguments.</doc>
<status status="NOT RUN" starttime="20250117 20:40:41.691" endtime="20250117 20:40:41.692"/>
</kw>
<kw name="Call Method" library="BuiltIn">
<arg>${options}</arg>
<arg>add_argument</arg>
<arg>--disable-gpu</arg>
<doc>Calls the named method of the given object with the provided arguments.</doc>
<status status="NOT RUN" starttime="20250117 20:40:41.693" endtime="20250117 20:40:41.694"/>
</kw>
<kw name="Call Method" library="BuiltIn">
<arg>${options}</arg>
<arg>add_argument</arg>
<arg>--ignore-certificate-errors</arg>
<doc>Calls the named method of the given object with the provided arguments.</doc>
<status status="NOT RUN" starttime="20250117 20:40:41.696" endtime="20250117 20:40:41.697"/>
</kw>
<kw name="Call Method" library="BuiltIn">
<arg>${options}</arg>
<arg>add_argument</arg>
<arg>--disable-extensions</arg>
<doc>Calls the named method of the given object with the provided arguments.</doc>
<status status="NOT RUN" starttime="20250117 20:40:41.699" endtime="20250117 20:40:41.700"/>
</kw>
<kw name="Call Method" library="BuiltIn">
<arg>${options}</arg>
<arg>add_argument</arg>
<arg>--no-user-gesture-required</arg>
<doc>Calls the named method of the given object with the provided arguments.</doc>
<status status="NOT RUN" starttime="20250117 20:40:41.702" endtime="20250117 20:40:41.703"/>
</kw>
<kw name="Call Method" library="BuiltIn">
<arg>${options}</arg>
<arg>add_argument</arg>
<arg>--no-first-run</arg>
<doc>Calls the named method of the given object with the provided arguments.</doc>
<status status="NOT RUN" starttime="20250117 20:40:41.704" endtime="20250117 20:40:41.705"/>
</kw>
<kw name="Call Method" library="BuiltIn">
<arg>${options}</arg>
<arg>add_argument</arg>
<arg>--use-fake-ui-for-media-stream</arg>
<doc>Calls the named method of the given object with the provided arguments.</doc>
<status status="NOT RUN" starttime="20250117 20:40:41.706" endtime="20250117 20:40:41.706"/>
</kw>
<kw name="Call Method" library="BuiltIn">
<arg>${options}</arg>
<arg>add_argument</arg>
<arg>--use-fake-device-for-media-stream</arg>
<doc>Calls the named method of the given object with the provided arguments.</doc>
<status status="NOT RUN" starttime="20250117 20:40:41.707" endtime="20250117 20:40:41.709"/>
</kw>
<kw name="Call Method" library="BuiltIn">
<arg>${options}</arg>
<arg>add_argument</arg>
<arg>--disable-sync</arg>
<doc>Calls the named method of the given object with the provided arguments.</doc>
<status status="NOT RUN" starttime="20250117 20:40:41.713" endtime="20250117 20:40:41.714"/>
</kw>
<return>
<value>${options}</value>
<status status="NOT RUN" starttime="20250117 20:40:41.715" endtime="20250117 20:40:41.716"/>
</return>
<status status="NOT RUN" starttime="20250117 20:40:41.683" endtime="20250117 20:40:41.717"/>
</branch>
<status status="PASS" starttime="20250117 20:40:41.660" endtime="20250117 20:40:41.718"/>
</if>
<msg timestamp="20250117 20:40:41.718" level="INFO">${options} = None</msg>
<status status="PASS" starttime="20250117 20:40:41.659" endtime="20250117 20:40:41.720"/>
</kw>
<if>
<branch type="IF" condition="&quot;${Env}&quot; == &quot;prod&quot;">
<kw name="Open Browser" library="SeleniumLibrary">
<arg>https://www.barrons.com</arg>
<arg>${Browser}</arg>
<arg>options=${options}</arg>
<doc>Opens a new browser instance to the optional ``url``.</doc>
<status status="NOT RUN" starttime="20250117 20:40:41.721" endtime="20250117 20:40:41.722"/>
</kw>
<kw name="Go To" library="SeleniumLibrary">
<arg>https://www.barrons.com/articles/wendys-wen-stock-earnings-51652268634</arg>
<doc>Navigates the current browser window to the provided ``url``.</doc>
<status status="NOT RUN" starttime="20250117 20:40:41.724" endtime="20250117 20:40:41.725"/>
</kw>
<status status="NOT RUN" starttime="20250117 20:40:41.720" endtime="20250117 20:40:41.726"/>
</branch>
<branch type="ELSE IF" condition="&quot;${Env}&quot; == &quot;dev&quot;">
<kw name="Open Browser" library="SeleniumLibrary">
<arg>https://www.barrons.com</arg>
<arg>${Browser}</arg>
<arg>options=${options}</arg>
<doc>Opens a new browser instance to the optional ``url``.</doc>
<msg timestamp="20250117 20:40:41.731" level="INFO">Opening browser 'ff' to base url 'https://www.barrons.com'.</msg>
<msg timestamp="20250117 20:40:42.446" level="INFO">Completed setup!</msg>
<status status="PASS" starttime="20250117 20:40:41.729" endtime="20250117 20:40:50.766"/>
</kw>
<kw name="Go To" library="SeleniumLibrary">
<arg>https://www.s.dev.barrons.com/articles/buy-under-armour-stock-pick-51650672000</arg>
<doc>Navigates the current browser window to the provided ``url``.</doc>
<msg timestamp="20250117 20:40:50.767" level="INFO">Opening url 'https://www.s.dev.barrons.com/articles/buy-under-armour-stock-pick-51650672000'</msg>
<msg timestamp="20250117 20:41:18.826" level="INFO" html="true">&lt;/td&gt;&lt;/tr&gt;&lt;tr&gt;&lt;td colspan="3"&gt;&lt;a href="selenium-screenshot-3.png"&gt;&lt;img src="selenium-screenshot-3.png" width="800px"&gt;&lt;/a&gt;</msg>
<msg timestamp="20250117 20:41:18.827" level="FAIL">TimeoutException: Message: A script did not complete before its timeout expired.
</msg>
<status status="FAIL" starttime="20250117 20:40:50.767" endtime="20250117 20:41:18.832"/>
</kw>
<status status="FAIL" starttime="20250117 20:40:41.727" endtime="20250117 20:41:18.834"/>
</branch>
<status status="FAIL" starttime="20250117 20:40:41.720" endtime="20250117 20:41:18.834"/>
</if>
<kw name="Wait Until Page Contains Element" library="SeleniumLibrary">
<arg>dom:${JSFollowButtonBarronsPath}</arg>
<doc>Waits until the element ``locator`` appears on the current page.</doc>
<status status="NOT RUN" starttime="20250117 20:41:18.834" endtime="20250117 20:41:18.835"/>
</kw>
<kw name="Maximize Browser Window" library="SeleniumLibrary">
<doc>Maximizes current browser window.</doc>
<status status="NOT RUN" starttime="20250117 20:41:18.836" endtime="20250117 20:41:18.836"/>
</kw>
<status status="FAIL" starttime="20250117 20:40:41.656" endtime="20250117 20:41:18.837"/>
</kw>
<kw name="Finish Testcase" library="CommonFunctionality" type="TEARDOWN">
<kw name="Close Browser" library="SeleniumLibrary">
<doc>Closes the current browser.</doc>
<status status="PASS" starttime="20250117 20:41:18.839" endtime="20250117 20:41:18.840"/>
</kw>
<status status="PASS" starttime="20250117 20:41:18.838" endtime="20250117 20:41:18.840"/>
</kw>
<doc>This test case validates the delete subscription API Call and validdate the updated data</doc>
<tag>API</tag>
<tag>Regression</tag>
<status status="FAIL" starttime="20250117 20:40:41.654" endtime="20250117 20:41:18.842">Setup failed:
TimeoutException: Message: A script did not complete before its timeout expired.
</status>
</test>
<test id="s1-s1-s1-s1-s1-s1-t4" name="Validate delete subscription API for Financial news Brand" line="57">
<kw name="Start Barrons Article" library="CommonFunctionality" type="SETUP">
<kw name="Set Selenium Speed" library="SeleniumLibrary">
<arg>0.5 seconds</arg>
<doc>Sets the delay that is waited after each Selenium command.</doc>
<status status="PASS" starttime="20250117 20:41:21.732" endtime="20250117 20:41:21.734"/>
</kw>
<kw name="Set Browser Options" library="CommonFunctionality">
<var>${options}</var>
<if>
<branch type="IF" condition="&quot;${Browser}&quot; == &quot;firefox&quot;">
<kw name="Evaluate" library="BuiltIn">
<var>${options}</var>
<arg>selenium.webdriver.FirefoxOptions()</arg>
<doc>Evaluates the given expression in Python and returns the result.</doc>
<status status="NOT RUN" starttime="20250117 20:41:21.737" endtime="20250117 20:41:21.737"/>
</kw>
<kw name="Call Method" library="BuiltIn">
<arg>${options}</arg>
<arg>add_argument</arg>
<arg>--CreateProfile</arg>
<doc>Calls the named method of the given object with the provided arguments.</doc>
<status status="NOT RUN" starttime="20250117 20:41:21.739" endtime="20250117 20:41:21.740"/>
</kw>
<kw name="Call Method" library="BuiltIn">
<arg>${options}</arg>
<arg>add_argument</arg>
<arg>--start-maximized</arg>
<doc>Calls the named method of the given object with the provided arguments.</doc>
<status status="NOT RUN" starttime="20250117 20:41:21.742" endtime="20250117 20:41:21.743"/>
</kw>
<kw name="Call Method" library="BuiltIn">
<arg>${options}</arg>
<arg>add_argument</arg>
<arg>--disable-dev-shm-usage</arg>
<doc>Calls the named method of the given object with the provided arguments.</doc>
<status status="NOT RUN" starttime="20250117 20:41:21.745" endtime="20250117 20:41:21.746"/>
</kw>
<kw name="Call Method" library="BuiltIn">
<arg>${options}</arg>
<arg>add_argument</arg>
<arg>--no-sandbox</arg>
<doc>Calls the named method of the given object with the provided arguments.</doc>
<status status="NOT RUN" starttime="20250117 20:41:21.748" endtime="20250117 20:41:21.748"/>
</kw>
<kw name="Call Method" library="BuiltIn">
<arg>${options}</arg>
<arg>add_argument</arg>
<arg>--disable-gpu</arg>
<doc>Calls the named method of the given object with the provided arguments.</doc>
<status status="NOT RUN" starttime="20250117 20:41:21.750" endtime="20250117 20:41:21.751"/>
</kw>
<kw name="Call Method" library="BuiltIn">
<arg>${options}</arg>
<arg>add_argument</arg>
<arg>--headless</arg>
<doc>Calls the named method of the given object with the provided arguments.</doc>
<status status="NOT RUN" starttime="20250117 20:41:21.754" endtime="20250117 20:41:21.754"/>
</kw>
<kw name="Call Method" library="BuiltIn">
<arg>${options}</arg>
<arg>add_argument</arg>
<arg>--devtools.debugger.force-local</arg>
<doc>Calls the named method of the given object with the provided arguments.</doc>
<status status="NOT RUN" starttime="20250117 20:41:21.755" endtime="20250117 20:41:21.755"/>
</kw>
<kw name="Call Method" library="BuiltIn">
<arg>${options}</arg>
<arg>add_argument</arg>
<arg>--devtools.debugger.remote-enabled</arg>
<doc>Calls the named method of the given object with the provided arguments.</doc>
<status status="NOT RUN" starttime="20250117 20:41:21.757" endtime="20250117 20:41:21.757"/>
</kw>
<kw name="Call Method" library="BuiltIn">
<arg>${options}</arg>
<arg>add_argument</arg>
<arg>--devtools.chrome.enabled</arg>
<doc>Calls the named method of the given object with the provided arguments.</doc>
<status status="NOT RUN" starttime="20250117 20:41:21.758" endtime="20250117 20:41:21.758"/>
</kw>
<kw name="Call Method" library="BuiltIn">
<arg>${options}</arg>
<arg>add_argument</arg>
<arg>--devtools.debugger.prompt-connection</arg>
<doc>Calls the named method of the given object with the provided arguments.</doc>
<status status="NOT RUN" starttime="20250117 20:41:21.759" endtime="20250117 20:41:21.760"/>
</kw>
<kw name="Call Method" library="BuiltIn">
<arg>${options}</arg>
<arg>add_argument</arg>
<arg>--browser.dom.window.dump.enabled</arg>
<doc>Calls the named method of the given object with the provided arguments.</doc>
<status status="NOT RUN" starttime="20250117 20:41:21.761" endtime="20250117 20:41:21.762"/>
</kw>
<return>
<value>${options}</value>
<status status="NOT RUN" starttime="20250117 20:41:21.763" endtime="20250117 20:41:21.764"/>
</return>
<status status="NOT RUN" starttime="20250117 20:41:21.736" endtime="20250117 20:41:21.765"/>
</branch>
<branch type="ELSE IF" condition="&quot;${Browser}&quot; == &quot;chrome&quot;">
<kw name="Evaluate" library="BuiltIn">
<var>${options}</var>
<arg>selenium.webdriver.ChromeOptions()</arg>
<doc>Evaluates the given expression in Python and returns the result.</doc>
<status status="NOT RUN" starttime="20250117 20:41:21.766" endtime="20250117 20:41:21.767"/>
</kw>
<kw name="Call Method" library="BuiltIn">
<arg>${options}</arg>
<arg>add_argument</arg>
<arg>--start-maximized</arg>
<doc>Calls the named method of the given object with the provided arguments.</doc>
<status status="NOT RUN" starttime="20250117 20:41:21.768" endtime="20250117 20:41:21.768"/>
</kw>
<kw name="Call Method" library="BuiltIn">
<arg>${options}</arg>
<arg>add_argument</arg>
<arg>--disable-dev-shm-usage</arg>
<doc>Calls the named method of the given object with the provided arguments.</doc>
<status status="NOT RUN" starttime="20250117 20:41:21.769" endtime="20250117 20:41:21.770"/>
</kw>
<kw name="Call Method" library="BuiltIn">
<arg>${options}</arg>
<arg>add_argument</arg>
<arg>--no-sandbox</arg>
<doc>Calls the named method of the given object with the provided arguments.</doc>
<status status="NOT RUN" starttime="20250117 20:41:21.771" endtime="20250117 20:41:21.772"/>
</kw>
<kw name="Call Method" library="BuiltIn">
<arg>${options}</arg>
<arg>add_argument</arg>
<arg>--headless</arg>
<doc>Calls the named method of the given object with the provided arguments.</doc>
<status status="NOT RUN" starttime="20250117 20:41:21.773" endtime="20250117 20:41:21.774"/>
</kw>
<kw name="Call Method" library="BuiltIn">
<arg>${options}</arg>
<arg>add_argument</arg>
<arg>--disable-gpu</arg>
<doc>Calls the named method of the given object with the provided arguments.</doc>
<status status="NOT RUN" starttime="20250117 20:41:21.775" endtime="20250117 20:41:21.775"/>
</kw>
<kw name="Call Method" library="BuiltIn">
<arg>${options}</arg>
<arg>add_argument</arg>
<arg>--ignore-certificate-errors</arg>
<doc>Calls the named method of the given object with the provided arguments.</doc>
<status status="NOT RUN" starttime="20250117 20:41:21.776" endtime="20250117 20:41:21.776"/>
</kw>
<kw name="Call Method" library="BuiltIn">
<arg>${options}</arg>
<arg>add_argument</arg>
<arg>--disable-extensions</arg>
<doc>Calls the named method of the given object with the provided arguments.</doc>
<status status="NOT RUN" starttime="20250117 20:41:21.778" endtime="20250117 20:41:21.778"/>
</kw>
<kw name="Call Method" library="BuiltIn">
<arg>${options}</arg>
<arg>add_argument</arg>
<arg>--no-user-gesture-required</arg>
<doc>Calls the named method of the given object with the provided arguments.</doc>
<status status="NOT RUN" starttime="20250117 20:41:21.779" endtime="20250117 20:41:21.779"/>
</kw>
<kw name="Call Method" library="BuiltIn">
<arg>${options}</arg>
<arg>add_argument</arg>
<arg>--no-first-run</arg>
<doc>Calls the named method of the given object with the provided arguments.</doc>
<status status="NOT RUN" starttime="20250117 20:41:21.780" endtime="20250117 20:41:21.781"/>
</kw>
<kw name="Call Method" library="BuiltIn">
<arg>${options}</arg>
<arg>add_argument</arg>
<arg>--use-fake-ui-for-media-stream</arg>
<doc>Calls the named method of the given object with the provided arguments.</doc>
<status status="NOT RUN" starttime="20250117 20:41:21.782" endtime="20250117 20:41:21.783"/>
</kw>
<kw name="Call Method" library="BuiltIn">
<arg>${options}</arg>
<arg>add_argument</arg>
<arg>--use-fake-device-for-media-stream</arg>
<doc>Calls the named method of the given object with the provided arguments.</doc>
<status status="NOT RUN" starttime="20250117 20:41:21.784" endtime="20250117 20:41:21.785"/>
</kw>
<kw name="Call Method" library="BuiltIn">
<arg>${options}</arg>
<arg>add_argument</arg>
<arg>--disable-sync</arg>
<doc>Calls the named method of the given object with the provided arguments.</doc>
<status status="NOT RUN" starttime="20250117 20:41:21.786" endtime="20250117 20:41:21.787"/>
</kw>
<return>
<value>${options}</value>
<status status="NOT RUN" starttime="20250117 20:41:21.788" endtime="20250117 20:41:21.788"/>
</return>
<status status="NOT RUN" starttime="20250117 20:41:21.766" endtime="20250117 20:41:21.789"/>
</branch>
<status status="PASS" starttime="20250117 20:41:21.736" endtime="20250117 20:41:21.790"/>
</if>
<msg timestamp="20250117 20:41:21.790" level="INFO">${options} = None</msg>
<status status="PASS" starttime="20250117 20:41:21.735" endtime="20250117 20:41:21.791"/>
</kw>
<if>
<branch type="IF" condition="&quot;${Env}&quot; == &quot;prod&quot;">
<kw name="Open Browser" library="SeleniumLibrary">
<arg>https://www.barrons.com</arg>
<arg>${Browser}</arg>
<arg>options=${options}</arg>
<doc>Opens a new browser instance to the optional ``url``.</doc>
<status status="NOT RUN" starttime="20250117 20:41:21.793" endtime="20250117 20:41:21.794"/>
</kw>
<kw name="Go To" library="SeleniumLibrary">
<arg>https://www.barrons.com/articles/wendys-wen-stock-earnings-51652268634</arg>
<doc>Navigates the current browser window to the provided ``url``.</doc>
<status status="NOT RUN" starttime="20250117 20:41:21.795" endtime="20250117 20:41:21.795"/>
</kw>
<status status="NOT RUN" starttime="20250117 20:41:21.792" endtime="20250117 20:41:21.796"/>
</branch>
<branch type="ELSE IF" condition="&quot;${Env}&quot; == &quot;dev&quot;">
<kw name="Open Browser" library="SeleniumLibrary">
<arg>https://www.barrons.com</arg>
<arg>${Browser}</arg>
<arg>options=${options}</arg>
<doc>Opens a new browser instance to the optional ``url``.</doc>
<msg timestamp="20250117 20:41:21.798" level="INFO">Opening browser 'ff' to base url 'https://www.barrons.com'.</msg>
<msg timestamp="20250117 20:41:22.438" level="INFO">Completed setup!</msg>
<status status="PASS" starttime="20250117 20:41:21.797" endtime="20250117 20:41:31.155"/>
</kw>
<kw name="Go To" library="SeleniumLibrary">
<arg>https://www.s.dev.barrons.com/articles/buy-under-armour-stock-pick-51650672000</arg>
<doc>Navigates the current browser window to the provided ``url``.</doc>
<msg timestamp="20250117 20:41:31.157" level="INFO">Opening url 'https://www.s.dev.barrons.com/articles/buy-under-armour-stock-pick-51650672000'</msg>
<status status="PASS" starttime="20250117 20:41:31.156" endtime="20250117 20:41:43.645"/>
</kw>
<status status="PASS" starttime="20250117 20:41:21.797" endtime="20250117 20:41:43.646"/>
</branch>
<status status="PASS" starttime="20250117 20:41:21.792" endtime="20250117 20:41:43.647"/>
</if>
<kw name="Wait Until Page Contains Element" library="SeleniumLibrary">
<arg>dom:${JSFollowButtonBarronsPath}</arg>
[...]
</kw>
<status status="NOT RUN" starttime="20250117 20:43:17.020" endtime="20250117 20:43:17.025"/>
</branch>
<branch type="ELSE IF" condition="&quot;${Env}&quot; == &quot;dev&quot;">
<kw name="Open Browser" library="SeleniumLibrary">
<arg>https://www.barrons.com</arg>
<arg>${Browser}</arg>
<arg>options=${options}</arg>
<doc>Opens a new browser instance to the optional ``url``.</doc>
<msg timestamp="20250117 20:43:17.027" level="INFO">Opening browser 'ff' to base url 'https://www.barrons.com'.</msg>
<msg timestamp="20250117 20:43:17.722" level="INFO">Completed setup!</msg>
<status status="PASS" starttime="20250117 20:43:17.026" endtime="20250117 20:43:25.948"/>
</kw>
<kw name="Go To" library="SeleniumLibrary">
<arg>https://www.s.dev.barrons.com/articles/buy-under-armour-stock-pick-51650672000</arg>
<doc>Navigates the current browser window to the provided ``url``.</doc>
<msg timestamp="20250117 20:43:25.950" level="INFO">Opening url 'https://www.s.dev.barrons.com/articles/buy-under-armour-stock-pick-51650672000'</msg>
<status status="PASS" starttime="20250117 20:43:25.949" endtime="20250117 20:43:37.312"/>
</kw>
<status status="PASS" starttime="20250117 20:43:17.026" endtime="20250117 20:43:37.314"/>
</branch>
<status status="PASS" starttime="20250117 20:43:17.020" endtime="20250117 20:43:37.315"/>
</if>
<kw name="Wait Until Page Contains Element" library="SeleniumLibrary">
<arg>dom:${JSFollowButtonBarronsPath}</arg>
<doc>Waits until the element ``locator`` appears on the current page.</doc>
<status status="PASS" starttime="20250117 20:43:37.315" endtime="20250117 20:43:37.864"/>
</kw>
<kw name="Maximize Browser Window" library="SeleniumLibrary">
<doc>Maximizes current browser window.</doc>
<status status="PASS" starttime="20250117 20:43:37.865" endtime="20250117 20:43:40.155"/>
</kw>
<status status="PASS" starttime="20250117 20:43:16.959" endtime="20250117 20:43:40.156"/>
</kw>
<kw name="Set Selenium Speed" library="SeleniumLibrary">
<arg>0.2 seconds</arg>
<doc>Sets the delay that is waited after each Selenium command.</doc>
<status status="PASS" starttime="20250117 20:43:40.158" endtime="20250117 20:43:40.159"/>
</kw>
<kw name="Start Preference Center" library="CommonFunctionality">
<kw name="Set Browser Options" library="CommonFunctionality">
<var>${options}</var>
<if>
<branch type="IF" condition="&quot;${Browser}&quot; == &quot;firefox&quot;">
<kw name="Evaluate" library="BuiltIn">
<var>${options}</var>
<arg>selenium.webdriver.FirefoxOptions()</arg>
<doc>Evaluates the given expression in Python and returns the result.</doc>
<status status="NOT RUN" starttime="20250117 20:43:40.164" endtime="20250117 20:43:40.165"/>
</kw>
<kw name="Call Method" library="BuiltIn">
<arg>${options}</arg>
<arg>add_argument</arg>
<arg>--CreateProfile</arg>
<doc>Calls the named method of the given object with the provided arguments.</doc>
<status status="NOT RUN" starttime="20250117 20:43:40.166" endtime="20250117 20:43:40.167"/>
</kw>
<kw name="Call Method" library="BuiltIn">
<arg>${options}</arg>
<arg>add_argument</arg>
<arg>--start-maximized</arg>
<doc>Calls the named method of the given object with the provided arguments.</doc>
<status status="NOT RUN" starttime="20250117 20:43:40.169" endtime="20250117 20:43:40.170"/>
</kw>
<kw name="Call Method" library="BuiltIn">
<arg>${options}</arg>
<arg>add_argument</arg>
<arg>--disable-dev-shm-usage</arg>
<doc>Calls the named method of the given object with the provided arguments.</doc>
<status status="NOT RUN" starttime="20250117 20:43:40.173" endtime="20250117 20:43:40.173"/>
</kw>
<kw name="Call Method" library="BuiltIn">
<arg>${options}</arg>
<arg>add_argument</arg>
<arg>--no-sandbox</arg>
<doc>Calls the named method of the given object with the provided arguments.</doc>
<status status="NOT RUN" starttime="20250117 20:43:40.175" endtime="20250117 20:43:40.176"/>
</kw>
<kw name="Call Method" library="BuiltIn">
<arg>${options}</arg>
<arg>add_argument</arg>
<arg>--disable-gpu</arg>
<doc>Calls the named method of the given object with the provided arguments.</doc>
<status status="NOT RUN" starttime="20250117 20:43:40.178" endtime="20250117 20:43:40.179"/>
</kw>
<kw name="Call Method" library="BuiltIn">
<arg>${options}</arg>
<arg>add_argument</arg>
<arg>--headless</arg>
<doc>Calls the named method of the given object with the provided arguments.</doc>
<status status="NOT RUN" starttime="20250117 20:43:40.182" endtime="20250117 20:43:40.182"/>
</kw>
<kw name="Call Method" library="BuiltIn">
<arg>${options}</arg>
<arg>add_argument</arg>
<arg>--devtools.debugger.force-local</arg>
<doc>Calls the named method of the given object with the provided arguments.</doc>
<status status="NOT RUN" starttime="20250117 20:43:40.185" endtime="20250117 20:43:40.186"/>
</kw>
<kw name="Call Method" library="BuiltIn">
<arg>${options}</arg>
<arg>add_argument</arg>
<arg>--devtools.debugger.remote-enabled</arg>
<doc>Calls the named method of the given object with the provided arguments.</doc>
<status status="NOT RUN" starttime="20250117 20:43:40.188" endtime="20250117 20:43:40.189"/>
</kw>
<kw name="Call Method" library="BuiltIn">
<arg>${options}</arg>
<arg>add_argument</arg>
<arg>--devtools.chrome.enabled</arg>
<doc>Calls the named method of the given object with the provided arguments.</doc>
<status status="NOT RUN" starttime="20250117 20:43:40.191" endtime="20250117 20:43:40.192"/>
</kw>
<kw name="Call Method" library="BuiltIn">
<arg>${options}</arg>
<arg>add_argument</arg>
<arg>--devtools.debugger.prompt-connection</arg>
<doc>Calls the named method of the given object with the provided arguments.</doc>
<status status="NOT RUN" starttime="20250117 20:43:40.195" endtime="20250117 20:43:40.195"/>
</kw>
<kw name="Call Method" library="BuiltIn">
<arg>${options}</arg>
<arg>add_argument</arg>
<arg>--browser.dom.window.dump.enabled</arg>
<doc>Calls the named method of the given object with the provided arguments.</doc>
<status status="NOT RUN" starttime="20250117 20:43:40.197" endtime="20250117 20:43:40.198"/>
</kw>
<return>
<value>${options}</value>
<status status="NOT RUN" starttime="20250117 20:43:40.200" endtime="20250117 20:43:40.200"/>
</return>
<status status="NOT RUN" starttime="20250117 20:43:40.163" endtime="20250117 20:43:40.203"/>
</branch>
<branch type="ELSE IF" condition="&quot;${Browser}&quot; == &quot;chrome&quot;">
<kw name="Evaluate" library="BuiltIn">
<var>${options}</var>
<arg>selenium.webdriver.ChromeOptions()</arg>
<doc>Evaluates the given expression in Python and returns the result.</doc>
<status status="NOT RUN" starttime="20250117 20:43:40.206" endtime="20250117 20:43:40.207"/>
</kw>
<kw name="Call Method" library="BuiltIn">
<arg>${options}</arg>
<arg>add_argument</arg>
<arg>--start-maximized</arg>
<doc>Calls the named method of the given object with the provided arguments.</doc>
<status status="NOT RUN" starttime="20250117 20:43:40.208" endtime="20250117 20:43:40.209"/>
</kw>
<kw name="Call Method" library="BuiltIn">
<arg>${options}</arg>
<arg>add_argument</arg>
<arg>--disable-dev-shm-usage</arg>
<doc>Calls the named method of the given object with the provided arguments.</doc>
<status status="NOT RUN" starttime="20250117 20:43:40.211" endtime="20250117 20:43:40.212"/>
</kw>
<kw name="Call Method" library="BuiltIn">
<arg>${options}</arg>
<arg>add_argument</arg>
<arg>--no-sandbox</arg>
<doc>Calls the named method of the given object with the provided arguments.</doc>
<status status="NOT RUN" starttime="20250117 20:43:40.215" endtime="20250117 20:43:40.215"/>
</kw>
<kw name="Call Method" library="BuiltIn">
<arg>${options}</arg>
<arg>add_argument</arg>
<arg>--headless</arg>
<doc>Calls the named method of the given object with the provided arguments.</doc>
<status status="NOT RUN" starttime="20250117 20:43:40.218" endtime="20250117 20:43:40.221"/>
</kw>
<kw name="Call Method" library="BuiltIn">
<arg>${options}</arg>
<arg>add_argument</arg>
<arg>--disable-gpu</arg>
<doc>Calls the named method of the given object with the provided arguments.</doc>
<status status="NOT RUN" starttime="20250117 20:43:40.222" endtime="20250117 20:43:40.223"/>
</kw>
<kw name="Call Method" library="BuiltIn">
<arg>${options}</arg>
<arg>add_argument</arg>
<arg>--ignore-certificate-errors</arg>
<doc>Calls the named method of the given object with the provided arguments.</doc>
<status status="NOT RUN" starttime="20250117 20:43:40.225" endtime="20250117 20:43:40.225"/>
</kw>
<kw name="Call Method" library="BuiltIn">
<arg>${options}</arg>
<arg>add_argument</arg>
<arg>--disable-extensions</arg>
<doc>Calls the named method of the given object with the provided arguments.</doc>
<status status="NOT RUN" starttime="20250117 20:43:40.226" endtime="20250117 20:43:40.227"/>
</kw>
<kw name="Call Method" library="BuiltIn">
<arg>${options}</arg>
<arg>add_argument</arg>
<arg>--no-user-gesture-required</arg>
<doc>Calls the named method of the given object with the provided arguments.</doc>
<status status="NOT RUN" starttime="20250117 20:43:40.229" endtime="20250117 20:43:40.230"/>
</kw>
<kw name="Call Method" library="BuiltIn">
<arg>${options}</arg>
<arg>add_argument</arg>
<arg>--no-first-run</arg>
<doc>Calls the named method of the given object with the provided arguments.</doc>
<status status="NOT RUN" starttime="20250117 20:43:40.231" endtime="20250117 20:43:40.233"/>
</kw>
<kw name="Call Method" library="BuiltIn">
<arg>${options}</arg>
<arg>add_argument</arg>
<arg>--use-fake-ui-for-media-stream</arg>
<doc>Calls the named method of the given object with the provided arguments.</doc>
<status status="NOT RUN" starttime="20250117 20:43:40.234" endtime="20250117 20:43:40.234"/>
</kw>
<kw name="Call Method" library="BuiltIn">
<arg>${options}</arg>
<arg>add_argument</arg>
<arg>--use-fake-device-for-media-stream</arg>
<doc>Calls the named method of the given object with the provided arguments.</doc>
<status status="NOT RUN" starttime="20250117 20:43:40.235" endtime="20250117 20:43:40.237"/>
</kw>
<kw name="Call Method" library="BuiltIn">
<arg>${options}</arg>
<arg>add_argument</arg>
<arg>--disable-sync</arg>
<doc>Calls the named method of the given object with the provided arguments.</doc>
<status status="NOT RUN" starttime="20250117 20:43:40.238" endtime="20250117 20:43:40.238"/>
</kw>
<return>
<value>${options}</value>
<status status="NOT RUN" starttime="20250117 20:43:40.239" endtime="20250117 20:43:40.239"/>
</return>
<status status="NOT RUN" starttime="20250117 20:43:40.205" endtime="20250117 20:43:40.240"/>
</branch>
<status status="PASS" starttime="20250117 20:43:40.163" endtime="20250117 20:43:40.241"/>
</if>
<msg timestamp="20250117 20:43:40.242" level="INFO">${options} = None</msg>
<status status="PASS" starttime="20250117 20:43:40.162" endtime="20250117 20:43:40.243"/>
</kw>
<if>
<branch type="IF" condition="&quot;${Env}&quot; == &quot;prod&quot;">
<kw name="Open Browser" library="SeleniumLibrary">
<arg>https://www.barrons.com/follow</arg>
<arg>${Browser}</arg>
<arg>options=${options}</arg>
<doc>Opens a new browser instance to the optional ``url``.</doc>
<status status="NOT RUN" starttime="20250117 20:43:40.245" endtime="20250117 20:43:40.245"/>
</kw>
<status status="NOT RUN" starttime="20250117 20:43:40.243" endtime="20250117 20:43:40.246"/>
</branch>
<branch type="ELSE IF" condition="&quot;${Env}&quot; == &quot;dev&quot;">
<kw name="Open Browser" library="SeleniumLibrary">
<arg>https://www.s.dev.barrons.com/follow</arg>
<arg>${Browser}</arg>
<arg>options=${options}</arg>
<doc>Opens a new browser instance to the optional ``url``.</doc>
<msg timestamp="20250117 20:43:40.249" level="INFO">Opening browser 'ff' to base url 'https://www.s.dev.barrons.com/follow'.</msg>
<msg timestamp="20250117 20:43:41.151" level="INFO">Completed setup!</msg>
<status status="PASS" starttime="20250117 20:43:40.248" endtime="20250117 20:43:48.873"/>
</kw>
<status status="PASS" starttime="20250117 20:43:40.247" endtime="20250117 20:43:48.874"/>
</branch>
<status status="PASS" starttime="20250117 20:43:40.243" endtime="20250117 20:43:48.875"/>
</if>
<kw name="Maximize Browser Window" library="SeleniumLibrary">
<doc>Maximizes current browser window.</doc>
<status status="PASS" starttime="20250117 20:43:48.876" endtime="20250117 20:43:49.321"/>
</kw>
<status status="PASS" starttime="20250117 20:43:40.160" endtime="20250117 20:43:49.322"/>
</kw>
<kw name="Sign In Process for Preference Center" library="DefinedKeywords">
<kw name="Wait Until Element Is Visible" library="SeleniumLibrary">
<arg>//*[@id="emailOrUsername"]</arg>
<doc>Waits until the element ``locator`` is visible.</doc>
<status status="PASS" starttime="20250117 20:43:49.323" endtime="20250117 20:43:49.831"/>
</kw>
<kw name="Click Button" library="SeleniumLibrary">
<arg>//*[@id="emailOrUsername"]</arg>
<doc>Clicks the button identified by ``locator``.</doc>
<msg timestamp="20250117 20:43:49.833" level="INFO">Clicking button '//*[@id="emailOrUsername"]'.</msg>
<status status="PASS" starttime="20250117 20:43:49.832" endtime="20250117 20:43:50.724"/>
</kw>
<kw name="Input Text" library="SeleniumLibrary">
<arg>//*[@id="emailOrUsername"]</arg>
<arg>archana.saini@dowjones.com</arg>
<doc>Types the given ``text`` into the text field identified by ``locator``.</doc>
<msg timestamp="20250117 20:43:50.726" level="INFO">Typing text 'archana.saini@dowjones.com' into text field '//*[@id="emailOrUsername"]'.</msg>
<status status="PASS" starttime="20250117 20:43:50.725" endtime="20250117 20:43:51.824"/>
</kw>
<kw name="Set Selenium Speed" library="SeleniumLibrary">
<arg>1.0 seconds</arg>
<doc>Sets the delay that is waited after each Selenium command.</doc>
<status status="PASS" starttime="20250117 20:43:51.826" endtime="20250117 20:43:51.827"/>
</kw>
<kw name="Click Element" library="SeleniumLibrary">
<arg>//*[@id="signin-continue-btn"]</arg>
<doc>Click the element identified by ``locator``.</doc>
<msg timestamp="20250117 20:43:51.829" level="INFO">Clicking element '//*[@id="signin-continue-btn"]'.</msg>
<status status="PASS" starttime="20250117 20:43:51.829" endtime="20250117 20:43:54.128"/>
</kw>
<kw name="Set Selenium Speed" library="SeleniumLibrary">
<arg>1.0 seconds</arg>
<doc>Sets the delay that is waited after each Selenium command.</doc>
<status status="PASS" starttime="20250117 20:43:54.128" endtime="20250117 20:43:54.129"/>
</kw>
<kw name="Wait Until Element Is Visible" library="SeleniumLibrary">
<arg>//*[@id="password"]</arg>
<doc>Waits until the element ``locator`` is visible.</doc>
<status status="PASS" starttime="20250117 20:43:54.130" endtime="20250117 20:43:57.122"/>
</kw>
<kw name="Input Text" library="SeleniumLibrary">
<arg>//*[@id="password"]</arg>
<arg>Lactomania@123</arg>
<doc>Types the given ``text`` into the text field identified by ``locator``.</doc>
<msg timestamp="20250117 20:43:57.125" level="INFO">Typing text 'Lactomania@123' into text field '//*[@id="password"]'.</msg>
<status status="PASS" starttime="20250117 20:43:57.123" endtime="20250117 20:44:00.965"/>
</kw>
<kw name="Set Selenium Speed" library="SeleniumLibrary">
<arg>1.0 seconds</arg>
<doc>Sets the delay that is waited after each Selenium command.</doc>
<status status="PASS" starttime="20250117 20:44:00.966" endtime="20250117 20:44:00.967"/>
</kw>
<kw name="Click Element" library="SeleniumLibrary">
<arg>(//span[@title='Sign In'])[2]/..</arg>
<doc>Click the element identified by ``locator``.</doc>
<msg timestamp="20250117 20:44:00.969" level="INFO">Clicking element '(//span[@title='Sign In'])[2]/..'.</msg>
<msg timestamp="20250117 20:44:03.310" level="INFO" html="true">&lt;/td&gt;&lt;/tr&gt;&lt;tr&gt;&lt;td colspan="3"&gt;&lt;a href="selenium-screenshot-6.png"&gt;&lt;img src="selenium-screenshot-6.png" width="800px"&gt;&lt;/a&gt;</msg>
<msg timestamp="20250117 20:44:03.311" level="FAIL">Element with locator '(//span[@title='Sign In'])[2]/..' not found.</msg>
<status status="FAIL" starttime="20250117 20:44:00.968" endtime="20250117 20:44:03.312"/>
</kw>
<kw name="Wait Until Element Is Visible" library="SeleniumLibrary">
<arg>//li[text()='View All']</arg>
<doc>Waits until the element ``locator`` is visible.</doc>
<status status="NOT RUN" starttime="20250117 20:44:03.314" endtime="20250117 20:44:03.314"/>
</kw>
<status status="FAIL" starttime="20250117 20:43:49.323" endtime="20250117 20:44:03.316"/>
</kw>
<kw name="EXECUTE GET API Call" library="APIAutomationPage">
<status status="NOT RUN" starttime="20250117 20:44:03.316" endtime="20250117 20:44:03.318"/>
</kw>
<kw name="Get first item details from API" library="APIAutomationPage">
<arg>penews</arg>
<status status="NOT RUN" starttime="20250117 20:44:03.318" endtime="20250117 20:44:03.319"/>
</kw>
<kw name="EXECUTE DELETE API Call" library="APIAutomationPage">
<status status="NOT RUN" starttime="20250117 20:44:03.319" endtime="20250117 20:44:03.320"/>
</kw>
<kw name="Validate All Subscriptions from Preference Center" library="APIAutomationPage">
<status status="NOT RUN" starttime="20250117 20:44:03.321" endtime="20250117 20:44:03.322"/>
</kw>
<kw name="EXECUTE GET API Call" library="APIAutomationPage">
<status status="NOT RUN" starttime="20250117 20:44:03.322" endtime="20250117 20:44:03.323"/>
</kw>
<kw name="Validate API data with Pref Center Data" library="APIAutomationPage">
<arg>delete</arg>
<status status="NOT RUN" starttime="20250117 20:44:03.324" endtime="20250117 20:44:03.325"/>
</kw>
<kw name="Set Selenium Speed" library="SeleniumLibrary">
<arg>0.2 seconds</arg>
<doc>Sets the delay that is waited after each Selenium command.</doc>
<status status="NOT RUN" starttime="20250117 20:44:03.325" endtime="20250117 20:44:03.326"/>
</kw>
<kw name="Finish Testcase" library="CommonFunctionality" type="TEARDOWN">
<kw name="Close Browser" library="SeleniumLibrary">
<doc>Closes the current browser.</doc>
<status status="PASS" starttime="20250117 20:44:03.327" endtime="20250117 20:44:03.328"/>
</kw>
<status status="PASS" starttime="20250117 20:44:03.327" endtime="20250117 20:44:03.329"/>
</kw>
<doc>This test case validates the delete subscription API Call and validdate the updated data</doc>
<tag>API</tag>
<tag>Regression</tag>
<status status="FAIL" starttime="20250117 20:43:16.957" endtime="20250117 20:44:03.330">Element with locator '(//span[@title='Sign In'])[2]/..' not found.</status>
</test>
<doc>PANDA API Regression Tests</doc>
<status status="FAIL" starttime="20250117 20:38:19.629" endtime="20250117 20:44:08.219"/>
</suite>
<status status="FAIL" starttime="20250117 20:38:19.613" endtime="20250117 20:44:08.225"/>
</suite>
<status status="FAIL" starttime="20250117 20:38:19.606" endtime="20250117 20:44:08.228"/>
</suite>
<status status="FAIL" starttime="20250117 20:38:19.600" endtime="20250117 20:44:08.230"/>
</suite>
<status status="FAIL" starttime="20250117 20:38:19.594" endtime="20250117 20:44:08.231"/>
</suite>
<status status="FAIL" starttime="20250117 20:38:19.554" endtime="20250117 20:44:08.233"/>
</suite>
<statistics>
<total>
<stat pass="0" fail="6" skip="0">All Tests</stat>
</total>
<tag>
<stat pass="0" fail="6" skip="0">API</stat>
<stat pass="0" fail="6" skip="0">Regression</stat>
</tag>
<suite>
<stat pass="0" fail="6" skip="0" id="s1" name="Userservices-Qa-Automation">Userservices-Qa-Automation</stat>
<stat pass="0" fail="6" skip="0" id="s1-s1" name="Panda-Qa">Userservices-Qa-Automation.Panda-Qa</stat>
<stat pass="0" fail="6" skip="0" id="s1-s1-s1" name="Tests">Userservices-Qa-Automation.Panda-Qa.Tests</stat>
<stat pass="0" fail="6" skip="0" id="s1-s1-s1-s1" name="FollowWidget">Userservices-Qa-Automation.Panda-Qa.Tests.FollowWidget</stat>
<stat pass="0" fail="6" skip="0" id="s1-s1-s1-s1-s1" name="Regression">Userservices-Qa-Automation.Panda-Qa.Tests.FollowWidget.Regression</stat>
<stat pass="0" fail="6" skip="0" id="s1-s1-s1-s1-s1-s1" name="API Automation">Userservices-Qa-Automation.Panda-Qa.Tests.FollowWidget.Regression.API Automation</stat>
</suite>
</statistics>
<errors>
</errors>
</robot>
